=== SCPN Fusion Core — Neural Transport Training (QLKNN-10D) ===
Data:    data/qlknn10d_processed
Output:  weights/neural_transport_qlknn.npz
Arch:    auto -> 256 -> 128 -> 3
Epochs:  1000
LR:      0.0003
Batch:   8192

Data is GB-normalized (raw gyro-Bohm fluxes, no chi_gb multiplication)
Added derived features: ITG excess, TEM excess -> 12D input

Data loaded: train=(1801197, 12), val=(100066, 12), test=(100068, 12)
Y ranges: chi_e=[0.00, 498.56], chi_i=[0.00, 1006.12], D_e=[0.00, 80.36]

Training on GB-normalized targets (loss in GB space, eval in physical space)
Y train ranges: [0.000, 498.563], [0.000, 1006.115], [0.000, 80.355]

--- Training ---
JAX backend: GPU (cuda:0)
  Output scale (P90): [43.07545204 72.60898666  7.2507782 ]
  Output bias init: [-1.85671903 -2.03404507 -2.41275783] (target mean: [6.25133028 8.92582728 0.62198069])
  Epoch    0/1000 | train_loss=365.2577 | val_loss=247.0450 | rel_l2=0.7535 | best=0.7535 | lr=3.00e-05 | pat=0/150 | 7s
  Epoch    1/1000 | train_loss=215.4645 | val_loss=180.8141 | rel_l2=0.6217 | best=0.6217 | lr=6.00e-05 | pat=0/150 | 9s
  Epoch    2/1000 | train_loss=171.6449 | val_loss=149.0463 | rel_l2=0.5522 | best=0.5522 | lr=9.00e-05 | pat=0/150 | 11s
  Epoch    3/1000 | train_loss=145.8826 | val_loss=128.9894 | rel_l2=0.5055 | best=0.5055 | lr=1.20e-04 | pat=0/150 | 13s
  Epoch    4/1000 | train_loss=130.0151 | val_loss=117.6995 | rel_l2=0.4775 | best=0.4775 | lr=1.50e-04 | pat=0/150 | 15s
  Epoch    5/1000 | train_loss=120.2516 | val_loss=110.9685 | rel_l2=0.4589 | best=0.4589 | lr=1.80e-04 | pat=0/150 | 17s
  Epoch    6/1000 | train_loss=113.1670 | val_loss=104.4846 | rel_l2=0.4450 | best=0.4450 | lr=2.10e-04 | pat=0/150 | 19s
  Epoch    7/1000 | train_loss=107.3563 | val_loss=98.0991 | rel_l2=0.4306 | best=0.4306 | lr=2.40e-04 | pat=0/150 | 21s
  Epoch    8/1000 | train_loss=102.0536 | val_loss=93.7763 | rel_l2=0.4210 | best=0.4210 | lr=2.70e-04 | pat=0/150 | 23s
  Epoch    9/1000 | train_loss=96.7328 | val_loss=88.7555 | rel_l2=0.4121 | best=0.4121 | lr=3.00e-04 | pat=0/150 | 25s
  Epoch   10/1000 | train_loss=91.8179 | val_loss=87.0231 | rel_l2=0.4037 | best=0.4037 | lr=3.00e-04 | pat=0/150 | 28s
  Epoch   11/1000 | train_loss=87.6710 | val_loss=80.9018 | rel_l2=0.3909 | best=0.3909 | lr=3.00e-04 | pat=0/150 | 30s
  Epoch   12/1000 | train_loss=83.9870 | val_loss=77.7416 | rel_l2=0.3828 | best=0.3828 | lr=3.00e-04 | pat=0/150 | 32s
  Epoch   13/1000 | train_loss=81.1320 | val_loss=75.5758 | rel_l2=0.3786 | best=0.3786 | lr=3.00e-04 | pat=0/150 | 34s
  Epoch   14/1000 | train_loss=78.4811 | val_loss=72.3003 | rel_l2=0.3668 | best=0.3668 | lr=3.00e-04 | pat=0/150 | 36s
  Epoch   15/1000 | train_loss=76.4393 | val_loss=71.6060 | rel_l2=0.3616 | best=0.3616 | lr=3.00e-04 | pat=0/150 | 38s
  Epoch   16/1000 | train_loss=74.3941 | val_loss=69.1496 | rel_l2=0.3593 | best=0.3593 | lr=3.00e-04 | pat=0/150 | 40s
  Epoch   17/1000 | train_loss=72.6949 | val_loss=68.7811 | rel_l2=0.3535 | best=0.3535 | lr=3.00e-04 | pat=0/150 | 42s
  Epoch   18/1000 | train_loss=71.1561 | val_loss=66.0606 | rel_l2=0.3496 | best=0.3496 | lr=3.00e-04 | pat=0/150 | 44s
  Epoch   19/1000 | train_loss=69.9576 | val_loss=66.0965 | rel_l2=0.3494 | best=0.3494 | lr=3.00e-04 | pat=0/150 | 46s
  Epoch   20/1000 | train_loss=68.7116 | val_loss=65.2620 | rel_l2=0.3444 | best=0.3444 | lr=3.00e-04 | pat=0/150 | 48s
  Epoch   21/1000 | train_loss=67.6200 | val_loss=63.4857 | rel_l2=0.3421 | best=0.3421 | lr=3.00e-04 | pat=0/150 | 50s
  Epoch   22/1000 | train_loss=66.7419 | val_loss=63.2987 | rel_l2=0.3390 | best=0.3390 | lr=3.00e-04 | pat=0/150 | 52s
  Epoch   23/1000 | train_loss=65.8198 | val_loss=63.1070 | rel_l2=0.3390 | best=0.3390 | lr=3.00e-04 | pat=0/150 | 54s
  Epoch   24/1000 | train_loss=65.2363 | val_loss=62.3074 | rel_l2=0.3420 | best=0.3390 | lr=3.00e-04 | pat=1/150 | 56s
  Epoch   25/1000 | train_loss=64.4111 | val_loss=61.7886 | rel_l2=0.3360 | best=0.3360 | lr=3.00e-04 | pat=0/150 | 58s
  Epoch   26/1000 | train_loss=63.7880 | val_loss=60.4668 | rel_l2=0.3341 | best=0.3341 | lr=3.00e-04 | pat=0/150 | 60s
  Epoch   27/1000 | train_loss=63.2276 | val_loss=60.7005 | rel_l2=0.3414 | best=0.3341 | lr=3.00e-04 | pat=1/150 | 62s
  Epoch   28/1000 | train_loss=62.7749 | val_loss=60.3757 | rel_l2=0.3361 | best=0.3341 | lr=3.00e-04 | pat=2/150 | 64s
  Epoch   29/1000 | train_loss=62.1280 | val_loss=59.7121 | rel_l2=0.3342 | best=0.3341 | lr=3.00e-04 | pat=3/150 | 66s
  Epoch   30/1000 | train_loss=61.8115 | val_loss=59.9589 | rel_l2=0.3362 | best=0.3341 | lr=3.00e-04 | pat=4/150 | 68s
  Epoch   31/1000 | train_loss=61.2672 | val_loss=59.1248 | rel_l2=0.3351 | best=0.3341 | lr=3.00e-04 | pat=5/150 | 70s
  Epoch   32/1000 | train_loss=60.9611 | val_loss=58.9331 | rel_l2=0.3424 | best=0.3341 | lr=3.00e-04 | pat=6/150 | 72s
  Epoch   33/1000 | train_loss=60.4488 | val_loss=58.7198 | rel_l2=0.3326 | best=0.3326 | lr=3.00e-04 | pat=0/150 | 74s
  Epoch   34/1000 | train_loss=60.1649 | val_loss=58.7219 | rel_l2=0.3335 | best=0.3326 | lr=3.00e-04 | pat=1/150 | 76s
  Epoch   35/1000 | train_loss=59.8603 | val_loss=58.3480 | rel_l2=0.3351 | best=0.3326 | lr=3.00e-04 | pat=2/150 | 78s
  Epoch   36/1000 | train_loss=59.4691 | val_loss=57.9244 | rel_l2=0.3270 | best=0.3270 | lr=2.99e-04 | pat=0/150 | 80s
  Epoch   37/1000 | train_loss=59.2183 | val_loss=57.5346 | rel_l2=0.3295 | best=0.3270 | lr=2.99e-04 | pat=1/150 | 82s
  Epoch   38/1000 | train_loss=58.9488 | val_loss=57.2798 | rel_l2=0.3253 | best=0.3253 | lr=2.99e-04 | pat=0/150 | 84s
  Epoch   39/1000 | train_loss=58.7132 | val_loss=56.4883 | rel_l2=0.3265 | best=0.3253 | lr=2.99e-04 | pat=1/150 | 86s
  Epoch   40/1000 | train_loss=58.3461 | val_loss=56.3836 | rel_l2=0.3240 | best=0.3240 | lr=2.99e-04 | pat=0/150 | 88s
  Epoch   41/1000 | train_loss=58.0980 | val_loss=56.8971 | rel_l2=0.3284 | best=0.3240 | lr=2.99e-04 | pat=1/150 | 90s
  Epoch   42/1000 | train_loss=57.9466 | val_loss=58.1276 | rel_l2=0.3254 | best=0.3240 | lr=2.99e-04 | pat=2/150 | 92s
  Epoch   43/1000 | train_loss=57.7165 | val_loss=56.9050 | rel_l2=0.3299 | best=0.3240 | lr=2.99e-04 | pat=3/150 | 94s
  Epoch   44/1000 | train_loss=57.3549 | val_loss=55.8559 | rel_l2=0.3218 | best=0.3218 | lr=2.99e-04 | pat=0/150 | 96s
  Epoch   45/1000 | train_loss=57.2129 | val_loss=56.1847 | rel_l2=0.3255 | best=0.3218 | lr=2.99e-04 | pat=1/150 | 98s
  Epoch   46/1000 | train_loss=57.1193 | val_loss=56.4373 | rel_l2=0.3249 | best=0.3218 | lr=2.99e-04 | pat=2/150 | 101s
  Epoch   47/1000 | train_loss=56.8126 | val_loss=55.3214 | rel_l2=0.3256 | best=0.3218 | lr=2.99e-04 | pat=3/150 | 103s
  Epoch   48/1000 | train_loss=56.7439 | val_loss=56.2773 | rel_l2=0.3335 | best=0.3218 | lr=2.99e-04 | pat=4/150 | 105s
  Epoch   49/1000 | train_loss=56.4521 | val_loss=54.7629 | rel_l2=0.3214 | best=0.3214 | lr=2.99e-04 | pat=0/150 | 107s
  Epoch   50/1000 | train_loss=56.3644 | val_loss=55.6854 | rel_l2=0.3197 | best=0.3197 | lr=2.99e-04 | pat=0/150 | 109s
  Epoch   51/1000 | train_loss=56.3028 | val_loss=55.0208 | rel_l2=0.3216 | best=0.3197 | lr=2.99e-04 | pat=1/150 | 111s
  Epoch   52/1000 | train_loss=55.9200 | val_loss=56.0473 | rel_l2=0.3208 | best=0.3197 | lr=2.99e-04 | pat=2/150 | 113s
  Epoch   53/1000 | train_loss=55.9157 | val_loss=54.3057 | rel_l2=0.3199 | best=0.3197 | lr=2.99e-04 | pat=3/150 | 115s
  Epoch   54/1000 | train_loss=55.8268 | val_loss=54.9040 | rel_l2=0.3288 | best=0.3197 | lr=2.99e-04 | pat=4/150 | 117s
  Epoch   55/1000 | train_loss=55.6854 | val_loss=54.2108 | rel_l2=0.3211 | best=0.3197 | lr=2.98e-04 | pat=5/150 | 120s
  Epoch   56/1000 | train_loss=55.3834 | val_loss=54.3535 | rel_l2=0.3176 | best=0.3176 | lr=2.98e-04 | pat=0/150 | 122s
  Epoch   57/1000 | train_loss=55.3567 | val_loss=55.2111 | rel_l2=0.3252 | best=0.3176 | lr=2.98e-04 | pat=1/150 | 124s
  Epoch   58/1000 | train_loss=55.1440 | val_loss=54.6727 | rel_l2=0.3174 | best=0.3174 | lr=2.98e-04 | pat=0/150 | 126s
  Epoch   59/1000 | train_loss=55.0695 | val_loss=54.1269 | rel_l2=0.3202 | best=0.3174 | lr=2.98e-04 | pat=1/150 | 128s
  Epoch   60/1000 | train_loss=55.0530 | val_loss=54.0132 | rel_l2=0.3189 | best=0.3174 | lr=2.98e-04 | pat=2/150 | 130s
  Epoch   61/1000 | train_loss=54.8829 | val_loss=55.0270 | rel_l2=0.3193 | best=0.3174 | lr=2.98e-04 | pat=3/150 | 132s
  Epoch   62/1000 | train_loss=54.7357 | val_loss=53.7453 | rel_l2=0.3155 | best=0.3155 | lr=2.98e-04 | pat=0/150 | 134s
  Epoch   63/1000 | train_loss=54.6880 | val_loss=53.9897 | rel_l2=0.3199 | best=0.3155 | lr=2.98e-04 | pat=1/150 | 136s
  Epoch   64/1000 | train_loss=54.5095 | val_loss=53.3394 | rel_l2=0.3135 | best=0.3135 | lr=2.98e-04 | pat=0/150 | 138s
  Epoch   65/1000 | train_loss=54.5191 | val_loss=53.9052 | rel_l2=0.3200 | best=0.3135 | lr=2.98e-04 | pat=1/150 | 141s
  Epoch   66/1000 | train_loss=54.3177 | val_loss=54.2701 | rel_l2=0.3161 | best=0.3135 | lr=2.98e-04 | pat=2/150 | 143s
  Epoch   67/1000 | train_loss=54.2627 | val_loss=53.5219 | rel_l2=0.3245 | best=0.3135 | lr=2.98e-04 | pat=3/150 | 145s
  Epoch   68/1000 | train_loss=54.2206 | val_loss=52.7958 | rel_l2=0.3134 | best=0.3134 | lr=2.97e-04 | pat=0/150 | 147s
  Epoch   69/1000 | train_loss=54.0290 | val_loss=53.1501 | rel_l2=0.3147 | best=0.3134 | lr=2.97e-04 | pat=1/150 | 149s
  Epoch   70/1000 | train_loss=53.9282 | val_loss=53.4691 | rel_l2=0.3186 | best=0.3134 | lr=2.97e-04 | pat=2/150 | 151s
  Epoch   71/1000 | train_loss=53.9683 | val_loss=53.1335 | rel_l2=0.3156 | best=0.3134 | lr=2.97e-04 | pat=3/150 | 153s
  Epoch   72/1000 | train_loss=53.8460 | val_loss=52.6576 | rel_l2=0.3145 | best=0.3134 | lr=2.97e-04 | pat=4/150 | 155s
  Epoch   73/1000 | train_loss=53.8850 | val_loss=52.8021 | rel_l2=0.3188 | best=0.3134 | lr=2.97e-04 | pat=5/150 | 157s
  Epoch   74/1000 | train_loss=53.4716 | val_loss=53.1018 | rel_l2=0.3145 | best=0.3134 | lr=2.97e-04 | pat=6/150 | 159s
  Epoch   75/1000 | train_loss=53.4943 | val_loss=53.3665 | rel_l2=0.3147 | best=0.3134 | lr=2.97e-04 | pat=7/150 | 161s
  Epoch   76/1000 | train_loss=53.5270 | val_loss=53.0848 | rel_l2=0.3155 | best=0.3134 | lr=2.97e-04 | pat=8/150 | 163s
  Epoch   77/1000 | train_loss=53.3597 | val_loss=52.4040 | rel_l2=0.3133 | best=0.3133 | lr=2.97e-04 | pat=0/150 | 165s
  Epoch   78/1000 | train_loss=53.2585 | val_loss=52.1601 | rel_l2=0.3109 | best=0.3109 | lr=2.97e-04 | pat=0/150 | 167s
  Epoch   79/1000 | train_loss=53.2330 | val_loss=53.3914 | rel_l2=0.3157 | best=0.3109 | lr=2.96e-04 | pat=1/150 | 169s
  Epoch   80/1000 | train_loss=53.0471 | val_loss=52.8266 | rel_l2=0.3221 | best=0.3109 | lr=2.96e-04 | pat=2/150 | 171s
  Epoch   81/1000 | train_loss=52.9371 | val_loss=52.5966 | rel_l2=0.3142 | best=0.3109 | lr=2.96e-04 | pat=3/150 | 174s
  Epoch   82/1000 | train_loss=52.8115 | val_loss=52.3186 | rel_l2=0.3154 | best=0.3109 | lr=2.96e-04 | pat=4/150 | 176s
  Epoch   83/1000 | train_loss=52.8251 | val_loss=52.1774 | rel_l2=0.3131 | best=0.3109 | lr=2.96e-04 | pat=5/150 | 178s
  Epoch   84/1000 | train_loss=52.7560 | val_loss=52.6791 | rel_l2=0.3212 | best=0.3109 | lr=2.96e-04 | pat=6/150 | 180s
  Epoch   85/1000 | train_loss=52.6966 | val_loss=52.3406 | rel_l2=0.3152 | best=0.3109 | lr=2.96e-04 | pat=7/150 | 182s
  Epoch   86/1000 | train_loss=52.6281 | val_loss=52.0203 | rel_l2=0.3165 | best=0.3109 | lr=2.96e-04 | pat=8/150 | 184s
  Epoch   87/1000 | train_loss=52.5624 | val_loss=52.4723 | rel_l2=0.3144 | best=0.3109 | lr=2.96e-04 | pat=9/150 | 186s
  Epoch   88/1000 | train_loss=52.4579 | val_loss=51.9569 | rel_l2=0.3092 | best=0.3092 | lr=2.95e-04 | pat=0/150 | 188s
  Epoch   89/1000 | train_loss=52.3713 | val_loss=51.8702 | rel_l2=0.3170 | best=0.3092 | lr=2.95e-04 | pat=1/150 | 190s
  Epoch   90/1000 | train_loss=52.3911 | val_loss=51.9793 | rel_l2=0.3091 | best=0.3091 | lr=2.95e-04 | pat=0/150 | 192s
  Epoch   91/1000 | train_loss=52.2379 | val_loss=52.2784 | rel_l2=0.3142 | best=0.3091 | lr=2.95e-04 | pat=1/150 | 194s
  Epoch   92/1000 | train_loss=52.1966 | val_loss=51.8226 | rel_l2=0.3138 | best=0.3091 | lr=2.95e-04 | pat=2/150 | 196s
  Epoch   93/1000 | train_loss=52.0157 | val_loss=51.6509 | rel_l2=0.3119 | best=0.3091 | lr=2.95e-04 | pat=3/150 | 198s
  Epoch   94/1000 | train_loss=52.1191 | val_loss=51.7878 | rel_l2=0.3113 | best=0.3091 | lr=2.95e-04 | pat=4/150 | 200s
  Epoch   95/1000 | train_loss=51.9221 | val_loss=51.9065 | rel_l2=0.3150 | best=0.3091 | lr=2.95e-04 | pat=5/150 | 202s
  Epoch   96/1000 | train_loss=52.0316 | val_loss=53.4960 | rel_l2=0.3136 | best=0.3091 | lr=2.94e-04 | pat=6/150 | 204s
  Epoch   97/1000 | train_loss=51.8227 | val_loss=52.0795 | rel_l2=0.3146 | best=0.3091 | lr=2.94e-04 | pat=7/150 | 206s
  Epoch   98/1000 | train_loss=51.9176 | val_loss=51.8916 | rel_l2=0.3189 | best=0.3091 | lr=2.94e-04 | pat=8/150 | 208s
  Epoch   99/1000 | train_loss=51.7526 | val_loss=51.2133 | rel_l2=0.3114 | best=0.3091 | lr=2.94e-04 | pat=9/150 | 210s
  Epoch  100/1000 | train_loss=51.6286 | val_loss=52.3262 | rel_l2=0.3122 | best=0.3091 | lr=2.94e-04 | pat=10/150 | 212s
  Epoch  101/1000 | train_loss=51.5793 | val_loss=51.9711 | rel_l2=0.3136 | best=0.3091 | lr=2.94e-04 | pat=11/150 | 214s
  Epoch  102/1000 | train_loss=51.5366 | val_loss=51.6423 | rel_l2=0.3158 | best=0.3091 | lr=2.94e-04 | pat=12/150 | 216s
  Epoch  103/1000 | train_loss=51.4916 | val_loss=51.5878 | rel_l2=0.3167 | best=0.3091 | lr=2.94e-04 | pat=13/150 | 218s
  Epoch  104/1000 | train_loss=51.3759 | val_loss=51.4351 | rel_l2=0.3100 | best=0.3091 | lr=2.93e-04 | pat=14/150 | 220s
  Epoch  105/1000 | train_loss=51.4214 | val_loss=50.9831 | rel_l2=0.3072 | best=0.3072 | lr=2.93e-04 | pat=0/150 | 222s
  Epoch  106/1000 | train_loss=51.2754 | val_loss=50.8726 | rel_l2=0.3104 | best=0.3072 | lr=2.93e-04 | pat=1/150 | 224s
  Epoch  107/1000 | train_loss=51.1849 | val_loss=51.1839 | rel_l2=0.3098 | best=0.3072 | lr=2.93e-04 | pat=2/150 | 226s
  Epoch  108/1000 | train_loss=51.1930 | val_loss=51.6154 | rel_l2=0.3091 | best=0.3072 | lr=2.93e-04 | pat=3/150 | 228s
  Epoch  109/1000 | train_loss=51.1680 | val_loss=51.0260 | rel_l2=0.3129 | best=0.3072 | lr=2.93e-04 | pat=4/150 | 230s
  Epoch  110/1000 | train_loss=51.0461 | val_loss=52.2958 | rel_l2=0.3070 | best=0.3070 | lr=2.93e-04 | pat=0/150 | 232s
  Epoch  111/1000 | train_loss=51.0494 | val_loss=51.3828 | rel_l2=0.3100 | best=0.3070 | lr=2.92e-04 | pat=1/150 | 234s
  Epoch  112/1000 | train_loss=51.1019 | val_loss=51.8323 | rel_l2=0.3185 | best=0.3070 | lr=2.92e-04 | pat=2/150 | 237s
  Epoch  113/1000 | train_loss=51.0849 | val_loss=51.4296 | rel_l2=0.3096 | best=0.3070 | lr=2.92e-04 | pat=3/150 | 239s
  Epoch  114/1000 | train_loss=50.8624 | val_loss=50.9256 | rel_l2=0.3085 | best=0.3070 | lr=2.92e-04 | pat=4/150 | 241s
  Epoch  115/1000 | train_loss=50.7919 | val_loss=50.9920 | rel_l2=0.3114 | best=0.3070 | lr=2.92e-04 | pat=5/150 | 243s
  Epoch  116/1000 | train_loss=50.7456 | val_loss=52.0663 | rel_l2=0.3119 | best=0.3070 | lr=2.92e-04 | pat=6/150 | 245s
  Epoch  117/1000 | train_loss=50.8301 | val_loss=51.3116 | rel_l2=0.3085 | best=0.3070 | lr=2.91e-04 | pat=7/150 | 247s
  Epoch  118/1000 | train_loss=50.7807 | val_loss=51.1827 | rel_l2=0.3098 | best=0.3070 | lr=2.91e-04 | pat=8/150 | 249s
  Epoch  119/1000 | train_loss=50.6771 | val_loss=51.1719 | rel_l2=0.3107 | best=0.3070 | lr=2.91e-04 | pat=9/150 | 251s
  Epoch  120/1000 | train_loss=50.6376 | val_loss=51.5602 | rel_l2=0.3107 | best=0.3070 | lr=2.91e-04 | pat=10/150 | 253s
  Epoch  121/1000 | train_loss=50.6376 | val_loss=50.8627 | rel_l2=0.3089 | best=0.3070 | lr=2.91e-04 | pat=11/150 | 255s
  Epoch  122/1000 | train_loss=50.6194 | val_loss=51.1111 | rel_l2=0.3099 | best=0.3070 | lr=2.91e-04 | pat=12/150 | 257s
  Epoch  123/1000 | train_loss=50.4512 | val_loss=50.5843 | rel_l2=0.3066 | best=0.3066 | lr=2.90e-04 | pat=0/150 | 259s
  Epoch  124/1000 | train_loss=50.3939 | val_loss=51.1179 | rel_l2=0.3103 | best=0.3066 | lr=2.90e-04 | pat=1/150 | 261s
  Epoch  125/1000 | train_loss=50.4499 | val_loss=51.2461 | rel_l2=0.3121 | best=0.3066 | lr=2.90e-04 | pat=2/150 | 263s
  Epoch  126/1000 | train_loss=50.3277 | val_loss=50.7645 | rel_l2=0.3102 | best=0.3066 | lr=2.90e-04 | pat=3/150 | 265s
  Epoch  127/1000 | train_loss=50.4341 | val_loss=51.9685 | rel_l2=0.3259 | best=0.3066 | lr=2.90e-04 | pat=4/150 | 267s
  Epoch  128/1000 | train_loss=50.3247 | val_loss=50.8109 | rel_l2=0.3083 | best=0.3066 | lr=2.90e-04 | pat=5/150 | 269s
  Epoch  129/1000 | train_loss=50.2390 | val_loss=50.8781 | rel_l2=0.3105 | best=0.3066 | lr=2.89e-04 | pat=6/150 | 271s
  Epoch  130/1000 | train_loss=50.1920 | val_loss=50.1315 | rel_l2=0.3056 | best=0.3056 | lr=2.89e-04 | pat=0/150 | 273s
  Epoch  131/1000 | train_loss=50.2036 | val_loss=50.2931 | rel_l2=0.3100 | best=0.3056 | lr=2.89e-04 | pat=1/150 | 275s
  Epoch  132/1000 | train_loss=50.1629 | val_loss=50.7304 | rel_l2=0.3120 | best=0.3056 | lr=2.89e-04 | pat=2/150 | 277s
  Epoch  133/1000 | train_loss=50.1326 | val_loss=50.7934 | rel_l2=0.3069 | best=0.3056 | lr=2.89e-04 | pat=3/150 | 279s
  Epoch  134/1000 | train_loss=50.0395 | val_loss=51.3028 | rel_l2=0.3148 | best=0.3056 | lr=2.89e-04 | pat=4/150 | 281s
  Epoch  135/1000 | train_loss=50.0810 | val_loss=50.3175 | rel_l2=0.3057 | best=0.3056 | lr=2.88e-04 | pat=5/150 | 283s
  Epoch  136/1000 | train_loss=50.1652 | val_loss=50.4113 | rel_l2=0.3037 | best=0.3037 | lr=2.88e-04 | pat=0/150 | 285s
  Epoch  137/1000 | train_loss=49.9374 | val_loss=50.3266 | rel_l2=0.3059 | best=0.3037 | lr=2.88e-04 | pat=1/150 | 287s
  Epoch  138/1000 | train_loss=49.9139 | val_loss=50.5583 | rel_l2=0.3057 | best=0.3037 | lr=2.88e-04 | pat=2/150 | 289s
  Epoch  139/1000 | train_loss=49.9277 | val_loss=50.5302 | rel_l2=0.3072 | best=0.3037 | lr=2.88e-04 | pat=3/150 | 291s
  Epoch  140/1000 | train_loss=49.9461 | val_loss=50.4484 | rel_l2=0.3063 | best=0.3037 | lr=2.87e-04 | pat=4/150 | 293s
  Epoch  141/1000 | train_loss=49.9015 | val_loss=50.2890 | rel_l2=0.3065 | best=0.3037 | lr=2.87e-04 | pat=5/150 | 295s
  Epoch  142/1000 | train_loss=49.8309 | val_loss=50.7321 | rel_l2=0.3074 | best=0.3037 | lr=2.87e-04 | pat=6/150 | 297s
  Epoch  143/1000 | train_loss=49.7366 | val_loss=50.1021 | rel_l2=0.3071 | best=0.3037 | lr=2.87e-04 | pat=7/150 | 299s
  Epoch  144/1000 | train_loss=49.6786 | val_loss=50.9232 | rel_l2=0.3187 | best=0.3037 | lr=2.87e-04 | pat=8/150 | 301s
  Epoch  145/1000 | train_loss=49.7065 | val_loss=50.8588 | rel_l2=0.3157 | best=0.3037 | lr=2.86e-04 | pat=9/150 | 303s
  Epoch  146/1000 | train_loss=49.7002 | val_loss=50.6646 | rel_l2=0.3063 | best=0.3037 | lr=2.86e-04 | pat=10/150 | 305s
  Epoch  147/1000 | train_loss=49.6763 | val_loss=51.1866 | rel_l2=0.3165 | best=0.3037 | lr=2.86e-04 | pat=11/150 | 308s
  Epoch  148/1000 | train_loss=49.7052 | val_loss=50.5721 | rel_l2=0.3081 | best=0.3037 | lr=2.86e-04 | pat=12/150 | 310s
  Epoch  149/1000 | train_loss=49.4946 | val_loss=50.0203 | rel_l2=0.3100 | best=0.3037 | lr=2.86e-04 | pat=13/150 | 312s
  Epoch  150/1000 | train_loss=49.4920 | val_loss=50.4874 | rel_l2=0.3120 | best=0.3037 | lr=2.85e-04 | pat=14/150 | 314s
  Epoch  151/1000 | train_loss=49.6733 | val_loss=50.2090 | rel_l2=0.3085 | best=0.3037 | lr=2.85e-04 | pat=15/150 | 316s
  Epoch  152/1000 | train_loss=49.4624 | val_loss=51.2151 | rel_l2=0.3181 | best=0.3037 | lr=2.85e-04 | pat=16/150 | 318s
  Epoch  153/1000 | train_loss=49.5875 | val_loss=49.9262 | rel_l2=0.3071 | best=0.3037 | lr=2.85e-04 | pat=17/150 | 320s
  Epoch  154/1000 | train_loss=49.3832 | val_loss=50.4432 | rel_l2=0.3061 | best=0.3037 | lr=2.85e-04 | pat=18/150 | 322s
  Epoch  155/1000 | train_loss=49.4599 | val_loss=49.9893 | rel_l2=0.3067 | best=0.3037 | lr=2.84e-04 | pat=19/150 | 324s
  Epoch  156/1000 | train_loss=49.3191 | val_loss=50.2188 | rel_l2=0.3082 | best=0.3037 | lr=2.84e-04 | pat=20/150 | 326s
  Epoch  157/1000 | train_loss=49.3487 | val_loss=50.3541 | rel_l2=0.3070 | best=0.3037 | lr=2.84e-04 | pat=21/150 | 328s
  Epoch  158/1000 | train_loss=49.4203 | val_loss=50.4568 | rel_l2=0.3078 | best=0.3037 | lr=2.84e-04 | pat=22/150 | 330s
  Epoch  159/1000 | train_loss=49.4143 | val_loss=50.1620 | rel_l2=0.3049 | best=0.3037 | lr=2.84e-04 | pat=23/150 | 332s
  Epoch  160/1000 | train_loss=49.3006 | val_loss=50.2688 | rel_l2=0.3058 | best=0.3037 | lr=2.83e-04 | pat=24/150 | 334s
  Epoch  161/1000 | train_loss=49.2404 | val_loss=49.8404 | rel_l2=0.3053 | best=0.3037 | lr=2.83e-04 | pat=25/150 | 336s
  Epoch  162/1000 | train_loss=49.1789 | val_loss=50.0430 | rel_l2=0.3083 | best=0.3037 | lr=2.83e-04 | pat=26/150 | 338s
  Epoch  163/1000 | train_loss=49.2267 | val_loss=49.9932 | rel_l2=0.3044 | best=0.3037 | lr=2.83e-04 | pat=27/150 | 340s
  Epoch  164/1000 | train_loss=49.1549 | val_loss=49.8061 | rel_l2=0.3070 | best=0.3037 | lr=2.82e-04 | pat=28/150 | 342s
  Epoch  165/1000 | train_loss=49.1374 | val_loss=50.1436 | rel_l2=0.3048 | best=0.3037 | lr=2.82e-04 | pat=29/150 | 344s
  Epoch  166/1000 | train_loss=48.9965 | val_loss=50.2477 | rel_l2=0.3047 | best=0.3037 | lr=2.82e-04 | pat=30/150 | 346s
  Epoch  167/1000 | train_loss=49.0495 | val_loss=50.0787 | rel_l2=0.3094 | best=0.3037 | lr=2.82e-04 | pat=31/150 | 348s
  Epoch  168/1000 | train_loss=49.0138 | val_loss=49.3782 | rel_l2=0.3025 | best=0.3025 | lr=2.82e-04 | pat=0/150 | 350s
  Epoch  169/1000 | train_loss=49.0141 | val_loss=49.5880 | rel_l2=0.3042 | best=0.3025 | lr=2.81e-04 | pat=1/150 | 352s
  Epoch  170/1000 | train_loss=49.0096 | val_loss=49.4641 | rel_l2=0.3053 | best=0.3025 | lr=2.81e-04 | pat=2/150 | 354s
  Epoch  171/1000 | train_loss=48.9821 | val_loss=49.7724 | rel_l2=0.3043 | best=0.3025 | lr=2.81e-04 | pat=3/150 | 356s
  Epoch  172/1000 | train_loss=49.0051 | val_loss=50.0266 | rel_l2=0.3054 | best=0.3025 | lr=2.81e-04 | pat=4/150 | 358s
  Epoch  173/1000 | train_loss=48.8340 | val_loss=49.7304 | rel_l2=0.3063 | best=0.3025 | lr=2.80e-04 | pat=5/150 | 360s
  Epoch  174/1000 | train_loss=48.9820 | val_loss=50.8363 | rel_l2=0.3063 | best=0.3025 | lr=2.80e-04 | pat=6/150 | 362s
  Epoch  175/1000 | train_loss=48.8783 | val_loss=49.8899 | rel_l2=0.3059 | best=0.3025 | lr=2.80e-04 | pat=7/150 | 365s
  Epoch  176/1000 | train_loss=48.8491 | val_loss=50.5903 | rel_l2=0.3059 | best=0.3025 | lr=2.80e-04 | pat=8/150 | 367s
  Epoch  177/1000 | train_loss=48.8280 | val_loss=49.3982 | rel_l2=0.3048 | best=0.3025 | lr=2.79e-04 | pat=9/150 | 369s
  Epoch  178/1000 | train_loss=48.8516 | val_loss=49.8134 | rel_l2=0.3060 | best=0.3025 | lr=2.79e-04 | pat=10/150 | 371s
  Epoch  179/1000 | train_loss=48.7408 | val_loss=50.2635 | rel_l2=0.3039 | best=0.3025 | lr=2.79e-04 | pat=11/150 | 373s
  Epoch  180/1000 | train_loss=48.7897 | val_loss=50.6359 | rel_l2=0.3052 | best=0.3025 | lr=2.79e-04 | pat=12/150 | 375s
  Epoch  181/1000 | train_loss=48.7943 | val_loss=51.1446 | rel_l2=0.3063 | best=0.3025 | lr=2.78e-04 | pat=13/150 | 377s
  Epoch  182/1000 | train_loss=48.7361 | val_loss=49.6804 | rel_l2=0.3039 | best=0.3025 | lr=2.78e-04 | pat=14/150 | 379s
  Epoch  183/1000 | train_loss=48.7337 | val_loss=50.3498 | rel_l2=0.3079 | best=0.3025 | lr=2.78e-04 | pat=15/150 | 381s
  Epoch  184/1000 | train_loss=48.5902 | val_loss=49.8082 | rel_l2=0.3039 | best=0.3025 | lr=2.78e-04 | pat=16/150 | 383s
  Epoch  185/1000 | train_loss=48.5604 | val_loss=49.3485 | rel_l2=0.3033 | best=0.3025 | lr=2.77e-04 | pat=17/150 | 385s
  Epoch  186/1000 | train_loss=48.6136 | val_loss=50.5003 | rel_l2=0.3105 | best=0.3025 | lr=2.77e-04 | pat=18/150 | 387s
  Epoch  187/1000 | train_loss=48.6466 | val_loss=49.9025 | rel_l2=0.3069 | best=0.3025 | lr=2.77e-04 | pat=19/150 | 388s
  Epoch  188/1000 | train_loss=48.6365 | val_loss=49.8463 | rel_l2=0.3068 | best=0.3025 | lr=2.77e-04 | pat=20/150 | 390s
  Epoch  189/1000 | train_loss=48.5079 | val_loss=49.8598 | rel_l2=0.3038 | best=0.3025 | lr=2.76e-04 | pat=21/150 | 392s
  Epoch  190/1000 | train_loss=48.5894 | val_loss=50.0456 | rel_l2=0.3082 | best=0.3025 | lr=2.76e-04 | pat=22/150 | 394s
  Epoch  191/1000 | train_loss=48.5731 | val_loss=49.8977 | rel_l2=0.3055 | best=0.3025 | lr=2.76e-04 | pat=23/150 | 396s
  Epoch  192/1000 | train_loss=48.5199 | val_loss=49.9719 | rel_l2=0.3093 | best=0.3025 | lr=2.76e-04 | pat=24/150 | 398s
  Epoch  193/1000 | train_loss=48.5558 | val_loss=50.0516 | rel_l2=0.3041 | best=0.3025 | lr=2.75e-04 | pat=25/150 | 400s
  Epoch  194/1000 | train_loss=48.4747 | val_loss=50.1191 | rel_l2=0.3060 | best=0.3025 | lr=2.75e-04 | pat=26/150 | 402s
  Epoch  195/1000 | train_loss=48.3808 | val_loss=50.1273 | rel_l2=0.3057 | best=0.3025 | lr=2.75e-04 | pat=27/150 | 404s
  Epoch  196/1000 | train_loss=48.4267 | val_loss=50.7183 | rel_l2=0.3086 | best=0.3025 | lr=2.75e-04 | pat=28/150 | 406s
  Epoch  197/1000 | train_loss=48.3318 | val_loss=49.4851 | rel_l2=0.3065 | best=0.3025 | lr=2.74e-04 | pat=29/150 | 408s
  Epoch  198/1000 | train_loss=48.2700 | val_loss=50.3844 | rel_l2=0.3108 | best=0.3025 | lr=2.74e-04 | pat=30/150 | 410s
  Epoch  199/1000 | train_loss=48.4588 | val_loss=50.0863 | rel_l2=0.3108 | best=0.3025 | lr=2.74e-04 | pat=31/150 | 412s
  Epoch  200/1000 | train_loss=48.3343 | val_loss=49.5962 | rel_l2=0.3096 | best=0.3025 | lr=2.74e-04 | pat=32/150 | 414s
  Epoch  201/1000 | train_loss=48.3190 | val_loss=49.9684 | rel_l2=0.3077 | best=0.3025 | lr=2.73e-04 | pat=33/150 | 416s
  Epoch  202/1000 | train_loss=48.2409 | val_loss=49.7485 | rel_l2=0.3028 | best=0.3025 | lr=2.73e-04 | pat=34/150 | 418s
  Epoch  203/1000 | train_loss=48.2173 | val_loss=49.8338 | rel_l2=0.3120 | best=0.3025 | lr=2.73e-04 | pat=35/150 | 420s
  Epoch  204/1000 | train_loss=48.3272 | val_loss=49.6386 | rel_l2=0.3035 | best=0.3025 | lr=2.72e-04 | pat=36/150 | 422s
  Epoch  205/1000 | train_loss=48.2576 | val_loss=49.7691 | rel_l2=0.3057 | best=0.3025 | lr=2.72e-04 | pat=37/150 | 424s
  Epoch  206/1000 | train_loss=48.2639 | val_loss=50.4256 | rel_l2=0.3092 | best=0.3025 | lr=2.72e-04 | pat=38/150 | 426s
  Epoch  207/1000 | train_loss=48.1921 | val_loss=49.7127 | rel_l2=0.3071 | best=0.3025 | lr=2.72e-04 | pat=39/150 | 428s
  Epoch  208/1000 | train_loss=48.2019 | val_loss=49.6106 | rel_l2=0.3026 | best=0.3025 | lr=2.71e-04 | pat=40/150 | 430s
  Epoch  209/1000 | train_loss=48.1502 | val_loss=49.2471 | rel_l2=0.3040 | best=0.3025 | lr=2.71e-04 | pat=41/150 | 432s
  Epoch  210/1000 | train_loss=48.1493 | val_loss=49.8859 | rel_l2=0.3052 | best=0.3025 | lr=2.71e-04 | pat=42/150 | 434s
  Epoch  211/1000 | train_loss=48.1826 | val_loss=50.1336 | rel_l2=0.3158 | best=0.3025 | lr=2.71e-04 | pat=43/150 | 436s
  Epoch  212/1000 | train_loss=48.1809 | val_loss=50.0104 | rel_l2=0.3108 | best=0.3025 | lr=2.70e-04 | pat=44/150 | 438s
  Epoch  213/1000 | train_loss=48.0376 | val_loss=49.5482 | rel_l2=0.3053 | best=0.3025 | lr=2.70e-04 | pat=45/150 | 440s
  Epoch  214/1000 | train_loss=48.0317 | val_loss=49.5886 | rel_l2=0.3054 | best=0.3025 | lr=2.70e-04 | pat=46/150 | 442s
  Epoch  215/1000 | train_loss=48.0854 | val_loss=49.9394 | rel_l2=0.3082 | best=0.3025 | lr=2.69e-04 | pat=47/150 | 444s
  Epoch  216/1000 | train_loss=48.1237 | val_loss=49.5659 | rel_l2=0.3096 | best=0.3025 | lr=2.69e-04 | pat=48/150 | 446s
  Epoch  217/1000 | train_loss=48.1416 | val_loss=50.1036 | rel_l2=0.3058 | best=0.3025 | lr=2.69e-04 | pat=49/150 | 448s
  Epoch  218/1000 | train_loss=48.0566 | val_loss=50.5895 | rel_l2=0.3061 | best=0.3025 | lr=2.68e-04 | pat=50/150 | 450s
  Epoch  219/1000 | train_loss=48.0064 | val_loss=49.7757 | rel_l2=0.3042 | best=0.3025 | lr=2.68e-04 | pat=51/150 | 452s
  Epoch  220/1000 | train_loss=47.9750 | val_loss=49.4265 | rel_l2=0.3026 | best=0.3025 | lr=2.68e-04 | pat=52/150 | 454s
  Epoch  221/1000 | train_loss=47.9139 | val_loss=49.3374 | rel_l2=0.3034 | best=0.3025 | lr=2.68e-04 | pat=53/150 | 456s
  Epoch  222/1000 | train_loss=47.9603 | val_loss=49.3355 | rel_l2=0.3065 | best=0.3025 | lr=2.67e-04 | pat=54/150 | 458s
  Epoch  223/1000 | train_loss=47.9270 | val_loss=49.4922 | rel_l2=0.3037 | best=0.3025 | lr=2.67e-04 | pat=55/150 | 460s
  Epoch  224/1000 | train_loss=47.8870 | val_loss=49.3257 | rel_l2=0.3063 | best=0.3025 | lr=2.67e-04 | pat=56/150 | 462s
  Epoch  225/1000 | train_loss=47.9099 | val_loss=49.6950 | rel_l2=0.3113 | best=0.3025 | lr=2.66e-04 | pat=57/150 | 464s
  Epoch  226/1000 | train_loss=47.8445 | val_loss=49.1417 | rel_l2=0.3032 | best=0.3025 | lr=2.66e-04 | pat=58/150 | 465s
  Epoch  227/1000 | train_loss=47.9045 | val_loss=49.1126 | rel_l2=0.3043 | best=0.3025 | lr=2.66e-04 | pat=59/150 | 467s
  Epoch  228/1000 | train_loss=47.8380 | val_loss=49.5265 | rel_l2=0.3049 | best=0.3025 | lr=2.66e-04 | pat=60/150 | 469s
  Epoch  229/1000 | train_loss=47.8124 | val_loss=49.5193 | rel_l2=0.3028 | best=0.3025 | lr=2.65e-04 | pat=61/150 | 471s
  Epoch  230/1000 | train_loss=47.9132 | val_loss=49.4205 | rel_l2=0.3085 | best=0.3025 | lr=2.65e-04 | pat=62/150 | 473s
  Epoch  231/1000 | train_loss=47.7718 | val_loss=50.4335 | rel_l2=0.3056 | best=0.3025 | lr=2.65e-04 | pat=63/150 | 475s
  Epoch  232/1000 | train_loss=47.8568 | val_loss=49.2208 | rel_l2=0.3032 | best=0.3025 | lr=2.64e-04 | pat=64/150 | 477s
  Epoch  233/1000 | train_loss=47.7838 | val_loss=49.4411 | rel_l2=0.3045 | best=0.3025 | lr=2.64e-04 | pat=65/150 | 479s
  Epoch  234/1000 | train_loss=47.7374 | val_loss=48.9897 | rel_l2=0.3016 | best=0.3016 | lr=2.64e-04 | pat=0/150 | 481s
  Epoch  235/1000 | train_loss=47.7652 | val_loss=49.0331 | rel_l2=0.3011 | best=0.3011 | lr=2.63e-04 | pat=0/150 | 483s
  Epoch  236/1000 | train_loss=47.6921 | val_loss=49.0966 | rel_l2=0.3031 | best=0.3011 | lr=2.63e-04 | pat=1/150 | 485s
  Epoch  237/1000 | train_loss=47.7677 | val_loss=49.5245 | rel_l2=0.3037 | best=0.3011 | lr=2.63e-04 | pat=2/150 | 487s
  Epoch  238/1000 | train_loss=47.6891 | val_loss=49.5480 | rel_l2=0.3030 | best=0.3011 | lr=2.62e-04 | pat=3/150 | 489s
  Epoch  239/1000 | train_loss=47.5973 | val_loss=49.4937 | rel_l2=0.3113 | best=0.3011 | lr=2.62e-04 | pat=4/150 | 491s
  Epoch  240/1000 | train_loss=47.6524 | val_loss=49.2512 | rel_l2=0.3083 | best=0.3011 | lr=2.62e-04 | pat=5/150 | 493s
  Epoch  241/1000 | train_loss=47.6083 | val_loss=49.5454 | rel_l2=0.3048 | best=0.3011 | lr=2.61e-04 | pat=6/150 | 495s
  Epoch  242/1000 | train_loss=47.6402 | val_loss=48.9748 | rel_l2=0.3053 | best=0.3011 | lr=2.61e-04 | pat=7/150 | 497s
  Epoch  243/1000 | train_loss=47.5691 | val_loss=49.2173 | rel_l2=0.3048 | best=0.3011 | lr=2.61e-04 | pat=8/150 | 499s
  Epoch  244/1000 | train_loss=47.5712 | val_loss=50.0331 | rel_l2=0.3060 | best=0.3011 | lr=2.61e-04 | pat=9/150 | 502s
  Epoch  245/1000 | train_loss=47.6177 | val_loss=49.8746 | rel_l2=0.3086 | best=0.3011 | lr=2.60e-04 | pat=10/150 | 504s
  Epoch  246/1000 | train_loss=47.5410 | val_loss=49.2186 | rel_l2=0.3036 | best=0.3011 | lr=2.60e-04 | pat=11/150 | 506s
  Epoch  247/1000 | train_loss=47.4913 | val_loss=48.9986 | rel_l2=0.3029 | best=0.3011 | lr=2.60e-04 | pat=12/150 | 508s
  Epoch  248/1000 | train_loss=47.5268 | val_loss=49.3221 | rel_l2=0.3039 | best=0.3011 | lr=2.59e-04 | pat=13/150 | 510s
  Epoch  249/1000 | train_loss=47.4784 | val_loss=49.1384 | rel_l2=0.3054 | best=0.3011 | lr=2.59e-04 | pat=14/150 | 512s
  Epoch  250/1000 | train_loss=47.5008 | val_loss=49.4911 | rel_l2=0.3084 | best=0.3011 | lr=2.59e-04 | pat=15/150 | 514s
  Epoch  251/1000 | train_loss=47.4498 | val_loss=48.9542 | rel_l2=0.3053 | best=0.3011 | lr=2.58e-04 | pat=16/150 | 516s
  Epoch  252/1000 | train_loss=47.4411 | val_loss=49.3781 | rel_l2=0.3066 | best=0.3011 | lr=2.58e-04 | pat=17/150 | 518s
  Epoch  253/1000 | train_loss=47.5146 | val_loss=49.4062 | rel_l2=0.3060 | best=0.3011 | lr=2.58e-04 | pat=18/150 | 520s
  Epoch  254/1000 | train_loss=47.5295 | val_loss=49.8153 | rel_l2=0.3059 | best=0.3011 | lr=2.57e-04 | pat=19/150 | 522s
  Epoch  255/1000 | train_loss=47.3906 | val_loss=50.0314 | rel_l2=0.3072 | best=0.3011 | lr=2.57e-04 | pat=20/150 | 524s
  Epoch  256/1000 | train_loss=47.3909 | val_loss=49.1631 | rel_l2=0.3036 | best=0.3011 | lr=2.57e-04 | pat=21/150 | 526s
  Epoch  257/1000 | train_loss=47.4191 | val_loss=49.1999 | rel_l2=0.3067 | best=0.3011 | lr=2.56e-04 | pat=22/150 | 528s
  Epoch  258/1000 | train_loss=47.3658 | val_loss=49.3707 | rel_l2=0.3047 | best=0.3011 | lr=2.56e-04 | pat=23/150 | 530s
  Epoch  259/1000 | train_loss=47.3787 | val_loss=48.7672 | rel_l2=0.3019 | best=0.3011 | lr=2.56e-04 | pat=24/150 | 532s
  Epoch  260/1000 | train_loss=47.3971 | val_loss=49.8569 | rel_l2=0.3046 | best=0.3011 | lr=2.55e-04 | pat=25/150 | 535s
  Epoch  261/1000 | train_loss=47.3756 | val_loss=48.9401 | rel_l2=0.3070 | best=0.3011 | lr=2.55e-04 | pat=26/150 | 537s
  Epoch  262/1000 | train_loss=47.3547 | val_loss=49.4944 | rel_l2=0.3048 | best=0.3011 | lr=2.55e-04 | pat=27/150 | 539s
  Epoch  263/1000 | train_loss=47.3466 | val_loss=49.3403 | rel_l2=0.3028 | best=0.3011 | lr=2.54e-04 | pat=28/150 | 541s
  Epoch  264/1000 | train_loss=47.3356 | val_loss=48.8949 | rel_l2=0.3031 | best=0.3011 | lr=2.54e-04 | pat=29/150 | 543s
  Epoch  265/1000 | train_loss=47.3204 | val_loss=50.3295 | rel_l2=0.3036 | best=0.3011 | lr=2.54e-04 | pat=30/150 | 545s
  Epoch  266/1000 | train_loss=47.2910 | val_loss=49.2536 | rel_l2=0.3025 | best=0.3011 | lr=2.53e-04 | pat=31/150 | 547s
  Epoch  267/1000 | train_loss=47.2681 | val_loss=49.0689 | rel_l2=0.3020 | best=0.3011 | lr=2.53e-04 | pat=32/150 | 549s
  Epoch  268/1000 | train_loss=47.2171 | val_loss=49.5132 | rel_l2=0.3055 | best=0.3011 | lr=2.52e-04 | pat=33/150 | 551s
  Epoch  269/1000 | train_loss=47.2913 | val_loss=49.3357 | rel_l2=0.3045 | best=0.3011 | lr=2.52e-04 | pat=34/150 | 553s
  Epoch  270/1000 | train_loss=47.2025 | val_loss=49.5674 | rel_l2=0.3035 | best=0.3011 | lr=2.52e-04 | pat=35/150 | 555s
  Epoch  271/1000 | train_loss=47.2306 | val_loss=49.5059 | rel_l2=0.3052 | best=0.3011 | lr=2.51e-04 | pat=36/150 | 557s
  Epoch  272/1000 | train_loss=47.2643 | val_loss=49.4085 | rel_l2=0.3059 | best=0.3011 | lr=2.51e-04 | pat=37/150 | 559s
  Epoch  273/1000 | train_loss=47.2635 | val_loss=49.4500 | rel_l2=0.3039 | best=0.3011 | lr=2.51e-04 | pat=38/150 | 561s
  Epoch  274/1000 | train_loss=47.1873 | val_loss=49.5055 | rel_l2=0.3035 | best=0.3011 | lr=2.50e-04 | pat=39/150 | 563s
  Epoch  275/1000 | train_loss=47.2681 | val_loss=49.4609 | rel_l2=0.3058 | best=0.3011 | lr=2.50e-04 | pat=40/150 | 565s
  Epoch  276/1000 | train_loss=47.1022 | val_loss=49.4553 | rel_l2=0.3090 | best=0.3011 | lr=2.50e-04 | pat=41/150 | 568s
  Epoch  277/1000 | train_loss=47.1996 | val_loss=49.6714 | rel_l2=0.3095 | best=0.3011 | lr=2.49e-04 | pat=42/150 | 570s
  Epoch  278/1000 | train_loss=47.1458 | val_loss=49.2912 | rel_l2=0.3033 | best=0.3011 | lr=2.49e-04 | pat=43/150 | 572s
  Epoch  279/1000 | train_loss=47.1174 | val_loss=49.2610 | rel_l2=0.3039 | best=0.3011 | lr=2.49e-04 | pat=44/150 | 574s
  Epoch  280/1000 | train_loss=47.1394 | val_loss=48.8767 | rel_l2=0.3022 | best=0.3011 | lr=2.48e-04 | pat=45/150 | 576s
  Epoch  281/1000 | train_loss=47.0028 | val_loss=49.6788 | rel_l2=0.3066 | best=0.3011 | lr=2.48e-04 | pat=46/150 | 578s
  Epoch  282/1000 | train_loss=47.1062 | val_loss=48.6419 | rel_l2=0.3017 | best=0.3011 | lr=2.48e-04 | pat=47/150 | 580s
  Epoch  283/1000 | train_loss=47.0512 | val_loss=49.4299 | rel_l2=0.3022 | best=0.3011 | lr=2.47e-04 | pat=48/150 | 582s
  Epoch  284/1000 | train_loss=47.1589 | val_loss=49.6384 | rel_l2=0.3062 | best=0.3011 | lr=2.47e-04 | pat=49/150 | 584s
  Epoch  285/1000 | train_loss=46.9668 | val_loss=49.1368 | rel_l2=0.3058 | best=0.3011 | lr=2.46e-04 | pat=50/150 | 586s
  Epoch  286/1000 | train_loss=47.0426 | val_loss=49.2605 | rel_l2=0.3015 | best=0.3011 | lr=2.46e-04 | pat=51/150 | 588s
  Epoch  287/1000 | train_loss=47.0524 | val_loss=49.1361 | rel_l2=0.3089 | best=0.3011 | lr=2.46e-04 | pat=52/150 | 590s
  Epoch  288/1000 | train_loss=47.0084 | val_loss=48.8172 | rel_l2=0.3028 | best=0.3011 | lr=2.45e-04 | pat=53/150 | 592s
  Epoch  289/1000 | train_loss=46.9493 | val_loss=48.9003 | rel_l2=0.3012 | best=0.3011 | lr=2.45e-04 | pat=54/150 | 594s
  Epoch  290/1000 | train_loss=47.0257 | val_loss=48.4845 | rel_l2=0.3006 | best=0.3006 | lr=2.45e-04 | pat=0/150 | 597s
  Epoch  291/1000 | train_loss=47.0166 | val_loss=49.7679 | rel_l2=0.3075 | best=0.3006 | lr=2.44e-04 | pat=1/150 | 599s
  Epoch  292/1000 | train_loss=46.9459 | val_loss=49.1933 | rel_l2=0.3060 | best=0.3006 | lr=2.44e-04 | pat=2/150 | 601s
  Epoch  293/1000 | train_loss=46.9281 | val_loss=48.8020 | rel_l2=0.3016 | best=0.3006 | lr=2.43e-04 | pat=3/150 | 603s
  Epoch  294/1000 | train_loss=46.9423 | val_loss=48.9021 | rel_l2=0.3041 | best=0.3006 | lr=2.43e-04 | pat=4/150 | 605s
  Epoch  295/1000 | train_loss=46.9224 | val_loss=48.5393 | rel_l2=0.3014 | best=0.3006 | lr=2.43e-04 | pat=5/150 | 606s
  Epoch  296/1000 | train_loss=46.9686 | val_loss=48.5013 | rel_l2=0.3018 | best=0.3006 | lr=2.42e-04 | pat=6/150 | 608s
  Epoch  297/1000 | train_loss=46.8677 | val_loss=48.8992 | rel_l2=0.3030 | best=0.3006 | lr=2.42e-04 | pat=7/150 | 610s
  Epoch  298/1000 | train_loss=46.9002 | val_loss=48.5257 | rel_l2=0.3018 | best=0.3006 | lr=2.42e-04 | pat=8/150 | 613s
  Epoch  299/1000 | train_loss=46.7999 | val_loss=49.0973 | rel_l2=0.3045 | best=0.3006 | lr=2.41e-04 | pat=9/150 | 615s
  Epoch  300/1000 | train_loss=46.9907 | val_loss=49.0561 | rel_l2=0.3034 | best=0.3006 | lr=2.41e-04 | pat=10/150 | 617s
  Epoch  301/1000 | train_loss=46.8787 | val_loss=49.2404 | rel_l2=0.3030 | best=0.3006 | lr=2.40e-04 | pat=11/150 | 619s
  Epoch  302/1000 | train_loss=46.9347 | val_loss=49.3890 | rel_l2=0.3041 | best=0.3006 | lr=2.40e-04 | pat=12/150 | 621s
  Epoch  303/1000 | train_loss=46.8840 | val_loss=48.8038 | rel_l2=0.3072 | best=0.3006 | lr=2.40e-04 | pat=13/150 | 622s
  Epoch  304/1000 | train_loss=46.7450 | val_loss=48.8156 | rel_l2=0.3035 | best=0.3006 | lr=2.39e-04 | pat=14/150 | 625s
  Epoch  305/1000 | train_loss=46.6749 | val_loss=49.4633 | rel_l2=0.3032 | best=0.3006 | lr=2.39e-04 | pat=15/150 | 627s
  Epoch  306/1000 | train_loss=46.7538 | val_loss=48.8768 | rel_l2=0.3017 | best=0.3006 | lr=2.39e-04 | pat=16/150 | 629s
  Epoch  307/1000 | train_loss=46.8107 | val_loss=49.3857 | rel_l2=0.3040 | best=0.3006 | lr=2.38e-04 | pat=17/150 | 631s
  Epoch  308/1000 | train_loss=46.6885 | val_loss=49.5347 | rel_l2=0.3080 | best=0.3006 | lr=2.38e-04 | pat=18/150 | 633s
  Epoch  309/1000 | train_loss=46.8683 | val_loss=48.8472 | rel_l2=0.3048 | best=0.3006 | lr=2.37e-04 | pat=19/150 | 635s
  Epoch  310/1000 | train_loss=46.7976 | val_loss=49.1387 | rel_l2=0.3048 | best=0.3006 | lr=2.37e-04 | pat=20/150 | 637s
  Epoch  311/1000 | train_loss=46.7889 | val_loss=48.8942 | rel_l2=0.3021 | best=0.3006 | lr=2.37e-04 | pat=21/150 | 639s
  Epoch  312/1000 | train_loss=46.7490 | val_loss=49.6298 | rel_l2=0.3079 | best=0.3006 | lr=2.36e-04 | pat=22/150 | 641s
  Epoch  313/1000 | train_loss=46.7310 | val_loss=49.0293 | rel_l2=0.3021 | best=0.3006 | lr=2.36e-04 | pat=23/150 | 643s
  Epoch  314/1000 | train_loss=46.6492 | val_loss=48.9915 | rel_l2=0.3042 | best=0.3006 | lr=2.35e-04 | pat=24/150 | 645s
  Epoch  315/1000 | train_loss=46.6820 | val_loss=49.3182 | rel_l2=0.3050 | best=0.3006 | lr=2.35e-04 | pat=25/150 | 647s
  Epoch  316/1000 | train_loss=46.6274 | val_loss=49.0430 | rel_l2=0.3048 | best=0.3006 | lr=2.35e-04 | pat=26/150 | 649s
  Epoch  317/1000 | train_loss=46.6635 | val_loss=49.1365 | rel_l2=0.3066 | best=0.3006 | lr=2.34e-04 | pat=27/150 | 651s
  Epoch  318/1000 | train_loss=46.7576 | val_loss=49.2789 | rel_l2=0.3045 | best=0.3006 | lr=2.34e-04 | pat=28/150 | 653s
  Epoch  319/1000 | train_loss=46.6082 | val_loss=49.2006 | rel_l2=0.3047 | best=0.3006 | lr=2.33e-04 | pat=29/150 | 655s
  Epoch  320/1000 | train_loss=46.5489 | val_loss=49.4518 | rel_l2=0.3082 | best=0.3006 | lr=2.33e-04 | pat=30/150 | 657s
  Epoch  321/1000 | train_loss=46.6019 | val_loss=49.2779 | rel_l2=0.3028 | best=0.3006 | lr=2.33e-04 | pat=31/150 | 659s
  Epoch  322/1000 | train_loss=46.6662 | val_loss=49.6148 | rel_l2=0.3091 | best=0.3006 | lr=2.32e-04 | pat=32/150 | 661s
  Epoch  323/1000 | train_loss=46.6025 | val_loss=49.2023 | rel_l2=0.3057 | best=0.3006 | lr=2.32e-04 | pat=33/150 | 663s
  Epoch  324/1000 | train_loss=46.5789 | val_loss=48.9091 | rel_l2=0.3033 | best=0.3006 | lr=2.31e-04 | pat=34/150 | 666s
  Epoch  325/1000 | train_loss=46.6537 | val_loss=48.9227 | rel_l2=0.3038 | best=0.3006 | lr=2.31e-04 | pat=35/150 | 668s
  Epoch  326/1000 | train_loss=46.5509 | val_loss=49.4356 | rel_l2=0.3041 | best=0.3006 | lr=2.31e-04 | pat=36/150 | 670s
  Epoch  327/1000 | train_loss=46.5816 | val_loss=49.5005 | rel_l2=0.3078 | best=0.3006 | lr=2.30e-04 | pat=37/150 | 672s
  Epoch  328/1000 | train_loss=46.5972 | val_loss=49.1470 | rel_l2=0.3044 | best=0.3006 | lr=2.30e-04 | pat=38/150 | 674s
  Epoch  329/1000 | train_loss=46.4945 | val_loss=48.8607 | rel_l2=0.3023 | best=0.3006 | lr=2.29e-04 | pat=39/150 | 676s
  Epoch  330/1000 | train_loss=46.5042 | val_loss=48.9360 | rel_l2=0.3029 | best=0.3006 | lr=2.29e-04 | pat=40/150 | 678s
  Epoch  331/1000 | train_loss=46.5040 | val_loss=48.8235 | rel_l2=0.3045 | best=0.3006 | lr=2.29e-04 | pat=41/150 | 680s
  Epoch  332/1000 | train_loss=46.5004 | val_loss=48.9556 | rel_l2=0.3040 | best=0.3006 | lr=2.28e-04 | pat=42/150 | 682s
  Epoch  333/1000 | train_loss=46.5018 | val_loss=49.1567 | rel_l2=0.3035 | best=0.3006 | lr=2.28e-04 | pat=43/150 | 684s
  Epoch  334/1000 | train_loss=46.4293 | val_loss=48.7750 | rel_l2=0.3026 | best=0.3006 | lr=2.27e-04 | pat=44/150 | 686s
  Epoch  335/1000 | train_loss=46.4891 | val_loss=49.1168 | rel_l2=0.3039 | best=0.3006 | lr=2.27e-04 | pat=45/150 | 688s
  Epoch  336/1000 | train_loss=46.5572 | val_loss=49.0689 | rel_l2=0.3035 | best=0.3006 | lr=2.27e-04 | pat=46/150 | 690s
  Epoch  337/1000 | train_loss=46.4092 | val_loss=48.9801 | rel_l2=0.3058 | best=0.3006 | lr=2.26e-04 | pat=47/150 | 692s
  Epoch  338/1000 | train_loss=46.4232 | val_loss=49.2432 | rel_l2=0.3034 | best=0.3006 | lr=2.26e-04 | pat=48/150 | 694s
  Epoch  339/1000 | train_loss=46.4590 | val_loss=49.6382 | rel_l2=0.3039 | best=0.3006 | lr=2.25e-04 | pat=49/150 | 696s
  Epoch  340/1000 | train_loss=46.4484 | val_loss=48.4766 | rel_l2=0.3019 | best=0.3006 | lr=2.25e-04 | pat=50/150 | 699s
  Epoch  341/1000 | train_loss=46.3800 | val_loss=49.3417 | rel_l2=0.3024 | best=0.3006 | lr=2.25e-04 | pat=51/150 | 701s
  Epoch  342/1000 | train_loss=46.4462 | val_loss=48.9450 | rel_l2=0.3037 | best=0.3006 | lr=2.24e-04 | pat=52/150 | 703s
  Epoch  343/1000 | train_loss=46.5941 | val_loss=49.1893 | rel_l2=0.3036 | best=0.3006 | lr=2.24e-04 | pat=53/150 | 705s
  Epoch  344/1000 | train_loss=46.4412 | val_loss=49.1679 | rel_l2=0.3024 | best=0.3006 | lr=2.23e-04 | pat=54/150 | 707s
  Epoch  345/1000 | train_loss=46.3686 | val_loss=48.7668 | rel_l2=0.3041 | best=0.3006 | lr=2.23e-04 | pat=55/150 | 709s
  Epoch  346/1000 | train_loss=46.3379 | val_loss=49.1303 | rel_l2=0.3043 | best=0.3006 | lr=2.23e-04 | pat=56/150 | 711s
  Epoch  347/1000 | train_loss=46.3890 | val_loss=48.9750 | rel_l2=0.3026 | best=0.3006 | lr=2.22e-04 | pat=57/150 | 713s
  Epoch  348/1000 | train_loss=46.4355 | val_loss=50.6833 | rel_l2=0.3071 | best=0.3006 | lr=2.22e-04 | pat=58/150 | 715s
  Epoch  349/1000 | train_loss=46.3449 | val_loss=49.1155 | rel_l2=0.3062 | best=0.3006 | lr=2.21e-04 | pat=59/150 | 717s
  Epoch  350/1000 | train_loss=46.3027 | val_loss=48.9324 | rel_l2=0.3032 | best=0.3006 | lr=2.21e-04 | pat=60/150 | 719s
  Epoch  351/1000 | train_loss=46.3119 | val_loss=49.2656 | rel_l2=0.3056 | best=0.3006 | lr=2.20e-04 | pat=61/150 | 721s
  Epoch  352/1000 | train_loss=46.3093 | val_loss=48.6210 | rel_l2=0.3030 | best=0.3006 | lr=2.20e-04 | pat=62/150 | 723s
  Epoch  353/1000 | train_loss=46.2927 | val_loss=48.7287 | rel_l2=0.3039 | best=0.3006 | lr=2.20e-04 | pat=63/150 | 725s
  Epoch  354/1000 | train_loss=46.3351 | val_loss=48.6972 | rel_l2=0.3024 | best=0.3006 | lr=2.19e-04 | pat=64/150 | 727s
  Epoch  355/1000 | train_loss=46.2356 | val_loss=49.0222 | rel_l2=0.3077 | best=0.3006 | lr=2.19e-04 | pat=65/150 | 729s
  Epoch  356/1000 | train_loss=46.2654 | val_loss=48.8352 | rel_l2=0.3033 | best=0.3006 | lr=2.18e-04 | pat=66/150 | 731s
  Epoch  357/1000 | train_loss=46.2863 | val_loss=49.5617 | rel_l2=0.3073 | best=0.3006 | lr=2.18e-04 | pat=67/150 | 734s
  Epoch  358/1000 | train_loss=46.2170 | val_loss=49.4151 | rel_l2=0.3047 | best=0.3006 | lr=2.17e-04 | pat=68/150 | 736s
  Epoch  359/1000 | train_loss=46.2140 | val_loss=49.2270 | rel_l2=0.3064 | best=0.3006 | lr=2.17e-04 | pat=69/150 | 738s
  Epoch  360/1000 | train_loss=46.2903 | val_loss=48.9785 | rel_l2=0.3039 | best=0.3006 | lr=2.17e-04 | pat=70/150 | 740s
  Epoch  361/1000 | train_loss=46.2031 | val_loss=49.3869 | rel_l2=0.3079 | best=0.3006 | lr=2.16e-04 | pat=71/150 | 742s
  Epoch  362/1000 | train_loss=46.2259 | val_loss=48.9088 | rel_l2=0.3036 | best=0.3006 | lr=2.16e-04 | pat=72/150 | 744s
  Epoch  363/1000 | train_loss=46.2003 | val_loss=49.9351 | rel_l2=0.3051 | best=0.3006 | lr=2.15e-04 | pat=73/150 | 746s
  Epoch  364/1000 | train_loss=46.1957 | val_loss=48.8892 | rel_l2=0.3047 | best=0.3006 | lr=2.15e-04 | pat=74/150 | 748s
  Epoch  365/1000 | train_loss=46.2470 | val_loss=49.1391 | rel_l2=0.3066 | best=0.3006 | lr=2.14e-04 | pat=75/150 | 750s
  Epoch  366/1000 | train_loss=46.2200 | val_loss=49.0927 | rel_l2=0.3047 | best=0.3006 | lr=2.14e-04 | pat=76/150 | 752s
  Epoch  367/1000 | train_loss=46.2231 | val_loss=48.9873 | rel_l2=0.3017 | best=0.3006 | lr=2.14e-04 | pat=77/150 | 754s
  Epoch  368/1000 | train_loss=46.1446 | val_loss=48.7973 | rel_l2=0.3047 | best=0.3006 | lr=2.13e-04 | pat=78/150 | 756s
  Epoch  369/1000 | train_loss=46.1605 | val_loss=48.8152 | rel_l2=0.3028 | best=0.3006 | lr=2.13e-04 | pat=79/150 | 758s
  Epoch  370/1000 | train_loss=46.1992 | val_loss=48.8857 | rel_l2=0.3031 | best=0.3006 | lr=2.12e-04 | pat=80/150 | 760s
  Epoch  371/1000 | train_loss=46.1658 | val_loss=48.9361 | rel_l2=0.3049 | best=0.3006 | lr=2.12e-04 | pat=81/150 | 762s
  Epoch  372/1000 | train_loss=46.0884 | val_loss=49.0119 | rel_l2=0.3050 | best=0.3006 | lr=2.11e-04 | pat=82/150 | 764s
  Epoch  373/1000 | train_loss=46.1311 | val_loss=48.8946 | rel_l2=0.3040 | best=0.3006 | lr=2.11e-04 | pat=83/150 | 766s
  Epoch  374/1000 | train_loss=46.0891 | val_loss=49.0295 | rel_l2=0.3044 | best=0.3006 | lr=2.11e-04 | pat=84/150 | 768s
  Epoch  375/1000 | train_loss=46.2342 | val_loss=48.5386 | rel_l2=0.3037 | best=0.3006 | lr=2.10e-04 | pat=85/150 | 770s
  Epoch  376/1000 | train_loss=46.0533 | val_loss=48.8248 | rel_l2=0.3039 | best=0.3006 | lr=2.10e-04 | pat=86/150 | 772s
  Epoch  377/1000 | train_loss=46.0802 | val_loss=49.5635 | rel_l2=0.3086 | best=0.3006 | lr=2.09e-04 | pat=87/150 | 774s
  Epoch  378/1000 | train_loss=46.0359 | val_loss=49.1802 | rel_l2=0.3067 | best=0.3006 | lr=2.09e-04 | pat=88/150 | 776s
  Epoch  379/1000 | train_loss=46.0700 | val_loss=49.1108 | rel_l2=0.3035 | best=0.3006 | lr=2.08e-04 | pat=89/150 | 778s
  Epoch  380/1000 | train_loss=46.0848 | val_loss=49.2959 | rel_l2=0.3040 | best=0.3006 | lr=2.08e-04 | pat=90/150 | 780s
  Epoch  381/1000 | train_loss=46.1378 | val_loss=48.7685 | rel_l2=0.3057 | best=0.3006 | lr=2.08e-04 | pat=91/150 | 782s
  Epoch  382/1000 | train_loss=46.0674 | val_loss=49.3601 | rel_l2=0.3094 | best=0.3006 | lr=2.07e-04 | pat=92/150 | 784s
  Epoch  383/1000 | train_loss=45.9903 | val_loss=48.8681 | rel_l2=0.3038 | best=0.3006 | lr=2.07e-04 | pat=93/150 | 786s
  Epoch  384/1000 | train_loss=46.0696 | val_loss=49.1560 | rel_l2=0.3049 | best=0.3006 | lr=2.06e-04 | pat=94/150 | 788s
  Epoch  385/1000 | train_loss=45.9655 | val_loss=48.9867 | rel_l2=0.3092 | best=0.3006 | lr=2.06e-04 | pat=95/150 | 790s
  Epoch  386/1000 | train_loss=45.9651 | val_loss=48.8802 | rel_l2=0.3042 | best=0.3006 | lr=2.05e-04 | pat=96/150 | 792s
  Epoch  387/1000 | train_loss=46.0276 | val_loss=49.2207 | rel_l2=0.3065 | best=0.3006 | lr=2.05e-04 | pat=97/150 | 794s
  Epoch  388/1000 | train_loss=45.9676 | val_loss=48.6637 | rel_l2=0.3059 | best=0.3006 | lr=2.04e-04 | pat=98/150 | 796s
  Epoch  389/1000 | train_loss=46.0041 | val_loss=48.9046 | rel_l2=0.3056 | best=0.3006 | lr=2.04e-04 | pat=99/150 | 798s
  Epoch  390/1000 | train_loss=45.9984 | val_loss=48.8725 | rel_l2=0.3033 | best=0.3006 | lr=2.04e-04 | pat=100/150 | 800s
  Epoch  391/1000 | train_loss=45.9184 | val_loss=49.4596 | rel_l2=0.3029 | best=0.3006 | lr=2.03e-04 | pat=101/150 | 802s
  Epoch  392/1000 | train_loss=45.9357 | val_loss=49.5522 | rel_l2=0.3053 | best=0.3006 | lr=2.03e-04 | pat=102/150 | 805s
  Epoch  393/1000 | train_loss=45.9157 | val_loss=48.7456 | rel_l2=0.3034 | best=0.3006 | lr=2.02e-04 | pat=103/150 | 807s
  Epoch  394/1000 | train_loss=45.9029 | val_loss=48.8126 | rel_l2=0.3039 | best=0.3006 | lr=2.02e-04 | pat=104/150 | 809s
  Epoch  395/1000 | train_loss=45.9905 | val_loss=48.9005 | rel_l2=0.3071 | best=0.3006 | lr=2.01e-04 | pat=105/150 | 811s
  Epoch  396/1000 | train_loss=45.8848 | val_loss=48.9657 | rel_l2=0.3036 | best=0.3006 | lr=2.01e-04 | pat=106/150 | 813s
  Epoch  397/1000 | train_loss=45.9235 | val_loss=49.2287 | rel_l2=0.3068 | best=0.3006 | lr=2.00e-04 | pat=107/150 | 815s
  Epoch  398/1000 | train_loss=45.8926 | val_loss=48.7430 | rel_l2=0.3054 | best=0.3006 | lr=2.00e-04 | pat=108/150 | 817s
  Epoch  399/1000 | train_loss=45.8998 | val_loss=49.3395 | rel_l2=0.3058 | best=0.3006 | lr=2.00e-04 | pat=109/150 | 819s
  Epoch  400/1000 | train_loss=45.8435 | val_loss=49.1989 | rel_l2=0.3026 | best=0.3006 | lr=1.99e-04 | pat=110/150 | 821s
  Epoch  401/1000 | train_loss=45.8816 | val_loss=48.9220 | rel_l2=0.3031 | best=0.3006 | lr=1.99e-04 | pat=111/150 | 823s
  Epoch  402/1000 | train_loss=45.9385 | val_loss=49.4988 | rel_l2=0.3064 | best=0.3006 | lr=1.98e-04 | pat=112/150 | 825s
  Epoch  403/1000 | train_loss=45.8270 | val_loss=48.9752 | rel_l2=0.3031 | best=0.3006 | lr=1.98e-04 | pat=113/150 | 827s
  Epoch  404/1000 | train_loss=45.8112 | val_loss=48.9452 | rel_l2=0.3063 | best=0.3006 | lr=1.97e-04 | pat=114/150 | 829s
  Epoch  405/1000 | train_loss=45.9120 | val_loss=49.2248 | rel_l2=0.3058 | best=0.3006 | lr=1.97e-04 | pat=115/150 | 831s
  Epoch  406/1000 | train_loss=45.8825 | val_loss=48.9465 | rel_l2=0.3032 | best=0.3006 | lr=1.96e-04 | pat=116/150 | 833s
  Epoch  407/1000 | train_loss=45.8298 | val_loss=49.0245 | rel_l2=0.3060 | best=0.3006 | lr=1.96e-04 | pat=117/150 | 835s
  Epoch  408/1000 | train_loss=45.8221 | val_loss=48.9649 | rel_l2=0.3022 | best=0.3006 | lr=1.95e-04 | pat=118/150 | 837s
  Epoch  409/1000 | train_loss=45.8265 | val_loss=49.1246 | rel_l2=0.3032 | best=0.3006 | lr=1.95e-04 | pat=119/150 | 839s
  Epoch  410/1000 | train_loss=45.6893 | val_loss=48.7237 | rel_l2=0.3051 | best=0.3006 | lr=1.95e-04 | pat=120/150 | 841s
  Epoch  411/1000 | train_loss=45.8498 | val_loss=48.9807 | rel_l2=0.3055 | best=0.3006 | lr=1.94e-04 | pat=121/150 | 843s
  Epoch  412/1000 | train_loss=45.7293 | val_loss=49.6335 | rel_l2=0.3064 | best=0.3006 | lr=1.94e-04 | pat=122/150 | 845s
  Epoch  413/1000 | train_loss=45.8197 | val_loss=48.7830 | rel_l2=0.3020 | best=0.3006 | lr=1.93e-04 | pat=123/150 | 847s
  Epoch  414/1000 | train_loss=45.7753 | val_loss=48.8802 | rel_l2=0.3042 | best=0.3006 | lr=1.93e-04 | pat=124/150 | 849s
  Epoch  415/1000 | train_loss=45.7241 | val_loss=49.1527 | rel_l2=0.3049 | best=0.3006 | lr=1.92e-04 | pat=125/150 | 851s
  Epoch  416/1000 | train_loss=45.7152 | val_loss=49.1722 | rel_l2=0.3067 | best=0.3006 | lr=1.92e-04 | pat=126/150 | 853s
  Epoch  417/1000 | train_loss=45.7791 | val_loss=49.1853 | rel_l2=0.3077 | best=0.3006 | lr=1.91e-04 | pat=127/150 | 855s
  Epoch  418/1000 | train_loss=45.7032 | val_loss=48.9764 | rel_l2=0.3062 | best=0.3006 | lr=1.91e-04 | pat=128/150 | 857s
  Epoch  419/1000 | train_loss=45.7249 | val_loss=49.3672 | rel_l2=0.3091 | best=0.3006 | lr=1.90e-04 | pat=129/150 | 859s
  Epoch  420/1000 | train_loss=45.6762 | val_loss=48.8701 | rel_l2=0.3054 | best=0.3006 | lr=1.90e-04 | pat=130/150 | 862s
  Epoch  421/1000 | train_loss=45.6140 | val_loss=49.2057 | rel_l2=0.3059 | best=0.3006 | lr=1.90e-04 | pat=131/150 | 864s
  Epoch  422/1000 | train_loss=45.7193 | val_loss=48.9504 | rel_l2=0.3056 | best=0.3006 | lr=1.89e-04 | pat=132/150 | 866s
  Epoch  423/1000 | train_loss=45.7276 | val_loss=48.6966 | rel_l2=0.3033 | best=0.3006 | lr=1.89e-04 | pat=133/150 | 868s
  Epoch  424/1000 | train_loss=45.6528 | val_loss=49.2442 | rel_l2=0.3053 | best=0.3006 | lr=1.88e-04 | pat=134/150 | 870s
  Epoch  425/1000 | train_loss=45.6727 | val_loss=48.8611 | rel_l2=0.3027 | best=0.3006 | lr=1.88e-04 | pat=135/150 | 872s
  Epoch  426/1000 | train_loss=45.6420 | val_loss=48.7972 | rel_l2=0.3050 | best=0.3006 | lr=1.87e-04 | pat=136/150 | 874s
  Epoch  427/1000 | train_loss=45.6635 | val_loss=48.9340 | rel_l2=0.3025 | best=0.3006 | lr=1.87e-04 | pat=137/150 | 876s
  Epoch  428/1000 | train_loss=45.6993 | val_loss=49.4548 | rel_l2=0.3080 | best=0.3006 | lr=1.86e-04 | pat=138/150 | 878s
  Epoch  429/1000 | train_loss=45.6079 | val_loss=49.4338 | rel_l2=0.3040 | best=0.3006 | lr=1.86e-04 | pat=139/150 | 880s
  Epoch  430/1000 | train_loss=45.5708 | val_loss=48.8668 | rel_l2=0.3047 | best=0.3006 | lr=1.85e-04 | pat=140/150 | 882s
  Epoch  431/1000 | train_loss=45.6831 | val_loss=48.7866 | rel_l2=0.3027 | best=0.3006 | lr=1.85e-04 | pat=141/150 | 884s
  Epoch  432/1000 | train_loss=45.5875 | val_loss=49.3384 | rel_l2=0.3058 | best=0.3006 | lr=1.84e-04 | pat=142/150 | 886s
  Epoch  433/1000 | train_loss=45.5394 | val_loss=49.3035 | rel_l2=0.3060 | best=0.3006 | lr=1.84e-04 | pat=143/150 | 888s
  Epoch  434/1000 | train_loss=45.6230 | val_loss=49.2706 | rel_l2=0.3086 | best=0.3006 | lr=1.84e-04 | pat=144/150 | 890s
  Epoch  435/1000 | train_loss=45.5698 | val_loss=48.7906 | rel_l2=0.3051 | best=0.3006 | lr=1.83e-04 | pat=145/150 | 892s
  Epoch  436/1000 | train_loss=45.5419 | val_loss=49.1326 | rel_l2=0.3053 | best=0.3006 | lr=1.83e-04 | pat=146/150 | 894s
  Epoch  437/1000 | train_loss=45.6550 | val_loss=48.9904 | rel_l2=0.3043 | best=0.3006 | lr=1.82e-04 | pat=147/150 | 896s
  Epoch  438/1000 | train_loss=45.5601 | val_loss=49.0648 | rel_l2=0.3046 | best=0.3006 | lr=1.82e-04 | pat=148/150 | 898s
  Epoch  439/1000 | train_loss=45.5516 | val_loss=48.9984 | rel_l2=0.3071 | best=0.3006 | lr=1.81e-04 | pat=149/150 | 900s
  Epoch  440/1000 | train_loss=45.5544 | val_loss=48.6828 | rel_l2=0.3028 | best=0.3006 | lr=1.81e-04 | pat=150/150 | 902s
  Early stopping at epoch 440 (no improvement for 150 epochs)

Training complete in 903.2s
  val_relative_l2:   0.3057
  train_relative_l2: 0.3094

=== VERIFICATION GATE ===
  WARN: test_relative_l2 = 0.3316 >= 0.05
  FAIL: test_relative_l2 = 0.3316 >= 0.10 (hard fail)
  PASS: no severe overfitting (val/train = 1.07)
  WARN: chi_e relative_l2 = 0.4064 >= 0.10
  WARN: chi_i relative_l2 = 0.3034 >= 0.10
  WARN: D_e relative_l2 = 0.5465 >= 0.10
  PASS: all predictions finite and non-negative

  VERIFICATION FAILED — weights NOT saved.
  Try: --epochs 1000 --lr 1e-4 --hidden-dims 512,256
