=== SCPN Fusion Core — Neural Transport Training (QLKNN-10D) ===
Data:    /workspace/scpn-fusion-core/data/qlknn10d_processed
Output:  /workspace/scpn-fusion-core/weights/neural_transport_qlknn.npz
Arch:    auto -> 256 -> 128 -> 3
Epochs:  1000
LR:      0.0003
Batch:   8192
Added derived features: ITG excess, TEM excess, log(chi_gb) -> 13D input

Data loaded: train=(1801197, 13), val=(100066, 13), test=(100068, 13)
Y ranges: chi_e=[0.00, 500.00], chi_i=[0.00, 500.00], D_e=[0.00, 200.00]
Y train ranges: [0.000, 500.000], [0.000, 500.000], [0.000, 200.000]

--- Training ---
JAX backend: GPU (cuda:0)
  Output scale (P90): [27.52311679 44.75219817  4.6649513 ]
  Output bias init: [-1.80271657 -1.9763596  -2.36428204] (target mean: [4.199827   5.80774027 0.41917404])
  Epoch    0/1000 | train_loss=332.7595 | val_loss=225.8066 | rel_l2=0.7166 | best=0.7166 | lr=3.00e-05 | pat=0/200 | 7s
  Epoch    1/1000 | train_loss=183.3620 | val_loss=160.9090 | rel_l2=0.6049 | best=0.6049 | lr=6.00e-05 | pat=0/200 | 9s
  Epoch    2/1000 | train_loss=145.2337 | val_loss=131.3917 | rel_l2=0.5466 | best=0.5466 | lr=9.00e-05 | pat=0/200 | 11s
  Epoch    3/1000 | train_loss=122.2344 | val_loss=111.6621 | rel_l2=0.5039 | best=0.5039 | lr=1.20e-04 | pat=0/200 | 13s
  Epoch    4/1000 | train_loss=108.0028 | val_loss=100.4086 | rel_l2=0.4779 | best=0.4779 | lr=1.50e-04 | pat=0/200 | 15s
  Epoch    5/1000 | train_loss=98.7848 | val_loss=92.3607 | rel_l2=0.4583 | best=0.4583 | lr=1.80e-04 | pat=0/200 | 17s
  Epoch    6/1000 | train_loss=92.3885 | val_loss=85.7576 | rel_l2=0.4416 | best=0.4416 | lr=2.10e-04 | pat=0/200 | 19s
  Epoch    7/1000 | train_loss=87.1206 | val_loss=81.8828 | rel_l2=0.4315 | best=0.4315 | lr=2.40e-04 | pat=0/200 | 21s
  Epoch    8/1000 | train_loss=82.9384 | val_loss=76.7191 | rel_l2=0.4177 | best=0.4177 | lr=2.70e-04 | pat=0/200 | 23s
  Epoch    9/1000 | train_loss=79.0013 | val_loss=72.8859 | rel_l2=0.4071 | best=0.4071 | lr=3.00e-04 | pat=0/200 | 25s
  Epoch   10/1000 | train_loss=75.4709 | val_loss=69.4153 | rel_l2=0.3973 | best=0.3973 | lr=3.00e-04 | pat=0/200 | 28s
  Epoch   11/1000 | train_loss=72.1183 | val_loss=67.4859 | rel_l2=0.3917 | best=0.3917 | lr=3.00e-04 | pat=0/200 | 30s
  Epoch   12/1000 | train_loss=69.3300 | val_loss=64.8459 | rel_l2=0.3840 | best=0.3840 | lr=3.00e-04 | pat=0/200 | 32s
  Epoch   13/1000 | train_loss=67.3038 | val_loss=62.8610 | rel_l2=0.3781 | best=0.3781 | lr=3.00e-04 | pat=0/200 | 34s
  Epoch   14/1000 | train_loss=65.4005 | val_loss=61.6745 | rel_l2=0.3745 | best=0.3745 | lr=3.00e-04 | pat=0/200 | 36s
  Epoch   15/1000 | train_loss=64.1745 | val_loss=60.4564 | rel_l2=0.3708 | best=0.3708 | lr=3.00e-04 | pat=0/200 | 38s
  Epoch   16/1000 | train_loss=62.7837 | val_loss=59.5067 | rel_l2=0.3679 | best=0.3679 | lr=3.00e-04 | pat=0/200 | 40s
  Epoch   17/1000 | train_loss=61.6314 | val_loss=59.0303 | rel_l2=0.3664 | best=0.3664 | lr=3.00e-04 | pat=0/200 | 42s
  Epoch   18/1000 | train_loss=60.6558 | val_loss=58.2217 | rel_l2=0.3639 | best=0.3639 | lr=3.00e-04 | pat=0/200 | 44s
  Epoch   19/1000 | train_loss=60.0073 | val_loss=56.9552 | rel_l2=0.3599 | best=0.3599 | lr=3.00e-04 | pat=0/200 | 46s
  Epoch   20/1000 | train_loss=59.4449 | val_loss=56.5525 | rel_l2=0.3586 | best=0.3586 | lr=3.00e-04 | pat=0/200 | 48s
  Epoch   21/1000 | train_loss=58.8703 | val_loss=55.9224 | rel_l2=0.3566 | best=0.3566 | lr=3.00e-04 | pat=0/200 | 50s
  Epoch   22/1000 | train_loss=58.1671 | val_loss=55.6996 | rel_l2=0.3559 | best=0.3559 | lr=3.00e-04 | pat=0/200 | 52s
  Epoch   23/1000 | train_loss=57.6525 | val_loss=55.4919 | rel_l2=0.3552 | best=0.3552 | lr=3.00e-04 | pat=0/200 | 54s
  Epoch   24/1000 | train_loss=57.2358 | val_loss=56.8125 | rel_l2=0.3594 | best=0.3552 | lr=3.00e-04 | pat=1/200 | 56s
  Epoch   25/1000 | train_loss=56.7553 | val_loss=54.8591 | rel_l2=0.3532 | best=0.3532 | lr=3.00e-04 | pat=0/200 | 58s
  Epoch   26/1000 | train_loss=56.4056 | val_loss=53.9697 | rel_l2=0.3503 | best=0.3503 | lr=3.00e-04 | pat=0/200 | 60s
  Epoch   27/1000 | train_loss=56.2801 | val_loss=53.8842 | rel_l2=0.3500 | best=0.3500 | lr=3.00e-04 | pat=0/200 | 62s
  Epoch   28/1000 | train_loss=55.7502 | val_loss=54.0273 | rel_l2=0.3505 | best=0.3500 | lr=3.00e-04 | pat=1/200 | 64s
  Epoch   29/1000 | train_loss=55.3745 | val_loss=53.7565 | rel_l2=0.3496 | best=0.3496 | lr=3.00e-04 | pat=0/200 | 66s
  Epoch   30/1000 | train_loss=55.1063 | val_loss=53.4433 | rel_l2=0.3486 | best=0.3486 | lr=3.00e-04 | pat=0/200 | 68s
  Epoch   31/1000 | train_loss=54.9112 | val_loss=53.9761 | rel_l2=0.3503 | best=0.3486 | lr=3.00e-04 | pat=1/200 | 70s
  Epoch   32/1000 | train_loss=54.6985 | val_loss=52.9688 | rel_l2=0.3471 | best=0.3471 | lr=3.00e-04 | pat=0/200 | 72s
  Epoch   33/1000 | train_loss=54.2592 | val_loss=52.1196 | rel_l2=0.3443 | best=0.3443 | lr=3.00e-04 | pat=0/200 | 74s
  Epoch   34/1000 | train_loss=53.9757 | val_loss=52.0901 | rel_l2=0.3442 | best=0.3442 | lr=3.00e-04 | pat=0/200 | 76s
  Epoch   35/1000 | train_loss=53.8934 | val_loss=52.4547 | rel_l2=0.3454 | best=0.3442 | lr=3.00e-04 | pat=1/200 | 78s
  Epoch   36/1000 | train_loss=53.6115 | val_loss=51.7398 | rel_l2=0.3430 | best=0.3430 | lr=2.99e-04 | pat=0/200 | 80s
  Epoch   37/1000 | train_loss=53.5157 | val_loss=51.7242 | rel_l2=0.3430 | best=0.3430 | lr=2.99e-04 | pat=0/200 | 82s
  Epoch   38/1000 | train_loss=53.1929 | val_loss=51.6435 | rel_l2=0.3427 | best=0.3427 | lr=2.99e-04 | pat=0/200 | 85s
  Epoch   39/1000 | train_loss=53.0880 | val_loss=51.4994 | rel_l2=0.3422 | best=0.3422 | lr=2.99e-04 | pat=0/200 | 87s
  Epoch   40/1000 | train_loss=53.0132 | val_loss=51.3237 | rel_l2=0.3416 | best=0.3416 | lr=2.99e-04 | pat=0/200 | 89s
  Epoch   41/1000 | train_loss=52.8446 | val_loss=51.6373 | rel_l2=0.3427 | best=0.3416 | lr=2.99e-04 | pat=1/200 | 91s
  Epoch   42/1000 | train_loss=52.4615 | val_loss=51.0648 | rel_l2=0.3408 | best=0.3408 | lr=2.99e-04 | pat=0/200 | 93s
  Epoch   43/1000 | train_loss=52.0848 | val_loss=51.1997 | rel_l2=0.3412 | best=0.3408 | lr=2.99e-04 | pat=1/200 | 95s
  Epoch   44/1000 | train_loss=52.2293 | val_loss=50.9051 | rel_l2=0.3402 | best=0.3402 | lr=2.99e-04 | pat=0/200 | 97s
  Epoch   45/1000 | train_loss=52.1756 | val_loss=51.4807 | rel_l2=0.3421 | best=0.3402 | lr=2.99e-04 | pat=1/200 | 99s
  Epoch   46/1000 | train_loss=51.8511 | val_loss=50.7057 | rel_l2=0.3396 | best=0.3396 | lr=2.99e-04 | pat=0/200 | 101s
  Epoch   47/1000 | train_loss=51.7204 | val_loss=50.1703 | rel_l2=0.3378 | best=0.3378 | lr=2.99e-04 | pat=0/200 | 103s
  Epoch   48/1000 | train_loss=51.7442 | val_loss=50.5812 | rel_l2=0.3391 | best=0.3378 | lr=2.99e-04 | pat=1/200 | 105s
  Epoch   49/1000 | train_loss=51.4503 | val_loss=50.5636 | rel_l2=0.3391 | best=0.3378 | lr=2.99e-04 | pat=2/200 | 107s
  Epoch   50/1000 | train_loss=51.4233 | val_loss=50.0156 | rel_l2=0.3372 | best=0.3372 | lr=2.99e-04 | pat=0/200 | 109s
  Epoch   51/1000 | train_loss=51.4036 | val_loss=50.7062 | rel_l2=0.3396 | best=0.3372 | lr=2.99e-04 | pat=1/200 | 111s
  Epoch   52/1000 | train_loss=51.0472 | val_loss=50.7687 | rel_l2=0.3398 | best=0.3372 | lr=2.99e-04 | pat=2/200 | 113s
  Epoch   53/1000 | train_loss=51.0017 | val_loss=50.3220 | rel_l2=0.3383 | best=0.3372 | lr=2.99e-04 | pat=3/200 | 115s
  Epoch   54/1000 | train_loss=50.9001 | val_loss=49.4434 | rel_l2=0.3353 | best=0.3353 | lr=2.99e-04 | pat=0/200 | 117s
  Epoch   55/1000 | train_loss=50.7330 | val_loss=50.2820 | rel_l2=0.3381 | best=0.3353 | lr=2.98e-04 | pat=1/200 | 119s
  Epoch   56/1000 | train_loss=50.6611 | val_loss=49.8986 | rel_l2=0.3368 | best=0.3353 | lr=2.98e-04 | pat=2/200 | 121s
  Epoch   57/1000 | train_loss=50.6002 | val_loss=49.6984 | rel_l2=0.3362 | best=0.3353 | lr=2.98e-04 | pat=3/200 | 123s
  Epoch   58/1000 | train_loss=50.5796 | val_loss=49.5035 | rel_l2=0.3355 | best=0.3353 | lr=2.98e-04 | pat=4/200 | 125s
  Epoch   59/1000 | train_loss=50.3098 | val_loss=49.0684 | rel_l2=0.3340 | best=0.3340 | lr=2.98e-04 | pat=0/200 | 127s
  Epoch   60/1000 | train_loss=50.3387 | val_loss=49.1237 | rel_l2=0.3342 | best=0.3340 | lr=2.98e-04 | pat=1/200 | 129s
  Epoch   61/1000 | train_loss=50.1808 | val_loss=49.3977 | rel_l2=0.3351 | best=0.3340 | lr=2.98e-04 | pat=2/200 | 131s
  Epoch   62/1000 | train_loss=50.3419 | val_loss=49.3834 | rel_l2=0.3351 | best=0.3340 | lr=2.98e-04 | pat=3/200 | 133s
  Epoch   63/1000 | train_loss=49.9897 | val_loss=49.7024 | rel_l2=0.3362 | best=0.3340 | lr=2.98e-04 | pat=4/200 | 134s
  Epoch   64/1000 | train_loss=49.9509 | val_loss=49.7165 | rel_l2=0.3362 | best=0.3340 | lr=2.98e-04 | pat=5/200 | 136s
  Epoch   65/1000 | train_loss=49.6246 | val_loss=50.1957 | rel_l2=0.3378 | best=0.3340 | lr=2.98e-04 | pat=6/200 | 138s
  Epoch   66/1000 | train_loss=49.7216 | val_loss=48.5979 | rel_l2=0.3324 | best=0.3324 | lr=2.98e-04 | pat=0/200 | 140s
  Epoch   67/1000 | train_loss=49.6090 | val_loss=49.3822 | rel_l2=0.3351 | best=0.3324 | lr=2.98e-04 | pat=1/200 | 142s
  Epoch   68/1000 | train_loss=49.6178 | val_loss=49.2811 | rel_l2=0.3348 | best=0.3324 | lr=2.97e-04 | pat=2/200 | 144s
  Epoch   69/1000 | train_loss=49.5861 | val_loss=50.2816 | rel_l2=0.3381 | best=0.3324 | lr=2.97e-04 | pat=3/200 | 146s
  Epoch   70/1000 | train_loss=49.4785 | val_loss=48.6738 | rel_l2=0.3327 | best=0.3324 | lr=2.97e-04 | pat=4/200 | 148s
  Epoch   71/1000 | train_loss=49.4543 | val_loss=48.5279 | rel_l2=0.3322 | best=0.3322 | lr=2.97e-04 | pat=0/200 | 150s
  Epoch   72/1000 | train_loss=49.3895 | val_loss=49.2879 | rel_l2=0.3348 | best=0.3322 | lr=2.97e-04 | pat=1/200 | 152s
  Epoch   73/1000 | train_loss=49.2020 | val_loss=49.1183 | rel_l2=0.3342 | best=0.3322 | lr=2.97e-04 | pat=2/200 | 154s
  Epoch   74/1000 | train_loss=49.1218 | val_loss=48.9675 | rel_l2=0.3337 | best=0.3322 | lr=2.97e-04 | pat=3/200 | 157s
  Epoch   75/1000 | train_loss=49.0999 | val_loss=49.4678 | rel_l2=0.3354 | best=0.3322 | lr=2.97e-04 | pat=4/200 | 160s
  Epoch   76/1000 | train_loss=49.0057 | val_loss=48.8461 | rel_l2=0.3333 | best=0.3322 | lr=2.97e-04 | pat=5/200 | 162s
  Epoch   77/1000 | train_loss=49.0385 | val_loss=48.5067 | rel_l2=0.3321 | best=0.3321 | lr=2.97e-04 | pat=0/200 | 164s
  Epoch   78/1000 | train_loss=48.8487 | val_loss=48.2964 | rel_l2=0.3314 | best=0.3314 | lr=2.97e-04 | pat=0/200 | 167s
  Epoch   79/1000 | train_loss=48.7279 | val_loss=48.8151 | rel_l2=0.3332 | best=0.3314 | lr=2.96e-04 | pat=1/200 | 169s
  Epoch   80/1000 | train_loss=48.7946 | val_loss=48.9855 | rel_l2=0.3337 | best=0.3314 | lr=2.96e-04 | pat=2/200 | 171s
  Epoch   81/1000 | train_loss=48.6949 | val_loss=48.9880 | rel_l2=0.3338 | best=0.3314 | lr=2.96e-04 | pat=3/200 | 173s
  Epoch   82/1000 | train_loss=48.6947 | val_loss=48.9976 | rel_l2=0.3338 | best=0.3314 | lr=2.96e-04 | pat=4/200 | 175s
  Epoch   83/1000 | train_loss=48.5304 | val_loss=49.4614 | rel_l2=0.3354 | best=0.3314 | lr=2.96e-04 | pat=5/200 | 177s
  Epoch   84/1000 | train_loss=48.8323 | val_loss=49.0066 | rel_l2=0.3338 | best=0.3314 | lr=2.96e-04 | pat=6/200 | 179s
  Epoch   85/1000 | train_loss=48.2950 | val_loss=48.3810 | rel_l2=0.3317 | best=0.3314 | lr=2.96e-04 | pat=7/200 | 181s
  Epoch   86/1000 | train_loss=48.6050 | val_loss=48.6881 | rel_l2=0.3327 | best=0.3314 | lr=2.96e-04 | pat=8/200 | 183s
  Epoch   87/1000 | train_loss=48.3531 | val_loss=48.1615 | rel_l2=0.3309 | best=0.3309 | lr=2.96e-04 | pat=0/200 | 185s
  Epoch   88/1000 | train_loss=48.2928 | val_loss=48.8412 | rel_l2=0.3333 | best=0.3309 | lr=2.95e-04 | pat=1/200 | 187s
  Epoch   89/1000 | train_loss=48.2952 | val_loss=48.8961 | rel_l2=0.3334 | best=0.3309 | lr=2.95e-04 | pat=2/200 | 189s
  Epoch   90/1000 | train_loss=48.1846 | val_loss=48.4337 | rel_l2=0.3319 | best=0.3309 | lr=2.95e-04 | pat=3/200 | 191s
  Epoch   91/1000 | train_loss=48.3690 | val_loss=49.3403 | rel_l2=0.3350 | best=0.3309 | lr=2.95e-04 | pat=4/200 | 193s
  Epoch   92/1000 | train_loss=48.0359 | val_loss=48.0023 | rel_l2=0.3304 | best=0.3304 | lr=2.95e-04 | pat=0/200 | 195s
  Epoch   93/1000 | train_loss=48.1163 | val_loss=47.9151 | rel_l2=0.3301 | best=0.3301 | lr=2.95e-04 | pat=0/200 | 197s
  Epoch   94/1000 | train_loss=47.9267 | val_loss=49.0211 | rel_l2=0.3339 | best=0.3301 | lr=2.95e-04 | pat=1/200 | 199s
  Epoch   95/1000 | train_loss=47.8736 | val_loss=48.9581 | rel_l2=0.3337 | best=0.3301 | lr=2.95e-04 | pat=2/200 | 201s
  Epoch   96/1000 | train_loss=47.8248 | val_loss=48.3796 | rel_l2=0.3317 | best=0.3301 | lr=2.94e-04 | pat=3/200 | 203s
  Epoch   97/1000 | train_loss=47.8147 | val_loss=48.0105 | rel_l2=0.3304 | best=0.3301 | lr=2.94e-04 | pat=4/200 | 205s
  Epoch   98/1000 | train_loss=47.8187 | val_loss=48.5925 | rel_l2=0.3324 | best=0.3301 | lr=2.94e-04 | pat=5/200 | 207s
  Epoch   99/1000 | train_loss=47.7284 | val_loss=48.7837 | rel_l2=0.3331 | best=0.3301 | lr=2.94e-04 | pat=6/200 | 209s
  Epoch  100/1000 | train_loss=47.5626 | val_loss=48.6528 | rel_l2=0.3326 | best=0.3301 | lr=2.94e-04 | pat=7/200 | 211s
  Epoch  101/1000 | train_loss=47.6378 | val_loss=48.1460 | rel_l2=0.3309 | best=0.3301 | lr=2.94e-04 | pat=8/200 | 213s
  Epoch  102/1000 | train_loss=47.6484 | val_loss=48.6796 | rel_l2=0.3327 | best=0.3301 | lr=2.94e-04 | pat=9/200 | 215s
  Epoch  103/1000 | train_loss=47.6515 | val_loss=48.6007 | rel_l2=0.3324 | best=0.3301 | lr=2.94e-04 | pat=10/200 | 217s
  Epoch  104/1000 | train_loss=47.4558 | val_loss=47.8706 | rel_l2=0.3299 | best=0.3299 | lr=2.93e-04 | pat=0/200 | 219s
  Epoch  105/1000 | train_loss=47.5182 | val_loss=47.6632 | rel_l2=0.3292 | best=0.3292 | lr=2.93e-04 | pat=0/200 | 221s
  Epoch  106/1000 | train_loss=47.3942 | val_loss=48.4057 | rel_l2=0.3318 | best=0.3292 | lr=2.93e-04 | pat=1/200 | 223s
  Epoch  107/1000 | train_loss=47.2655 | val_loss=48.3870 | rel_l2=0.3317 | best=0.3292 | lr=2.93e-04 | pat=2/200 | 225s
  Epoch  108/1000 | train_loss=47.3057 | val_loss=48.1308 | rel_l2=0.3308 | best=0.3292 | lr=2.93e-04 | pat=3/200 | 227s
  Epoch  109/1000 | train_loss=47.2791 | val_loss=50.8393 | rel_l2=0.3400 | best=0.3292 | lr=2.93e-04 | pat=4/200 | 229s
  Epoch  110/1000 | train_loss=47.3326 | val_loss=47.9512 | rel_l2=0.3302 | best=0.3292 | lr=2.93e-04 | pat=5/200 | 231s
  Epoch  111/1000 | train_loss=47.1460 | val_loss=48.2105 | rel_l2=0.3311 | best=0.3292 | lr=2.92e-04 | pat=6/200 | 233s
  Epoch  112/1000 | train_loss=47.0402 | val_loss=47.8659 | rel_l2=0.3299 | best=0.3292 | lr=2.92e-04 | pat=7/200 | 234s
  Epoch  113/1000 | train_loss=47.1051 | val_loss=48.1808 | rel_l2=0.3310 | best=0.3292 | lr=2.92e-04 | pat=8/200 | 236s
  Epoch  114/1000 | train_loss=46.9645 | val_loss=48.8766 | rel_l2=0.3334 | best=0.3292 | lr=2.92e-04 | pat=9/200 | 238s
  Epoch  115/1000 | train_loss=46.9389 | val_loss=47.7822 | rel_l2=0.3296 | best=0.3292 | lr=2.92e-04 | pat=10/200 | 240s
  Epoch  116/1000 | train_loss=46.9673 | val_loss=48.0928 | rel_l2=0.3307 | best=0.3292 | lr=2.92e-04 | pat=11/200 | 242s
  Epoch  117/1000 | train_loss=46.8856 | val_loss=48.3595 | rel_l2=0.3316 | best=0.3292 | lr=2.91e-04 | pat=12/200 | 244s
  Epoch  118/1000 | train_loss=46.7903 | val_loss=48.0296 | rel_l2=0.3305 | best=0.3292 | lr=2.91e-04 | pat=13/200 | 246s
  Epoch  119/1000 | train_loss=46.9270 | val_loss=47.8351 | rel_l2=0.3298 | best=0.3292 | lr=2.91e-04 | pat=14/200 | 248s
  Epoch  120/1000 | train_loss=46.8227 | val_loss=47.9103 | rel_l2=0.3301 | best=0.3292 | lr=2.91e-04 | pat=15/200 | 250s
  Epoch  121/1000 | train_loss=46.8205 | val_loss=47.8393 | rel_l2=0.3298 | best=0.3292 | lr=2.91e-04 | pat=16/200 | 252s
  Epoch  122/1000 | train_loss=46.7234 | val_loss=47.6653 | rel_l2=0.3292 | best=0.3292 | lr=2.91e-04 | pat=17/200 | 254s
  Epoch  123/1000 | train_loss=46.6718 | val_loss=47.9547 | rel_l2=0.3302 | best=0.3292 | lr=2.90e-04 | pat=18/200 | 256s
  Epoch  124/1000 | train_loss=46.7067 | val_loss=48.2636 | rel_l2=0.3313 | best=0.3292 | lr=2.90e-04 | pat=19/200 | 258s
  Epoch  125/1000 | train_loss=46.6081 | val_loss=47.6977 | rel_l2=0.3293 | best=0.3292 | lr=2.90e-04 | pat=20/200 | 260s
  Epoch  126/1000 | train_loss=46.5548 | val_loss=48.4593 | rel_l2=0.3319 | best=0.3292 | lr=2.90e-04 | pat=21/200 | 262s
  Epoch  127/1000 | train_loss=46.5548 | val_loss=47.8722 | rel_l2=0.3299 | best=0.3292 | lr=2.90e-04 | pat=22/200 | 264s
  Epoch  128/1000 | train_loss=46.4611 | val_loss=48.4851 | rel_l2=0.3320 | best=0.3292 | lr=2.90e-04 | pat=23/200 | 265s
  Epoch  129/1000 | train_loss=46.4058 | val_loss=48.1337 | rel_l2=0.3308 | best=0.3292 | lr=2.89e-04 | pat=24/200 | 267s
  Epoch  130/1000 | train_loss=46.3783 | val_loss=48.1604 | rel_l2=0.3309 | best=0.3292 | lr=2.89e-04 | pat=25/200 | 269s
  Epoch  131/1000 | train_loss=46.2963 | val_loss=47.6336 | rel_l2=0.3291 | best=0.3291 | lr=2.89e-04 | pat=0/200 | 271s
  Epoch  132/1000 | train_loss=46.1977 | val_loss=48.1237 | rel_l2=0.3308 | best=0.3291 | lr=2.89e-04 | pat=1/200 | 273s
  Epoch  133/1000 | train_loss=46.3408 | val_loss=48.2432 | rel_l2=0.3312 | best=0.3291 | lr=2.89e-04 | pat=2/200 | 275s
  Epoch  134/1000 | train_loss=46.4274 | val_loss=48.2322 | rel_l2=0.3312 | best=0.3291 | lr=2.89e-04 | pat=3/200 | 277s
  Epoch  135/1000 | train_loss=46.1642 | val_loss=48.5138 | rel_l2=0.3321 | best=0.3291 | lr=2.88e-04 | pat=4/200 | 279s
  Epoch  136/1000 | train_loss=46.1416 | val_loss=48.4894 | rel_l2=0.3320 | best=0.3291 | lr=2.88e-04 | pat=5/200 | 281s
  Epoch  137/1000 | train_loss=46.1588 | val_loss=48.3083 | rel_l2=0.3314 | best=0.3291 | lr=2.88e-04 | pat=6/200 | 283s
  Epoch  138/1000 | train_loss=46.1142 | val_loss=47.7968 | rel_l2=0.3297 | best=0.3291 | lr=2.88e-04 | pat=7/200 | 285s
  Epoch  139/1000 | train_loss=46.0688 | val_loss=47.8113 | rel_l2=0.3297 | best=0.3291 | lr=2.88e-04 | pat=8/200 | 287s
  Epoch  140/1000 | train_loss=46.0048 | val_loss=48.0520 | rel_l2=0.3305 | best=0.3291 | lr=2.87e-04 | pat=9/200 | 289s
  Epoch  141/1000 | train_loss=46.0015 | val_loss=48.2368 | rel_l2=0.3312 | best=0.3291 | lr=2.87e-04 | pat=10/200 | 291s
  Epoch  142/1000 | train_loss=45.8529 | val_loss=47.8303 | rel_l2=0.3298 | best=0.3291 | lr=2.87e-04 | pat=11/200 | 293s
  Epoch  143/1000 | train_loss=45.9078 | val_loss=47.9260 | rel_l2=0.3301 | best=0.3291 | lr=2.87e-04 | pat=12/200 | 295s
  Epoch  144/1000 | train_loss=45.8217 | val_loss=47.5426 | rel_l2=0.3288 | best=0.3288 | lr=2.87e-04 | pat=0/200 | 296s
  Epoch  145/1000 | train_loss=45.8551 | val_loss=47.3997 | rel_l2=0.3283 | best=0.3283 | lr=2.86e-04 | pat=0/200 | 298s
  Epoch  146/1000 | train_loss=45.7061 | val_loss=48.0350 | rel_l2=0.3305 | best=0.3283 | lr=2.86e-04 | pat=1/200 | 300s
  Epoch  147/1000 | train_loss=45.8160 | val_loss=47.1090 | rel_l2=0.3273 | best=0.3273 | lr=2.86e-04 | pat=0/200 | 302s
  Epoch  148/1000 | train_loss=45.7261 | val_loss=47.7135 | rel_l2=0.3294 | best=0.3273 | lr=2.86e-04 | pat=1/200 | 304s
  Epoch  149/1000 | train_loss=45.6411 | val_loss=48.3618 | rel_l2=0.3316 | best=0.3273 | lr=2.86e-04 | pat=2/200 | 306s
  Epoch  150/1000 | train_loss=45.6628 | val_loss=48.2839 | rel_l2=0.3313 | best=0.3273 | lr=2.85e-04 | pat=3/200 | 308s
  Epoch  151/1000 | train_loss=45.7091 | val_loss=47.8602 | rel_l2=0.3299 | best=0.3273 | lr=2.85e-04 | pat=4/200 | 310s
  Epoch  152/1000 | train_loss=45.5624 | val_loss=47.0682 | rel_l2=0.3271 | best=0.3271 | lr=2.85e-04 | pat=0/200 | 312s
  Epoch  153/1000 | train_loss=45.6208 | val_loss=47.4668 | rel_l2=0.3285 | best=0.3271 | lr=2.85e-04 | pat=1/200 | 314s
  Epoch  154/1000 | train_loss=45.6037 | val_loss=48.0510 | rel_l2=0.3305 | best=0.3271 | lr=2.85e-04 | pat=2/200 | 316s
  Epoch  155/1000 | train_loss=45.5156 | val_loss=48.1343 | rel_l2=0.3308 | best=0.3271 | lr=2.84e-04 | pat=3/200 | 318s
  Epoch  156/1000 | train_loss=45.4701 | val_loss=47.8825 | rel_l2=0.3300 | best=0.3271 | lr=2.84e-04 | pat=4/200 | 320s
  Epoch  157/1000 | train_loss=45.3441 | val_loss=47.7222 | rel_l2=0.3294 | best=0.3271 | lr=2.84e-04 | pat=5/200 | 322s
  Epoch  158/1000 | train_loss=45.4086 | val_loss=47.5777 | rel_l2=0.3289 | best=0.3271 | lr=2.84e-04 | pat=6/200 | 324s
  Epoch  159/1000 | train_loss=45.4618 | val_loss=48.5078 | rel_l2=0.3321 | best=0.3271 | lr=2.84e-04 | pat=7/200 | 325s
  Epoch  160/1000 | train_loss=45.4722 | val_loss=47.9932 | rel_l2=0.3303 | best=0.3271 | lr=2.83e-04 | pat=8/200 | 327s
  Epoch  161/1000 | train_loss=45.1841 | val_loss=48.2899 | rel_l2=0.3314 | best=0.3271 | lr=2.83e-04 | pat=9/200 | 329s
  Epoch  162/1000 | train_loss=45.1963 | val_loss=47.8889 | rel_l2=0.3300 | best=0.3271 | lr=2.83e-04 | pat=10/200 | 331s
  Epoch  163/1000 | train_loss=45.1527 | val_loss=48.2782 | rel_l2=0.3313 | best=0.3271 | lr=2.83e-04 | pat=11/200 | 333s
  Epoch  164/1000 | train_loss=45.1796 | val_loss=47.8899 | rel_l2=0.3300 | best=0.3271 | lr=2.82e-04 | pat=12/200 | 335s
  Epoch  165/1000 | train_loss=45.1431 | val_loss=48.1232 | rel_l2=0.3308 | best=0.3271 | lr=2.82e-04 | pat=13/200 | 337s
  Epoch  166/1000 | train_loss=45.0980 | val_loss=47.0141 | rel_l2=0.3270 | best=0.3270 | lr=2.82e-04 | pat=0/200 | 339s
  Epoch  167/1000 | train_loss=45.1057 | val_loss=48.1961 | rel_l2=0.3310 | best=0.3270 | lr=2.82e-04 | pat=1/200 | 341s
  Epoch  168/1000 | train_loss=45.2999 | val_loss=47.4348 | rel_l2=0.3284 | best=0.3270 | lr=2.82e-04 | pat=2/200 | 343s
  Epoch  169/1000 | train_loss=45.0024 | val_loss=47.2914 | rel_l2=0.3279 | best=0.3270 | lr=2.81e-04 | pat=3/200 | 345s
  Epoch  170/1000 | train_loss=44.9422 | val_loss=47.1370 | rel_l2=0.3274 | best=0.3270 | lr=2.81e-04 | pat=4/200 | 347s
  Epoch  171/1000 | train_loss=45.0599 | val_loss=47.8058 | rel_l2=0.3297 | best=0.3270 | lr=2.81e-04 | pat=5/200 | 349s
  Epoch  172/1000 | train_loss=44.9470 | val_loss=48.0294 | rel_l2=0.3305 | best=0.3270 | lr=2.81e-04 | pat=6/200 | 351s
  Epoch  173/1000 | train_loss=44.8790 | val_loss=47.2954 | rel_l2=0.3279 | best=0.3270 | lr=2.80e-04 | pat=7/200 | 353s
  Epoch  174/1000 | train_loss=44.9353 | val_loss=47.1684 | rel_l2=0.3275 | best=0.3270 | lr=2.80e-04 | pat=8/200 | 354s
  Epoch  175/1000 | train_loss=44.8935 | val_loss=47.9241 | rel_l2=0.3301 | best=0.3270 | lr=2.80e-04 | pat=9/200 | 356s
  Epoch  176/1000 | train_loss=44.7143 | val_loss=47.6100 | rel_l2=0.3290 | best=0.3270 | lr=2.80e-04 | pat=10/200 | 358s
  Epoch  177/1000 | train_loss=44.7403 | val_loss=47.5456 | rel_l2=0.3288 | best=0.3270 | lr=2.79e-04 | pat=11/200 | 360s
  Epoch  178/1000 | train_loss=44.6705 | val_loss=47.7260 | rel_l2=0.3294 | best=0.3270 | lr=2.79e-04 | pat=12/200 | 362s
  Epoch  179/1000 | train_loss=44.7661 | val_loss=48.0779 | rel_l2=0.3306 | best=0.3270 | lr=2.79e-04 | pat=13/200 | 364s
  Epoch  180/1000 | train_loss=44.7486 | val_loss=47.5079 | rel_l2=0.3287 | best=0.3270 | lr=2.79e-04 | pat=14/200 | 366s
  Epoch  181/1000 | train_loss=44.6867 | val_loss=47.4322 | rel_l2=0.3284 | best=0.3270 | lr=2.78e-04 | pat=15/200 | 368s
  Epoch  182/1000 | train_loss=44.6846 | val_loss=47.5112 | rel_l2=0.3287 | best=0.3270 | lr=2.78e-04 | pat=16/200 | 370s
  Epoch  183/1000 | train_loss=44.6170 | val_loss=48.3078 | rel_l2=0.3314 | best=0.3270 | lr=2.78e-04 | pat=17/200 | 372s
  Epoch  184/1000 | train_loss=44.7390 | val_loss=47.4239 | rel_l2=0.3284 | best=0.3270 | lr=2.78e-04 | pat=18/200 | 374s
  Epoch  185/1000 | train_loss=44.5411 | val_loss=47.1633 | rel_l2=0.3275 | best=0.3270 | lr=2.77e-04 | pat=19/200 | 376s
  Epoch  186/1000 | train_loss=44.4265 | val_loss=48.5277 | rel_l2=0.3322 | best=0.3270 | lr=2.77e-04 | pat=20/200 | 378s
  Epoch  187/1000 | train_loss=44.4781 | val_loss=47.3677 | rel_l2=0.3282 | best=0.3270 | lr=2.77e-04 | pat=21/200 | 380s
  Epoch  188/1000 | train_loss=44.7305 | val_loss=47.9635 | rel_l2=0.3302 | best=0.3270 | lr=2.77e-04 | pat=22/200 | 381s
  Epoch  189/1000 | train_loss=44.4388 | val_loss=47.6240 | rel_l2=0.3291 | best=0.3270 | lr=2.76e-04 | pat=23/200 | 383s
  Epoch  190/1000 | train_loss=44.4309 | val_loss=47.3963 | rel_l2=0.3283 | best=0.3270 | lr=2.76e-04 | pat=24/200 | 385s
  Epoch  191/1000 | train_loss=44.3896 | val_loss=47.9618 | rel_l2=0.3302 | best=0.3270 | lr=2.76e-04 | pat=25/200 | 387s
  Epoch  192/1000 | train_loss=44.2867 | val_loss=47.2013 | rel_l2=0.3276 | best=0.3270 | lr=2.76e-04 | pat=26/200 | 389s
  Epoch  193/1000 | train_loss=44.2957 | val_loss=47.2327 | rel_l2=0.3277 | best=0.3270 | lr=2.75e-04 | pat=27/200 | 391s
  Epoch  194/1000 | train_loss=44.3996 | val_loss=47.8698 | rel_l2=0.3299 | best=0.3270 | lr=2.75e-04 | pat=28/200 | 393s
  Epoch  195/1000 | train_loss=44.3297 | val_loss=47.1971 | rel_l2=0.3276 | best=0.3270 | lr=2.75e-04 | pat=29/200 | 395s
  Epoch  196/1000 | train_loss=44.4300 | val_loss=46.9697 | rel_l2=0.3268 | best=0.3268 | lr=2.75e-04 | pat=0/200 | 397s
  Epoch  197/1000 | train_loss=44.1990 | val_loss=48.0618 | rel_l2=0.3306 | best=0.3268 | lr=2.74e-04 | pat=1/200 | 400s
  Epoch  198/1000 | train_loss=44.2070 | val_loss=48.3841 | rel_l2=0.3317 | best=0.3268 | lr=2.74e-04 | pat=2/200 | 402s
  Epoch  199/1000 | train_loss=44.1506 | val_loss=47.9564 | rel_l2=0.3302 | best=0.3268 | lr=2.74e-04 | pat=3/200 | 404s
  Epoch  200/1000 | train_loss=44.1811 | val_loss=47.6486 | rel_l2=0.3292 | best=0.3268 | lr=2.74e-04 | pat=4/200 | 405s
  Epoch  201/1000 | train_loss=44.1274 | val_loss=47.1649 | rel_l2=0.3275 | best=0.3268 | lr=2.73e-04 | pat=5/200 | 407s
  Epoch  202/1000 | train_loss=44.1898 | val_loss=47.5881 | rel_l2=0.3289 | best=0.3268 | lr=2.73e-04 | pat=6/200 | 409s
  Epoch  203/1000 | train_loss=44.0611 | val_loss=47.9451 | rel_l2=0.3302 | best=0.3268 | lr=2.73e-04 | pat=7/200 | 411s
  Epoch  204/1000 | train_loss=44.1571 | val_loss=47.4099 | rel_l2=0.3283 | best=0.3268 | lr=2.72e-04 | pat=8/200 | 413s
  Epoch  205/1000 | train_loss=44.0028 | val_loss=47.0494 | rel_l2=0.3271 | best=0.3268 | lr=2.72e-04 | pat=9/200 | 415s
  Epoch  206/1000 | train_loss=44.0281 | val_loss=47.1522 | rel_l2=0.3274 | best=0.3268 | lr=2.72e-04 | pat=10/200 | 417s
  Epoch  207/1000 | train_loss=43.9842 | val_loss=48.5936 | rel_l2=0.3324 | best=0.3268 | lr=2.72e-04 | pat=11/200 | 419s
  Epoch  208/1000 | train_loss=44.0294 | val_loss=47.3802 | rel_l2=0.3282 | best=0.3268 | lr=2.71e-04 | pat=12/200 | 421s
  Epoch  209/1000 | train_loss=43.9602 | val_loss=47.5246 | rel_l2=0.3287 | best=0.3268 | lr=2.71e-04 | pat=13/200 | 423s
  Epoch  210/1000 | train_loss=43.8672 | val_loss=47.4074 | rel_l2=0.3283 | best=0.3268 | lr=2.71e-04 | pat=14/200 | 425s
  Epoch  211/1000 | train_loss=43.8345 | val_loss=47.0833 | rel_l2=0.3272 | best=0.3268 | lr=2.71e-04 | pat=15/200 | 427s
  Epoch  212/1000 | train_loss=43.9218 | val_loss=46.9434 | rel_l2=0.3267 | best=0.3267 | lr=2.70e-04 | pat=0/200 | 429s
  Epoch  213/1000 | train_loss=43.9419 | val_loss=47.2186 | rel_l2=0.3277 | best=0.3267 | lr=2.70e-04 | pat=1/200 | 431s
  Epoch  214/1000 | train_loss=43.8498 | val_loss=47.3705 | rel_l2=0.3282 | best=0.3267 | lr=2.70e-04 | pat=2/200 | 432s
  Epoch  215/1000 | train_loss=43.8555 | val_loss=48.6192 | rel_l2=0.3325 | best=0.3267 | lr=2.69e-04 | pat=3/200 | 434s
  Epoch  216/1000 | train_loss=43.7229 | val_loss=47.5428 | rel_l2=0.3288 | best=0.3267 | lr=2.69e-04 | pat=4/200 | 436s
  Epoch  217/1000 | train_loss=43.7918 | val_loss=47.7249 | rel_l2=0.3294 | best=0.3267 | lr=2.69e-04 | pat=5/200 | 438s
  Epoch  218/1000 | train_loss=43.9078 | val_loss=48.2244 | rel_l2=0.3311 | best=0.3267 | lr=2.68e-04 | pat=6/200 | 440s
  Epoch  219/1000 | train_loss=43.6874 | val_loss=49.6820 | rel_l2=0.3361 | best=0.3267 | lr=2.68e-04 | pat=7/200 | 442s
  Epoch  220/1000 | train_loss=43.7456 | val_loss=47.6266 | rel_l2=0.3291 | best=0.3267 | lr=2.68e-04 | pat=8/200 | 444s
  Epoch  221/1000 | train_loss=43.6707 | val_loss=47.4699 | rel_l2=0.3285 | best=0.3267 | lr=2.68e-04 | pat=9/200 | 446s
  Epoch  222/1000 | train_loss=43.8013 | val_loss=47.9830 | rel_l2=0.3303 | best=0.3267 | lr=2.67e-04 | pat=10/200 | 448s
  Epoch  223/1000 | train_loss=43.6456 | val_loss=47.8237 | rel_l2=0.3298 | best=0.3267 | lr=2.67e-04 | pat=11/200 | 450s
  Epoch  224/1000 | train_loss=43.5671 | val_loss=47.2986 | rel_l2=0.3279 | best=0.3267 | lr=2.67e-04 | pat=12/200 | 452s
  Epoch  225/1000 | train_loss=43.6141 | val_loss=47.3524 | rel_l2=0.3281 | best=0.3267 | lr=2.66e-04 | pat=13/200 | 454s
  Epoch  226/1000 | train_loss=43.6143 | val_loss=48.0911 | rel_l2=0.3307 | best=0.3267 | lr=2.66e-04 | pat=14/200 | 456s
  Epoch  227/1000 | train_loss=43.5456 | val_loss=47.2112 | rel_l2=0.3276 | best=0.3267 | lr=2.66e-04 | pat=15/200 | 458s
  Epoch  228/1000 | train_loss=43.5534 | val_loss=46.6967 | rel_l2=0.3258 | best=0.3258 | lr=2.66e-04 | pat=0/200 | 459s
  Epoch  229/1000 | train_loss=43.6159 | val_loss=46.9373 | rel_l2=0.3267 | best=0.3258 | lr=2.65e-04 | pat=1/200 | 461s
  Epoch  230/1000 | train_loss=43.3917 | val_loss=47.7453 | rel_l2=0.3295 | best=0.3258 | lr=2.65e-04 | pat=2/200 | 463s
  Epoch  231/1000 | train_loss=43.3597 | val_loss=47.7662 | rel_l2=0.3296 | best=0.3258 | lr=2.65e-04 | pat=3/200 | 465s
  Epoch  232/1000 | train_loss=43.5223 | val_loss=47.4172 | rel_l2=0.3283 | best=0.3258 | lr=2.64e-04 | pat=4/200 | 467s
  Epoch  233/1000 | train_loss=43.4447 | val_loss=47.3403 | rel_l2=0.3281 | best=0.3258 | lr=2.64e-04 | pat=5/200 | 469s
  Epoch  234/1000 | train_loss=43.2799 | val_loss=47.6854 | rel_l2=0.3293 | best=0.3258 | lr=2.64e-04 | pat=6/200 | 471s
  Epoch  235/1000 | train_loss=43.3340 | val_loss=47.2251 | rel_l2=0.3277 | best=0.3258 | lr=2.63e-04 | pat=7/200 | 473s
  Epoch  236/1000 | train_loss=43.3651 | val_loss=47.8053 | rel_l2=0.3297 | best=0.3258 | lr=2.63e-04 | pat=8/200 | 475s
  Epoch  237/1000 | train_loss=43.3186 | val_loss=48.1955 | rel_l2=0.3310 | best=0.3258 | lr=2.63e-04 | pat=9/200 | 477s
  Epoch  238/1000 | train_loss=43.2176 | val_loss=47.2629 | rel_l2=0.3278 | best=0.3258 | lr=2.62e-04 | pat=10/200 | 479s
  Epoch  239/1000 | train_loss=43.3156 | val_loss=47.8941 | rel_l2=0.3300 | best=0.3258 | lr=2.62e-04 | pat=11/200 | 481s
  Epoch  240/1000 | train_loss=43.2934 | val_loss=47.2850 | rel_l2=0.3279 | best=0.3258 | lr=2.62e-04 | pat=12/200 | 483s
  Epoch  241/1000 | train_loss=43.2832 | val_loss=47.6553 | rel_l2=0.3292 | best=0.3258 | lr=2.61e-04 | pat=13/200 | 485s
  Epoch  242/1000 | train_loss=43.2932 | val_loss=47.3109 | rel_l2=0.3280 | best=0.3258 | lr=2.61e-04 | pat=14/200 | 487s
  Epoch  243/1000 | train_loss=43.1786 | val_loss=47.8968 | rel_l2=0.3300 | best=0.3258 | lr=2.61e-04 | pat=15/200 | 489s
  Epoch  244/1000 | train_loss=43.1296 | val_loss=47.8988 | rel_l2=0.3300 | best=0.3258 | lr=2.61e-04 | pat=16/200 | 491s
  Epoch  245/1000 | train_loss=43.1806 | val_loss=47.5994 | rel_l2=0.3290 | best=0.3258 | lr=2.60e-04 | pat=17/200 | 493s
  Epoch  246/1000 | train_loss=43.0885 | val_loss=47.2877 | rel_l2=0.3279 | best=0.3258 | lr=2.60e-04 | pat=18/200 | 495s
  Epoch  247/1000 | train_loss=43.0715 | val_loss=48.0173 | rel_l2=0.3304 | best=0.3258 | lr=2.60e-04 | pat=19/200 | 497s
  Epoch  248/1000 | train_loss=43.1236 | val_loss=47.6659 | rel_l2=0.3292 | best=0.3258 | lr=2.59e-04 | pat=20/200 | 499s
  Epoch  249/1000 | train_loss=43.1123 | val_loss=47.7734 | rel_l2=0.3296 | best=0.3258 | lr=2.59e-04 | pat=21/200 | 501s
  Epoch  250/1000 | train_loss=43.0314 | val_loss=48.2991 | rel_l2=0.3314 | best=0.3258 | lr=2.59e-04 | pat=22/200 | 502s
  Epoch  251/1000 | train_loss=43.0253 | val_loss=48.5865 | rel_l2=0.3324 | best=0.3258 | lr=2.58e-04 | pat=23/200 | 504s
  Epoch  252/1000 | train_loss=43.1551 | val_loss=47.3373 | rel_l2=0.3281 | best=0.3258 | lr=2.58e-04 | pat=24/200 | 506s
  Epoch  253/1000 | train_loss=42.9414 | val_loss=47.6727 | rel_l2=0.3292 | best=0.3258 | lr=2.58e-04 | pat=25/200 | 508s
  Epoch  254/1000 | train_loss=43.1224 | val_loss=47.5674 | rel_l2=0.3289 | best=0.3258 | lr=2.57e-04 | pat=26/200 | 510s
  Epoch  255/1000 | train_loss=42.9428 | val_loss=47.4803 | rel_l2=0.3286 | best=0.3258 | lr=2.57e-04 | pat=27/200 | 512s
  Epoch  256/1000 | train_loss=42.9825 | val_loss=47.2540 | rel_l2=0.3278 | best=0.3258 | lr=2.57e-04 | pat=28/200 | 514s
  Epoch  257/1000 | train_loss=43.0032 | val_loss=47.4661 | rel_l2=0.3285 | best=0.3258 | lr=2.56e-04 | pat=29/200 | 516s
  Epoch  258/1000 | train_loss=42.8875 | val_loss=48.3271 | rel_l2=0.3315 | best=0.3258 | lr=2.56e-04 | pat=30/200 | 518s
  Epoch  259/1000 | train_loss=42.8936 | val_loss=47.2834 | rel_l2=0.3279 | best=0.3258 | lr=2.56e-04 | pat=31/200 | 520s
  Epoch  260/1000 | train_loss=42.9442 | val_loss=47.0856 | rel_l2=0.3272 | best=0.3258 | lr=2.55e-04 | pat=32/200 | 522s
  Epoch  261/1000 | train_loss=42.8344 | val_loss=48.3595 | rel_l2=0.3316 | best=0.3258 | lr=2.55e-04 | pat=33/200 | 524s
  Epoch  262/1000 | train_loss=42.8703 | val_loss=48.2771 | rel_l2=0.3313 | best=0.3258 | lr=2.55e-04 | pat=34/200 | 526s
  Epoch  263/1000 | train_loss=42.9279 | val_loss=47.5290 | rel_l2=0.3287 | best=0.3258 | lr=2.54e-04 | pat=35/200 | 528s
  Epoch  264/1000 | train_loss=42.7739 | val_loss=48.3304 | rel_l2=0.3315 | best=0.3258 | lr=2.54e-04 | pat=36/200 | 530s
  Epoch  265/1000 | train_loss=42.7387 | val_loss=48.1859 | rel_l2=0.3310 | best=0.3258 | lr=2.54e-04 | pat=37/200 | 532s
  Epoch  266/1000 | train_loss=42.8363 | val_loss=48.0701 | rel_l2=0.3306 | best=0.3258 | lr=2.53e-04 | pat=38/200 | 534s
  Epoch  267/1000 | train_loss=42.7888 | val_loss=46.8369 | rel_l2=0.3263 | best=0.3258 | lr=2.53e-04 | pat=39/200 | 536s
  Epoch  268/1000 | train_loss=42.7302 | val_loss=48.0051 | rel_l2=0.3304 | best=0.3258 | lr=2.52e-04 | pat=40/200 | 538s
  Epoch  269/1000 | train_loss=42.6846 | val_loss=47.3580 | rel_l2=0.3281 | best=0.3258 | lr=2.52e-04 | pat=41/200 | 539s
  Epoch  270/1000 | train_loss=42.6140 | val_loss=47.4023 | rel_l2=0.3283 | best=0.3258 | lr=2.52e-04 | pat=42/200 | 541s
  Epoch  271/1000 | train_loss=42.6351 | val_loss=47.9954 | rel_l2=0.3303 | best=0.3258 | lr=2.51e-04 | pat=43/200 | 543s
  Epoch  272/1000 | train_loss=42.6672 | val_loss=47.1555 | rel_l2=0.3274 | best=0.3258 | lr=2.51e-04 | pat=44/200 | 545s
  Epoch  273/1000 | train_loss=42.5707 | val_loss=47.6254 | rel_l2=0.3291 | best=0.3258 | lr=2.51e-04 | pat=45/200 | 547s
  Epoch  274/1000 | train_loss=42.7475 | val_loss=47.5452 | rel_l2=0.3288 | best=0.3258 | lr=2.50e-04 | pat=46/200 | 549s
  Epoch  275/1000 | train_loss=42.5328 | val_loss=47.0799 | rel_l2=0.3272 | best=0.3258 | lr=2.50e-04 | pat=47/200 | 551s
  Epoch  276/1000 | train_loss=42.5441 | val_loss=47.8184 | rel_l2=0.3297 | best=0.3258 | lr=2.50e-04 | pat=48/200 | 553s
  Epoch  277/1000 | train_loss=42.5641 | val_loss=47.6107 | rel_l2=0.3290 | best=0.3258 | lr=2.49e-04 | pat=49/200 | 555s
  Epoch  278/1000 | train_loss=42.5490 | val_loss=47.8661 | rel_l2=0.3299 | best=0.3258 | lr=2.49e-04 | pat=50/200 | 557s
  Epoch  279/1000 | train_loss=42.5417 | val_loss=47.4648 | rel_l2=0.3285 | best=0.3258 | lr=2.49e-04 | pat=51/200 | 559s
  Epoch  280/1000 | train_loss=42.4272 | val_loss=47.9453 | rel_l2=0.3302 | best=0.3258 | lr=2.48e-04 | pat=52/200 | 561s
  Epoch  281/1000 | train_loss=42.4973 | val_loss=47.4829 | rel_l2=0.3286 | best=0.3258 | lr=2.48e-04 | pat=53/200 | 563s
  Epoch  282/1000 | train_loss=42.4722 | val_loss=47.2347 | rel_l2=0.3277 | best=0.3258 | lr=2.48e-04 | pat=54/200 | 565s
  Epoch  283/1000 | train_loss=42.5413 | val_loss=47.4125 | rel_l2=0.3283 | best=0.3258 | lr=2.47e-04 | pat=55/200 | 567s
  Epoch  284/1000 | train_loss=42.3591 | val_loss=47.3469 | rel_l2=0.3281 | best=0.3258 | lr=2.47e-04 | pat=56/200 | 569s
  Epoch  285/1000 | train_loss=42.3559 | val_loss=48.2457 | rel_l2=0.3312 | best=0.3258 | lr=2.46e-04 | pat=57/200 | 571s
  Epoch  286/1000 | train_loss=42.3485 | val_loss=48.2816 | rel_l2=0.3313 | best=0.3258 | lr=2.46e-04 | pat=58/200 | 572s
  Epoch  287/1000 | train_loss=42.3984 | val_loss=47.5290 | rel_l2=0.3287 | best=0.3258 | lr=2.46e-04 | pat=59/200 | 574s
  Epoch  288/1000 | train_loss=42.3194 | val_loss=49.0868 | rel_l2=0.3341 | best=0.3258 | lr=2.45e-04 | pat=60/200 | 576s
  Epoch  289/1000 | train_loss=42.4005 | val_loss=47.8373 | rel_l2=0.3298 | best=0.3258 | lr=2.45e-04 | pat=61/200 | 578s
  Epoch  290/1000 | train_loss=42.3620 | val_loss=47.7287 | rel_l2=0.3294 | best=0.3258 | lr=2.45e-04 | pat=62/200 | 580s
  Epoch  291/1000 | train_loss=42.3226 | val_loss=47.6984 | rel_l2=0.3293 | best=0.3258 | lr=2.44e-04 | pat=63/200 | 582s
  Epoch  292/1000 | train_loss=42.2869 | val_loss=47.1307 | rel_l2=0.3274 | best=0.3258 | lr=2.44e-04 | pat=64/200 | 584s
  Epoch  293/1000 | train_loss=42.3216 | val_loss=48.6010 | rel_l2=0.3324 | best=0.3258 | lr=2.43e-04 | pat=65/200 | 586s
  Epoch  294/1000 | train_loss=42.1987 | val_loss=47.7139 | rel_l2=0.3294 | best=0.3258 | lr=2.43e-04 | pat=66/200 | 588s
  Epoch  295/1000 | train_loss=42.3211 | val_loss=48.6468 | rel_l2=0.3326 | best=0.3258 | lr=2.43e-04 | pat=67/200 | 590s
  Epoch  296/1000 | train_loss=42.2561 | val_loss=48.4639 | rel_l2=0.3320 | best=0.3258 | lr=2.42e-04 | pat=68/200 | 592s
  Epoch  297/1000 | train_loss=42.2386 | val_loss=47.9153 | rel_l2=0.3301 | best=0.3258 | lr=2.42e-04 | pat=69/200 | 594s
  Epoch  298/1000 | train_loss=42.1619 | val_loss=47.5073 | rel_l2=0.3287 | best=0.3258 | lr=2.42e-04 | pat=70/200 | 595s
  Epoch  299/1000 | train_loss=42.2032 | val_loss=48.2660 | rel_l2=0.3313 | best=0.3258 | lr=2.41e-04 | pat=71/200 | 597s
  Epoch  300/1000 | train_loss=42.3764 | val_loss=47.8721 | rel_l2=0.3299 | best=0.3258 | lr=2.41e-04 | pat=72/200 | 599s
  Epoch  301/1000 | train_loss=42.1569 | val_loss=48.1983 | rel_l2=0.3310 | best=0.3258 | lr=2.40e-04 | pat=73/200 | 601s
  Epoch  302/1000 | train_loss=42.0707 | val_loss=48.5485 | rel_l2=0.3322 | best=0.3258 | lr=2.40e-04 | pat=74/200 | 603s
  Epoch  303/1000 | train_loss=42.1094 | val_loss=47.9006 | rel_l2=0.3300 | best=0.3258 | lr=2.40e-04 | pat=75/200 | 605s
  Epoch  304/1000 | train_loss=42.1846 | val_loss=48.0779 | rel_l2=0.3306 | best=0.3258 | lr=2.39e-04 | pat=76/200 | 607s
  Epoch  305/1000 | train_loss=42.2452 | val_loss=47.9052 | rel_l2=0.3300 | best=0.3258 | lr=2.39e-04 | pat=77/200 | 609s
  Epoch  306/1000 | train_loss=42.1346 | val_loss=47.6537 | rel_l2=0.3292 | best=0.3258 | lr=2.39e-04 | pat=78/200 | 611s
  Epoch  307/1000 | train_loss=42.0961 | val_loss=47.7225 | rel_l2=0.3294 | best=0.3258 | lr=2.38e-04 | pat=79/200 | 613s
  Epoch  308/1000 | train_loss=42.0116 | val_loss=49.0601 | rel_l2=0.3340 | best=0.3258 | lr=2.38e-04 | pat=80/200 | 615s
  Epoch  309/1000 | train_loss=41.9861 | val_loss=47.9602 | rel_l2=0.3302 | best=0.3258 | lr=2.37e-04 | pat=81/200 | 616s
  Epoch  310/1000 | train_loss=41.9502 | val_loss=47.2947 | rel_l2=0.3279 | best=0.3258 | lr=2.37e-04 | pat=82/200 | 618s
  Epoch  311/1000 | train_loss=42.0247 | val_loss=47.8206 | rel_l2=0.3297 | best=0.3258 | lr=2.37e-04 | pat=83/200 | 620s
  Epoch  312/1000 | train_loss=41.9651 | val_loss=47.5113 | rel_l2=0.3287 | best=0.3258 | lr=2.36e-04 | pat=84/200 | 622s
  Epoch  313/1000 | train_loss=41.9882 | val_loss=47.7735 | rel_l2=0.3296 | best=0.3258 | lr=2.36e-04 | pat=85/200 | 624s
  Epoch  314/1000 | train_loss=42.0063 | val_loss=47.9218 | rel_l2=0.3301 | best=0.3258 | lr=2.35e-04 | pat=86/200 | 626s
  Epoch  315/1000 | train_loss=41.9362 | val_loss=47.6522 | rel_l2=0.3292 | best=0.3258 | lr=2.35e-04 | pat=87/200 | 628s
  Epoch  316/1000 | train_loss=41.8673 | val_loss=47.7951 | rel_l2=0.3297 | best=0.3258 | lr=2.35e-04 | pat=88/200 | 630s
  Epoch  317/1000 | train_loss=42.0371 | val_loss=48.1369 | rel_l2=0.3308 | best=0.3258 | lr=2.34e-04 | pat=89/200 | 632s
  Epoch  318/1000 | train_loss=41.9710 | val_loss=47.6035 | rel_l2=0.3290 | best=0.3258 | lr=2.34e-04 | pat=90/200 | 634s
  Epoch  319/1000 | train_loss=41.8774 | val_loss=48.1819 | rel_l2=0.3310 | best=0.3258 | lr=2.33e-04 | pat=91/200 | 636s
  Epoch  320/1000 | train_loss=41.8923 | val_loss=47.6540 | rel_l2=0.3292 | best=0.3258 | lr=2.33e-04 | pat=92/200 | 638s
  Epoch  321/1000 | train_loss=41.8181 | val_loss=47.9802 | rel_l2=0.3303 | best=0.3258 | lr=2.33e-04 | pat=93/200 | 639s
  Epoch  322/1000 | train_loss=41.8870 | val_loss=48.2730 | rel_l2=0.3313 | best=0.3258 | lr=2.32e-04 | pat=94/200 | 641s
  Epoch  323/1000 | train_loss=41.7564 | val_loss=47.9376 | rel_l2=0.3301 | best=0.3258 | lr=2.32e-04 | pat=95/200 | 643s
  Epoch  324/1000 | train_loss=41.8142 | val_loss=47.5392 | rel_l2=0.3288 | best=0.3258 | lr=2.31e-04 | pat=96/200 | 645s
  Epoch  325/1000 | train_loss=41.7489 | val_loss=47.8618 | rel_l2=0.3299 | best=0.3258 | lr=2.31e-04 | pat=97/200 | 647s
  Epoch  326/1000 | train_loss=41.8398 | val_loss=48.5821 | rel_l2=0.3324 | best=0.3258 | lr=2.31e-04 | pat=98/200 | 649s
  Epoch  327/1000 | train_loss=41.7363 | val_loss=48.5574 | rel_l2=0.3323 | best=0.3258 | lr=2.30e-04 | pat=99/200 | 651s
  Epoch  328/1000 | train_loss=41.7225 | val_loss=47.6435 | rel_l2=0.3291 | best=0.3258 | lr=2.30e-04 | pat=100/200 | 653s
  Epoch  329/1000 | train_loss=41.7803 | val_loss=47.6207 | rel_l2=0.3290 | best=0.3258 | lr=2.29e-04 | pat=101/200 | 655s
  Epoch  330/1000 | train_loss=41.9322 | val_loss=47.2850 | rel_l2=0.3279 | best=0.3258 | lr=2.29e-04 | pat=102/200 | 657s
  Epoch  331/1000 | train_loss=41.6453 | val_loss=47.7941 | rel_l2=0.3296 | best=0.3258 | lr=2.29e-04 | pat=103/200 | 658s
  Epoch  332/1000 | train_loss=41.7261 | val_loss=48.0973 | rel_l2=0.3307 | best=0.3258 | lr=2.28e-04 | pat=104/200 | 660s
  Epoch  333/1000 | train_loss=41.6888 | val_loss=47.9292 | rel_l2=0.3301 | best=0.3258 | lr=2.28e-04 | pat=105/200 | 662s
  Epoch  334/1000 | train_loss=41.6529 | val_loss=48.2062 | rel_l2=0.3311 | best=0.3258 | lr=2.27e-04 | pat=106/200 | 664s
  Epoch  335/1000 | train_loss=41.6436 | val_loss=47.1918 | rel_l2=0.3276 | best=0.3258 | lr=2.27e-04 | pat=107/200 | 666s
  Epoch  336/1000 | train_loss=41.6142 | val_loss=48.5662 | rel_l2=0.3323 | best=0.3258 | lr=2.27e-04 | pat=108/200 | 668s
  Epoch  337/1000 | train_loss=41.5548 | val_loss=47.9786 | rel_l2=0.3303 | best=0.3258 | lr=2.26e-04 | pat=109/200 | 670s
  Epoch  338/1000 | train_loss=41.6573 | val_loss=47.9969 | rel_l2=0.3303 | best=0.3258 | lr=2.26e-04 | pat=110/200 | 672s
  Epoch  339/1000 | train_loss=41.6255 | val_loss=48.3146 | rel_l2=0.3314 | best=0.3258 | lr=2.25e-04 | pat=111/200 | 674s
  Epoch  340/1000 | train_loss=41.5227 | val_loss=48.5658 | rel_l2=0.3323 | best=0.3258 | lr=2.25e-04 | pat=112/200 | 676s
  Epoch  341/1000 | train_loss=41.6476 | val_loss=48.7915 | rel_l2=0.3331 | best=0.3258 | lr=2.25e-04 | pat=113/200 | 678s
  Epoch  342/1000 | train_loss=41.5031 | val_loss=48.7557 | rel_l2=0.3329 | best=0.3258 | lr=2.24e-04 | pat=114/200 | 680s
  Epoch  343/1000 | train_loss=41.6075 | val_loss=47.6148 | rel_l2=0.3290 | best=0.3258 | lr=2.24e-04 | pat=115/200 | 682s
  Epoch  344/1000 | train_loss=41.4453 | val_loss=48.0356 | rel_l2=0.3305 | best=0.3258 | lr=2.23e-04 | pat=116/200 | 683s
  Epoch  345/1000 | train_loss=41.5654 | val_loss=47.9235 | rel_l2=0.3301 | best=0.3258 | lr=2.23e-04 | pat=117/200 | 685s
  Epoch  346/1000 | train_loss=41.5030 | val_loss=48.4193 | rel_l2=0.3318 | best=0.3258 | lr=2.23e-04 | pat=118/200 | 687s
  Epoch  347/1000 | train_loss=41.5035 | val_loss=48.2127 | rel_l2=0.3311 | best=0.3258 | lr=2.22e-04 | pat=119/200 | 689s
  Epoch  348/1000 | train_loss=41.4889 | val_loss=48.6141 | rel_l2=0.3325 | best=0.3258 | lr=2.22e-04 | pat=120/200 | 691s
  Epoch  349/1000 | train_loss=41.4975 | val_loss=49.0344 | rel_l2=0.3339 | best=0.3258 | lr=2.21e-04 | pat=121/200 | 693s
  Epoch  350/1000 | train_loss=41.4074 | val_loss=47.7210 | rel_l2=0.3294 | best=0.3258 | lr=2.21e-04 | pat=122/200 | 695s
  Epoch  351/1000 | train_loss=41.5622 | val_loss=47.9928 | rel_l2=0.3303 | best=0.3258 | lr=2.20e-04 | pat=123/200 | 697s
  Epoch  352/1000 | train_loss=41.4883 | val_loss=48.0077 | rel_l2=0.3304 | best=0.3258 | lr=2.20e-04 | pat=124/200 | 699s
  Epoch  353/1000 | train_loss=41.3495 | val_loss=47.7471 | rel_l2=0.3295 | best=0.3258 | lr=2.20e-04 | pat=125/200 | 701s
  Epoch  354/1000 | train_loss=41.3530 | val_loss=47.5405 | rel_l2=0.3288 | best=0.3258 | lr=2.19e-04 | pat=126/200 | 702s
  Epoch  355/1000 | train_loss=41.4143 | val_loss=47.9417 | rel_l2=0.3302 | best=0.3258 | lr=2.19e-04 | pat=127/200 | 704s
  Epoch  356/1000 | train_loss=41.4002 | val_loss=47.3641 | rel_l2=0.3282 | best=0.3258 | lr=2.18e-04 | pat=128/200 | 706s
  Epoch  357/1000 | train_loss=41.3279 | val_loss=48.0069 | rel_l2=0.3304 | best=0.3258 | lr=2.18e-04 | pat=129/200 | 708s
  Epoch  358/1000 | train_loss=41.3133 | val_loss=48.3130 | rel_l2=0.3314 | best=0.3258 | lr=2.17e-04 | pat=130/200 | 710s
  Epoch  359/1000 | train_loss=41.2860 | val_loss=48.3196 | rel_l2=0.3315 | best=0.3258 | lr=2.17e-04 | pat=131/200 | 712s
  Epoch  360/1000 | train_loss=41.2971 | val_loss=48.2702 | rel_l2=0.3313 | best=0.3258 | lr=2.17e-04 | pat=132/200 | 714s
  Epoch  361/1000 | train_loss=41.3417 | val_loss=47.6780 | rel_l2=0.3292 | best=0.3258 | lr=2.16e-04 | pat=133/200 | 716s
  Epoch  362/1000 | train_loss=41.3677 | val_loss=47.4922 | rel_l2=0.3286 | best=0.3258 | lr=2.16e-04 | pat=134/200 | 718s
  Epoch  363/1000 | train_loss=41.2469 | val_loss=48.5635 | rel_l2=0.3323 | best=0.3258 | lr=2.15e-04 | pat=135/200 | 720s
  Epoch  364/1000 | train_loss=41.2395 | val_loss=48.1507 | rel_l2=0.3309 | best=0.3258 | lr=2.15e-04 | pat=136/200 | 722s
  Epoch  365/1000 | train_loss=41.3178 | val_loss=47.8044 | rel_l2=0.3297 | best=0.3258 | lr=2.14e-04 | pat=137/200 | 723s
  Epoch  366/1000 | train_loss=41.2411 | val_loss=48.9885 | rel_l2=0.3337 | best=0.3258 | lr=2.14e-04 | pat=138/200 | 725s
  Epoch  367/1000 | train_loss=41.2475 | val_loss=47.9139 | rel_l2=0.3301 | best=0.3258 | lr=2.14e-04 | pat=139/200 | 727s
  Epoch  368/1000 | train_loss=41.2264 | val_loss=48.3167 | rel_l2=0.3314 | best=0.3258 | lr=2.13e-04 | pat=140/200 | 729s
  Epoch  369/1000 | train_loss=41.3285 | val_loss=48.1671 | rel_l2=0.3309 | best=0.3258 | lr=2.13e-04 | pat=141/200 | 731s
  Epoch  370/1000 | train_loss=41.1593 | val_loss=48.4230 | rel_l2=0.3318 | best=0.3258 | lr=2.12e-04 | pat=142/200 | 733s
  Epoch  371/1000 | train_loss=41.2866 | val_loss=47.7528 | rel_l2=0.3295 | best=0.3258 | lr=2.12e-04 | pat=143/200 | 735s
  Epoch  372/1000 | train_loss=41.1301 | val_loss=48.1276 | rel_l2=0.3308 | best=0.3258 | lr=2.11e-04 | pat=144/200 | 737s
  Epoch  373/1000 | train_loss=41.1313 | val_loss=48.3598 | rel_l2=0.3316 | best=0.3258 | lr=2.11e-04 | pat=145/200 | 739s
  Epoch  374/1000 | train_loss=41.0382 | val_loss=47.9810 | rel_l2=0.3303 | best=0.3258 | lr=2.11e-04 | pat=146/200 | 741s
  Epoch  375/1000 | train_loss=41.0870 | val_loss=48.0775 | rel_l2=0.3306 | best=0.3258 | lr=2.10e-04 | pat=147/200 | 742s
  Epoch  376/1000 | train_loss=41.1621 | val_loss=48.3578 | rel_l2=0.3316 | best=0.3258 | lr=2.10e-04 | pat=148/200 | 744s
  Epoch  377/1000 | train_loss=41.1018 | val_loss=48.3284 | rel_l2=0.3315 | best=0.3258 | lr=2.09e-04 | pat=149/200 | 746s
  Epoch  378/1000 | train_loss=41.1196 | val_loss=48.3319 | rel_l2=0.3315 | best=0.3258 | lr=2.09e-04 | pat=150/200 | 748s
  Epoch  379/1000 | train_loss=41.0517 | val_loss=48.0339 | rel_l2=0.3305 | best=0.3258 | lr=2.08e-04 | pat=151/200 | 750s
  Epoch  380/1000 | train_loss=41.1628 | val_loss=48.3089 | rel_l2=0.3314 | best=0.3258 | lr=2.08e-04 | pat=152/200 | 752s
  Epoch  381/1000 | train_loss=41.0776 | val_loss=48.2197 | rel_l2=0.3311 | best=0.3258 | lr=2.08e-04 | pat=153/200 | 754s
  Epoch  382/1000 | train_loss=40.9950 | val_loss=47.8498 | rel_l2=0.3298 | best=0.3258 | lr=2.07e-04 | pat=154/200 | 756s
  Epoch  383/1000 | train_loss=41.0951 | val_loss=48.2620 | rel_l2=0.3313 | best=0.3258 | lr=2.07e-04 | pat=155/200 | 758s
  Epoch  384/1000 | train_loss=41.0312 | val_loss=47.5464 | rel_l2=0.3288 | best=0.3258 | lr=2.06e-04 | pat=156/200 | 760s
  Epoch  385/1000 | train_loss=40.9181 | val_loss=47.6043 | rel_l2=0.3290 | best=0.3258 | lr=2.06e-04 | pat=157/200 | 762s
  Epoch  386/1000 | train_loss=40.9340 | val_loss=48.1326 | rel_l2=0.3308 | best=0.3258 | lr=2.05e-04 | pat=158/200 | 763s
  Epoch  387/1000 | train_loss=40.9405 | val_loss=48.3573 | rel_l2=0.3316 | best=0.3258 | lr=2.05e-04 | pat=159/200 | 765s
  Epoch  388/1000 | train_loss=40.9391 | val_loss=47.8912 | rel_l2=0.3300 | best=0.3258 | lr=2.04e-04 | pat=160/200 | 767s
  Epoch  389/1000 | train_loss=40.9240 | val_loss=47.8715 | rel_l2=0.3299 | best=0.3258 | lr=2.04e-04 | pat=161/200 | 769s
  Epoch  390/1000 | train_loss=40.9004 | val_loss=47.2768 | rel_l2=0.3279 | best=0.3258 | lr=2.04e-04 | pat=162/200 | 771s
  Epoch  391/1000 | train_loss=40.9284 | val_loss=48.2568 | rel_l2=0.3312 | best=0.3258 | lr=2.03e-04 | pat=163/200 | 773s
  Epoch  392/1000 | train_loss=40.9969 | val_loss=47.4313 | rel_l2=0.3284 | best=0.3258 | lr=2.03e-04 | pat=164/200 | 775s
  Epoch  393/1000 | train_loss=40.9090 | val_loss=47.5136 | rel_l2=0.3287 | best=0.3258 | lr=2.02e-04 | pat=165/200 | 777s
  Epoch  394/1000 | train_loss=40.9452 | val_loss=48.3155 | rel_l2=0.3314 | best=0.3258 | lr=2.02e-04 | pat=166/200 | 779s
  Epoch  395/1000 | train_loss=40.8730 | val_loss=47.8037 | rel_l2=0.3297 | best=0.3258 | lr=2.01e-04 | pat=167/200 | 781s
  Epoch  396/1000 | train_loss=40.9108 | val_loss=48.2750 | rel_l2=0.3313 | best=0.3258 | lr=2.01e-04 | pat=168/200 | 783s
  Epoch  397/1000 | train_loss=40.9684 | val_loss=48.3165 | rel_l2=0.3314 | best=0.3258 | lr=2.00e-04 | pat=169/200 | 785s
  Epoch  398/1000 | train_loss=40.8748 | val_loss=47.8687 | rel_l2=0.3299 | best=0.3258 | lr=2.00e-04 | pat=170/200 | 787s
  Epoch  399/1000 | train_loss=40.7552 | val_loss=47.7813 | rel_l2=0.3296 | best=0.3258 | lr=2.00e-04 | pat=171/200 | 788s
  Epoch  400/1000 | train_loss=40.9236 | val_loss=48.0303 | rel_l2=0.3305 | best=0.3258 | lr=1.99e-04 | pat=172/200 | 790s
  Epoch  401/1000 | train_loss=40.8104 | val_loss=48.6118 | rel_l2=0.3325 | best=0.3258 | lr=1.99e-04 | pat=173/200 | 792s
  Epoch  402/1000 | train_loss=40.8024 | val_loss=48.5654 | rel_l2=0.3323 | best=0.3258 | lr=1.98e-04 | pat=174/200 | 794s
  Epoch  403/1000 | train_loss=40.8329 | val_loss=47.6376 | rel_l2=0.3291 | best=0.3258 | lr=1.98e-04 | pat=175/200 | 796s
  Epoch  404/1000 | train_loss=40.7225 | val_loss=48.4932 | rel_l2=0.3320 | best=0.3258 | lr=1.97e-04 | pat=176/200 | 798s
  Epoch  405/1000 | train_loss=40.7498 | val_loss=48.7929 | rel_l2=0.3331 | best=0.3258 | lr=1.97e-04 | pat=177/200 | 800s
  Epoch  406/1000 | train_loss=40.7948 | val_loss=48.0026 | rel_l2=0.3304 | best=0.3258 | lr=1.96e-04 | pat=178/200 | 802s
  Epoch  407/1000 | train_loss=40.7736 | val_loss=48.2691 | rel_l2=0.3313 | best=0.3258 | lr=1.96e-04 | pat=179/200 | 804s
  Epoch  408/1000 | train_loss=40.7280 | val_loss=47.6394 | rel_l2=0.3291 | best=0.3258 | lr=1.95e-04 | pat=180/200 | 806s
  Epoch  409/1000 | train_loss=40.7078 | val_loss=48.4132 | rel_l2=0.3318 | best=0.3258 | lr=1.95e-04 | pat=181/200 | 808s
  Epoch  410/1000 | train_loss=40.6461 | val_loss=48.0501 | rel_l2=0.3305 | best=0.3258 | lr=1.95e-04 | pat=182/200 | 810s
  Epoch  411/1000 | train_loss=40.6845 | val_loss=48.4824 | rel_l2=0.3320 | best=0.3258 | lr=1.94e-04 | pat=183/200 | 811s
  Epoch  412/1000 | train_loss=40.6840 | val_loss=48.2214 | rel_l2=0.3311 | best=0.3258 | lr=1.94e-04 | pat=184/200 | 813s
  Epoch  413/1000 | train_loss=40.5994 | val_loss=47.8495 | rel_l2=0.3298 | best=0.3258 | lr=1.93e-04 | pat=185/200 | 815s
  Epoch  414/1000 | train_loss=40.6280 | val_loss=47.5201 | rel_l2=0.3287 | best=0.3258 | lr=1.93e-04 | pat=186/200 | 817s
  Epoch  415/1000 | train_loss=40.5994 | val_loss=48.3796 | rel_l2=0.3317 | best=0.3258 | lr=1.92e-04 | pat=187/200 | 819s
  Epoch  416/1000 | train_loss=40.6306 | val_loss=48.1552 | rel_l2=0.3309 | best=0.3258 | lr=1.92e-04 | pat=188/200 | 821s
  Epoch  417/1000 | train_loss=40.5872 | val_loss=48.3253 | rel_l2=0.3315 | best=0.3258 | lr=1.91e-04 | pat=189/200 | 823s
  Epoch  418/1000 | train_loss=40.6200 | val_loss=48.1909 | rel_l2=0.3310 | best=0.3258 | lr=1.91e-04 | pat=190/200 | 825s
  Epoch  419/1000 | train_loss=40.6494 | val_loss=48.4758 | rel_l2=0.3320 | best=0.3258 | lr=1.90e-04 | pat=191/200 | 827s
  Epoch  420/1000 | train_loss=40.6009 | val_loss=48.1084 | rel_l2=0.3307 | best=0.3258 | lr=1.90e-04 | pat=192/200 | 829s
  Epoch  421/1000 | train_loss=40.5988 | val_loss=48.4886 | rel_l2=0.3320 | best=0.3258 | lr=1.90e-04 | pat=193/200 | 831s
  Epoch  422/1000 | train_loss=40.5148 | val_loss=47.2852 | rel_l2=0.3279 | best=0.3258 | lr=1.89e-04 | pat=194/200 | 833s
  Epoch  423/1000 | train_loss=40.5290 | val_loss=48.3345 | rel_l2=0.3315 | best=0.3258 | lr=1.89e-04 | pat=195/200 | 835s
  Epoch  424/1000 | train_loss=40.4874 | val_loss=48.6553 | rel_l2=0.3326 | best=0.3258 | lr=1.88e-04 | pat=196/200 | 837s
  Epoch  425/1000 | train_loss=40.5394 | val_loss=48.0399 | rel_l2=0.3305 | best=0.3258 | lr=1.88e-04 | pat=197/200 | 839s
  Epoch  426/1000 | train_loss=40.4703 | val_loss=48.0741 | rel_l2=0.3306 | best=0.3258 | lr=1.87e-04 | pat=198/200 | 841s
  Epoch  427/1000 | train_loss=40.5655 | val_loss=48.0272 | rel_l2=0.3304 | best=0.3258 | lr=1.87e-04 | pat=199/200 | 843s
  Epoch  428/1000 | train_loss=40.4632 | val_loss=48.6739 | rel_l2=0.3327 | best=0.3258 | lr=1.86e-04 | pat=200/200 | 844s
  Early stopping at epoch 428 (no improvement for 200 epochs)

Training complete in 845.9s
  val_relative_l2:   0.3311
  train_relative_l2: 0.3160

=== VERIFICATION GATE ===
  WARN: test_relative_l2 = 0.3393 >= 0.05
  FAIL: test_relative_l2 = 0.3393 >= 0.10 (hard fail)
  PASS: no severe overfitting (val/train = 1.20)
  WARN: chi_e relative_l2 = 0.4036 >= 0.10
  WARN: chi_i relative_l2 = 0.3078 >= 0.10
  WARN: D_e relative_l2 = 0.5461 >= 0.10
  PASS: all predictions finite and non-negative

  VERIFICATION FAILED — weights NOT saved.
  Try: --epochs 1000 --lr 1e-4 --hidden-dims 512,256
