=== SCPN Fusion Core — Neural Transport Training (QLKNN-10D) ===
Data:    /workspace/scpn-fusion-core/data/qlknn10d_processed
Output:  /workspace/scpn-fusion-core/weights/neural_transport_qlknn.npz
Arch:    auto -> 256 -> 128 -> 3
Epochs:  1000
LR:      0.0003
Batch:   8192

Data is GB-normalized (raw gyro-Bohm fluxes, no chi_gb multiplication)
Added derived features: ITG excess, TEM excess -> 14D input
  Base input includes Ti_Te (col 10) and Nustar (col 11)

Data loaded: train=(8999959, 14), val=(499997, 14), test=(499999, 14)
Y ranges: chi_e=[0.00, 498.56], chi_i=[0.00, 1058.84], D_e=[0.00, 88.38]

Training on GB-normalized targets (loss in GB space, eval in physical space)
Y train ranges: [0.000, 498.563], [0.000, 1058.839], [0.000, 88.383]

--- Training ---
JAX backend: GPU (cuda:0)
  Output scale (P90): [43.0489933  72.51943665  7.25205994]
  Output bias init: [-1.85643334 -2.03539171 -2.41128238] (target mean: [6.24915201 8.90352912 0.62297083])
  Epoch    0/1000 | train_loss=209.0232 | val_loss=137.5716 | rel_l2=0.5577 | best=0.5577 | lr=3.00e-05 | pat=0/200 | 15s
  Epoch    1/1000 | train_loss=107.7676 | val_loss=85.7376 | rel_l2=0.4399 | best=0.4399 | lr=6.00e-05 | pat=0/200 | 26s
  Epoch    2/1000 | train_loss=76.8198 | val_loss=67.4161 | rel_l2=0.3862 | best=0.3862 | lr=9.00e-05 | pat=0/200 | 36s
  Epoch    3/1000 | train_loss=61.0562 | val_loss=54.0943 | rel_l2=0.3403 | best=0.3403 | lr=1.20e-04 | pat=0/200 | 46s
  Epoch    4/1000 | train_loss=48.0742 | val_loss=42.3669 | rel_l2=0.3028 | best=0.3028 | lr=1.50e-04 | pat=0/200 | 57s
  Epoch    5/1000 | train_loss=38.1535 | val_loss=35.6082 | rel_l2=0.2778 | best=0.2778 | lr=1.80e-04 | pat=0/200 | 67s
  Epoch    6/1000 | train_loss=31.5970 | val_loss=28.4754 | rel_l2=0.2433 | best=0.2433 | lr=2.10e-04 | pat=0/200 | 77s
  Epoch    7/1000 | train_loss=27.0800 | val_loss=25.4078 | rel_l2=0.2279 | best=0.2279 | lr=2.40e-04 | pat=0/200 | 88s
  Epoch    8/1000 | train_loss=23.9501 | val_loss=22.3687 | rel_l2=0.2148 | best=0.2148 | lr=2.70e-04 | pat=0/200 | 98s
  Epoch    9/1000 | train_loss=21.7097 | val_loss=21.5272 | rel_l2=0.2090 | best=0.2090 | lr=3.00e-04 | pat=0/200 | 108s
  Epoch   10/1000 | train_loss=20.1418 | val_loss=19.5869 | rel_l2=0.1990 | best=0.1990 | lr=3.00e-04 | pat=0/200 | 119s
  Epoch   11/1000 | train_loss=18.9530 | val_loss=19.4219 | rel_l2=0.2017 | best=0.1990 | lr=3.00e-04 | pat=1/200 | 129s
  Epoch   12/1000 | train_loss=18.0013 | val_loss=17.6621 | rel_l2=0.1874 | best=0.1874 | lr=3.00e-04 | pat=0/200 | 139s
  Epoch   13/1000 | train_loss=17.2195 | val_loss=17.6940 | rel_l2=0.1890 | best=0.1874 | lr=3.00e-04 | pat=1/200 | 149s
  Epoch   14/1000 | train_loss=16.5721 | val_loss=16.6268 | rel_l2=0.1824 | best=0.1824 | lr=3.00e-04 | pat=0/200 | 159s
  Epoch   15/1000 | train_loss=15.9773 | val_loss=16.3425 | rel_l2=0.1786 | best=0.1786 | lr=3.00e-04 | pat=0/200 | 169s
  Epoch   16/1000 | train_loss=15.5132 | val_loss=15.7866 | rel_l2=0.1765 | best=0.1765 | lr=3.00e-04 | pat=0/200 | 179s
  Epoch   17/1000 | train_loss=15.0507 | val_loss=15.5903 | rel_l2=0.1756 | best=0.1756 | lr=3.00e-04 | pat=0/200 | 190s
  Epoch   18/1000 | train_loss=14.6412 | val_loss=15.4808 | rel_l2=0.1771 | best=0.1756 | lr=3.00e-04 | pat=1/200 | 200s
  Epoch   19/1000 | train_loss=14.3117 | val_loss=14.9826 | rel_l2=0.1730 | best=0.1730 | lr=3.00e-04 | pat=0/200 | 210s
  Epoch   20/1000 | train_loss=13.9801 | val_loss=14.9888 | rel_l2=0.1749 | best=0.1730 | lr=3.00e-04 | pat=1/200 | 220s
  Epoch   21/1000 | train_loss=13.7000 | val_loss=14.3988 | rel_l2=0.1742 | best=0.1730 | lr=3.00e-04 | pat=2/200 | 230s
  Epoch   22/1000 | train_loss=13.4281 | val_loss=14.0774 | rel_l2=0.1665 | best=0.1665 | lr=3.00e-04 | pat=0/200 | 240s
  Epoch   23/1000 | train_loss=13.1774 | val_loss=14.0081 | rel_l2=0.1651 | best=0.1651 | lr=3.00e-04 | pat=0/200 | 250s
  Epoch   24/1000 | train_loss=12.9146 | val_loss=13.5506 | rel_l2=0.1634 | best=0.1634 | lr=3.00e-04 | pat=0/200 | 261s
  Epoch   25/1000 | train_loss=12.6812 | val_loss=13.6579 | rel_l2=0.1651 | best=0.1634 | lr=3.00e-04 | pat=1/200 | 271s
  Epoch   26/1000 | train_loss=12.4993 | val_loss=13.3697 | rel_l2=0.1648 | best=0.1634 | lr=3.00e-04 | pat=2/200 | 281s
  Epoch   27/1000 | train_loss=12.2345 | val_loss=13.3281 | rel_l2=0.1659 | best=0.1634 | lr=3.00e-04 | pat=3/200 | 292s
  Epoch   28/1000 | train_loss=12.0441 | val_loss=12.7146 | rel_l2=0.1593 | best=0.1593 | lr=3.00e-04 | pat=0/200 | 302s
  Epoch   29/1000 | train_loss=11.8430 | val_loss=12.3577 | rel_l2=0.1584 | best=0.1584 | lr=3.00e-04 | pat=0/200 | 312s
  Epoch   30/1000 | train_loss=11.6323 | val_loss=12.2921 | rel_l2=0.1574 | best=0.1574 | lr=3.00e-04 | pat=0/200 | 322s
  Epoch   31/1000 | train_loss=11.4517 | val_loss=11.8563 | rel_l2=0.1546 | best=0.1546 | lr=3.00e-04 | pat=0/200 | 332s
  Epoch   32/1000 | train_loss=11.2393 | val_loss=11.9930 | rel_l2=0.1563 | best=0.1546 | lr=3.00e-04 | pat=1/200 | 343s
  Epoch   33/1000 | train_loss=11.0580 | val_loss=11.3496 | rel_l2=0.1509 | best=0.1509 | lr=3.00e-04 | pat=0/200 | 354s
  Epoch   34/1000 | train_loss=10.8415 | val_loss=11.0646 | rel_l2=0.1491 | best=0.1491 | lr=3.00e-04 | pat=0/200 | 364s
  Epoch   35/1000 | train_loss=10.6837 | val_loss=10.7388 | rel_l2=0.1479 | best=0.1479 | lr=3.00e-04 | pat=0/200 | 375s
  Epoch   36/1000 | train_loss=10.5222 | val_loss=10.6169 | rel_l2=0.1482 | best=0.1479 | lr=2.99e-04 | pat=1/200 | 386s
  Epoch   37/1000 | train_loss=10.3284 | val_loss=10.6139 | rel_l2=0.1472 | best=0.1472 | lr=2.99e-04 | pat=0/200 | 396s
  Epoch   38/1000 | train_loss=10.2051 | val_loss=10.3336 | rel_l2=0.1441 | best=0.1441 | lr=2.99e-04 | pat=0/200 | 407s
  Epoch   39/1000 | train_loss=10.0462 | val_loss=10.6342 | rel_l2=0.1469 | best=0.1441 | lr=2.99e-04 | pat=1/200 | 417s
  Epoch   40/1000 | train_loss=9.9135 | val_loss=10.2172 | rel_l2=0.1463 | best=0.1441 | lr=2.99e-04 | pat=2/200 | 428s
  Epoch   41/1000 | train_loss=9.7920 | val_loss=9.7387 | rel_l2=0.1406 | best=0.1406 | lr=2.99e-04 | pat=0/200 | 438s
  Epoch   42/1000 | train_loss=9.6603 | val_loss=9.6380 | rel_l2=0.1421 | best=0.1406 | lr=2.99e-04 | pat=1/200 | 449s
  Epoch   43/1000 | train_loss=9.5682 | val_loss=9.8298 | rel_l2=0.1435 | best=0.1406 | lr=2.99e-04 | pat=2/200 | 459s
  Epoch   44/1000 | train_loss=9.4870 | val_loss=9.6986 | rel_l2=0.1411 | best=0.1406 | lr=2.99e-04 | pat=3/200 | 470s
  Epoch   45/1000 | train_loss=9.3853 | val_loss=9.3372 | rel_l2=0.1382 | best=0.1382 | lr=2.99e-04 | pat=0/200 | 481s
  Epoch   46/1000 | train_loss=9.3087 | val_loss=9.3436 | rel_l2=0.1381 | best=0.1381 | lr=2.99e-04 | pat=0/200 | 491s
  Epoch   47/1000 | train_loss=9.2109 | val_loss=9.4378 | rel_l2=0.1388 | best=0.1381 | lr=2.99e-04 | pat=1/200 | 502s
  Epoch   48/1000 | train_loss=9.1444 | val_loss=9.1968 | rel_l2=0.1351 | best=0.1351 | lr=2.99e-04 | pat=0/200 | 512s
  Epoch   49/1000 | train_loss=9.0789 | val_loss=9.0842 | rel_l2=0.1365 | best=0.1351 | lr=2.99e-04 | pat=1/200 | 523s
  Epoch   50/1000 | train_loss=9.0273 | val_loss=9.3494 | rel_l2=0.1372 | best=0.1351 | lr=2.99e-04 | pat=2/200 | 533s
  Epoch   51/1000 | train_loss=8.9379 | val_loss=9.4538 | rel_l2=0.1383 | best=0.1351 | lr=2.99e-04 | pat=3/200 | 543s
  Epoch   52/1000 | train_loss=8.8683 | val_loss=9.0108 | rel_l2=0.1365 | best=0.1351 | lr=2.99e-04 | pat=4/200 | 554s
  Epoch   53/1000 | train_loss=8.7915 | val_loss=9.1698 | rel_l2=0.1384 | best=0.1351 | lr=2.99e-04 | pat=5/200 | 564s
  Epoch   54/1000 | train_loss=8.7600 | val_loss=9.0381 | rel_l2=0.1363 | best=0.1351 | lr=2.99e-04 | pat=6/200 | 575s
  Epoch   55/1000 | train_loss=8.6938 | val_loss=8.9474 | rel_l2=0.1387 | best=0.1351 | lr=2.98e-04 | pat=7/200 | 586s
  Epoch   56/1000 | train_loss=8.6509 | val_loss=8.7294 | rel_l2=0.1330 | best=0.1330 | lr=2.98e-04 | pat=0/200 | 596s
  Epoch   57/1000 | train_loss=8.5962 | val_loss=8.5785 | rel_l2=0.1332 | best=0.1330 | lr=2.98e-04 | pat=1/200 | 606s
  Epoch   58/1000 | train_loss=8.5437 | val_loss=8.6997 | rel_l2=0.1325 | best=0.1325 | lr=2.98e-04 | pat=0/200 | 617s
  Epoch   59/1000 | train_loss=8.4925 | val_loss=8.9649 | rel_l2=0.1377 | best=0.1325 | lr=2.98e-04 | pat=1/200 | 627s
  Epoch   60/1000 | train_loss=8.4438 | val_loss=8.6683 | rel_l2=0.1326 | best=0.1325 | lr=2.98e-04 | pat=2/200 | 637s
  Epoch   61/1000 | train_loss=8.4030 | val_loss=8.6968 | rel_l2=0.1348 | best=0.1325 | lr=2.98e-04 | pat=3/200 | 647s
  Epoch   62/1000 | train_loss=8.3666 | val_loss=8.5933 | rel_l2=0.1316 | best=0.1316 | lr=2.98e-04 | pat=0/200 | 657s
  Epoch   63/1000 | train_loss=8.3076 | val_loss=8.5999 | rel_l2=0.1341 | best=0.1316 | lr=2.98e-04 | pat=1/200 | 667s
  Epoch   64/1000 | train_loss=8.2742 | val_loss=8.8808 | rel_l2=0.1365 | best=0.1316 | lr=2.98e-04 | pat=2/200 | 677s
  Epoch   65/1000 | train_loss=8.2363 | val_loss=8.7858 | rel_l2=0.1320 | best=0.1316 | lr=2.98e-04 | pat=3/200 | 687s
  Epoch   66/1000 | train_loss=8.2076 | val_loss=8.4223 | rel_l2=0.1315 | best=0.1315 | lr=2.98e-04 | pat=0/200 | 697s
  Epoch   67/1000 | train_loss=8.1591 | val_loss=8.1852 | rel_l2=0.1281 | best=0.1281 | lr=2.98e-04 | pat=0/200 | 708s
  Epoch   68/1000 | train_loss=8.1266 | val_loss=8.1354 | rel_l2=0.1280 | best=0.1280 | lr=2.97e-04 | pat=0/200 | 718s
  Epoch   69/1000 | train_loss=8.0833 | val_loss=8.3551 | rel_l2=0.1306 | best=0.1280 | lr=2.97e-04 | pat=1/200 | 728s
  Epoch   70/1000 | train_loss=8.0697 | val_loss=8.1685 | rel_l2=0.1299 | best=0.1280 | lr=2.97e-04 | pat=2/200 | 738s
  Epoch   71/1000 | train_loss=8.0319 | val_loss=8.4003 | rel_l2=0.1307 | best=0.1280 | lr=2.97e-04 | pat=3/200 | 748s
  Epoch   72/1000 | train_loss=7.9867 | val_loss=8.0861 | rel_l2=0.1290 | best=0.1280 | lr=2.97e-04 | pat=4/200 | 758s
  Epoch   73/1000 | train_loss=7.9494 | val_loss=8.0016 | rel_l2=0.1283 | best=0.1280 | lr=2.97e-04 | pat=5/200 | 768s
  Epoch   74/1000 | train_loss=7.9415 | val_loss=8.3801 | rel_l2=0.1328 | best=0.1280 | lr=2.97e-04 | pat=6/200 | 778s
  Epoch   75/1000 | train_loss=7.8870 | val_loss=7.8554 | rel_l2=0.1277 | best=0.1277 | lr=2.97e-04 | pat=0/200 | 789s
  Epoch   76/1000 | train_loss=7.8617 | val_loss=8.0410 | rel_l2=0.1286 | best=0.1277 | lr=2.97e-04 | pat=1/200 | 799s
  Epoch   77/1000 | train_loss=7.8403 | val_loss=8.1215 | rel_l2=0.1270 | best=0.1270 | lr=2.97e-04 | pat=0/200 | 809s
  Epoch   78/1000 | train_loss=7.8220 | val_loss=8.1502 | rel_l2=0.1295 | best=0.1270 | lr=2.97e-04 | pat=1/200 | 819s
  Epoch   79/1000 | train_loss=7.7634 | val_loss=7.9220 | rel_l2=0.1271 | best=0.1270 | lr=2.96e-04 | pat=2/200 | 829s
  Epoch   80/1000 | train_loss=7.7428 | val_loss=7.7643 | rel_l2=0.1257 | best=0.1257 | lr=2.96e-04 | pat=0/200 | 839s
  Epoch   81/1000 | train_loss=7.7394 | val_loss=7.8104 | rel_l2=0.1261 | best=0.1257 | lr=2.96e-04 | pat=1/200 | 849s
  Epoch   82/1000 | train_loss=7.7061 | val_loss=7.7376 | rel_l2=0.1259 | best=0.1257 | lr=2.96e-04 | pat=2/200 | 860s
  Epoch   83/1000 | train_loss=7.6648 | val_loss=7.6367 | rel_l2=0.1257 | best=0.1257 | lr=2.96e-04 | pat=0/200 | 870s
  Epoch   84/1000 | train_loss=7.6381 | val_loss=8.5275 | rel_l2=0.1306 | best=0.1257 | lr=2.96e-04 | pat=1/200 | 881s
  Epoch   85/1000 | train_loss=7.6200 | val_loss=7.7022 | rel_l2=0.1241 | best=0.1241 | lr=2.96e-04 | pat=0/200 | 891s
  Epoch   86/1000 | train_loss=7.5973 | val_loss=7.9389 | rel_l2=0.1257 | best=0.1241 | lr=2.96e-04 | pat=1/200 | 902s
  Epoch   87/1000 | train_loss=7.5640 | val_loss=7.7665 | rel_l2=0.1264 | best=0.1241 | lr=2.96e-04 | pat=2/200 | 912s
  Epoch   88/1000 | train_loss=7.5574 | val_loss=7.5630 | rel_l2=0.1249 | best=0.1241 | lr=2.95e-04 | pat=3/200 | 922s
  Epoch   89/1000 | train_loss=7.5301 | val_loss=8.2369 | rel_l2=0.1328 | best=0.1241 | lr=2.95e-04 | pat=4/200 | 932s
  Epoch   90/1000 | train_loss=7.4911 | val_loss=7.6626 | rel_l2=0.1278 | best=0.1241 | lr=2.95e-04 | pat=5/200 | 943s
  Epoch   91/1000 | train_loss=7.4681 | val_loss=7.7623 | rel_l2=0.1265 | best=0.1241 | lr=2.95e-04 | pat=6/200 | 954s
  Epoch   92/1000 | train_loss=7.4687 | val_loss=7.8826 | rel_l2=0.1261 | best=0.1241 | lr=2.95e-04 | pat=7/200 | 964s
  Epoch   93/1000 | train_loss=7.4397 | val_loss=7.5789 | rel_l2=0.1234 | best=0.1234 | lr=2.95e-04 | pat=0/200 | 975s
  Epoch   94/1000 | train_loss=7.4327 | val_loss=7.8467 | rel_l2=0.1278 | best=0.1234 | lr=2.95e-04 | pat=1/200 | 985s
  Epoch   95/1000 | train_loss=7.3929 | val_loss=7.5573 | rel_l2=0.1216 | best=0.1216 | lr=2.95e-04 | pat=0/200 | 995s
  Epoch   96/1000 | train_loss=7.3716 | val_loss=7.5183 | rel_l2=0.1237 | best=0.1216 | lr=2.94e-04 | pat=1/200 | 1006s
  Epoch   97/1000 | train_loss=7.3603 | val_loss=7.7502 | rel_l2=0.1248 | best=0.1216 | lr=2.94e-04 | pat=2/200 | 1016s
  Epoch   98/1000 | train_loss=7.3523 | val_loss=7.4411 | rel_l2=0.1225 | best=0.1216 | lr=2.94e-04 | pat=3/200 | 1027s
  Epoch   99/1000 | train_loss=7.3202 | val_loss=7.5329 | rel_l2=0.1247 | best=0.1216 | lr=2.94e-04 | pat=4/200 | 1037s
  Epoch  100/1000 | train_loss=7.3039 | val_loss=7.3479 | rel_l2=0.1227 | best=0.1216 | lr=2.94e-04 | pat=5/200 | 1048s
  Epoch  101/1000 | train_loss=7.2884 | val_loss=7.4003 | rel_l2=0.1233 | best=0.1216 | lr=2.94e-04 | pat=6/200 | 1058s
  Epoch  102/1000 | train_loss=7.2686 | val_loss=7.6826 | rel_l2=0.1237 | best=0.1216 | lr=2.94e-04 | pat=7/200 | 1069s
  Epoch  103/1000 | train_loss=7.2547 | val_loss=7.7150 | rel_l2=0.1242 | best=0.1216 | lr=2.94e-04 | pat=8/200 | 1079s
  Epoch  104/1000 | train_loss=7.2357 | val_loss=7.5522 | rel_l2=0.1228 | best=0.1216 | lr=2.93e-04 | pat=9/200 | 1089s
  Epoch  105/1000 | train_loss=7.2121 | val_loss=7.3732 | rel_l2=0.1228 | best=0.1216 | lr=2.93e-04 | pat=10/200 | 1100s
  Epoch  106/1000 | train_loss=7.2085 | val_loss=7.2713 | rel_l2=0.1212 | best=0.1212 | lr=2.93e-04 | pat=0/200 | 1110s
  Epoch  107/1000 | train_loss=7.1527 | val_loss=7.4506 | rel_l2=0.1235 | best=0.1212 | lr=2.93e-04 | pat=1/200 | 1121s
  Epoch  108/1000 | train_loss=7.1566 | val_loss=7.2315 | rel_l2=0.1238 | best=0.1212 | lr=2.93e-04 | pat=2/200 | 1131s
  Epoch  109/1000 | train_loss=7.1524 | val_loss=7.5676 | rel_l2=0.1231 | best=0.1212 | lr=2.93e-04 | pat=3/200 | 1141s
  Epoch  110/1000 | train_loss=7.1362 | val_loss=7.3261 | rel_l2=0.1223 | best=0.1212 | lr=2.93e-04 | pat=4/200 | 1152s
  Epoch  111/1000 | train_loss=7.0995 | val_loss=7.4507 | rel_l2=0.1235 | best=0.1212 | lr=2.92e-04 | pat=5/200 | 1162s
  Epoch  112/1000 | train_loss=7.0987 | val_loss=7.1834 | rel_l2=0.1218 | best=0.1212 | lr=2.92e-04 | pat=6/200 | 1173s
  Epoch  113/1000 | train_loss=7.0612 | val_loss=7.2410 | rel_l2=0.1214 | best=0.1212 | lr=2.92e-04 | pat=7/200 | 1183s
  Epoch  114/1000 | train_loss=7.0752 | val_loss=7.6316 | rel_l2=0.1254 | best=0.1212 | lr=2.92e-04 | pat=8/200 | 1193s
  Epoch  115/1000 | train_loss=7.0495 | val_loss=7.1902 | rel_l2=0.1223 | best=0.1212 | lr=2.92e-04 | pat=9/200 | 1205s
  Epoch  116/1000 | train_loss=7.0422 | val_loss=7.3891 | rel_l2=0.1209 | best=0.1209 | lr=2.92e-04 | pat=0/200 | 1216s
  Epoch  117/1000 | train_loss=7.0291 | val_loss=7.0926 | rel_l2=0.1195 | best=0.1195 | lr=2.91e-04 | pat=0/200 | 1226s
  Epoch  118/1000 | train_loss=7.0101 | val_loss=7.3419 | rel_l2=0.1211 | best=0.1195 | lr=2.91e-04 | pat=1/200 | 1236s
  Epoch  119/1000 | train_loss=6.9933 | val_loss=7.3506 | rel_l2=0.1216 | best=0.1195 | lr=2.91e-04 | pat=2/200 | 1247s
  Epoch  120/1000 | train_loss=6.9917 | val_loss=7.4417 | rel_l2=0.1211 | best=0.1195 | lr=2.91e-04 | pat=3/200 | 1257s
  Epoch  121/1000 | train_loss=6.9597 | val_loss=7.3837 | rel_l2=0.1232 | best=0.1195 | lr=2.91e-04 | pat=4/200 | 1268s
  Epoch  122/1000 | train_loss=6.9517 | val_loss=7.3039 | rel_l2=0.1227 | best=0.1195 | lr=2.91e-04 | pat=5/200 | 1278s
  Epoch  123/1000 | train_loss=6.9441 | val_loss=7.2267 | rel_l2=0.1241 | best=0.1195 | lr=2.90e-04 | pat=6/200 | 1289s
  Epoch  124/1000 | train_loss=6.9308 | val_loss=7.1950 | rel_l2=0.1216 | best=0.1195 | lr=2.90e-04 | pat=7/200 | 1299s
  Epoch  125/1000 | train_loss=6.9096 | val_loss=7.1714 | rel_l2=0.1215 | best=0.1195 | lr=2.90e-04 | pat=8/200 | 1310s
  Epoch  126/1000 | train_loss=6.9054 | val_loss=7.0129 | rel_l2=0.1219 | best=0.1195 | lr=2.90e-04 | pat=9/200 | 1320s
  Epoch  127/1000 | train_loss=6.8708 | val_loss=6.8564 | rel_l2=0.1188 | best=0.1188 | lr=2.90e-04 | pat=0/200 | 1330s
  Epoch  128/1000 | train_loss=6.8838 | val_loss=7.2537 | rel_l2=0.1216 | best=0.1188 | lr=2.90e-04 | pat=1/200 | 1341s
  Epoch  129/1000 | train_loss=6.8604 | val_loss=7.3926 | rel_l2=0.1234 | best=0.1188 | lr=2.89e-04 | pat=2/200 | 1352s
  Epoch  130/1000 | train_loss=6.8426 | val_loss=7.1600 | rel_l2=0.1229 | best=0.1188 | lr=2.89e-04 | pat=3/200 | 1362s
  Epoch  131/1000 | train_loss=6.8196 | val_loss=7.1955 | rel_l2=0.1217 | best=0.1188 | lr=2.89e-04 | pat=4/200 | 1372s
  Epoch  132/1000 | train_loss=6.8292 | val_loss=7.2444 | rel_l2=0.1208 | best=0.1188 | lr=2.89e-04 | pat=5/200 | 1383s
  Epoch  133/1000 | train_loss=6.8013 | val_loss=7.0411 | rel_l2=0.1217 | best=0.1188 | lr=2.89e-04 | pat=6/200 | 1393s
  Epoch  134/1000 | train_loss=6.7893 | val_loss=7.2099 | rel_l2=0.1198 | best=0.1188 | lr=2.89e-04 | pat=7/200 | 1403s
  Epoch  135/1000 | train_loss=6.7864 | val_loss=7.3283 | rel_l2=0.1219 | best=0.1188 | lr=2.88e-04 | pat=8/200 | 1413s
  Epoch  136/1000 | train_loss=6.7581 | val_loss=7.1037 | rel_l2=0.1199 | best=0.1188 | lr=2.88e-04 | pat=9/200 | 1423s
  Epoch  137/1000 | train_loss=6.7548 | val_loss=6.9524 | rel_l2=0.1212 | best=0.1188 | lr=2.88e-04 | pat=10/200 | 1434s
  Epoch  138/1000 | train_loss=6.7448 | val_loss=6.9405 | rel_l2=0.1184 | best=0.1184 | lr=2.88e-04 | pat=0/200 | 1444s
  Epoch  139/1000 | train_loss=6.7483 | val_loss=7.0633 | rel_l2=0.1206 | best=0.1184 | lr=2.88e-04 | pat=1/200 | 1454s
  Epoch  140/1000 | train_loss=6.7461 | val_loss=7.2436 | rel_l2=0.1237 | best=0.1184 | lr=2.87e-04 | pat=2/200 | 1464s
  Epoch  141/1000 | train_loss=6.7259 | val_loss=7.0774 | rel_l2=0.1222 | best=0.1184 | lr=2.87e-04 | pat=3/200 | 1474s
  Epoch  142/1000 | train_loss=6.7077 | val_loss=7.3784 | rel_l2=0.1202 | best=0.1184 | lr=2.87e-04 | pat=4/200 | 1484s
  Epoch  143/1000 | train_loss=6.7041 | val_loss=6.7362 | rel_l2=0.1165 | best=0.1165 | lr=2.87e-04 | pat=0/200 | 1494s
  Epoch  144/1000 | train_loss=6.6900 | val_loss=7.2310 | rel_l2=0.1222 | best=0.1165 | lr=2.87e-04 | pat=1/200 | 1505s
  Epoch  145/1000 | train_loss=6.6958 | val_loss=7.0739 | rel_l2=0.1188 | best=0.1165 | lr=2.86e-04 | pat=2/200 | 1515s
  Epoch  146/1000 | train_loss=6.6689 | val_loss=6.9525 | rel_l2=0.1203 | best=0.1165 | lr=2.86e-04 | pat=3/200 | 1525s
  Epoch  147/1000 | train_loss=6.6565 | val_loss=6.9510 | rel_l2=0.1197 | best=0.1165 | lr=2.86e-04 | pat=4/200 | 1535s
  Epoch  148/1000 | train_loss=6.6598 | val_loss=6.8970 | rel_l2=0.1161 | best=0.1161 | lr=2.86e-04 | pat=0/200 | 1546s
  Epoch  149/1000 | train_loss=6.6379 | val_loss=7.0567 | rel_l2=0.1184 | best=0.1161 | lr=2.86e-04 | pat=1/200 | 1556s
  Epoch  150/1000 | train_loss=6.6237 | val_loss=6.8645 | rel_l2=0.1195 | best=0.1161 | lr=2.85e-04 | pat=2/200 | 1566s
  Epoch  151/1000 | train_loss=6.6255 | val_loss=6.9893 | rel_l2=0.1189 | best=0.1161 | lr=2.85e-04 | pat=3/200 | 1576s
  Epoch  152/1000 | train_loss=6.6089 | val_loss=6.7594 | rel_l2=0.1187 | best=0.1161 | lr=2.85e-04 | pat=4/200 | 1586s
  Epoch  153/1000 | train_loss=6.5964 | val_loss=6.6953 | rel_l2=0.1198 | best=0.1161 | lr=2.85e-04 | pat=5/200 | 1596s
  Epoch  154/1000 | train_loss=6.5960 | val_loss=6.7022 | rel_l2=0.1169 | best=0.1161 | lr=2.85e-04 | pat=6/200 | 1607s
  Epoch  155/1000 | train_loss=6.6015 | val_loss=6.7963 | rel_l2=0.1194 | best=0.1161 | lr=2.84e-04 | pat=7/200 | 1618s
  Epoch  156/1000 | train_loss=6.5979 | val_loss=6.8871 | rel_l2=0.1212 | best=0.1161 | lr=2.84e-04 | pat=8/200 | 1628s
  Epoch  157/1000 | train_loss=6.5697 | val_loss=6.8774 | rel_l2=0.1206 | best=0.1161 | lr=2.84e-04 | pat=9/200 | 1639s
  Epoch  158/1000 | train_loss=6.5640 | val_loss=6.9603 | rel_l2=0.1187 | best=0.1161 | lr=2.84e-04 | pat=10/200 | 1649s
  Epoch  159/1000 | train_loss=6.5663 | val_loss=6.6544 | rel_l2=0.1177 | best=0.1161 | lr=2.84e-04 | pat=11/200 | 1660s
  Epoch  160/1000 | train_loss=6.5452 | val_loss=6.7561 | rel_l2=0.1170 | best=0.1161 | lr=2.83e-04 | pat=12/200 | 1670s
  Epoch  161/1000 | train_loss=6.5489 | val_loss=6.8055 | rel_l2=0.1206 | best=0.1161 | lr=2.83e-04 | pat=13/200 | 1680s
  Epoch  162/1000 | train_loss=6.5450 | val_loss=6.7088 | rel_l2=0.1172 | best=0.1161 | lr=2.83e-04 | pat=14/200 | 1691s
  Epoch  163/1000 | train_loss=6.5189 | val_loss=6.7498 | rel_l2=0.1189 | best=0.1161 | lr=2.83e-04 | pat=15/200 | 1701s
  Epoch  164/1000 | train_loss=6.5206 | val_loss=6.7298 | rel_l2=0.1181 | best=0.1161 | lr=2.82e-04 | pat=16/200 | 1712s
  Epoch  165/1000 | train_loss=6.4988 | val_loss=6.8628 | rel_l2=0.1184 | best=0.1161 | lr=2.82e-04 | pat=17/200 | 1723s
  Epoch  166/1000 | train_loss=6.4995 | val_loss=6.7122 | rel_l2=0.1168 | best=0.1161 | lr=2.82e-04 | pat=18/200 | 1733s
  Epoch  167/1000 | train_loss=6.4957 | val_loss=6.8493 | rel_l2=0.1205 | best=0.1161 | lr=2.82e-04 | pat=19/200 | 1744s
  Epoch  168/1000 | train_loss=6.5058 | val_loss=6.8584 | rel_l2=0.1178 | best=0.1161 | lr=2.82e-04 | pat=20/200 | 1754s
  Epoch  169/1000 | train_loss=6.4749 | val_loss=6.5979 | rel_l2=0.1173 | best=0.1161 | lr=2.81e-04 | pat=21/200 | 1765s
  Epoch  170/1000 | train_loss=6.4705 | val_loss=6.7350 | rel_l2=0.1169 | best=0.1161 | lr=2.81e-04 | pat=22/200 | 1776s
  Epoch  171/1000 | train_loss=6.4716 | val_loss=6.9054 | rel_l2=0.1220 | best=0.1161 | lr=2.81e-04 | pat=23/200 | 1786s
  Epoch  172/1000 | train_loss=6.4613 | val_loss=6.9091 | rel_l2=0.1182 | best=0.1161 | lr=2.81e-04 | pat=24/200 | 1796s
  Epoch  173/1000 | train_loss=6.4663 | val_loss=6.8367 | rel_l2=0.1195 | best=0.1161 | lr=2.80e-04 | pat=25/200 | 1807s
  Epoch  174/1000 | train_loss=6.4486 | val_loss=6.7481 | rel_l2=0.1179 | best=0.1161 | lr=2.80e-04 | pat=26/200 | 1817s
  Epoch  175/1000 | train_loss=6.4447 | val_loss=6.9276 | rel_l2=0.1201 | best=0.1161 | lr=2.80e-04 | pat=27/200 | 1827s
  Epoch  176/1000 | train_loss=6.4294 | val_loss=6.7053 | rel_l2=0.1187 | best=0.1161 | lr=2.80e-04 | pat=28/200 | 1838s
  Epoch  177/1000 | train_loss=6.3996 | val_loss=6.7233 | rel_l2=0.1192 | best=0.1161 | lr=2.79e-04 | pat=29/200 | 1848s
  Epoch  178/1000 | train_loss=6.4212 | val_loss=6.6336 | rel_l2=0.1171 | best=0.1161 | lr=2.79e-04 | pat=30/200 | 1859s
  Epoch  179/1000 | train_loss=6.4027 | val_loss=7.0616 | rel_l2=0.1192 | best=0.1161 | lr=2.79e-04 | pat=31/200 | 1870s
  Epoch  180/1000 | train_loss=6.4147 | val_loss=6.5785 | rel_l2=0.1155 | best=0.1155 | lr=2.79e-04 | pat=0/200 | 1880s
  Epoch  181/1000 | train_loss=6.3899 | val_loss=6.5613 | rel_l2=0.1173 | best=0.1155 | lr=2.78e-04 | pat=1/200 | 1890s
  Epoch  182/1000 | train_loss=6.3789 | val_loss=6.9266 | rel_l2=0.1203 | best=0.1155 | lr=2.78e-04 | pat=2/200 | 1901s
  Epoch  183/1000 | train_loss=6.3887 | val_loss=6.6904 | rel_l2=0.1165 | best=0.1155 | lr=2.78e-04 | pat=3/200 | 1911s
  Epoch  184/1000 | train_loss=6.3733 | val_loss=7.1360 | rel_l2=0.1198 | best=0.1155 | lr=2.78e-04 | pat=4/200 | 1921s
  Epoch  185/1000 | train_loss=6.3580 | val_loss=6.5882 | rel_l2=0.1155 | best=0.1155 | lr=2.77e-04 | pat=0/200 | 1932s
  Epoch  186/1000 | train_loss=6.3621 | val_loss=6.8080 | rel_l2=0.1183 | best=0.1155 | lr=2.77e-04 | pat=1/200 | 1943s
  Epoch  187/1000 | train_loss=6.3489 | val_loss=6.7097 | rel_l2=0.1188 | best=0.1155 | lr=2.77e-04 | pat=2/200 | 1953s
  Epoch  188/1000 | train_loss=6.3501 | val_loss=6.5667 | rel_l2=0.1160 | best=0.1155 | lr=2.77e-04 | pat=3/200 | 1964s
  Epoch  189/1000 | train_loss=6.3539 | val_loss=6.7427 | rel_l2=0.1186 | best=0.1155 | lr=2.76e-04 | pat=4/200 | 1975s
  Epoch  190/1000 | train_loss=6.3374 | val_loss=6.5451 | rel_l2=0.1182 | best=0.1155 | lr=2.76e-04 | pat=5/200 | 1986s
  Epoch  191/1000 | train_loss=6.3255 | val_loss=6.5824 | rel_l2=0.1178 | best=0.1155 | lr=2.76e-04 | pat=6/200 | 1996s
  Epoch  192/1000 | train_loss=6.3142 | val_loss=6.5084 | rel_l2=0.1168 | best=0.1155 | lr=2.76e-04 | pat=7/200 | 2006s
  Epoch  193/1000 | train_loss=6.3092 | val_loss=6.5127 | rel_l2=0.1180 | best=0.1155 | lr=2.75e-04 | pat=8/200 | 2016s
  Epoch  194/1000 | train_loss=6.3079 | val_loss=6.5843 | rel_l2=0.1193 | best=0.1155 | lr=2.75e-04 | pat=9/200 | 2027s
  Epoch  195/1000 | train_loss=6.3151 | val_loss=6.6019 | rel_l2=0.1183 | best=0.1155 | lr=2.75e-04 | pat=10/200 | 2037s
  Epoch  196/1000 | train_loss=6.2969 | val_loss=6.7471 | rel_l2=0.1193 | best=0.1155 | lr=2.75e-04 | pat=11/200 | 2047s
  Epoch  197/1000 | train_loss=6.2982 | val_loss=6.4922 | rel_l2=0.1160 | best=0.1155 | lr=2.74e-04 | pat=12/200 | 2057s
  Epoch  198/1000 | train_loss=6.2873 | val_loss=6.5204 | rel_l2=0.1173 | best=0.1155 | lr=2.74e-04 | pat=13/200 | 2067s
  Epoch  199/1000 | train_loss=6.2814 | val_loss=6.5245 | rel_l2=0.1164 | best=0.1155 | lr=2.74e-04 | pat=14/200 | 2077s
  Epoch  200/1000 | train_loss=6.2856 | val_loss=6.6327 | rel_l2=0.1173 | best=0.1155 | lr=2.74e-04 | pat=15/200 | 2088s
  Epoch  201/1000 | train_loss=6.2712 | val_loss=6.4870 | rel_l2=0.1168 | best=0.1155 | lr=2.73e-04 | pat=16/200 | 2098s
  Epoch  202/1000 | train_loss=6.2593 | val_loss=6.6234 | rel_l2=0.1152 | best=0.1152 | lr=2.73e-04 | pat=0/200 | 2108s
  Epoch  203/1000 | train_loss=6.2612 | val_loss=6.4951 | rel_l2=0.1192 | best=0.1152 | lr=2.73e-04 | pat=1/200 | 2118s
  Epoch  204/1000 | train_loss=6.2567 | val_loss=6.3879 | rel_l2=0.1154 | best=0.1152 | lr=2.72e-04 | pat=2/200 | 2129s
  Epoch  205/1000 | train_loss=6.2398 | val_loss=6.8024 | rel_l2=0.1168 | best=0.1152 | lr=2.72e-04 | pat=3/200 | 2139s
  Epoch  206/1000 | train_loss=6.2274 | val_loss=6.4874 | rel_l2=0.1156 | best=0.1152 | lr=2.72e-04 | pat=4/200 | 2149s
  Epoch  207/1000 | train_loss=6.2314 | val_loss=6.3209 | rel_l2=0.1149 | best=0.1149 | lr=2.72e-04 | pat=0/200 | 2159s
  Epoch  208/1000 | train_loss=6.2200 | val_loss=6.7864 | rel_l2=0.1197 | best=0.1149 | lr=2.71e-04 | pat=1/200 | 2169s
  Epoch  209/1000 | train_loss=6.2199 | val_loss=6.4513 | rel_l2=0.1158 | best=0.1149 | lr=2.71e-04 | pat=2/200 | 2180s
  Epoch  210/1000 | train_loss=6.2101 | val_loss=6.3421 | rel_l2=0.1178 | best=0.1149 | lr=2.71e-04 | pat=3/200 | 2190s
  Epoch  211/1000 | train_loss=6.2134 | val_loss=6.5984 | rel_l2=0.1167 | best=0.1149 | lr=2.71e-04 | pat=4/200 | 2200s
  Epoch  212/1000 | train_loss=6.2008 | val_loss=6.6012 | rel_l2=0.1181 | best=0.1149 | lr=2.70e-04 | pat=5/200 | 2211s
  Epoch  213/1000 | train_loss=6.1979 | val_loss=6.5989 | rel_l2=0.1176 | best=0.1149 | lr=2.70e-04 | pat=6/200 | 2221s
  Epoch  214/1000 | train_loss=6.1954 | val_loss=6.4460 | rel_l2=0.1182 | best=0.1149 | lr=2.70e-04 | pat=7/200 | 2231s
  Epoch  215/1000 | train_loss=6.1856 | val_loss=6.4206 | rel_l2=0.1170 | best=0.1149 | lr=2.69e-04 | pat=8/200 | 2241s
  Epoch  216/1000 | train_loss=6.1834 | val_loss=6.4227 | rel_l2=0.1152 | best=0.1149 | lr=2.69e-04 | pat=9/200 | 2251s
  Epoch  217/1000 | train_loss=6.1732 | val_loss=6.4261 | rel_l2=0.1168 | best=0.1149 | lr=2.69e-04 | pat=10/200 | 2262s
  Epoch  218/1000 | train_loss=6.1646 | val_loss=6.3375 | rel_l2=0.1162 | best=0.1149 | lr=2.68e-04 | pat=11/200 | 2272s
  Epoch  219/1000 | train_loss=6.1593 | val_loss=6.3634 | rel_l2=0.1168 | best=0.1149 | lr=2.68e-04 | pat=12/200 | 2282s
  Epoch  220/1000 | train_loss=6.1599 | val_loss=6.5237 | rel_l2=0.1152 | best=0.1149 | lr=2.68e-04 | pat=13/200 | 2292s
  Epoch  221/1000 | train_loss=6.1508 | val_loss=6.6515 | rel_l2=0.1212 | best=0.1149 | lr=2.68e-04 | pat=14/200 | 2302s
  Epoch  222/1000 | train_loss=6.1319 | val_loss=6.5264 | rel_l2=0.1162 | best=0.1149 | lr=2.67e-04 | pat=15/200 | 2312s
  Epoch  223/1000 | train_loss=6.1404 | val_loss=6.4444 | rel_l2=0.1157 | best=0.1149 | lr=2.67e-04 | pat=16/200 | 2322s
  Epoch  224/1000 | train_loss=6.1511 | val_loss=6.7377 | rel_l2=0.1183 | best=0.1149 | lr=2.67e-04 | pat=17/200 | 2332s
  Epoch  225/1000 | train_loss=6.1275 | val_loss=6.4422 | rel_l2=0.1166 | best=0.1149 | lr=2.66e-04 | pat=18/200 | 2342s
  Epoch  226/1000 | train_loss=6.1106 | val_loss=6.4418 | rel_l2=0.1155 | best=0.1149 | lr=2.66e-04 | pat=19/200 | 2352s
  Epoch  227/1000 | train_loss=6.1201 | val_loss=6.5700 | rel_l2=0.1182 | best=0.1149 | lr=2.66e-04 | pat=20/200 | 2362s
  Epoch  228/1000 | train_loss=6.1172 | val_loss=6.5955 | rel_l2=0.1178 | best=0.1149 | lr=2.66e-04 | pat=21/200 | 2372s
  Epoch  229/1000 | train_loss=6.1152 | val_loss=6.5252 | rel_l2=0.1192 | best=0.1149 | lr=2.65e-04 | pat=22/200 | 2382s
  Epoch  230/1000 | train_loss=6.0999 | val_loss=6.3710 | rel_l2=0.1131 | best=0.1131 | lr=2.65e-04 | pat=0/200 | 2393s
  Epoch  231/1000 | train_loss=6.0948 | val_loss=6.2712 | rel_l2=0.1149 | best=0.1131 | lr=2.65e-04 | pat=1/200 | 2403s
  Epoch  232/1000 | train_loss=6.1059 | val_loss=6.4613 | rel_l2=0.1167 | best=0.1131 | lr=2.64e-04 | pat=2/200 | 2413s
  Epoch  233/1000 | train_loss=6.0866 | val_loss=6.2695 | rel_l2=0.1127 | best=0.1127 | lr=2.64e-04 | pat=0/200 | 2423s
  Epoch  234/1000 | train_loss=6.0841 | val_loss=6.3586 | rel_l2=0.1148 | best=0.1127 | lr=2.64e-04 | pat=1/200 | 2433s
  Epoch  235/1000 | train_loss=6.0868 | val_loss=6.5628 | rel_l2=0.1183 | best=0.1127 | lr=2.63e-04 | pat=2/200 | 2443s
  Epoch  236/1000 | train_loss=6.0848 | val_loss=6.3991 | rel_l2=0.1170 | best=0.1127 | lr=2.63e-04 | pat=3/200 | 2453s
  Epoch  237/1000 | train_loss=6.0709 | val_loss=6.2082 | rel_l2=0.1139 | best=0.1127 | lr=2.63e-04 | pat=4/200 | 2464s
  Epoch  238/1000 | train_loss=6.0662 | val_loss=6.2832 | rel_l2=0.1130 | best=0.1127 | lr=2.62e-04 | pat=5/200 | 2474s
  Epoch  239/1000 | train_loss=6.0781 | val_loss=6.2620 | rel_l2=0.1146 | best=0.1127 | lr=2.62e-04 | pat=6/200 | 2484s
  Epoch  240/1000 | train_loss=6.0681 | val_loss=6.3901 | rel_l2=0.1134 | best=0.1127 | lr=2.62e-04 | pat=7/200 | 2494s
  Epoch  241/1000 | train_loss=6.0581 | val_loss=6.3374 | rel_l2=0.1159 | best=0.1127 | lr=2.61e-04 | pat=8/200 | 2504s
  Epoch  242/1000 | train_loss=6.0502 | val_loss=6.2768 | rel_l2=0.1142 | best=0.1127 | lr=2.61e-04 | pat=9/200 | 2514s
  Epoch  243/1000 | train_loss=6.0347 | val_loss=6.3302 | rel_l2=0.1127 | best=0.1127 | lr=2.61e-04 | pat=0/200 | 2524s
  Epoch  244/1000 | train_loss=6.0392 | val_loss=6.1952 | rel_l2=0.1144 | best=0.1127 | lr=2.61e-04 | pat=1/200 | 2534s
  Epoch  245/1000 | train_loss=6.0339 | val_loss=6.3345 | rel_l2=0.1149 | best=0.1127 | lr=2.60e-04 | pat=2/200 | 2544s
  Epoch  246/1000 | train_loss=6.0302 | val_loss=6.4083 | rel_l2=0.1183 | best=0.1127 | lr=2.60e-04 | pat=3/200 | 2553s
  Epoch  247/1000 | train_loss=6.0337 | val_loss=6.5077 | rel_l2=0.1155 | best=0.1127 | lr=2.60e-04 | pat=4/200 | 2563s
  Epoch  248/1000 | train_loss=6.0169 | val_loss=6.4101 | rel_l2=0.1158 | best=0.1127 | lr=2.59e-04 | pat=5/200 | 2573s
  Epoch  249/1000 | train_loss=6.0272 | val_loss=6.2445 | rel_l2=0.1138 | best=0.1127 | lr=2.59e-04 | pat=6/200 | 2583s
  Epoch  250/1000 | train_loss=6.0073 | val_loss=6.1013 | rel_l2=0.1132 | best=0.1127 | lr=2.59e-04 | pat=7/200 | 2593s
  Epoch  251/1000 | train_loss=6.0084 | val_loss=6.5450 | rel_l2=0.1168 | best=0.1127 | lr=2.58e-04 | pat=8/200 | 2602s
  Epoch  252/1000 | train_loss=6.0122 | val_loss=6.3944 | rel_l2=0.1180 | best=0.1127 | lr=2.58e-04 | pat=9/200 | 2613s
  Epoch  253/1000 | train_loss=5.9933 | val_loss=6.3637 | rel_l2=0.1159 | best=0.1127 | lr=2.58e-04 | pat=10/200 | 2623s
  Epoch  254/1000 | train_loss=6.0144 | val_loss=6.4021 | rel_l2=0.1144 | best=0.1127 | lr=2.57e-04 | pat=11/200 | 2633s
  Epoch  255/1000 | train_loss=6.0008 | val_loss=6.3545 | rel_l2=0.1130 | best=0.1127 | lr=2.57e-04 | pat=12/200 | 2643s
  Epoch  256/1000 | train_loss=5.9827 | val_loss=6.2126 | rel_l2=0.1124 | best=0.1124 | lr=2.57e-04 | pat=0/200 | 2654s
  Epoch  257/1000 | train_loss=5.9799 | val_loss=6.2091 | rel_l2=0.1147 | best=0.1124 | lr=2.56e-04 | pat=1/200 | 2664s
  Epoch  258/1000 | train_loss=5.9755 | val_loss=6.4120 | rel_l2=0.1154 | best=0.1124 | lr=2.56e-04 | pat=2/200 | 2674s
  Epoch  259/1000 | train_loss=5.9718 | val_loss=6.2295 | rel_l2=0.1138 | best=0.1124 | lr=2.56e-04 | pat=3/200 | 2684s
  Epoch  260/1000 | train_loss=5.9679 | val_loss=6.1009 | rel_l2=0.1120 | best=0.1120 | lr=2.55e-04 | pat=0/200 | 2694s
  Epoch  261/1000 | train_loss=5.9570 | val_loss=6.4107 | rel_l2=0.1149 | best=0.1120 | lr=2.55e-04 | pat=1/200 | 2705s
  Epoch  262/1000 | train_loss=5.9558 | val_loss=6.3260 | rel_l2=0.1153 | best=0.1120 | lr=2.55e-04 | pat=2/200 | 2715s
  Epoch  263/1000 | train_loss=5.9587 | val_loss=6.4642 | rel_l2=0.1160 | best=0.1120 | lr=2.54e-04 | pat=3/200 | 2726s
  Epoch  264/1000 | train_loss=5.9586 | val_loss=6.4769 | rel_l2=0.1179 | best=0.1120 | lr=2.54e-04 | pat=4/200 | 2736s
  Epoch  265/1000 | train_loss=5.9401 | val_loss=6.4122 | rel_l2=0.1163 | best=0.1120 | lr=2.54e-04 | pat=5/200 | 2746s
  Epoch  266/1000 | train_loss=5.9373 | val_loss=6.2304 | rel_l2=0.1139 | best=0.1120 | lr=2.53e-04 | pat=6/200 | 2757s
  Epoch  267/1000 | train_loss=5.9311 | val_loss=6.4183 | rel_l2=0.1175 | best=0.1120 | lr=2.53e-04 | pat=7/200 | 2767s
  Epoch  268/1000 | train_loss=5.9306 | val_loss=6.3062 | rel_l2=0.1132 | best=0.1120 | lr=2.52e-04 | pat=8/200 | 2778s
