=== SCPN Fusion Core — Neural Transport Training (QLKNN-10D) ===
Data:    /workspace/scpn-fusion-core/data/qlknn10d_processed
Output:  /workspace/scpn-fusion-core/weights/neural_transport_qlknn.npz
Arch:    auto -> 512 -> 256 -> 128 -> 3
Epochs:  1000
LR:      0.0003
Batch:   8192

Data is GB-normalized (raw gyro-Bohm fluxes, no chi_gb multiplication)
Added derived features: ITG excess, TEM excess -> 14D input
  Base input includes Ti_Te (col 10) and Nustar (col 11)

Data loaded: train=(8999959, 14), val=(499997, 14), test=(499999, 14)
Y ranges: chi_e=[0.00, 498.56], chi_i=[0.00, 1058.84], D_e=[0.00, 88.38]

Training on GB-normalized targets (loss in GB space, eval in physical space)
Y train ranges: [0.000, 498.563], [0.000, 1058.839], [0.000, 88.383]

--- Training ---
JAX backend: GPU (cuda:0)
  Output scale (P90): [43.0489933  72.51943665  7.25205994]
  Output bias init: [-1.85643334 -2.03539171 -2.41128238] (target mean: [6.24915201 8.90352912 0.62297083])
  Epoch    0/1000 | train_loss=149.5563 | val_loss=82.8727 | rel_l2=0.4333 | best=0.4333 | lr=3.00e-05 | pat=0/200 | 20s
  Epoch    1/1000 | train_loss=67.1573 | val_loss=52.2728 | rel_l2=0.3483 | best=0.3483 | lr=6.00e-05 | pat=0/200 | 32s
  Epoch    2/1000 | train_loss=43.3265 | val_loss=34.8107 | rel_l2=0.2799 | best=0.2799 | lr=9.00e-05 | pat=0/200 | 45s
  Epoch    3/1000 | train_loss=30.5397 | val_loss=27.2584 | rel_l2=0.2475 | best=0.2475 | lr=1.20e-04 | pat=0/200 | 58s
  Epoch    4/1000 | train_loss=24.5670 | val_loss=21.9594 | rel_l2=0.2201 | best=0.2201 | lr=1.50e-04 | pat=0/200 | 71s
  Epoch    5/1000 | train_loss=20.9754 | val_loss=20.1642 | rel_l2=0.2147 | best=0.2147 | lr=1.80e-04 | pat=0/200 | 84s
  Epoch    6/1000 | train_loss=18.5111 | val_loss=18.3845 | rel_l2=0.2053 | best=0.2053 | lr=2.10e-04 | pat=0/200 | 97s
  Epoch    7/1000 | train_loss=16.4967 | val_loss=16.7516 | rel_l2=0.1923 | best=0.1923 | lr=2.40e-04 | pat=0/200 | 110s
  Epoch    8/1000 | train_loss=14.8519 | val_loss=14.7421 | rel_l2=0.1804 | best=0.1804 | lr=2.70e-04 | pat=0/200 | 123s
  Epoch    9/1000 | train_loss=13.3361 | val_loss=14.4696 | rel_l2=0.1854 | best=0.1804 | lr=3.00e-04 | pat=1/200 | 135s
  Epoch   10/1000 | train_loss=12.0010 | val_loss=11.6600 | rel_l2=0.1676 | best=0.1676 | lr=3.00e-04 | pat=0/200 | 148s
  Epoch   11/1000 | train_loss=10.9278 | val_loss=11.1249 | rel_l2=0.1622 | best=0.1622 | lr=3.00e-04 | pat=0/200 | 161s
  Epoch   12/1000 | train_loss=10.1364 | val_loss=10.8321 | rel_l2=0.1593 | best=0.1593 | lr=3.00e-04 | pat=0/200 | 175s
  Epoch   13/1000 | train_loss=9.5228 | val_loss=10.2679 | rel_l2=0.1618 | best=0.1593 | lr=3.00e-04 | pat=1/200 | 188s
  Epoch   14/1000 | train_loss=9.0418 | val_loss=9.3903 | rel_l2=0.1561 | best=0.1561 | lr=3.00e-04 | pat=0/200 | 202s
  Epoch   15/1000 | train_loss=8.6049 | val_loss=8.8437 | rel_l2=0.1433 | best=0.1433 | lr=3.00e-04 | pat=0/200 | 215s
  Epoch   16/1000 | train_loss=8.2828 | val_loss=8.6365 | rel_l2=0.1542 | best=0.1433 | lr=3.00e-04 | pat=1/200 | 229s
  Epoch   17/1000 | train_loss=7.9710 | val_loss=8.2218 | rel_l2=0.1449 | best=0.1433 | lr=3.00e-04 | pat=2/200 | 243s
  Epoch   18/1000 | train_loss=7.7265 | val_loss=8.1024 | rel_l2=0.1420 | best=0.1420 | lr=3.00e-04 | pat=0/200 | 256s
  Epoch   19/1000 | train_loss=7.5233 | val_loss=8.4528 | rel_l2=0.1388 | best=0.1388 | lr=3.00e-04 | pat=0/200 | 270s
  Epoch   20/1000 | train_loss=7.3011 | val_loss=7.8932 | rel_l2=0.1396 | best=0.1388 | lr=3.00e-04 | pat=1/200 | 284s
  Epoch   21/1000 | train_loss=7.1558 | val_loss=7.4848 | rel_l2=0.1377 | best=0.1377 | lr=3.00e-04 | pat=0/200 | 297s
  Epoch   22/1000 | train_loss=6.9618 | val_loss=7.3154 | rel_l2=0.1356 | best=0.1356 | lr=3.00e-04 | pat=0/200 | 310s
  Epoch   23/1000 | train_loss=6.8256 | val_loss=7.3116 | rel_l2=0.1324 | best=0.1324 | lr=3.00e-04 | pat=0/200 | 323s
  Epoch   24/1000 | train_loss=6.7569 | val_loss=7.1247 | rel_l2=0.1276 | best=0.1276 | lr=3.00e-04 | pat=0/200 | 335s
  Epoch   25/1000 | train_loss=6.5734 | val_loss=6.9099 | rel_l2=0.1224 | best=0.1224 | lr=3.00e-04 | pat=0/200 | 349s
  Epoch   26/1000 | train_loss=6.5045 | val_loss=6.8698 | rel_l2=0.1290 | best=0.1224 | lr=3.00e-04 | pat=1/200 | 362s
  Epoch   27/1000 | train_loss=6.3794 | val_loss=7.0991 | rel_l2=0.1338 | best=0.1224 | lr=3.00e-04 | pat=2/200 | 376s
  Epoch   28/1000 | train_loss=6.2692 | val_loss=7.0805 | rel_l2=0.1292 | best=0.1224 | lr=3.00e-04 | pat=3/200 | 389s
  Epoch   29/1000 | train_loss=6.1861 | val_loss=7.2301 | rel_l2=0.1306 | best=0.1224 | lr=3.00e-04 | pat=4/200 | 403s
  Epoch   30/1000 | train_loss=6.1140 | val_loss=7.0407 | rel_l2=0.1245 | best=0.1224 | lr=3.00e-04 | pat=5/200 | 417s
  Epoch   31/1000 | train_loss=6.0401 | val_loss=6.4921 | rel_l2=0.1239 | best=0.1224 | lr=3.00e-04 | pat=6/200 | 430s
  Epoch   32/1000 | train_loss=5.9634 | val_loss=6.3353 | rel_l2=0.1230 | best=0.1224 | lr=3.00e-04 | pat=7/200 | 443s
  Epoch   33/1000 | train_loss=5.8653 | val_loss=6.2901 | rel_l2=0.1237 | best=0.1224 | lr=3.00e-04 | pat=8/200 | 456s
  Epoch   34/1000 | train_loss=5.7977 | val_loss=6.1330 | rel_l2=0.1180 | best=0.1180 | lr=3.00e-04 | pat=0/200 | 470s
  Epoch   35/1000 | train_loss=5.7288 | val_loss=5.9766 | rel_l2=0.1173 | best=0.1173 | lr=3.00e-04 | pat=0/200 | 483s
  Epoch   36/1000 | train_loss=5.6819 | val_loss=6.6610 | rel_l2=0.1310 | best=0.1173 | lr=2.99e-04 | pat=1/200 | 497s
  Epoch   37/1000 | train_loss=5.6475 | val_loss=6.1490 | rel_l2=0.1198 | best=0.1173 | lr=2.99e-04 | pat=2/200 | 510s
  Epoch   38/1000 | train_loss=5.5919 | val_loss=5.8277 | rel_l2=0.1230 | best=0.1173 | lr=2.99e-04 | pat=3/200 | 524s
  Epoch   39/1000 | train_loss=5.5132 | val_loss=5.8933 | rel_l2=0.1144 | best=0.1144 | lr=2.99e-04 | pat=0/200 | 538s
  Epoch   40/1000 | train_loss=5.4680 | val_loss=5.8885 | rel_l2=0.1164 | best=0.1144 | lr=2.99e-04 | pat=1/200 | 551s
  Epoch   41/1000 | train_loss=5.4457 | val_loss=5.9979 | rel_l2=0.1138 | best=0.1138 | lr=2.99e-04 | pat=0/200 | 565s
  Epoch   42/1000 | train_loss=5.3953 | val_loss=6.1515 | rel_l2=0.1123 | best=0.1123 | lr=2.99e-04 | pat=0/200 | 579s
  Epoch   43/1000 | train_loss=5.3376 | val_loss=5.6968 | rel_l2=0.1171 | best=0.1123 | lr=2.99e-04 | pat=1/200 | 592s
  Epoch   44/1000 | train_loss=5.3152 | val_loss=5.5318 | rel_l2=0.1157 | best=0.1123 | lr=2.99e-04 | pat=2/200 | 606s
  Epoch   45/1000 | train_loss=5.2683 | val_loss=5.7741 | rel_l2=0.1154 | best=0.1123 | lr=2.99e-04 | pat=3/200 | 619s
  Epoch   46/1000 | train_loss=5.2425 | val_loss=5.9129 | rel_l2=0.1155 | best=0.1123 | lr=2.99e-04 | pat=4/200 | 632s
  Epoch   47/1000 | train_loss=5.1918 | val_loss=5.9971 | rel_l2=0.1200 | best=0.1123 | lr=2.99e-04 | pat=5/200 | 646s
  Epoch   48/1000 | train_loss=5.1696 | val_loss=5.4556 | rel_l2=0.1109 | best=0.1109 | lr=2.99e-04 | pat=0/200 | 659s
  Epoch   49/1000 | train_loss=5.1218 | val_loss=5.4100 | rel_l2=0.1122 | best=0.1109 | lr=2.99e-04 | pat=1/200 | 673s
  Epoch   50/1000 | train_loss=5.1051 | val_loss=5.7329 | rel_l2=0.1130 | best=0.1109 | lr=2.99e-04 | pat=2/200 | 687s
  Epoch   51/1000 | train_loss=5.0599 | val_loss=5.4285 | rel_l2=0.1072 | best=0.1072 | lr=2.99e-04 | pat=0/200 | 700s
  Epoch   52/1000 | train_loss=5.0136 | val_loss=5.3562 | rel_l2=0.1102 | best=0.1072 | lr=2.99e-04 | pat=1/200 | 714s
  Epoch   53/1000 | train_loss=4.9889 | val_loss=5.9208 | rel_l2=0.1110 | best=0.1072 | lr=2.99e-04 | pat=2/200 | 727s
  Epoch   54/1000 | train_loss=4.9798 | val_loss=5.1422 | rel_l2=0.1078 | best=0.1072 | lr=2.99e-04 | pat=3/200 | 741s
  Epoch   55/1000 | train_loss=4.9278 | val_loss=5.4237 | rel_l2=0.1107 | best=0.1072 | lr=2.98e-04 | pat=4/200 | 754s
  Epoch   56/1000 | train_loss=4.8922 | val_loss=5.2549 | rel_l2=0.1104 | best=0.1072 | lr=2.98e-04 | pat=5/200 | 768s
  Epoch   57/1000 | train_loss=4.8925 | val_loss=5.8713 | rel_l2=0.1186 | best=0.1072 | lr=2.98e-04 | pat=6/200 | 781s
  Epoch   58/1000 | train_loss=4.8805 | val_loss=4.9695 | rel_l2=0.1065 | best=0.1065 | lr=2.98e-04 | pat=0/200 | 795s
  Epoch   59/1000 | train_loss=4.8343 | val_loss=5.2090 | rel_l2=0.1084 | best=0.1065 | lr=2.98e-04 | pat=1/200 | 808s
  Epoch   60/1000 | train_loss=4.8172 | val_loss=5.1500 | rel_l2=0.1090 | best=0.1065 | lr=2.98e-04 | pat=2/200 | 821s
  Epoch   61/1000 | train_loss=4.7798 | val_loss=5.7841 | rel_l2=0.1151 | best=0.1065 | lr=2.98e-04 | pat=3/200 | 835s
  Epoch   62/1000 | train_loss=4.7840 | val_loss=5.4675 | rel_l2=0.1152 | best=0.1065 | lr=2.98e-04 | pat=4/200 | 848s
  Epoch   63/1000 | train_loss=4.7387 | val_loss=5.1951 | rel_l2=0.1062 | best=0.1062 | lr=2.98e-04 | pat=0/200 | 861s
  Epoch   64/1000 | train_loss=4.6987 | val_loss=5.0235 | rel_l2=0.1119 | best=0.1062 | lr=2.98e-04 | pat=1/200 | 875s
  Epoch   65/1000 | train_loss=4.6681 | val_loss=4.9587 | rel_l2=0.1082 | best=0.1062 | lr=2.98e-04 | pat=2/200 | 888s
  Epoch   66/1000 | train_loss=4.6901 | val_loss=5.1436 | rel_l2=0.1110 | best=0.1062 | lr=2.98e-04 | pat=3/200 | 901s
  Epoch   67/1000 | train_loss=4.6449 | val_loss=5.2175 | rel_l2=0.1080 | best=0.1062 | lr=2.98e-04 | pat=4/200 | 915s
  Epoch   68/1000 | train_loss=4.6284 | val_loss=4.8681 | rel_l2=0.1019 | best=0.1019 | lr=2.97e-04 | pat=0/200 | 928s
  Epoch   69/1000 | train_loss=4.5991 | val_loss=4.8130 | rel_l2=0.1050 | best=0.1019 | lr=2.97e-04 | pat=1/200 | 941s
  Epoch   70/1000 | train_loss=4.5848 | val_loss=4.8091 | rel_l2=0.1022 | best=0.1019 | lr=2.97e-04 | pat=2/200 | 954s
  Epoch   71/1000 | train_loss=4.5448 | val_loss=4.8456 | rel_l2=0.1067 | best=0.1019 | lr=2.97e-04 | pat=3/200 | 968s
  Epoch   72/1000 | train_loss=4.5463 | val_loss=4.7944 | rel_l2=0.1032 | best=0.1019 | lr=2.97e-04 | pat=4/200 | 981s
  Epoch   73/1000 | train_loss=4.5094 | val_loss=5.1816 | rel_l2=0.1106 | best=0.1019 | lr=2.97e-04 | pat=5/200 | 994s
  Epoch   74/1000 | train_loss=4.5052 | val_loss=4.8088 | rel_l2=0.1072 | best=0.1019 | lr=2.97e-04 | pat=6/200 | 1009s
  Epoch   75/1000 | train_loss=4.4832 | val_loss=4.8248 | rel_l2=0.1045 | best=0.1019 | lr=2.97e-04 | pat=7/200 | 1022s
  Epoch   76/1000 | train_loss=4.4752 | val_loss=4.8332 | rel_l2=0.1054 | best=0.1019 | lr=2.97e-04 | pat=8/200 | 1034s
  Epoch   77/1000 | train_loss=4.4543 | val_loss=5.1982 | rel_l2=0.1158 | best=0.1019 | lr=2.97e-04 | pat=9/200 | 1047s
  Epoch   78/1000 | train_loss=4.4343 | val_loss=4.9719 | rel_l2=0.1068 | best=0.1019 | lr=2.97e-04 | pat=10/200 | 1060s
  Epoch   79/1000 | train_loss=4.4191 | val_loss=5.0887 | rel_l2=0.1097 | best=0.1019 | lr=2.96e-04 | pat=11/200 | 1073s
  Epoch   80/1000 | train_loss=4.4109 | val_loss=4.7655 | rel_l2=0.1058 | best=0.1019 | lr=2.96e-04 | pat=12/200 | 1085s
  Epoch   81/1000 | train_loss=4.3709 | val_loss=4.7867 | rel_l2=0.1026 | best=0.1019 | lr=2.96e-04 | pat=13/200 | 1098s
  Epoch   82/1000 | train_loss=4.3699 | val_loss=5.1521 | rel_l2=0.1184 | best=0.1019 | lr=2.96e-04 | pat=14/200 | 1111s
  Epoch   83/1000 | train_loss=4.3730 | val_loss=4.7964 | rel_l2=0.1098 | best=0.1019 | lr=2.96e-04 | pat=15/200 | 1124s
  Epoch   84/1000 | train_loss=4.3463 | val_loss=4.6681 | rel_l2=0.1034 | best=0.1019 | lr=2.96e-04 | pat=16/200 | 1137s
  Epoch   85/1000 | train_loss=4.3505 | val_loss=4.9675 | rel_l2=0.1100 | best=0.1019 | lr=2.96e-04 | pat=17/200 | 1149s
  Epoch   86/1000 | train_loss=4.3028 | val_loss=4.7665 | rel_l2=0.1083 | best=0.1019 | lr=2.96e-04 | pat=18/200 | 1162s
  Epoch   87/1000 | train_loss=4.3027 | val_loss=4.5895 | rel_l2=0.1071 | best=0.1019 | lr=2.96e-04 | pat=19/200 | 1175s
  Epoch   88/1000 | train_loss=4.2744 | val_loss=4.6749 | rel_l2=0.1085 | best=0.1019 | lr=2.95e-04 | pat=20/200 | 1188s
  Epoch   89/1000 | train_loss=4.2646 | val_loss=4.7357 | rel_l2=0.1061 | best=0.1019 | lr=2.95e-04 | pat=21/200 | 1200s
  Epoch   90/1000 | train_loss=4.3075 | val_loss=4.6907 | rel_l2=0.1017 | best=0.1017 | lr=2.95e-04 | pat=0/200 | 1214s
  Epoch   91/1000 | train_loss=4.2530 | val_loss=4.8139 | rel_l2=0.1016 | best=0.1016 | lr=2.95e-04 | pat=0/200 | 1226s
  Epoch   92/1000 | train_loss=4.2464 | val_loss=4.5765 | rel_l2=0.1020 | best=0.1016 | lr=2.95e-04 | pat=1/200 | 1239s
  Epoch   93/1000 | train_loss=4.2092 | val_loss=4.7826 | rel_l2=0.1058 | best=0.1016 | lr=2.95e-04 | pat=2/200 | 1252s
  Epoch   94/1000 | train_loss=4.2140 | val_loss=4.7257 | rel_l2=0.0991 | best=0.0991 | lr=2.95e-04 | pat=0/200 | 1265s
  Epoch   95/1000 | train_loss=4.2018 | val_loss=5.3468 | rel_l2=0.1075 | best=0.0991 | lr=2.95e-04 | pat=1/200 | 1278s
  Epoch   96/1000 | train_loss=4.1860 | val_loss=4.7660 | rel_l2=0.1077 | best=0.0991 | lr=2.94e-04 | pat=2/200 | 1291s
  Epoch   97/1000 | train_loss=4.1696 | val_loss=4.9663 | rel_l2=0.1116 | best=0.0991 | lr=2.94e-04 | pat=3/200 | 1304s
  Epoch   98/1000 | train_loss=4.1673 | val_loss=4.8581 | rel_l2=0.1114 | best=0.0991 | lr=2.94e-04 | pat=4/200 | 1316s
  Epoch   99/1000 | train_loss=4.1522 | val_loss=4.9752 | rel_l2=0.1113 | best=0.0991 | lr=2.94e-04 | pat=5/200 | 1329s
  Epoch  100/1000 | train_loss=4.1293 | val_loss=4.4926 | rel_l2=0.1040 | best=0.0991 | lr=2.94e-04 | pat=6/200 | 1342s
  Epoch  101/1000 | train_loss=4.1326 | val_loss=4.5723 | rel_l2=0.1104 | best=0.0991 | lr=2.94e-04 | pat=7/200 | 1355s
  Epoch  102/1000 | train_loss=4.1189 | val_loss=4.7480 | rel_l2=0.1133 | best=0.0991 | lr=2.94e-04 | pat=8/200 | 1367s
  Epoch  103/1000 | train_loss=4.1015 | val_loss=4.5265 | rel_l2=0.1003 | best=0.0991 | lr=2.94e-04 | pat=9/200 | 1382s
  Epoch  104/1000 | train_loss=4.0908 | val_loss=4.5728 | rel_l2=0.1043 | best=0.0991 | lr=2.93e-04 | pat=10/200 | 1395s
  Epoch  105/1000 | train_loss=4.1209 | val_loss=4.8103 | rel_l2=0.1113 | best=0.0991 | lr=2.93e-04 | pat=11/200 | 1408s
  Epoch  106/1000 | train_loss=4.0594 | val_loss=4.7826 | rel_l2=0.1068 | best=0.0991 | lr=2.93e-04 | pat=12/200 | 1422s
  Epoch  107/1000 | train_loss=4.0585 | val_loss=4.5865 | rel_l2=0.1054 | best=0.0991 | lr=2.93e-04 | pat=13/200 | 1435s
  Epoch  108/1000 | train_loss=4.0712 | val_loss=4.5576 | rel_l2=0.1117 | best=0.0991 | lr=2.93e-04 | pat=14/200 | 1448s
  Epoch  109/1000 | train_loss=4.0350 | val_loss=4.6576 | rel_l2=0.1061 | best=0.0991 | lr=2.93e-04 | pat=15/200 | 1462s
  Epoch  110/1000 | train_loss=4.0461 | val_loss=4.5954 | rel_l2=0.1079 | best=0.0991 | lr=2.93e-04 | pat=16/200 | 1475s
  Epoch  111/1000 | train_loss=4.0099 | val_loss=4.5475 | rel_l2=0.1040 | best=0.0991 | lr=2.92e-04 | pat=17/200 | 1488s
  Epoch  112/1000 | train_loss=4.0119 | val_loss=4.5511 | rel_l2=0.1027 | best=0.0991 | lr=2.92e-04 | pat=18/200 | 1501s
  Epoch  113/1000 | train_loss=4.0106 | val_loss=4.6224 | rel_l2=0.1109 | best=0.0991 | lr=2.92e-04 | pat=19/200 | 1514s
  Epoch  114/1000 | train_loss=3.9955 | val_loss=4.4399 | rel_l2=0.1014 | best=0.0991 | lr=2.92e-04 | pat=20/200 | 1528s
  Epoch  115/1000 | train_loss=3.9996 | val_loss=4.3398 | rel_l2=0.1057 | best=0.0991 | lr=2.92e-04 | pat=21/200 | 1541s
  Epoch  116/1000 | train_loss=3.9739 | val_loss=4.5322 | rel_l2=0.1079 | best=0.0991 | lr=2.92e-04 | pat=22/200 | 1554s
  Epoch  117/1000 | train_loss=3.9560 | val_loss=4.6419 | rel_l2=0.1063 | best=0.0991 | lr=2.91e-04 | pat=23/200 | 1567s
  Epoch  118/1000 | train_loss=3.9585 | val_loss=4.4872 | rel_l2=0.1088 | best=0.0991 | lr=2.91e-04 | pat=24/200 | 1581s
  Epoch  119/1000 | train_loss=3.9764 | val_loss=4.5529 | rel_l2=0.1064 | best=0.0991 | lr=2.91e-04 | pat=25/200 | 1594s
  Epoch  120/1000 | train_loss=3.9422 | val_loss=4.3834 | rel_l2=0.1087 | best=0.0991 | lr=2.91e-04 | pat=26/200 | 1607s
  Epoch  121/1000 | train_loss=3.9424 | val_loss=4.8052 | rel_l2=0.1111 | best=0.0991 | lr=2.91e-04 | pat=27/200 | 1621s
  Epoch  122/1000 | train_loss=3.9392 | val_loss=4.6443 | rel_l2=0.1065 | best=0.0991 | lr=2.91e-04 | pat=28/200 | 1635s
  Epoch  123/1000 | train_loss=3.9054 | val_loss=4.4526 | rel_l2=0.1022 | best=0.0991 | lr=2.90e-04 | pat=29/200 | 1648s
  Epoch  124/1000 | train_loss=3.9360 | val_loss=4.3026 | rel_l2=0.0990 | best=0.0990 | lr=2.90e-04 | pat=0/200 | 1663s
  Epoch  125/1000 | train_loss=3.8980 | val_loss=4.5331 | rel_l2=0.1080 | best=0.0990 | lr=2.90e-04 | pat=1/200 | 1676s
  Epoch  126/1000 | train_loss=3.8827 | val_loss=4.6752 | rel_l2=0.1094 | best=0.0990 | lr=2.90e-04 | pat=2/200 | 1689s
  Epoch  127/1000 | train_loss=3.8963 | val_loss=4.4180 | rel_l2=0.1044 | best=0.0990 | lr=2.90e-04 | pat=3/200 | 1702s
  Epoch  128/1000 | train_loss=3.8774 | val_loss=4.5363 | rel_l2=0.1107 | best=0.0990 | lr=2.90e-04 | pat=4/200 | 1715s
  Epoch  129/1000 | train_loss=3.8734 | val_loss=4.4197 | rel_l2=0.1064 | best=0.0990 | lr=2.89e-04 | pat=5/200 | 1728s
  Epoch  130/1000 | train_loss=3.8871 | val_loss=4.5007 | rel_l2=0.1060 | best=0.0990 | lr=2.89e-04 | pat=6/200 | 1740s
  Epoch  131/1000 | train_loss=3.8597 | val_loss=4.3115 | rel_l2=0.1026 | best=0.0990 | lr=2.89e-04 | pat=7/200 | 1753s
  Epoch  132/1000 | train_loss=3.8375 | val_loss=4.2582 | rel_l2=0.1016 | best=0.0990 | lr=2.89e-04 | pat=8/200 | 1766s
  Epoch  133/1000 | train_loss=3.8495 | val_loss=5.1621 | rel_l2=0.1143 | best=0.0990 | lr=2.89e-04 | pat=9/200 | 1778s
  Epoch  134/1000 | train_loss=3.8529 | val_loss=4.4319 | rel_l2=0.1062 | best=0.0990 | lr=2.89e-04 | pat=10/200 | 1791s
  Epoch  135/1000 | train_loss=3.8382 | val_loss=4.2622 | rel_l2=0.1010 | best=0.0990 | lr=2.88e-04 | pat=11/200 | 1804s
  Epoch  136/1000 | train_loss=3.8013 | val_loss=4.3810 | rel_l2=0.1088 | best=0.0990 | lr=2.88e-04 | pat=12/200 | 1817s
  Epoch  137/1000 | train_loss=3.8193 | val_loss=4.3652 | rel_l2=0.1072 | best=0.0990 | lr=2.88e-04 | pat=13/200 | 1830s
  Epoch  138/1000 | train_loss=3.8083 | val_loss=4.2126 | rel_l2=0.1003 | best=0.0990 | lr=2.88e-04 | pat=14/200 | 1842s
  Epoch  139/1000 | train_loss=3.7976 | val_loss=4.4439 | rel_l2=0.1065 | best=0.0990 | lr=2.88e-04 | pat=15/200 | 1855s
  Epoch  140/1000 | train_loss=3.7939 | val_loss=4.2739 | rel_l2=0.0990 | best=0.0990 | lr=2.87e-04 | pat=0/200 | 1868s
  Epoch  141/1000 | train_loss=3.7773 | val_loss=4.2994 | rel_l2=0.1071 | best=0.0990 | lr=2.87e-04 | pat=1/200 | 1881s
  Epoch  142/1000 | train_loss=3.7901 | val_loss=4.2704 | rel_l2=0.1053 | best=0.0990 | lr=2.87e-04 | pat=2/200 | 1894s
  Epoch  143/1000 | train_loss=3.7666 | val_loss=4.3027 | rel_l2=0.1024 | best=0.0990 | lr=2.87e-04 | pat=3/200 | 1907s
  Epoch  144/1000 | train_loss=3.7650 | val_loss=4.3749 | rel_l2=0.1037 | best=0.0990 | lr=2.87e-04 | pat=4/200 | 1920s
  Epoch  145/1000 | train_loss=3.7627 | val_loss=4.6068 | rel_l2=0.1080 | best=0.0990 | lr=2.86e-04 | pat=5/200 | 1933s
  Epoch  146/1000 | train_loss=3.7494 | val_loss=4.4708 | rel_l2=0.1018 | best=0.0990 | lr=2.86e-04 | pat=6/200 | 1946s
  Epoch  147/1000 | train_loss=3.7579 | val_loss=4.3437 | rel_l2=0.1045 | best=0.0990 | lr=2.86e-04 | pat=7/200 | 1961s
  Epoch  148/1000 | train_loss=3.7392 | val_loss=4.4864 | rel_l2=0.1067 | best=0.0990 | lr=2.86e-04 | pat=8/200 | 1974s
  Epoch  149/1000 | train_loss=3.7509 | val_loss=4.6936 | rel_l2=0.1093 | best=0.0990 | lr=2.86e-04 | pat=9/200 | 1987s
  Epoch  150/1000 | train_loss=3.7261 | val_loss=4.2139 | rel_l2=0.1044 | best=0.0990 | lr=2.85e-04 | pat=10/200 | 2000s
  Epoch  151/1000 | train_loss=3.7183 | val_loss=4.2825 | rel_l2=0.1070 | best=0.0990 | lr=2.85e-04 | pat=11/200 | 2012s
  Epoch  152/1000 | train_loss=3.7127 | val_loss=4.4254 | rel_l2=0.1069 | best=0.0990 | lr=2.85e-04 | pat=12/200 | 2025s
  Epoch  153/1000 | train_loss=3.7201 | val_loss=4.4301 | rel_l2=0.1088 | best=0.0990 | lr=2.85e-04 | pat=13/200 | 2038s
  Epoch  154/1000 | train_loss=3.6926 | val_loss=4.5394 | rel_l2=0.1053 | best=0.0990 | lr=2.85e-04 | pat=14/200 | 2051s
  Epoch  155/1000 | train_loss=3.7025 | val_loss=4.1195 | rel_l2=0.1009 | best=0.0990 | lr=2.84e-04 | pat=15/200 | 2063s
  Epoch  156/1000 | train_loss=3.6881 | val_loss=4.6296 | rel_l2=0.1114 | best=0.0990 | lr=2.84e-04 | pat=16/200 | 2076s
  Epoch  157/1000 | train_loss=3.6751 | val_loss=4.4243 | rel_l2=0.1072 | best=0.0990 | lr=2.84e-04 | pat=17/200 | 2089s
  Epoch  158/1000 | train_loss=3.6895 | val_loss=4.2798 | rel_l2=0.0979 | best=0.0979 | lr=2.84e-04 | pat=0/200 | 2102s
  Epoch  159/1000 | train_loss=3.6653 | val_loss=4.2252 | rel_l2=0.1021 | best=0.0979 | lr=2.84e-04 | pat=1/200 | 2114s
  Epoch  160/1000 | train_loss=3.6737 | val_loss=4.3495 | rel_l2=0.1081 | best=0.0979 | lr=2.83e-04 | pat=2/200 | 2127s
  Epoch  161/1000 | train_loss=3.6578 | val_loss=4.4216 | rel_l2=0.1140 | best=0.0979 | lr=2.83e-04 | pat=3/200 | 2140s
  Epoch  162/1000 | train_loss=3.6575 | val_loss=4.2885 | rel_l2=0.1091 | best=0.0979 | lr=2.83e-04 | pat=4/200 | 2153s
  Epoch  163/1000 | train_loss=3.6601 | val_loss=4.3501 | rel_l2=0.1087 | best=0.0979 | lr=2.83e-04 | pat=5/200 | 2165s
  Epoch  164/1000 | train_loss=3.6546 | val_loss=4.2315 | rel_l2=0.1087 | best=0.0979 | lr=2.82e-04 | pat=6/200 | 2178s
  Epoch  165/1000 | train_loss=3.6370 | val_loss=4.4687 | rel_l2=0.1118 | best=0.0979 | lr=2.82e-04 | pat=7/200 | 2191s
  Epoch  166/1000 | train_loss=3.6291 | val_loss=4.1870 | rel_l2=0.1061 | best=0.0979 | lr=2.82e-04 | pat=8/200 | 2204s
  Epoch  167/1000 | train_loss=3.6200 | val_loss=4.8329 | rel_l2=0.1194 | best=0.0979 | lr=2.82e-04 | pat=9/200 | 2217s
  Epoch  168/1000 | train_loss=3.6321 | val_loss=4.3181 | rel_l2=0.1018 | best=0.0979 | lr=2.82e-04 | pat=10/200 | 2231s
  Epoch  169/1000 | train_loss=3.6147 | val_loss=4.4203 | rel_l2=0.1124 | best=0.0979 | lr=2.81e-04 | pat=11/200 | 2244s
  Epoch  170/1000 | train_loss=3.6218 | val_loss=4.5235 | rel_l2=0.1146 | best=0.0979 | lr=2.81e-04 | pat=12/200 | 2257s
  Epoch  171/1000 | train_loss=3.6118 | val_loss=4.1409 | rel_l2=0.1002 | best=0.0979 | lr=2.81e-04 | pat=13/200 | 2271s
  Epoch  172/1000 | train_loss=3.5979 | val_loss=4.1526 | rel_l2=0.1034 | best=0.0979 | lr=2.81e-04 | pat=14/200 | 2284s
  Epoch  173/1000 | train_loss=3.5938 | val_loss=4.7237 | rel_l2=0.1054 | best=0.0979 | lr=2.80e-04 | pat=15/200 | 2297s
  Epoch  174/1000 | train_loss=3.5985 | val_loss=4.1706 | rel_l2=0.1034 | best=0.0979 | lr=2.80e-04 | pat=16/200 | 2311s
  Epoch  175/1000 | train_loss=3.6063 | val_loss=4.1829 | rel_l2=0.1089 | best=0.0979 | lr=2.80e-04 | pat=17/200 | 2324s
  Epoch  176/1000 | train_loss=3.5789 | val_loss=4.2768 | rel_l2=0.1091 | best=0.0979 | lr=2.80e-04 | pat=18/200 | 2337s
  Epoch  177/1000 | train_loss=3.5765 | val_loss=4.4457 | rel_l2=0.1071 | best=0.0979 | lr=2.79e-04 | pat=19/200 | 2351s
  Epoch  178/1000 | train_loss=3.5740 | val_loss=4.4266 | rel_l2=0.1085 | best=0.0979 | lr=2.79e-04 | pat=20/200 | 2364s
  Epoch  179/1000 | train_loss=3.5623 | val_loss=4.1974 | rel_l2=0.1033 | best=0.0979 | lr=2.79e-04 | pat=21/200 | 2378s
  Epoch  180/1000 | train_loss=3.5468 | val_loss=4.2044 | rel_l2=0.0991 | best=0.0979 | lr=2.79e-04 | pat=22/200 | 2391s
  Epoch  181/1000 | train_loss=3.5689 | val_loss=4.3492 | rel_l2=0.1076 | best=0.0979 | lr=2.78e-04 | pat=23/200 | 2404s
  Epoch  182/1000 | train_loss=3.5493 | val_loss=4.2290 | rel_l2=0.1024 | best=0.0979 | lr=2.78e-04 | pat=24/200 | 2417s
  Epoch  183/1000 | train_loss=3.5409 | val_loss=4.0363 | rel_l2=0.1007 | best=0.0979 | lr=2.78e-04 | pat=25/200 | 2431s
  Epoch  184/1000 | train_loss=3.5314 | val_loss=4.3979 | rel_l2=0.1076 | best=0.0979 | lr=2.78e-04 | pat=26/200 | 2444s
  Epoch  185/1000 | train_loss=3.5352 | val_loss=4.1685 | rel_l2=0.1023 | best=0.0979 | lr=2.77e-04 | pat=27/200 | 2458s
  Epoch  186/1000 | train_loss=3.5269 | val_loss=4.3758 | rel_l2=0.1095 | best=0.0979 | lr=2.77e-04 | pat=28/200 | 2471s
  Epoch  187/1000 | train_loss=3.5279 | val_loss=4.3379 | rel_l2=0.1052 | best=0.0979 | lr=2.77e-04 | pat=29/200 | 2485s
  Epoch  188/1000 | train_loss=3.5150 | val_loss=4.1779 | rel_l2=0.1009 | best=0.0979 | lr=2.77e-04 | pat=30/200 | 2498s
  Epoch  189/1000 | train_loss=3.5104 | val_loss=4.0492 | rel_l2=0.1016 | best=0.0979 | lr=2.76e-04 | pat=31/200 | 2511s
  Epoch  190/1000 | train_loss=3.5129 | val_loss=4.2439 | rel_l2=0.1085 | best=0.0979 | lr=2.76e-04 | pat=32/200 | 2525s
  Epoch  191/1000 | train_loss=3.5093 | val_loss=4.2913 | rel_l2=0.1038 | best=0.0979 | lr=2.76e-04 | pat=33/200 | 2538s
  Epoch  192/1000 | train_loss=3.5164 | val_loss=4.2424 | rel_l2=0.1061 | best=0.0979 | lr=2.76e-04 | pat=34/200 | 2551s
  Epoch  193/1000 | train_loss=3.4926 | val_loss=4.1350 | rel_l2=0.1054 | best=0.0979 | lr=2.75e-04 | pat=35/200 | 2564s
  Epoch  194/1000 | train_loss=3.4864 | val_loss=4.3053 | rel_l2=0.1090 | best=0.0979 | lr=2.75e-04 | pat=36/200 | 2578s
  Epoch  195/1000 | train_loss=3.5176 | val_loss=4.0970 | rel_l2=0.1039 | best=0.0979 | lr=2.75e-04 | pat=37/200 | 2591s
  Epoch  196/1000 | train_loss=3.4796 | val_loss=4.1588 | rel_l2=0.1053 | best=0.0979 | lr=2.75e-04 | pat=38/200 | 2604s
  Epoch  197/1000 | train_loss=3.4685 | val_loss=4.1238 | rel_l2=0.1074 | best=0.0979 | lr=2.74e-04 | pat=39/200 | 2617s
  Epoch  198/1000 | train_loss=3.4806 | val_loss=4.2126 | rel_l2=0.1052 | best=0.0979 | lr=2.74e-04 | pat=40/200 | 2631s
  Epoch  199/1000 | train_loss=3.4646 | val_loss=4.0923 | rel_l2=0.0964 | best=0.0964 | lr=2.74e-04 | pat=0/200 | 2644s
  Epoch  200/1000 | train_loss=3.4660 | val_loss=4.2684 | rel_l2=0.1097 | best=0.0964 | lr=2.74e-04 | pat=1/200 | 2657s
  Epoch  201/1000 | train_loss=3.4636 | val_loss=4.1675 | rel_l2=0.1045 | best=0.0964 | lr=2.73e-04 | pat=2/200 | 2670s
  Epoch  202/1000 | train_loss=3.4603 | val_loss=4.3782 | rel_l2=0.1103 | best=0.0964 | lr=2.73e-04 | pat=3/200 | 2684s
  Epoch  203/1000 | train_loss=3.4385 | val_loss=4.2542 | rel_l2=0.1069 | best=0.0964 | lr=2.73e-04 | pat=4/200 | 2697s
  Epoch  204/1000 | train_loss=3.4574 | val_loss=4.1963 | rel_l2=0.1047 | best=0.0964 | lr=2.72e-04 | pat=5/200 | 2710s
  Epoch  205/1000 | train_loss=3.4426 | val_loss=4.3345 | rel_l2=0.1052 | best=0.0964 | lr=2.72e-04 | pat=6/200 | 2723s
  Epoch  206/1000 | train_loss=3.4835 | val_loss=4.0520 | rel_l2=0.1033 | best=0.0964 | lr=2.72e-04 | pat=7/200 | 2737s
  Epoch  207/1000 | train_loss=3.4275 | val_loss=4.2509 | rel_l2=0.1072 | best=0.0964 | lr=2.72e-04 | pat=8/200 | 2750s
  Epoch  208/1000 | train_loss=3.4309 | val_loss=4.1747 | rel_l2=0.1050 | best=0.0964 | lr=2.71e-04 | pat=9/200 | 2763s
  Epoch  209/1000 | train_loss=3.4288 | val_loss=5.1745 | rel_l2=0.1114 | best=0.0964 | lr=2.71e-04 | pat=10/200 | 2776s
  Epoch  210/1000 | train_loss=3.4350 | val_loss=4.1298 | rel_l2=0.1020 | best=0.0964 | lr=2.71e-04 | pat=11/200 | 2789s
  Epoch  211/1000 | train_loss=3.4245 | val_loss=4.3220 | rel_l2=0.1061 | best=0.0964 | lr=2.71e-04 | pat=12/200 | 2803s
  Epoch  212/1000 | train_loss=3.4191 | val_loss=4.2371 | rel_l2=0.1052 | best=0.0964 | lr=2.70e-04 | pat=13/200 | 2816s
  Epoch  213/1000 | train_loss=3.4049 | val_loss=3.9922 | rel_l2=0.0987 | best=0.0964 | lr=2.70e-04 | pat=14/200 | 2829s
  Epoch  214/1000 | train_loss=3.4147 | val_loss=4.3806 | rel_l2=0.1103 | best=0.0964 | lr=2.70e-04 | pat=15/200 | 2842s
  Epoch  215/1000 | train_loss=3.4093 | val_loss=4.0394 | rel_l2=0.0996 | best=0.0964 | lr=2.69e-04 | pat=16/200 | 2855s
  Epoch  216/1000 | train_loss=3.3988 | val_loss=4.1849 | rel_l2=0.1086 | best=0.0964 | lr=2.69e-04 | pat=17/200 | 2869s
  Epoch  217/1000 | train_loss=3.3997 | val_loss=4.3897 | rel_l2=0.1074 | best=0.0964 | lr=2.69e-04 | pat=18/200 | 2882s
  Epoch  218/1000 | train_loss=3.3894 | val_loss=4.3064 | rel_l2=0.1015 | best=0.0964 | lr=2.68e-04 | pat=19/200 | 2895s
  Epoch  219/1000 | train_loss=3.3850 | val_loss=4.3307 | rel_l2=0.1088 | best=0.0964 | lr=2.68e-04 | pat=20/200 | 2908s
  Epoch  220/1000 | train_loss=3.3889 | val_loss=4.0427 | rel_l2=0.0998 | best=0.0964 | lr=2.68e-04 | pat=21/200 | 2922s
  Epoch  221/1000 | train_loss=3.3819 | val_loss=4.0645 | rel_l2=0.1005 | best=0.0964 | lr=2.68e-04 | pat=22/200 | 2935s
  Epoch  222/1000 | train_loss=3.3707 | val_loss=4.1034 | rel_l2=0.0989 | best=0.0964 | lr=2.67e-04 | pat=23/200 | 2948s
  Epoch  223/1000 | train_loss=3.3725 | val_loss=4.8110 | rel_l2=0.1104 | best=0.0964 | lr=2.67e-04 | pat=24/200 | 2961s
  Epoch  224/1000 | train_loss=3.3736 | val_loss=4.8046 | rel_l2=0.1121 | best=0.0964 | lr=2.67e-04 | pat=25/200 | 2975s
  Epoch  225/1000 | train_loss=3.3663 | val_loss=3.9986 | rel_l2=0.1034 | best=0.0964 | lr=2.66e-04 | pat=26/200 | 2988s
  Epoch  226/1000 | train_loss=3.3635 | val_loss=4.1312 | rel_l2=0.1029 | best=0.0964 | lr=2.66e-04 | pat=27/200 | 3002s
  Epoch  227/1000 | train_loss=3.3521 | val_loss=4.1237 | rel_l2=0.1033 | best=0.0964 | lr=2.66e-04 | pat=28/200 | 3015s
  Epoch  228/1000 | train_loss=3.3547 | val_loss=4.0896 | rel_l2=0.1014 | best=0.0964 | lr=2.66e-04 | pat=29/200 | 3028s
  Epoch  229/1000 | train_loss=3.3564 | val_loss=4.2458 | rel_l2=0.1123 | best=0.0964 | lr=2.65e-04 | pat=30/200 | 3041s
  Epoch  230/1000 | train_loss=3.3335 | val_loss=4.1685 | rel_l2=0.1059 | best=0.0964 | lr=2.65e-04 | pat=31/200 | 3054s
  Epoch  231/1000 | train_loss=3.3629 | val_loss=4.2183 | rel_l2=0.1079 | best=0.0964 | lr=2.65e-04 | pat=32/200 | 3067s
  Epoch  232/1000 | train_loss=3.3268 | val_loss=3.9792 | rel_l2=0.1029 | best=0.0964 | lr=2.64e-04 | pat=33/200 | 3079s
  Epoch  233/1000 | train_loss=3.3398 | val_loss=4.3492 | rel_l2=0.1099 | best=0.0964 | lr=2.64e-04 | pat=34/200 | 3092s
  Epoch  234/1000 | train_loss=3.3349 | val_loss=3.9906 | rel_l2=0.1018 | best=0.0964 | lr=2.64e-04 | pat=35/200 | 3105s
  Epoch  235/1000 | train_loss=3.3266 | val_loss=4.0831 | rel_l2=0.1030 | best=0.0964 | lr=2.63e-04 | pat=36/200 | 3117s
  Epoch  236/1000 | train_loss=3.3277 | val_loss=3.9277 | rel_l2=0.0999 | best=0.0964 | lr=2.63e-04 | pat=37/200 | 3130s
  Epoch  237/1000 | train_loss=3.3230 | val_loss=3.9843 | rel_l2=0.1034 | best=0.0964 | lr=2.63e-04 | pat=38/200 | 3143s
  Epoch  238/1000 | train_loss=3.3185 | val_loss=4.1999 | rel_l2=0.1072 | best=0.0964 | lr=2.62e-04 | pat=39/200 | 3155s
  Epoch  239/1000 | train_loss=3.3128 | val_loss=4.0431 | rel_l2=0.1022 | best=0.0964 | lr=2.62e-04 | pat=40/200 | 3168s
  Epoch  240/1000 | train_loss=3.3232 | val_loss=3.9812 | rel_l2=0.0995 | best=0.0964 | lr=2.62e-04 | pat=41/200 | 3181s
  Epoch  241/1000 | train_loss=3.2969 | val_loss=4.1172 | rel_l2=0.1031 | best=0.0964 | lr=2.61e-04 | pat=42/200 | 3194s
  Epoch  242/1000 | train_loss=3.3027 | val_loss=4.0573 | rel_l2=0.1000 | best=0.0964 | lr=2.61e-04 | pat=43/200 | 3207s
  Epoch  243/1000 | train_loss=3.2985 | val_loss=4.2030 | rel_l2=0.1127 | best=0.0964 | lr=2.61e-04 | pat=44/200 | 3220s
  Epoch  244/1000 | train_loss=3.3090 | val_loss=3.9953 | rel_l2=0.1004 | best=0.0964 | lr=2.61e-04 | pat=45/200 | 3233s
  Epoch  245/1000 | train_loss=3.2827 | val_loss=4.0318 | rel_l2=0.1035 | best=0.0964 | lr=2.60e-04 | pat=46/200 | 3245s
  Epoch  246/1000 | train_loss=3.2819 | val_loss=4.0387 | rel_l2=0.1022 | best=0.0964 | lr=2.60e-04 | pat=47/200 | 3258s
  Epoch  247/1000 | train_loss=3.2902 | val_loss=3.9327 | rel_l2=0.0989 | best=0.0964 | lr=2.60e-04 | pat=48/200 | 3271s
  Epoch  248/1000 | train_loss=3.2817 | val_loss=4.0797 | rel_l2=0.1011 | best=0.0964 | lr=2.59e-04 | pat=49/200 | 3283s
  Epoch  249/1000 | train_loss=3.2762 | val_loss=4.0247 | rel_l2=0.1008 | best=0.0964 | lr=2.59e-04 | pat=50/200 | 3296s
  Epoch  250/1000 | train_loss=3.2710 | val_loss=4.2737 | rel_l2=0.1042 | best=0.0964 | lr=2.59e-04 | pat=51/200 | 3309s
  Epoch  251/1000 | train_loss=3.2768 | val_loss=3.8936 | rel_l2=0.0975 | best=0.0964 | lr=2.58e-04 | pat=52/200 | 3322s
  Epoch  252/1000 | train_loss=3.2640 | val_loss=4.0153 | rel_l2=0.1060 | best=0.0964 | lr=2.58e-04 | pat=53/200 | 3334s
  Epoch  253/1000 | train_loss=3.2692 | val_loss=4.0067 | rel_l2=0.1021 | best=0.0964 | lr=2.58e-04 | pat=54/200 | 3347s
  Epoch  254/1000 | train_loss=3.2614 | val_loss=3.9099 | rel_l2=0.1027 | best=0.0964 | lr=2.57e-04 | pat=55/200 | 3360s
  Epoch  255/1000 | train_loss=3.2524 | val_loss=4.0844 | rel_l2=0.1013 | best=0.0964 | lr=2.57e-04 | pat=56/200 | 3373s
  Epoch  256/1000 | train_loss=3.2557 | val_loss=4.0622 | rel_l2=0.1025 | best=0.0964 | lr=2.57e-04 | pat=57/200 | 3386s
  Epoch  257/1000 | train_loss=3.2554 | val_loss=4.0036 | rel_l2=0.1012 | best=0.0964 | lr=2.56e-04 | pat=58/200 | 3399s
  Epoch  258/1000 | train_loss=3.2422 | val_loss=4.1955 | rel_l2=0.1069 | best=0.0964 | lr=2.56e-04 | pat=59/200 | 3412s
  Epoch  259/1000 | train_loss=3.2415 | val_loss=4.0268 | rel_l2=0.1012 | best=0.0964 | lr=2.56e-04 | pat=60/200 | 3424s
  Epoch  260/1000 | train_loss=3.2433 | val_loss=3.9469 | rel_l2=0.1037 | best=0.0964 | lr=2.55e-04 | pat=61/200 | 3437s
  Epoch  261/1000 | train_loss=3.2385 | val_loss=4.0614 | rel_l2=0.1038 | best=0.0964 | lr=2.55e-04 | pat=62/200 | 3450s
  Epoch  262/1000 | train_loss=3.2273 | val_loss=4.0436 | rel_l2=0.1032 | best=0.0964 | lr=2.55e-04 | pat=63/200 | 3463s
  Epoch  263/1000 | train_loss=3.2526 | val_loss=4.0565 | rel_l2=0.1086 | best=0.0964 | lr=2.54e-04 | pat=64/200 | 3475s
  Epoch  264/1000 | train_loss=3.2145 | val_loss=4.0062 | rel_l2=0.1028 | best=0.0964 | lr=2.54e-04 | pat=65/200 | 3488s
  Epoch  265/1000 | train_loss=3.2302 | val_loss=4.1087 | rel_l2=0.1063 | best=0.0964 | lr=2.54e-04 | pat=66/200 | 3501s
  Epoch  266/1000 | train_loss=3.2287 | val_loss=4.0268 | rel_l2=0.1005 | best=0.0964 | lr=2.53e-04 | pat=67/200 | 3514s
  Epoch  267/1000 | train_loss=3.2183 | val_loss=4.1740 | rel_l2=0.0986 | best=0.0964 | lr=2.53e-04 | pat=68/200 | 3527s
  Epoch  268/1000 | train_loss=3.2142 | val_loss=4.0896 | rel_l2=0.1064 | best=0.0964 | lr=2.52e-04 | pat=69/200 | 3540s
  Epoch  269/1000 | train_loss=3.2129 | val_loss=4.1543 | rel_l2=0.1088 | best=0.0964 | lr=2.52e-04 | pat=70/200 | 3553s
  Epoch  270/1000 | train_loss=3.2202 | val_loss=4.0514 | rel_l2=0.1068 | best=0.0964 | lr=2.52e-04 | pat=71/200 | 3566s
  Epoch  271/1000 | train_loss=3.2115 | val_loss=4.2171 | rel_l2=0.1073 | best=0.0964 | lr=2.51e-04 | pat=72/200 | 3578s
  Epoch  272/1000 | train_loss=3.2149 | val_loss=3.9619 | rel_l2=0.1006 | best=0.0964 | lr=2.51e-04 | pat=73/200 | 3591s
  Epoch  273/1000 | train_loss=3.2002 | val_loss=3.9735 | rel_l2=0.1037 | best=0.0964 | lr=2.51e-04 | pat=74/200 | 3605s
  Epoch  274/1000 | train_loss=3.2014 | val_loss=3.9896 | rel_l2=0.1031 | best=0.0964 | lr=2.50e-04 | pat=75/200 | 3618s
  Epoch  275/1000 | train_loss=3.2047 | val_loss=4.0047 | rel_l2=0.1089 | best=0.0964 | lr=2.50e-04 | pat=76/200 | 3632s
  Epoch  276/1000 | train_loss=3.1871 | val_loss=4.2359 | rel_l2=0.1061 | best=0.0964 | lr=2.50e-04 | pat=77/200 | 3645s
  Epoch  277/1000 | train_loss=3.1898 | val_loss=4.0127 | rel_l2=0.1056 | best=0.0964 | lr=2.49e-04 | pat=78/200 | 3657s
  Epoch  278/1000 | train_loss=3.2020 | val_loss=3.9101 | rel_l2=0.1007 | best=0.0964 | lr=2.49e-04 | pat=79/200 | 3670s
  Epoch  279/1000 | train_loss=3.1779 | val_loss=3.9616 | rel_l2=0.1024 | best=0.0964 | lr=2.49e-04 | pat=80/200 | 3683s
  Epoch  280/1000 | train_loss=3.1817 | val_loss=4.0797 | rel_l2=0.1021 | best=0.0964 | lr=2.48e-04 | pat=81/200 | 3696s
  Epoch  281/1000 | train_loss=3.1701 | val_loss=4.2321 | rel_l2=0.1060 | best=0.0964 | lr=2.48e-04 | pat=82/200 | 3708s
  Epoch  282/1000 | train_loss=3.1846 | val_loss=3.9632 | rel_l2=0.1009 | best=0.0964 | lr=2.48e-04 | pat=83/200 | 3721s
  Epoch  283/1000 | train_loss=3.1693 | val_loss=3.8609 | rel_l2=0.1005 | best=0.0964 | lr=2.47e-04 | pat=84/200 | 3734s
  Epoch  284/1000 | train_loss=3.1732 | val_loss=4.0003 | rel_l2=0.1008 | best=0.0964 | lr=2.47e-04 | pat=85/200 | 3747s
  Epoch  285/1000 | train_loss=3.1701 | val_loss=4.2747 | rel_l2=0.1063 | best=0.0964 | lr=2.46e-04 | pat=86/200 | 3760s
  Epoch  286/1000 | train_loss=3.1560 | val_loss=4.1497 | rel_l2=0.1021 | best=0.0964 | lr=2.46e-04 | pat=87/200 | 3773s
  Epoch  287/1000 | train_loss=3.1641 | val_loss=4.0858 | rel_l2=0.1078 | best=0.0964 | lr=2.46e-04 | pat=88/200 | 3786s
  Epoch  288/1000 | train_loss=3.1521 | val_loss=4.1036 | rel_l2=0.1036 | best=0.0964 | lr=2.45e-04 | pat=89/200 | 3800s
  Epoch  289/1000 | train_loss=3.1554 | val_loss=4.0256 | rel_l2=0.1031 | best=0.0964 | lr=2.45e-04 | pat=90/200 | 3813s
  Epoch  290/1000 | train_loss=3.1544 | val_loss=4.0042 | rel_l2=0.1026 | best=0.0964 | lr=2.45e-04 | pat=91/200 | 3828s
  Epoch  291/1000 | train_loss=3.1504 | val_loss=4.0939 | rel_l2=0.1082 | best=0.0964 | lr=2.44e-04 | pat=92/200 | 3841s
  Epoch  292/1000 | train_loss=3.1469 | val_loss=4.0334 | rel_l2=0.1072 | best=0.0964 | lr=2.44e-04 | pat=93/200 | 3854s
  Epoch  293/1000 | train_loss=3.1442 | val_loss=3.9554 | rel_l2=0.1043 | best=0.0964 | lr=2.43e-04 | pat=94/200 | 3867s
  Epoch  294/1000 | train_loss=3.1389 | val_loss=4.0570 | rel_l2=0.1099 | best=0.0964 | lr=2.43e-04 | pat=95/200 | 3881s
  Epoch  295/1000 | train_loss=3.1430 | val_loss=4.1080 | rel_l2=0.1077 | best=0.0964 | lr=2.43e-04 | pat=96/200 | 3894s
  Epoch  296/1000 | train_loss=3.1343 | val_loss=3.9958 | rel_l2=0.1013 | best=0.0964 | lr=2.42e-04 | pat=97/200 | 3907s
  Epoch  297/1000 | train_loss=3.1382 | val_loss=3.9837 | rel_l2=0.0997 | best=0.0964 | lr=2.42e-04 | pat=98/200 | 3920s
  Epoch  298/1000 | train_loss=3.1305 | val_loss=4.0421 | rel_l2=0.1059 | best=0.0964 | lr=2.42e-04 | pat=99/200 | 3934s
  Epoch  299/1000 | train_loss=3.1278 | val_loss=4.0224 | rel_l2=0.1054 | best=0.0964 | lr=2.41e-04 | pat=100/200 | 3947s
  Epoch  300/1000 | train_loss=3.1321 | val_loss=3.9800 | rel_l2=0.1023 | best=0.0964 | lr=2.41e-04 | pat=101/200 | 3961s
  Epoch  301/1000 | train_loss=3.1245 | val_loss=3.9764 | rel_l2=0.1033 | best=0.0964 | lr=2.40e-04 | pat=102/200 | 3974s
  Epoch  302/1000 | train_loss=3.1215 | val_loss=3.9786 | rel_l2=0.1060 | best=0.0964 | lr=2.40e-04 | pat=103/200 | 3987s
  Epoch  303/1000 | train_loss=3.1093 | val_loss=3.9339 | rel_l2=0.1037 | best=0.0964 | lr=2.40e-04 | pat=104/200 | 4000s
  Epoch  304/1000 | train_loss=3.1189 | val_loss=4.0845 | rel_l2=0.1050 | best=0.0964 | lr=2.39e-04 | pat=105/200 | 4013s
  Epoch  305/1000 | train_loss=3.1175 | val_loss=4.0501 | rel_l2=0.1065 | best=0.0964 | lr=2.39e-04 | pat=106/200 | 4027s
  Epoch  306/1000 | train_loss=3.1079 | val_loss=3.9194 | rel_l2=0.0993 | best=0.0964 | lr=2.39e-04 | pat=107/200 | 4040s
  Epoch  307/1000 | train_loss=3.1053 | val_loss=3.9544 | rel_l2=0.1013 | best=0.0964 | lr=2.38e-04 | pat=108/200 | 4053s
  Epoch  308/1000 | train_loss=3.1147 | val_loss=4.0487 | rel_l2=0.1002 | best=0.0964 | lr=2.38e-04 | pat=109/200 | 4066s
  Epoch  309/1000 | train_loss=3.1029 | val_loss=3.9048 | rel_l2=0.0962 | best=0.0962 | lr=2.37e-04 | pat=0/200 | 4079s
  Epoch  310/1000 | train_loss=3.0964 | val_loss=3.9562 | rel_l2=0.0998 | best=0.0962 | lr=2.37e-04 | pat=1/200 | 4093s
  Epoch  311/1000 | train_loss=3.0972 | val_loss=3.8375 | rel_l2=0.1011 | best=0.0962 | lr=2.37e-04 | pat=2/200 | 4106s
  Epoch  312/1000 | train_loss=3.1028 | val_loss=3.8992 | rel_l2=0.1017 | best=0.0962 | lr=2.36e-04 | pat=3/200 | 4119s
  Epoch  313/1000 | train_loss=3.0882 | val_loss=3.9139 | rel_l2=0.1019 | best=0.0962 | lr=2.36e-04 | pat=4/200 | 4132s
  Epoch  314/1000 | train_loss=3.0907 | val_loss=3.9057 | rel_l2=0.0996 | best=0.0962 | lr=2.35e-04 | pat=5/200 | 4146s
  Epoch  315/1000 | train_loss=3.0862 | val_loss=3.9864 | rel_l2=0.0995 | best=0.0962 | lr=2.35e-04 | pat=6/200 | 4159s
  Epoch  316/1000 | train_loss=3.1025 | val_loss=3.8867 | rel_l2=0.0987 | best=0.0962 | lr=2.35e-04 | pat=7/200 | 4172s
  Epoch  317/1000 | train_loss=3.0811 | val_loss=4.0444 | rel_l2=0.1051 | best=0.0962 | lr=2.34e-04 | pat=8/200 | 4185s
  Epoch  318/1000 | train_loss=3.0754 | val_loss=3.9347 | rel_l2=0.1009 | best=0.0962 | lr=2.34e-04 | pat=9/200 | 4199s
  Epoch  319/1000 | train_loss=3.0750 | val_loss=3.9262 | rel_l2=0.0994 | best=0.0962 | lr=2.33e-04 | pat=10/200 | 4212s
  Epoch  320/1000 | train_loss=3.0751 | val_loss=4.0063 | rel_l2=0.1029 | best=0.0962 | lr=2.33e-04 | pat=11/200 | 4226s
  Epoch  321/1000 | train_loss=3.0763 | val_loss=3.9625 | rel_l2=0.1034 | best=0.0962 | lr=2.33e-04 | pat=12/200 | 4238s
  Epoch  322/1000 | train_loss=3.0788 | val_loss=3.9318 | rel_l2=0.0999 | best=0.0962 | lr=2.32e-04 | pat=13/200 | 4251s
  Epoch  323/1000 | train_loss=3.0690 | val_loss=3.9781 | rel_l2=0.1030 | best=0.0962 | lr=2.32e-04 | pat=14/200 | 4264s
  Epoch  324/1000 | train_loss=3.0553 | val_loss=3.9821 | rel_l2=0.1010 | best=0.0962 | lr=2.31e-04 | pat=15/200 | 4277s
  Epoch  325/1000 | train_loss=3.0655 | val_loss=3.9996 | rel_l2=0.1024 | best=0.0962 | lr=2.31e-04 | pat=16/200 | 4290s
  Epoch  326/1000 | train_loss=3.0569 | val_loss=3.9175 | rel_l2=0.1022 | best=0.0962 | lr=2.31e-04 | pat=17/200 | 4303s
  Epoch  327/1000 | train_loss=3.0599 | val_loss=3.9952 | rel_l2=0.1027 | best=0.0962 | lr=2.30e-04 | pat=18/200 | 4316s
  Epoch  328/1000 | train_loss=3.0600 | val_loss=4.0846 | rel_l2=0.1069 | best=0.0962 | lr=2.30e-04 | pat=19/200 | 4329s
  Epoch  329/1000 | train_loss=3.0527 | val_loss=4.0087 | rel_l2=0.1030 | best=0.0962 | lr=2.29e-04 | pat=20/200 | 4342s
  Epoch  330/1000 | train_loss=3.0546 | val_loss=3.9108 | rel_l2=0.1015 | best=0.0962 | lr=2.29e-04 | pat=21/200 | 4355s
  Epoch  331/1000 | train_loss=3.0514 | val_loss=3.8659 | rel_l2=0.1023 | best=0.0962 | lr=2.29e-04 | pat=22/200 | 4369s
  Epoch  332/1000 | train_loss=3.0451 | val_loss=3.9989 | rel_l2=0.1012 | best=0.0962 | lr=2.28e-04 | pat=23/200 | 4382s
  Epoch  333/1000 | train_loss=3.0422 | val_loss=3.9308 | rel_l2=0.0995 | best=0.0962 | lr=2.28e-04 | pat=24/200 | 4395s
  Epoch  334/1000 | train_loss=3.0438 | val_loss=3.8789 | rel_l2=0.1026 | best=0.0962 | lr=2.27e-04 | pat=25/200 | 4408s
  Epoch  335/1000 | train_loss=3.0386 | val_loss=4.0133 | rel_l2=0.1100 | best=0.0962 | lr=2.27e-04 | pat=26/200 | 4421s
  Epoch  336/1000 | train_loss=3.0481 | val_loss=3.9961 | rel_l2=0.1015 | best=0.0962 | lr=2.27e-04 | pat=27/200 | 4434s
  Epoch  337/1000 | train_loss=3.0337 | val_loss=4.0751 | rel_l2=0.1088 | best=0.0962 | lr=2.26e-04 | pat=28/200 | 4448s
  Epoch  338/1000 | train_loss=3.0347 | val_loss=3.9048 | rel_l2=0.1012 | best=0.0962 | lr=2.26e-04 | pat=29/200 | 4461s
  Epoch  339/1000 | train_loss=3.0309 | val_loss=3.9602 | rel_l2=0.1049 | best=0.0962 | lr=2.25e-04 | pat=30/200 | 4474s
  Epoch  340/1000 | train_loss=3.0317 | val_loss=4.1904 | rel_l2=0.1075 | best=0.0962 | lr=2.25e-04 | pat=31/200 | 4487s
  Epoch  341/1000 | train_loss=3.0266 | val_loss=4.0369 | rel_l2=0.1063 | best=0.0962 | lr=2.25e-04 | pat=32/200 | 4501s
  Epoch  342/1000 | train_loss=3.0306 | val_loss=3.8853 | rel_l2=0.0974 | best=0.0962 | lr=2.24e-04 | pat=33/200 | 4514s
  Epoch  343/1000 | train_loss=3.0243 | val_loss=4.0422 | rel_l2=0.1049 | best=0.0962 | lr=2.24e-04 | pat=34/200 | 4528s
  Epoch  344/1000 | train_loss=3.0171 | val_loss=3.9299 | rel_l2=0.1014 | best=0.0962 | lr=2.23e-04 | pat=35/200 | 4541s
  Epoch  345/1000 | train_loss=3.0197 | val_loss=3.8736 | rel_l2=0.1002 | best=0.0962 | lr=2.23e-04 | pat=36/200 | 4554s
  Epoch  346/1000 | train_loss=3.0174 | val_loss=4.0293 | rel_l2=0.1020 | best=0.0962 | lr=2.23e-04 | pat=37/200 | 4567s
  Epoch  347/1000 | train_loss=3.0104 | val_loss=4.0117 | rel_l2=0.0980 | best=0.0962 | lr=2.22e-04 | pat=38/200 | 4580s
  Epoch  348/1000 | train_loss=3.0144 | val_loss=3.9006 | rel_l2=0.0967 | best=0.0962 | lr=2.22e-04 | pat=39/200 | 4593s
  Epoch  349/1000 | train_loss=3.0048 | val_loss=3.8795 | rel_l2=0.1019 | best=0.0962 | lr=2.21e-04 | pat=40/200 | 4607s
  Epoch  350/1000 | train_loss=3.0063 | val_loss=3.9592 | rel_l2=0.1038 | best=0.0962 | lr=2.21e-04 | pat=41/200 | 4620s
  Epoch  351/1000 | train_loss=3.0062 | val_loss=3.9815 | rel_l2=0.1017 | best=0.0962 | lr=2.20e-04 | pat=42/200 | 4633s
  Epoch  352/1000 | train_loss=3.0080 | val_loss=3.8712 | rel_l2=0.0967 | best=0.0962 | lr=2.20e-04 | pat=43/200 | 4646s
  Epoch  353/1000 | train_loss=2.9942 | val_loss=3.8972 | rel_l2=0.0957 | best=0.0957 | lr=2.20e-04 | pat=0/200 | 4660s
  Epoch  354/1000 | train_loss=3.0005 | val_loss=3.9673 | rel_l2=0.1066 | best=0.0957 | lr=2.19e-04 | pat=1/200 | 4673s
  Epoch  355/1000 | train_loss=2.9970 | val_loss=3.9493 | rel_l2=0.1050 | best=0.0957 | lr=2.19e-04 | pat=2/200 | 4686s
  Epoch  356/1000 | train_loss=2.9917 | val_loss=3.9715 | rel_l2=0.0980 | best=0.0957 | lr=2.18e-04 | pat=3/200 | 4699s
  Epoch  357/1000 | train_loss=2.9885 | val_loss=3.8999 | rel_l2=0.1008 | best=0.0957 | lr=2.18e-04 | pat=4/200 | 4713s
  Epoch  358/1000 | train_loss=2.9906 | val_loss=3.8382 | rel_l2=0.0985 | best=0.0957 | lr=2.17e-04 | pat=5/200 | 4726s
  Epoch  359/1000 | train_loss=2.9874 | val_loss=4.0078 | rel_l2=0.0968 | best=0.0957 | lr=2.17e-04 | pat=6/200 | 4739s
  Epoch  360/1000 | train_loss=2.9876 | val_loss=3.8656 | rel_l2=0.0973 | best=0.0957 | lr=2.17e-04 | pat=7/200 | 4752s
  Epoch  361/1000 | train_loss=2.9829 | val_loss=3.9893 | rel_l2=0.1011 | best=0.0957 | lr=2.16e-04 | pat=8/200 | 4765s
  Epoch  362/1000 | train_loss=2.9817 | val_loss=3.8371 | rel_l2=0.0994 | best=0.0957 | lr=2.16e-04 | pat=9/200 | 4779s
  Epoch  363/1000 | train_loss=2.9741 | val_loss=3.8845 | rel_l2=0.0966 | best=0.0957 | lr=2.15e-04 | pat=10/200 | 4792s
  Epoch  364/1000 | train_loss=2.9728 | val_loss=3.8990 | rel_l2=0.1041 | best=0.0957 | lr=2.15e-04 | pat=11/200 | 4805s
  Epoch  365/1000 | train_loss=2.9782 | val_loss=3.8879 | rel_l2=0.1054 | best=0.0957 | lr=2.14e-04 | pat=12/200 | 4818s
  Epoch  366/1000 | train_loss=2.9719 | val_loss=3.8800 | rel_l2=0.0967 | best=0.0957 | lr=2.14e-04 | pat=13/200 | 4831s
  Epoch  367/1000 | train_loss=2.9708 | val_loss=3.8550 | rel_l2=0.1015 | best=0.0957 | lr=2.14e-04 | pat=14/200 | 4845s
  Epoch  368/1000 | train_loss=2.9659 | val_loss=4.1093 | rel_l2=0.1074 | best=0.0957 | lr=2.13e-04 | pat=15/200 | 4858s
  Epoch  369/1000 | train_loss=2.9608 | val_loss=3.8725 | rel_l2=0.0989 | best=0.0957 | lr=2.13e-04 | pat=16/200 | 4871s
  Epoch  370/1000 | train_loss=2.9670 | val_loss=3.9065 | rel_l2=0.0990 | best=0.0957 | lr=2.12e-04 | pat=17/200 | 4884s
  Epoch  371/1000 | train_loss=2.9736 | val_loss=3.8420 | rel_l2=0.1001 | best=0.0957 | lr=2.12e-04 | pat=18/200 | 4898s
  Epoch  372/1000 | train_loss=2.9587 | val_loss=3.8658 | rel_l2=0.0976 | best=0.0957 | lr=2.11e-04 | pat=19/200 | 4911s
  Epoch  373/1000 | train_loss=2.9552 | val_loss=4.0884 | rel_l2=0.1068 | best=0.0957 | lr=2.11e-04 | pat=20/200 | 4924s
  Epoch  374/1000 | train_loss=2.9589 | val_loss=3.9403 | rel_l2=0.1025 | best=0.0957 | lr=2.11e-04 | pat=21/200 | 4938s
  Epoch  375/1000 | train_loss=2.9553 | val_loss=3.8955 | rel_l2=0.0989 | best=0.0957 | lr=2.10e-04 | pat=22/200 | 4951s
  Epoch  376/1000 | train_loss=2.9471 | val_loss=3.9202 | rel_l2=0.1012 | best=0.0957 | lr=2.10e-04 | pat=23/200 | 4964s
  Epoch  377/1000 | train_loss=2.9528 | val_loss=3.8798 | rel_l2=0.1026 | best=0.0957 | lr=2.09e-04 | pat=24/200 | 4977s
  Epoch  378/1000 | train_loss=2.9451 | val_loss=3.9525 | rel_l2=0.0994 | best=0.0957 | lr=2.09e-04 | pat=25/200 | 4990s
  Epoch  379/1000 | train_loss=2.9494 | val_loss=3.9410 | rel_l2=0.1020 | best=0.0957 | lr=2.08e-04 | pat=26/200 | 5004s
  Epoch  380/1000 | train_loss=2.9439 | val_loss=3.8964 | rel_l2=0.1032 | best=0.0957 | lr=2.08e-04 | pat=27/200 | 5017s
  Epoch  381/1000 | train_loss=2.9419 | val_loss=3.9557 | rel_l2=0.1004 | best=0.0957 | lr=2.08e-04 | pat=28/200 | 5030s
  Epoch  382/1000 | train_loss=2.9394 | val_loss=3.9375 | rel_l2=0.0991 | best=0.0957 | lr=2.07e-04 | pat=29/200 | 5043s
  Epoch  383/1000 | train_loss=2.9428 | val_loss=3.8823 | rel_l2=0.0997 | best=0.0957 | lr=2.07e-04 | pat=30/200 | 5056s
  Epoch  384/1000 | train_loss=2.9338 | val_loss=3.9179 | rel_l2=0.0983 | best=0.0957 | lr=2.06e-04 | pat=31/200 | 5070s
  Epoch  385/1000 | train_loss=2.9341 | val_loss=3.9174 | rel_l2=0.1053 | best=0.0957 | lr=2.06e-04 | pat=32/200 | 5083s
  Epoch  386/1000 | train_loss=2.9296 | val_loss=3.8654 | rel_l2=0.0963 | best=0.0957 | lr=2.05e-04 | pat=33/200 | 5095s
  Epoch  387/1000 | train_loss=2.9328 | val_loss=3.8306 | rel_l2=0.0949 | best=0.0949 | lr=2.05e-04 | pat=0/200 | 5108s
  Epoch  388/1000 | train_loss=2.9312 | val_loss=3.9580 | rel_l2=0.1053 | best=0.0949 | lr=2.04e-04 | pat=1/200 | 5120s
  Epoch  389/1000 | train_loss=2.9325 | val_loss=3.8328 | rel_l2=0.0980 | best=0.0949 | lr=2.04e-04 | pat=2/200 | 5133s
  Epoch  390/1000 | train_loss=2.9261 | val_loss=3.8661 | rel_l2=0.1018 | best=0.0949 | lr=2.04e-04 | pat=3/200 | 5146s
  Epoch  391/1000 | train_loss=2.9151 | val_loss=3.9792 | rel_l2=0.1004 | best=0.0949 | lr=2.03e-04 | pat=4/200 | 5159s
  Epoch  392/1000 | train_loss=2.9223 | val_loss=3.8930 | rel_l2=0.1021 | best=0.0949 | lr=2.03e-04 | pat=5/200 | 5171s
  Epoch  393/1000 | train_loss=2.9143 | val_loss=3.8313 | rel_l2=0.0977 | best=0.0949 | lr=2.02e-04 | pat=6/200 | 5184s
  Epoch  394/1000 | train_loss=2.9131 | val_loss=3.8226 | rel_l2=0.0995 | best=0.0949 | lr=2.02e-04 | pat=7/200 | 5197s
  Epoch  395/1000 | train_loss=2.9114 | val_loss=3.8899 | rel_l2=0.1003 | best=0.0949 | lr=2.01e-04 | pat=8/200 | 5211s
  Epoch  396/1000 | train_loss=2.9134 | val_loss=3.9930 | rel_l2=0.1045 | best=0.0949 | lr=2.01e-04 | pat=9/200 | 5224s
  Epoch  397/1000 | train_loss=2.9228 | val_loss=3.8072 | rel_l2=0.0955 | best=0.0949 | lr=2.00e-04 | pat=10/200 | 5237s
  Epoch  398/1000 | train_loss=2.9098 | val_loss=3.9083 | rel_l2=0.0965 | best=0.0949 | lr=2.00e-04 | pat=11/200 | 5251s
  Epoch  399/1000 | train_loss=2.9093 | val_loss=3.8109 | rel_l2=0.0987 | best=0.0949 | lr=2.00e-04 | pat=12/200 | 5264s
  Epoch  400/1000 | train_loss=2.9033 | val_loss=3.8571 | rel_l2=0.0966 | best=0.0949 | lr=1.99e-04 | pat=13/200 | 5278s
  Epoch  401/1000 | train_loss=2.9002 | val_loss=3.9394 | rel_l2=0.1044 | best=0.0949 | lr=1.99e-04 | pat=14/200 | 5291s
  Epoch  402/1000 | train_loss=2.9025 | val_loss=3.7760 | rel_l2=0.0972 | best=0.0949 | lr=1.98e-04 | pat=15/200 | 5304s
  Epoch  403/1000 | train_loss=2.9081 | val_loss=3.9809 | rel_l2=0.1078 | best=0.0949 | lr=1.98e-04 | pat=16/200 | 5317s
  Epoch  404/1000 | train_loss=2.8948 | val_loss=3.8178 | rel_l2=0.0988 | best=0.0949 | lr=1.97e-04 | pat=17/200 | 5331s
  Epoch  405/1000 | train_loss=2.8945 | val_loss=3.7174 | rel_l2=0.0936 | best=0.0936 | lr=1.97e-04 | pat=0/200 | 5344s
  Epoch  406/1000 | train_loss=2.8940 | val_loss=3.8906 | rel_l2=0.1025 | best=0.0936 | lr=1.96e-04 | pat=1/200 | 5357s
  Epoch  407/1000 | train_loss=2.8954 | val_loss=3.8672 | rel_l2=0.0992 | best=0.0936 | lr=1.96e-04 | pat=2/200 | 5371s
  Epoch  408/1000 | train_loss=2.8964 | val_loss=3.9602 | rel_l2=0.1048 | best=0.0936 | lr=1.95e-04 | pat=3/200 | 5384s
  Epoch  409/1000 | train_loss=2.8899 | val_loss=3.8448 | rel_l2=0.0982 | best=0.0936 | lr=1.95e-04 | pat=4/200 | 5397s
  Epoch  410/1000 | train_loss=2.8870 | val_loss=3.9183 | rel_l2=0.1032 | best=0.0936 | lr=1.95e-04 | pat=5/200 | 5411s
  Epoch  411/1000 | train_loss=2.8957 | val_loss=3.8185 | rel_l2=0.0968 | best=0.0936 | lr=1.94e-04 | pat=6/200 | 5424s
  Epoch  412/1000 | train_loss=2.8850 | val_loss=3.8674 | rel_l2=0.1009 | best=0.0936 | lr=1.94e-04 | pat=7/200 | 5438s
  Epoch  413/1000 | train_loss=2.8809 | val_loss=3.8972 | rel_l2=0.0943 | best=0.0936 | lr=1.93e-04 | pat=8/200 | 5451s
  Epoch  414/1000 | train_loss=2.8847 | val_loss=3.9058 | rel_l2=0.1003 | best=0.0936 | lr=1.93e-04 | pat=9/200 | 5465s
  Epoch  415/1000 | train_loss=2.8771 | val_loss=3.8932 | rel_l2=0.1007 | best=0.0936 | lr=1.92e-04 | pat=10/200 | 5478s
  Epoch  416/1000 | train_loss=2.8820 | val_loss=3.8405 | rel_l2=0.1035 | best=0.0936 | lr=1.92e-04 | pat=11/200 | 5492s
  Epoch  417/1000 | train_loss=2.8809 | val_loss=3.9267 | rel_l2=0.1059 | best=0.0936 | lr=1.91e-04 | pat=12/200 | 5505s
  Epoch  418/1000 | train_loss=2.8694 | val_loss=3.8741 | rel_l2=0.1028 | best=0.0936 | lr=1.91e-04 | pat=13/200 | 5518s
  Epoch  419/1000 | train_loss=2.8718 | val_loss=3.8993 | rel_l2=0.1019 | best=0.0936 | lr=1.90e-04 | pat=14/200 | 5531s
  Epoch  420/1000 | train_loss=2.8721 | val_loss=3.9576 | rel_l2=0.1051 | best=0.0936 | lr=1.90e-04 | pat=15/200 | 5544s
  Epoch  421/1000 | train_loss=2.8654 | val_loss=3.8988 | rel_l2=0.0985 | best=0.0936 | lr=1.90e-04 | pat=16/200 | 5558s
  Epoch  422/1000 | train_loss=2.8686 | val_loss=3.9357 | rel_l2=0.1020 | best=0.0936 | lr=1.89e-04 | pat=17/200 | 5571s
  Epoch  423/1000 | train_loss=2.8607 | val_loss=3.8962 | rel_l2=0.1018 | best=0.0936 | lr=1.89e-04 | pat=18/200 | 5584s
  Epoch  424/1000 | train_loss=2.8700 | val_loss=3.8474 | rel_l2=0.1020 | best=0.0936 | lr=1.88e-04 | pat=19/200 | 5597s
  Epoch  425/1000 | train_loss=2.8601 | val_loss=3.8988 | rel_l2=0.1080 | best=0.0936 | lr=1.88e-04 | pat=20/200 | 5611s
  Epoch  426/1000 | train_loss=2.8620 | val_loss=3.8806 | rel_l2=0.0988 | best=0.0936 | lr=1.87e-04 | pat=21/200 | 5624s
  Epoch  427/1000 | train_loss=2.8568 | val_loss=3.8760 | rel_l2=0.0992 | best=0.0936 | lr=1.87e-04 | pat=22/200 | 5637s
  Epoch  428/1000 | train_loss=2.8594 | val_loss=3.8944 | rel_l2=0.1004 | best=0.0936 | lr=1.86e-04 | pat=23/200 | 5651s
  Epoch  429/1000 | train_loss=2.8562 | val_loss=3.9017 | rel_l2=0.1020 | best=0.0936 | lr=1.86e-04 | pat=24/200 | 5665s
  Epoch  430/1000 | train_loss=2.8509 | val_loss=3.8846 | rel_l2=0.1046 | best=0.0936 | lr=1.85e-04 | pat=25/200 | 5678s
  Epoch  431/1000 | train_loss=2.8564 | val_loss=3.9713 | rel_l2=0.1067 | best=0.0936 | lr=1.85e-04 | pat=26/200 | 5692s
  Epoch  432/1000 | train_loss=2.8519 | val_loss=3.9580 | rel_l2=0.1019 | best=0.0936 | lr=1.84e-04 | pat=27/200 | 5705s
  Epoch  433/1000 | train_loss=2.8514 | val_loss=3.8427 | rel_l2=0.1012 | best=0.0936 | lr=1.84e-04 | pat=28/200 | 5718s
  Epoch  434/1000 | train_loss=2.8487 | val_loss=3.8118 | rel_l2=0.0975 | best=0.0936 | lr=1.84e-04 | pat=29/200 | 5732s
  Epoch  435/1000 | train_loss=2.8464 | val_loss=3.9355 | rel_l2=0.1029 | best=0.0936 | lr=1.83e-04 | pat=30/200 | 5745s
  Epoch  436/1000 | train_loss=2.8418 | val_loss=3.9081 | rel_l2=0.1006 | best=0.0936 | lr=1.83e-04 | pat=31/200 | 5758s
  Epoch  437/1000 | train_loss=2.8461 | val_loss=3.7929 | rel_l2=0.0989 | best=0.0936 | lr=1.82e-04 | pat=32/200 | 5771s
  Epoch  438/1000 | train_loss=2.8415 | val_loss=3.7994 | rel_l2=0.0987 | best=0.0936 | lr=1.82e-04 | pat=33/200 | 5784s
  Epoch  439/1000 | train_loss=2.8379 | val_loss=3.8819 | rel_l2=0.1008 | best=0.0936 | lr=1.81e-04 | pat=34/200 | 5798s
  Epoch  440/1000 | train_loss=2.8389 | val_loss=3.8629 | rel_l2=0.0988 | best=0.0936 | lr=1.81e-04 | pat=35/200 | 5811s
  Epoch  441/1000 | train_loss=2.8428 | val_loss=3.8029 | rel_l2=0.0992 | best=0.0936 | lr=1.80e-04 | pat=36/200 | 5824s
  Epoch  442/1000 | train_loss=2.8342 | val_loss=3.8890 | rel_l2=0.1023 | best=0.0936 | lr=1.80e-04 | pat=37/200 | 5837s
  Epoch  443/1000 | train_loss=2.8331 | val_loss=3.9274 | rel_l2=0.0999 | best=0.0936 | lr=1.79e-04 | pat=38/200 | 5851s
  Epoch  444/1000 | train_loss=2.8292 | val_loss=3.8606 | rel_l2=0.1001 | best=0.0936 | lr=1.79e-04 | pat=39/200 | 5864s
  Epoch  445/1000 | train_loss=2.8321 | val_loss=3.8893 | rel_l2=0.1033 | best=0.0936 | lr=1.78e-04 | pat=40/200 | 5877s
  Epoch  446/1000 | train_loss=2.8287 | val_loss=3.8733 | rel_l2=0.0966 | best=0.0936 | lr=1.78e-04 | pat=41/200 | 5890s
  Epoch  447/1000 | train_loss=2.8254 | val_loss=3.9665 | rel_l2=0.1059 | best=0.0936 | lr=1.77e-04 | pat=42/200 | 5904s
  Epoch  448/1000 | train_loss=2.8304 | val_loss=3.8441 | rel_l2=0.1010 | best=0.0936 | lr=1.77e-04 | pat=43/200 | 5917s
  Epoch  449/1000 | train_loss=2.8216 | val_loss=3.8975 | rel_l2=0.1010 | best=0.0936 | lr=1.77e-04 | pat=44/200 | 5930s
  Epoch  450/1000 | train_loss=2.8177 | val_loss=3.9703 | rel_l2=0.1031 | best=0.0936 | lr=1.76e-04 | pat=45/200 | 5943s
  Epoch  451/1000 | train_loss=2.8197 | val_loss=3.8270 | rel_l2=0.1002 | best=0.0936 | lr=1.76e-04 | pat=46/200 | 5958s
  Epoch  452/1000 | train_loss=2.8191 | val_loss=3.8734 | rel_l2=0.1003 | best=0.0936 | lr=1.75e-04 | pat=47/200 | 5971s
  Epoch  453/1000 | train_loss=2.8228 | val_loss=3.8234 | rel_l2=0.1000 | best=0.0936 | lr=1.75e-04 | pat=48/200 | 5984s
  Epoch  454/1000 | train_loss=2.8135 | val_loss=3.8786 | rel_l2=0.1046 | best=0.0936 | lr=1.74e-04 | pat=49/200 | 5998s
  Epoch  455/1000 | train_loss=2.8131 | val_loss=3.8231 | rel_l2=0.1009 | best=0.0936 | lr=1.74e-04 | pat=50/200 | 6011s
  Epoch  456/1000 | train_loss=2.8164 | val_loss=3.8748 | rel_l2=0.1002 | best=0.0936 | lr=1.73e-04 | pat=51/200 | 6024s
  Epoch  457/1000 | train_loss=2.8140 | val_loss=3.9283 | rel_l2=0.1007 | best=0.0936 | lr=1.73e-04 | pat=52/200 | 6038s
  Epoch  458/1000 | train_loss=2.8109 | val_loss=3.9483 | rel_l2=0.1028 | best=0.0936 | lr=1.72e-04 | pat=53/200 | 6051s
  Epoch  459/1000 | train_loss=2.8082 | val_loss=3.9376 | rel_l2=0.1054 | best=0.0936 | lr=1.72e-04 | pat=54/200 | 6064s
  Epoch  460/1000 | train_loss=2.8075 | val_loss=4.0415 | rel_l2=0.1067 | best=0.0936 | lr=1.71e-04 | pat=55/200 | 6078s
  Epoch  461/1000 | train_loss=2.8067 | val_loss=3.8181 | rel_l2=0.1013 | best=0.0936 | lr=1.71e-04 | pat=56/200 | 6091s
  Epoch  462/1000 | train_loss=2.8087 | val_loss=3.8822 | rel_l2=0.1044 | best=0.0936 | lr=1.70e-04 | pat=57/200 | 6105s
  Epoch  463/1000 | train_loss=2.8037 | val_loss=3.8639 | rel_l2=0.1030 | best=0.0936 | lr=1.70e-04 | pat=58/200 | 6118s
  Epoch  464/1000 | train_loss=2.8006 | val_loss=3.8241 | rel_l2=0.1016 | best=0.0936 | lr=1.69e-04 | pat=59/200 | 6131s
  Epoch  465/1000 | train_loss=2.8013 | val_loss=3.9164 | rel_l2=0.1044 | best=0.0936 | lr=1.69e-04 | pat=60/200 | 6145s
  Epoch  466/1000 | train_loss=2.7996 | val_loss=3.8554 | rel_l2=0.1002 | best=0.0936 | lr=1.69e-04 | pat=61/200 | 6158s
  Epoch  467/1000 | train_loss=2.7989 | val_loss=3.8616 | rel_l2=0.0995 | best=0.0936 | lr=1.68e-04 | pat=62/200 | 6171s
  Epoch  468/1000 | train_loss=2.7920 | val_loss=3.8268 | rel_l2=0.0971 | best=0.0936 | lr=1.68e-04 | pat=63/200 | 6184s
  Epoch  469/1000 | train_loss=2.7967 | val_loss=3.7124 | rel_l2=0.0952 | best=0.0936 | lr=1.67e-04 | pat=64/200 | 6199s
  Epoch  470/1000 | train_loss=2.7959 | val_loss=3.8661 | rel_l2=0.1022 | best=0.0936 | lr=1.67e-04 | pat=65/200 | 6212s
  Epoch  471/1000 | train_loss=2.7905 | val_loss=3.9778 | rel_l2=0.1018 | best=0.0936 | lr=1.66e-04 | pat=66/200 | 6225s
  Epoch  472/1000 | train_loss=2.7912 | val_loss=3.8339 | rel_l2=0.1007 | best=0.0936 | lr=1.66e-04 | pat=67/200 | 6239s
  Epoch  473/1000 | train_loss=2.7919 | val_loss=3.9713 | rel_l2=0.1064 | best=0.0936 | lr=1.65e-04 | pat=68/200 | 6252s
  Epoch  474/1000 | train_loss=2.7883 | val_loss=3.8839 | rel_l2=0.1031 | best=0.0936 | lr=1.65e-04 | pat=69/200 | 6266s
  Epoch  475/1000 | train_loss=2.7842 | val_loss=3.9007 | rel_l2=0.1033 | best=0.0936 | lr=1.64e-04 | pat=70/200 | 6279s
  Epoch  476/1000 | train_loss=2.7819 | val_loss=3.8882 | rel_l2=0.1020 | best=0.0936 | lr=1.64e-04 | pat=71/200 | 6292s
  Epoch  477/1000 | train_loss=2.7816 | val_loss=4.0001 | rel_l2=0.1039 | best=0.0936 | lr=1.63e-04 | pat=72/200 | 6305s
  Epoch  478/1000 | train_loss=2.7869 | val_loss=3.9736 | rel_l2=0.1040 | best=0.0936 | lr=1.63e-04 | pat=73/200 | 6319s
  Epoch  479/1000 | train_loss=2.7803 | val_loss=3.8415 | rel_l2=0.0986 | best=0.0936 | lr=1.62e-04 | pat=74/200 | 6332s
  Epoch  480/1000 | train_loss=2.7801 | val_loss=3.8742 | rel_l2=0.1023 | best=0.0936 | lr=1.62e-04 | pat=75/200 | 6345s
  Epoch  481/1000 | train_loss=2.7782 | val_loss=3.8358 | rel_l2=0.1037 | best=0.0936 | lr=1.61e-04 | pat=76/200 | 6358s
  Epoch  482/1000 | train_loss=2.7725 | val_loss=3.8760 | rel_l2=0.1020 | best=0.0936 | lr=1.61e-04 | pat=77/200 | 6371s
  Epoch  483/1000 | train_loss=2.7738 | val_loss=3.8844 | rel_l2=0.1029 | best=0.0936 | lr=1.60e-04 | pat=78/200 | 6385s
  Epoch  484/1000 | train_loss=2.7725 | val_loss=3.9130 | rel_l2=0.1031 | best=0.0936 | lr=1.60e-04 | pat=79/200 | 6398s
  Epoch  485/1000 | train_loss=2.7739 | val_loss=3.9218 | rel_l2=0.1022 | best=0.0936 | lr=1.60e-04 | pat=80/200 | 6411s
  Epoch  486/1000 | train_loss=2.7737 | val_loss=3.9263 | rel_l2=0.1041 | best=0.0936 | lr=1.59e-04 | pat=81/200 | 6425s
  Epoch  487/1000 | train_loss=2.7642 | val_loss=3.9207 | rel_l2=0.1028 | best=0.0936 | lr=1.59e-04 | pat=82/200 | 6438s
  Epoch  488/1000 | train_loss=2.7715 | val_loss=3.8816 | rel_l2=0.1016 | best=0.0936 | lr=1.58e-04 | pat=83/200 | 6451s
  Epoch  489/1000 | train_loss=2.7643 | val_loss=3.9652 | rel_l2=0.1062 | best=0.0936 | lr=1.58e-04 | pat=84/200 | 6464s
  Epoch  490/1000 | train_loss=2.7664 | val_loss=3.9440 | rel_l2=0.1025 | best=0.0936 | lr=1.57e-04 | pat=85/200 | 6477s
  Epoch  491/1000 | train_loss=2.7641 | val_loss=3.8680 | rel_l2=0.1021 | best=0.0936 | lr=1.57e-04 | pat=86/200 | 6490s
  Epoch  492/1000 | train_loss=2.7630 | val_loss=3.8383 | rel_l2=0.1003 | best=0.0936 | lr=1.56e-04 | pat=87/200 | 6502s
  Epoch  493/1000 | train_loss=2.7601 | val_loss=3.9305 | rel_l2=0.0996 | best=0.0936 | lr=1.56e-04 | pat=88/200 | 6515s
  Epoch  494/1000 | train_loss=2.7577 | val_loss=3.8532 | rel_l2=0.1003 | best=0.0936 | lr=1.55e-04 | pat=89/200 | 6528s
  Epoch  495/1000 | train_loss=2.7614 | val_loss=3.8856 | rel_l2=0.1017 | best=0.0936 | lr=1.55e-04 | pat=90/200 | 6541s
  Epoch  496/1000 | train_loss=2.7574 | val_loss=3.8837 | rel_l2=0.1037 | best=0.0936 | lr=1.54e-04 | pat=91/200 | 6554s
  Epoch  497/1000 | train_loss=2.7542 | val_loss=3.9172 | rel_l2=0.1005 | best=0.0936 | lr=1.54e-04 | pat=92/200 | 6568s
  Epoch  498/1000 | train_loss=2.7553 | val_loss=3.8671 | rel_l2=0.1023 | best=0.0936 | lr=1.53e-04 | pat=93/200 | 6581s
  Epoch  499/1000 | train_loss=2.7508 | val_loss=3.9086 | rel_l2=0.1033 | best=0.0936 | lr=1.53e-04 | pat=94/200 | 6594s
  Epoch  500/1000 | train_loss=2.7484 | val_loss=3.9346 | rel_l2=0.1004 | best=0.0936 | lr=1.52e-04 | pat=95/200 | 6607s
  Epoch  501/1000 | train_loss=2.7495 | val_loss=3.8995 | rel_l2=0.1021 | best=0.0936 | lr=1.52e-04 | pat=96/200 | 6621s
  Epoch  502/1000 | train_loss=2.7497 | val_loss=3.8685 | rel_l2=0.1030 | best=0.0936 | lr=1.51e-04 | pat=97/200 | 6634s
  Epoch  503/1000 | train_loss=2.7463 | val_loss=3.8677 | rel_l2=0.1034 | best=0.0936 | lr=1.51e-04 | pat=98/200 | 6647s
  Epoch  504/1000 | train_loss=2.7445 | val_loss=3.8457 | rel_l2=0.0999 | best=0.0936 | lr=1.50e-04 | pat=99/200 | 6660s
  Epoch  505/1000 | train_loss=2.7495 | val_loss=3.8643 | rel_l2=0.1045 | best=0.0936 | lr=1.50e-04 | pat=100/200 | 6674s
  Epoch  506/1000 | train_loss=2.7413 | val_loss=3.8796 | rel_l2=0.1029 | best=0.0936 | lr=1.50e-04 | pat=101/200 | 6687s
  Epoch  507/1000 | train_loss=2.7447 | val_loss=3.9025 | rel_l2=0.1030 | best=0.0936 | lr=1.49e-04 | pat=102/200 | 6701s
  Epoch  508/1000 | train_loss=2.7391 | val_loss=3.9419 | rel_l2=0.0995 | best=0.0936 | lr=1.49e-04 | pat=103/200 | 6714s
  Epoch  509/1000 | train_loss=2.7388 | val_loss=3.8309 | rel_l2=0.0993 | best=0.0936 | lr=1.48e-04 | pat=104/200 | 6728s
  Epoch  510/1000 | train_loss=2.7355 | val_loss=3.9560 | rel_l2=0.1031 | best=0.0936 | lr=1.48e-04 | pat=105/200 | 6742s
  Epoch  511/1000 | train_loss=2.7371 | val_loss=3.8775 | rel_l2=0.1035 | best=0.0936 | lr=1.47e-04 | pat=106/200 | 6755s
  Epoch  512/1000 | train_loss=2.7349 | val_loss=3.9020 | rel_l2=0.1050 | best=0.0936 | lr=1.47e-04 | pat=107/200 | 6769s
  Epoch  513/1000 | train_loss=2.7358 | val_loss=4.0351 | rel_l2=0.1092 | best=0.0936 | lr=1.46e-04 | pat=108/200 | 6782s
  Epoch  514/1000 | train_loss=2.7352 | val_loss=3.9733 | rel_l2=0.1017 | best=0.0936 | lr=1.46e-04 | pat=109/200 | 6795s
  Epoch  515/1000 | train_loss=2.7320 | val_loss=3.8261 | rel_l2=0.1010 | best=0.0936 | lr=1.45e-04 | pat=110/200 | 6808s
  Epoch  516/1000 | train_loss=2.7298 | val_loss=3.8867 | rel_l2=0.1039 | best=0.0936 | lr=1.45e-04 | pat=111/200 | 6821s
  Epoch  517/1000 | train_loss=2.7331 | val_loss=3.9828 | rel_l2=0.1048 | best=0.0936 | lr=1.44e-04 | pat=112/200 | 6835s
  Epoch  518/1000 | train_loss=2.7324 | val_loss=3.8602 | rel_l2=0.1010 | best=0.0936 | lr=1.44e-04 | pat=113/200 | 6847s
  Epoch  519/1000 | train_loss=2.7252 | val_loss=3.8893 | rel_l2=0.1045 | best=0.0936 | lr=1.43e-04 | pat=114/200 | 6860s
  Epoch  520/1000 | train_loss=2.7294 | val_loss=3.8965 | rel_l2=0.1012 | best=0.0936 | lr=1.43e-04 | pat=115/200 | 6873s
  Epoch  521/1000 | train_loss=2.7245 | val_loss=3.9083 | rel_l2=0.1023 | best=0.0936 | lr=1.42e-04 | pat=116/200 | 6886s
  Epoch  522/1000 | train_loss=2.7255 | val_loss=3.8914 | rel_l2=0.1041 | best=0.0936 | lr=1.42e-04 | pat=117/200 | 6899s
  Epoch  523/1000 | train_loss=2.7228 | val_loss=3.9123 | rel_l2=0.1017 | best=0.0936 | lr=1.41e-04 | pat=118/200 | 6911s
  Epoch  524/1000 | train_loss=2.7226 | val_loss=3.9220 | rel_l2=0.1013 | best=0.0936 | lr=1.41e-04 | pat=119/200 | 6924s
  Epoch  525/1000 | train_loss=2.7207 | val_loss=3.8432 | rel_l2=0.0985 | best=0.0936 | lr=1.40e-04 | pat=120/200 | 6937s
  Epoch  526/1000 | train_loss=2.7163 | val_loss=3.8697 | rel_l2=0.1024 | best=0.0936 | lr=1.40e-04 | pat=121/200 | 6950s
  Epoch  527/1000 | train_loss=2.7182 | val_loss=3.8506 | rel_l2=0.0968 | best=0.0936 | lr=1.40e-04 | pat=122/200 | 6962s
  Epoch  528/1000 | train_loss=2.7164 | val_loss=3.9250 | rel_l2=0.1052 | best=0.0936 | lr=1.39e-04 | pat=123/200 | 6975s
  Epoch  529/1000 | train_loss=2.7125 | val_loss=3.9085 | rel_l2=0.0999 | best=0.0936 | lr=1.39e-04 | pat=124/200 | 6988s
  Epoch  530/1000 | train_loss=2.7131 | val_loss=3.8840 | rel_l2=0.1036 | best=0.0936 | lr=1.38e-04 | pat=125/200 | 7001s
  Epoch  531/1000 | train_loss=2.7090 | val_loss=3.7965 | rel_l2=0.0991 | best=0.0936 | lr=1.38e-04 | pat=126/200 | 7014s
  Epoch  532/1000 | train_loss=2.7119 | val_loss=3.9399 | rel_l2=0.1051 | best=0.0936 | lr=1.37e-04 | pat=127/200 | 7027s
  Epoch  533/1000 | train_loss=2.7134 | val_loss=3.8806 | rel_l2=0.1018 | best=0.0936 | lr=1.37e-04 | pat=128/200 | 7039s
  Epoch  534/1000 | train_loss=2.7074 | val_loss=3.8954 | rel_l2=0.1024 | best=0.0936 | lr=1.36e-04 | pat=129/200 | 7052s
  Epoch  535/1000 | train_loss=2.7055 | val_loss=3.8800 | rel_l2=0.1045 | best=0.0936 | lr=1.36e-04 | pat=130/200 | 7065s
  Epoch  536/1000 | train_loss=2.7085 | val_loss=3.8865 | rel_l2=0.1034 | best=0.0936 | lr=1.35e-04 | pat=131/200 | 7077s
  Epoch  537/1000 | train_loss=2.7055 | val_loss=3.9461 | rel_l2=0.1003 | best=0.0936 | lr=1.35e-04 | pat=132/200 | 7090s
  Epoch  538/1000 | train_loss=2.7020 | val_loss=3.9311 | rel_l2=0.1031 | best=0.0936 | lr=1.34e-04 | pat=133/200 | 7103s
  Epoch  539/1000 | train_loss=2.7037 | val_loss=3.8290 | rel_l2=0.1014 | best=0.0936 | lr=1.34e-04 | pat=134/200 | 7116s
  Epoch  540/1000 | train_loss=2.7026 | val_loss=3.9730 | rel_l2=0.1061 | best=0.0936 | lr=1.33e-04 | pat=135/200 | 7128s
  Epoch  541/1000 | train_loss=2.6998 | val_loss=3.9294 | rel_l2=0.1037 | best=0.0936 | lr=1.33e-04 | pat=136/200 | 7141s
  Epoch  542/1000 | train_loss=2.6988 | val_loss=3.9071 | rel_l2=0.1039 | best=0.0936 | lr=1.32e-04 | pat=137/200 | 7154s
  Epoch  543/1000 | train_loss=2.6981 | val_loss=3.9106 | rel_l2=0.1023 | best=0.0936 | lr=1.32e-04 | pat=138/200 | 7167s
  Epoch  544/1000 | train_loss=2.6981 | val_loss=3.9335 | rel_l2=0.1008 | best=0.0936 | lr=1.31e-04 | pat=139/200 | 7179s
  Epoch  545/1000 | train_loss=2.6959 | val_loss=3.8528 | rel_l2=0.1002 | best=0.0936 | lr=1.31e-04 | pat=140/200 | 7192s
  Epoch  546/1000 | train_loss=2.6967 | val_loss=3.9097 | rel_l2=0.1057 | best=0.0936 | lr=1.31e-04 | pat=141/200 | 7205s
  Epoch  547/1000 | train_loss=2.6945 | val_loss=3.8633 | rel_l2=0.1016 | best=0.0936 | lr=1.30e-04 | pat=142/200 | 7218s
  Epoch  548/1000 | train_loss=2.6945 | val_loss=3.9078 | rel_l2=0.1045 | best=0.0936 | lr=1.30e-04 | pat=143/200 | 7231s
  Epoch  549/1000 | train_loss=2.6892 | val_loss=3.8064 | rel_l2=0.0983 | best=0.0936 | lr=1.29e-04 | pat=144/200 | 7244s
  Epoch  550/1000 | train_loss=2.6894 | val_loss=3.8721 | rel_l2=0.1030 | best=0.0936 | lr=1.29e-04 | pat=145/200 | 7256s
  Epoch  551/1000 | train_loss=2.6906 | val_loss=3.9053 | rel_l2=0.1035 | best=0.0936 | lr=1.28e-04 | pat=146/200 | 7269s
  Epoch  552/1000 | train_loss=2.6871 | val_loss=3.9037 | rel_l2=0.1053 | best=0.0936 | lr=1.28e-04 | pat=147/200 | 7282s
  Epoch  553/1000 | train_loss=2.6870 | val_loss=3.8930 | rel_l2=0.1026 | best=0.0936 | lr=1.27e-04 | pat=148/200 | 7294s
  Epoch  554/1000 | train_loss=2.6842 | val_loss=3.9266 | rel_l2=0.1036 | best=0.0936 | lr=1.27e-04 | pat=149/200 | 7307s
  Epoch  555/1000 | train_loss=2.6862 | val_loss=3.8377 | rel_l2=0.1013 | best=0.0936 | lr=1.26e-04 | pat=150/200 | 7320s
  Epoch  556/1000 | train_loss=2.6819 | val_loss=3.8725 | rel_l2=0.1035 | best=0.0936 | lr=1.26e-04 | pat=151/200 | 7332s
  Epoch  557/1000 | train_loss=2.6813 | val_loss=3.9685 | rel_l2=0.1051 | best=0.0936 | lr=1.25e-04 | pat=152/200 | 7345s
  Epoch  558/1000 | train_loss=2.6797 | val_loss=3.8455 | rel_l2=0.1019 | best=0.0936 | lr=1.25e-04 | pat=153/200 | 7358s
  Epoch  559/1000 | train_loss=2.6792 | val_loss=3.9984 | rel_l2=0.1053 | best=0.0936 | lr=1.24e-04 | pat=154/200 | 7371s
  Epoch  560/1000 | train_loss=2.6822 | val_loss=3.8325 | rel_l2=0.1022 | best=0.0936 | lr=1.24e-04 | pat=155/200 | 7384s
  Epoch  561/1000 | train_loss=2.6770 | val_loss=3.9358 | rel_l2=0.1045 | best=0.0936 | lr=1.23e-04 | pat=156/200 | 7397s
  Epoch  562/1000 | train_loss=2.6763 | val_loss=3.9001 | rel_l2=0.1038 | best=0.0936 | lr=1.23e-04 | pat=157/200 | 7410s
  Epoch  563/1000 | train_loss=2.6744 | val_loss=3.8379 | rel_l2=0.1021 | best=0.0936 | lr=1.23e-04 | pat=158/200 | 7424s
  Epoch  564/1000 | train_loss=2.6759 | val_loss=3.8901 | rel_l2=0.1025 | best=0.0936 | lr=1.22e-04 | pat=159/200 | 7437s
  Epoch  565/1000 | train_loss=2.6770 | val_loss=3.8672 | rel_l2=0.1013 | best=0.0936 | lr=1.22e-04 | pat=160/200 | 7451s
  Epoch  566/1000 | train_loss=2.6717 | val_loss=3.9101 | rel_l2=0.1033 | best=0.0936 | lr=1.21e-04 | pat=161/200 | 7466s
  Epoch  567/1000 | train_loss=2.6711 | val_loss=3.9533 | rel_l2=0.1023 | best=0.0936 | lr=1.21e-04 | pat=162/200 | 7479s
  Epoch  568/1000 | train_loss=2.6711 | val_loss=3.8574 | rel_l2=0.1024 | best=0.0936 | lr=1.20e-04 | pat=163/200 | 7493s
  Epoch  569/1000 | train_loss=2.6679 | val_loss=3.8603 | rel_l2=0.1012 | best=0.0936 | lr=1.20e-04 | pat=164/200 | 7506s
  Epoch  570/1000 | train_loss=2.6677 | val_loss=3.9460 | rel_l2=0.1053 | best=0.0936 | lr=1.19e-04 | pat=165/200 | 7519s
  Epoch  571/1000 | train_loss=2.6702 | val_loss=3.9312 | rel_l2=0.1055 | best=0.0936 | lr=1.19e-04 | pat=166/200 | 7532s
  Epoch  572/1000 | train_loss=2.6644 | val_loss=3.9667 | rel_l2=0.1052 | best=0.0936 | lr=1.18e-04 | pat=167/200 | 7545s
  Epoch  573/1000 | train_loss=2.6652 | val_loss=3.9410 | rel_l2=0.1051 | best=0.0936 | lr=1.18e-04 | pat=168/200 | 7558s
  Epoch  574/1000 | train_loss=2.6657 | val_loss=3.8482 | rel_l2=0.1024 | best=0.0936 | lr=1.17e-04 | pat=169/200 | 7571s
  Epoch  575/1000 | train_loss=2.6609 | val_loss=3.9750 | rel_l2=0.1047 | best=0.0936 | lr=1.17e-04 | pat=170/200 | 7584s
  Epoch  576/1000 | train_loss=2.6615 | val_loss=3.9149 | rel_l2=0.1065 | best=0.0936 | lr=1.16e-04 | pat=171/200 | 7597s
  Epoch  577/1000 | train_loss=2.6602 | val_loss=3.9124 | rel_l2=0.1031 | best=0.0936 | lr=1.16e-04 | pat=172/200 | 7609s
  Epoch  578/1000 | train_loss=2.6569 | val_loss=3.9395 | rel_l2=0.1052 | best=0.0936 | lr=1.16e-04 | pat=173/200 | 7622s
  Epoch  579/1000 | train_loss=2.6602 | val_loss=3.8953 | rel_l2=0.1034 | best=0.0936 | lr=1.15e-04 | pat=174/200 | 7635s
  Epoch  580/1000 | train_loss=2.6563 | val_loss=3.8680 | rel_l2=0.1020 | best=0.0936 | lr=1.15e-04 | pat=175/200 | 7648s
  Epoch  581/1000 | train_loss=2.6575 | val_loss=3.8978 | rel_l2=0.1036 | best=0.0936 | lr=1.14e-04 | pat=176/200 | 7661s
  Epoch  582/1000 | train_loss=2.6574 | val_loss=3.9515 | rel_l2=0.1053 | best=0.0936 | lr=1.14e-04 | pat=177/200 | 7674s
  Epoch  583/1000 | train_loss=2.6525 | val_loss=3.8392 | rel_l2=0.1005 | best=0.0936 | lr=1.13e-04 | pat=178/200 | 7687s
  Epoch  584/1000 | train_loss=2.6513 | val_loss=3.9224 | rel_l2=0.1060 | best=0.0936 | lr=1.13e-04 | pat=179/200 | 7700s
  Epoch  585/1000 | train_loss=2.6527 | val_loss=3.9073 | rel_l2=0.1030 | best=0.0936 | lr=1.12e-04 | pat=180/200 | 7713s
  Epoch  586/1000 | train_loss=2.6512 | val_loss=3.9130 | rel_l2=0.1033 | best=0.0936 | lr=1.12e-04 | pat=181/200 | 7726s
  Epoch  587/1000 | train_loss=2.6525 | val_loss=3.9073 | rel_l2=0.1042 | best=0.0936 | lr=1.11e-04 | pat=182/200 | 7739s
  Epoch  588/1000 | train_loss=2.6484 | val_loss=3.9314 | rel_l2=0.1038 | best=0.0936 | lr=1.11e-04 | pat=183/200 | 7752s
  Epoch  589/1000 | train_loss=2.6487 | val_loss=3.9627 | rel_l2=0.1051 | best=0.0936 | lr=1.10e-04 | pat=184/200 | 7766s
  Epoch  590/1000 | train_loss=2.6463 | val_loss=3.8772 | rel_l2=0.1011 | best=0.0936 | lr=1.10e-04 | pat=185/200 | 7779s
  Epoch  591/1000 | train_loss=2.6471 | val_loss=3.8505 | rel_l2=0.1006 | best=0.0936 | lr=1.10e-04 | pat=186/200 | 7793s
  Epoch  592/1000 | train_loss=2.6460 | val_loss=3.9411 | rel_l2=0.1050 | best=0.0936 | lr=1.09e-04 | pat=187/200 | 7806s
  Epoch  593/1000 | train_loss=2.6454 | val_loss=3.8423 | rel_l2=0.1025 | best=0.0936 | lr=1.09e-04 | pat=188/200 | 7819s
  Epoch  594/1000 | train_loss=2.6453 | val_loss=3.9159 | rel_l2=0.1032 | best=0.0936 | lr=1.08e-04 | pat=189/200 | 7832s
  Epoch  595/1000 | train_loss=2.6420 | val_loss=3.8492 | rel_l2=0.1004 | best=0.0936 | lr=1.08e-04 | pat=190/200 | 7846s
  Epoch  596/1000 | train_loss=2.6404 | val_loss=3.8563 | rel_l2=0.1028 | best=0.0936 | lr=1.07e-04 | pat=191/200 | 7859s
  Epoch  597/1000 | train_loss=2.6397 | val_loss=3.8486 | rel_l2=0.1018 | best=0.0936 | lr=1.07e-04 | pat=192/200 | 7873s
  Epoch  598/1000 | train_loss=2.6410 | val_loss=3.8744 | rel_l2=0.1016 | best=0.0936 | lr=1.06e-04 | pat=193/200 | 7887s
  Epoch  599/1000 | train_loss=2.6386 | val_loss=3.9220 | rel_l2=0.1060 | best=0.0936 | lr=1.06e-04 | pat=194/200 | 7900s
  Epoch  600/1000 | train_loss=2.6372 | val_loss=3.8858 | rel_l2=0.1037 | best=0.0936 | lr=1.05e-04 | pat=195/200 | 7913s
  Epoch  601/1000 | train_loss=2.6372 | val_loss=3.9072 | rel_l2=0.1027 | best=0.0936 | lr=1.05e-04 | pat=196/200 | 7926s
  Epoch  602/1000 | train_loss=2.6383 | val_loss=3.8471 | rel_l2=0.1016 | best=0.0936 | lr=1.05e-04 | pat=197/200 | 7940s
  Epoch  603/1000 | train_loss=2.6335 | val_loss=3.8251 | rel_l2=0.1025 | best=0.0936 | lr=1.04e-04 | pat=198/200 | 7953s
  Epoch  604/1000 | train_loss=2.6332 | val_loss=3.8884 | rel_l2=0.1020 | best=0.0936 | lr=1.04e-04 | pat=199/200 | 7966s
  Epoch  605/1000 | train_loss=2.6311 | val_loss=3.8926 | rel_l2=0.1029 | best=0.0936 | lr=1.03e-04 | pat=200/200 | 7980s
  Early stopping at epoch 605 (no improvement for 200 epochs)

Training complete in 7981.6s
  val_relative_l2:   0.0997
  train_relative_l2: 0.0769

=== VERIFICATION GATE ===
  WARN: test_relative_l2 = 0.1003 >= 0.05
  FAIL: test_relative_l2 = 0.1003 >= 0.10 (hard fail)
  PASS: no severe overfitting (val/train = 1.48)
  WARN: chi_e relative_l2 = 0.1179 >= 0.10
  PASS: chi_i relative_l2 = 0.0937
  WARN: D_e relative_l2 = 0.1360 >= 0.10
  PASS: all predictions finite and non-negative

  VERIFICATION FAILED — weights NOT saved.
  Try: --epochs 1000 --lr 1e-4 --hidden-dims 512,256
