=== SCPN Fusion Core — Neural Transport Training (QLKNN-10D) ===
Data:    /workspace/scpn-fusion-core/data/qlknn10d_processed
Output:  /workspace/scpn-fusion-core/weights/neural_transport_qlknn.npz
Arch:    auto -> 1024 -> 512 -> 256 -> 3
Epochs:  1000
LR:      0.0003
Batch:   8192

Data is GB-normalized (raw gyro-Bohm fluxes, no chi_gb multiplication)
Added derived features: ITG excess, TEM excess -> 14D input
  Base input includes Ti_Te (col 10) and Nustar (col 11)

Data loaded: train=(8999959, 14), val=(499997, 14), test=(499999, 14)
Y ranges: chi_e=[0.00, 498.56], chi_i=[0.00, 1058.84], D_e=[0.00, 88.38]

Training on GB-normalized targets (loss in GB space, eval in physical space)
Y train ranges: [0.000, 498.563], [0.000, 1058.839], [0.000, 88.383]

--- Training ---
JAX backend: GPU (cuda:0)
  Output scale (P90): [43.0489933  72.51943665  7.25205994]
  Output bias init: [-1.85643334 -2.03539171 -2.41128238] (target mean: [6.24915201 8.90352912 0.62297083])
  Channel-balanced MSE: inv_scale^2 = [0.0005396  0.00019015 0.01901416]
  Epoch    0/1000 | train_loss=0.0428 | val_loss=0.0277 | rel_l2=0.3823 | best=0.3823 | lr=3.00e-05 | pat=0/200 | 22s
  Epoch    1/1000 | train_loss=0.0223 | val_loss=0.0174 | rel_l2=0.2812 | best=0.2812 | lr=6.00e-05 | pat=0/200 | 37s
  Epoch    2/1000 | train_loss=0.0150 | val_loss=0.0129 | rel_l2=0.2273 | best=0.2273 | lr=9.00e-05 | pat=0/200 | 51s
  Epoch    3/1000 | train_loss=0.0121 | val_loss=0.0114 | rel_l2=0.2087 | best=0.2087 | lr=1.20e-04 | pat=0/200 | 65s
  Epoch    4/1000 | train_loss=0.0106 | val_loss=0.0102 | rel_l2=0.2010 | best=0.2010 | lr=1.50e-04 | pat=0/200 | 79s
  Epoch    5/1000 | train_loss=0.0097 | val_loss=0.0094 | rel_l2=0.1840 | best=0.1840 | lr=1.80e-04 | pat=0/200 | 93s
  Epoch    6/1000 | train_loss=0.0089 | val_loss=0.0091 | rel_l2=0.1798 | best=0.1798 | lr=2.10e-04 | pat=0/200 | 107s
  Epoch    7/1000 | train_loss=0.0083 | val_loss=0.0084 | rel_l2=0.1724 | best=0.1724 | lr=2.40e-04 | pat=0/200 | 121s
  Epoch    8/1000 | train_loss=0.0078 | val_loss=0.0077 | rel_l2=0.1570 | best=0.1570 | lr=2.70e-04 | pat=0/200 | 135s
  Epoch    9/1000 | train_loss=0.0074 | val_loss=0.0076 | rel_l2=0.1591 | best=0.1570 | lr=3.00e-04 | pat=1/200 | 149s
  Epoch   10/1000 | train_loss=0.0070 | val_loss=0.0070 | rel_l2=0.1434 | best=0.1434 | lr=3.00e-04 | pat=0/200 | 164s
  Epoch   11/1000 | train_loss=0.0067 | val_loss=0.0070 | rel_l2=0.1450 | best=0.1434 | lr=3.00e-04 | pat=1/200 | 178s
  Epoch   12/1000 | train_loss=0.0064 | val_loss=0.0065 | rel_l2=0.1434 | best=0.1434 | lr=3.00e-04 | pat=0/200 | 193s
  Epoch   13/1000 | train_loss=0.0061 | val_loss=0.0062 | rel_l2=0.1360 | best=0.1360 | lr=3.00e-04 | pat=0/200 | 208s
  Epoch   14/1000 | train_loss=0.0059 | val_loss=0.0061 | rel_l2=0.1382 | best=0.1360 | lr=3.00e-04 | pat=1/200 | 223s
  Epoch   15/1000 | train_loss=0.0057 | val_loss=0.0060 | rel_l2=0.1315 | best=0.1315 | lr=3.00e-04 | pat=0/200 | 237s
  Epoch   16/1000 | train_loss=0.0055 | val_loss=0.0057 | rel_l2=0.1282 | best=0.1282 | lr=3.00e-04 | pat=0/200 | 252s
  Epoch   17/1000 | train_loss=0.0053 | val_loss=0.0057 | rel_l2=0.1268 | best=0.1268 | lr=3.00e-04 | pat=0/200 | 267s
  Epoch   18/1000 | train_loss=0.0052 | val_loss=0.0054 | rel_l2=0.1282 | best=0.1268 | lr=3.00e-04 | pat=1/200 | 281s
  Epoch   19/1000 | train_loss=0.0051 | val_loss=0.0053 | rel_l2=0.1195 | best=0.1195 | lr=3.00e-04 | pat=0/200 | 296s
  Epoch   20/1000 | train_loss=0.0049 | val_loss=0.0052 | rel_l2=0.1223 | best=0.1195 | lr=3.00e-04 | pat=1/200 | 311s
  Epoch   21/1000 | train_loss=0.0048 | val_loss=0.0051 | rel_l2=0.1220 | best=0.1195 | lr=3.00e-04 | pat=2/200 | 325s
  Epoch   22/1000 | train_loss=0.0047 | val_loss=0.0050 | rel_l2=0.1211 | best=0.1195 | lr=3.00e-04 | pat=3/200 | 340s
  Epoch   23/1000 | train_loss=0.0046 | val_loss=0.0049 | rel_l2=0.1184 | best=0.1184 | lr=3.00e-04 | pat=0/200 | 354s
  Epoch   24/1000 | train_loss=0.0045 | val_loss=0.0048 | rel_l2=0.1191 | best=0.1184 | lr=3.00e-04 | pat=1/200 | 368s
  Epoch   25/1000 | train_loss=0.0044 | val_loss=0.0047 | rel_l2=0.1158 | best=0.1158 | lr=3.00e-04 | pat=0/200 | 381s
  Epoch   26/1000 | train_loss=0.0044 | val_loss=0.0046 | rel_l2=0.1159 | best=0.1158 | lr=3.00e-04 | pat=1/200 | 396s
  Epoch   27/1000 | train_loss=0.0043 | val_loss=0.0047 | rel_l2=0.1204 | best=0.1158 | lr=3.00e-04 | pat=2/200 | 409s
  Epoch   28/1000 | train_loss=0.0042 | val_loss=0.0045 | rel_l2=0.1183 | best=0.1158 | lr=3.00e-04 | pat=3/200 | 423s
  Epoch   29/1000 | train_loss=0.0042 | val_loss=0.0046 | rel_l2=0.1165 | best=0.1158 | lr=3.00e-04 | pat=4/200 | 437s
  Epoch   30/1000 | train_loss=0.0041 | val_loss=0.0046 | rel_l2=0.1218 | best=0.1158 | lr=3.00e-04 | pat=5/200 | 451s
  Epoch   31/1000 | train_loss=0.0041 | val_loss=0.0043 | rel_l2=0.1148 | best=0.1148 | lr=3.00e-04 | pat=0/200 | 465s
  Epoch   32/1000 | train_loss=0.0040 | val_loss=0.0043 | rel_l2=0.1168 | best=0.1148 | lr=3.00e-04 | pat=1/200 | 479s
  Epoch   33/1000 | train_loss=0.0040 | val_loss=0.0043 | rel_l2=0.1153 | best=0.1148 | lr=3.00e-04 | pat=2/200 | 493s
  Epoch   34/1000 | train_loss=0.0039 | val_loss=0.0041 | rel_l2=0.1103 | best=0.1103 | lr=3.00e-04 | pat=0/200 | 507s
  Epoch   35/1000 | train_loss=0.0039 | val_loss=0.0041 | rel_l2=0.1158 | best=0.1103 | lr=3.00e-04 | pat=1/200 | 520s
  Epoch   36/1000 | train_loss=0.0039 | val_loss=0.0041 | rel_l2=0.1147 | best=0.1103 | lr=2.99e-04 | pat=2/200 | 535s
  Epoch   37/1000 | train_loss=0.0038 | val_loss=0.0041 | rel_l2=0.1112 | best=0.1103 | lr=2.99e-04 | pat=3/200 | 549s
  Epoch   38/1000 | train_loss=0.0038 | val_loss=0.0040 | rel_l2=0.1113 | best=0.1103 | lr=2.99e-04 | pat=4/200 | 564s
  Epoch   39/1000 | train_loss=0.0038 | val_loss=0.0039 | rel_l2=0.1073 | best=0.1073 | lr=2.99e-04 | pat=0/200 | 579s
  Epoch   40/1000 | train_loss=0.0037 | val_loss=0.0039 | rel_l2=0.1078 | best=0.1073 | lr=2.99e-04 | pat=1/200 | 593s
  Epoch   41/1000 | train_loss=0.0037 | val_loss=0.0039 | rel_l2=0.1064 | best=0.1064 | lr=2.99e-04 | pat=0/200 | 608s
  Epoch   42/1000 | train_loss=0.0037 | val_loss=0.0040 | rel_l2=0.1085 | best=0.1064 | lr=2.99e-04 | pat=1/200 | 623s
  Epoch   43/1000 | train_loss=0.0036 | val_loss=0.0039 | rel_l2=0.1142 | best=0.1064 | lr=2.99e-04 | pat=2/200 | 637s
  Epoch   44/1000 | train_loss=0.0036 | val_loss=0.0037 | rel_l2=0.1119 | best=0.1064 | lr=2.99e-04 | pat=3/200 | 652s
  Epoch   45/1000 | train_loss=0.0036 | val_loss=0.0037 | rel_l2=0.1099 | best=0.1064 | lr=2.99e-04 | pat=4/200 | 667s
  Epoch   46/1000 | train_loss=0.0036 | val_loss=0.0039 | rel_l2=0.1106 | best=0.1064 | lr=2.99e-04 | pat=5/200 | 681s
  Epoch   47/1000 | train_loss=0.0036 | val_loss=0.0039 | rel_l2=0.1180 | best=0.1064 | lr=2.99e-04 | pat=6/200 | 696s
  Epoch   48/1000 | train_loss=0.0035 | val_loss=0.0038 | rel_l2=0.1097 | best=0.1064 | lr=2.99e-04 | pat=7/200 | 711s
  Epoch   49/1000 | train_loss=0.0035 | val_loss=0.0038 | rel_l2=0.1086 | best=0.1064 | lr=2.99e-04 | pat=8/200 | 725s
  Epoch   50/1000 | train_loss=0.0035 | val_loss=0.0038 | rel_l2=0.1137 | best=0.1064 | lr=2.99e-04 | pat=9/200 | 740s
  Epoch   51/1000 | train_loss=0.0035 | val_loss=0.0036 | rel_l2=0.1043 | best=0.1043 | lr=2.99e-04 | pat=0/200 | 754s
  Epoch   52/1000 | train_loss=0.0035 | val_loss=0.0037 | rel_l2=0.1099 | best=0.1043 | lr=2.99e-04 | pat=1/200 | 769s
  Epoch   53/1000 | train_loss=0.0034 | val_loss=0.0039 | rel_l2=0.1078 | best=0.1043 | lr=2.99e-04 | pat=2/200 | 784s
  Epoch   54/1000 | train_loss=0.0034 | val_loss=0.0035 | rel_l2=0.1032 | best=0.1032 | lr=2.99e-04 | pat=0/200 | 798s
  Epoch   55/1000 | train_loss=0.0034 | val_loss=0.0036 | rel_l2=0.1067 | best=0.1032 | lr=2.98e-04 | pat=1/200 | 813s
  Epoch   56/1000 | train_loss=0.0034 | val_loss=0.0037 | rel_l2=0.1066 | best=0.1032 | lr=2.98e-04 | pat=2/200 | 828s
  Epoch   57/1000 | train_loss=0.0034 | val_loss=0.0036 | rel_l2=0.1134 | best=0.1032 | lr=2.98e-04 | pat=3/200 | 842s
  Epoch   58/1000 | train_loss=0.0034 | val_loss=0.0035 | rel_l2=0.1093 | best=0.1032 | lr=2.98e-04 | pat=4/200 | 857s
  Epoch   59/1000 | train_loss=0.0034 | val_loss=0.0035 | rel_l2=0.1051 | best=0.1032 | lr=2.98e-04 | pat=5/200 | 872s
  Epoch   60/1000 | train_loss=0.0034 | val_loss=0.0035 | rel_l2=0.1082 | best=0.1032 | lr=2.98e-04 | pat=6/200 | 886s
  Epoch   61/1000 | train_loss=0.0034 | val_loss=0.0036 | rel_l2=0.1092 | best=0.1032 | lr=2.98e-04 | pat=7/200 | 901s
  Epoch   62/1000 | train_loss=0.0033 | val_loss=0.0035 | rel_l2=0.1094 | best=0.1032 | lr=2.98e-04 | pat=8/200 | 916s
  Epoch   63/1000 | train_loss=0.0033 | val_loss=0.0036 | rel_l2=0.1034 | best=0.1032 | lr=2.98e-04 | pat=9/200 | 930s
  Epoch   64/1000 | train_loss=0.0033 | val_loss=0.0035 | rel_l2=0.1087 | best=0.1032 | lr=2.98e-04 | pat=10/200 | 945s
  Epoch   65/1000 | train_loss=0.0033 | val_loss=0.0033 | rel_l2=0.1054 | best=0.1032 | lr=2.98e-04 | pat=11/200 | 960s
  Epoch   66/1000 | train_loss=0.0033 | val_loss=0.0034 | rel_l2=0.1081 | best=0.1032 | lr=2.98e-04 | pat=12/200 | 974s
  Epoch   67/1000 | train_loss=0.0033 | val_loss=0.0035 | rel_l2=0.1065 | best=0.1032 | lr=2.98e-04 | pat=13/200 | 989s
  Epoch   68/1000 | train_loss=0.0033 | val_loss=0.0034 | rel_l2=0.1018 | best=0.1018 | lr=2.97e-04 | pat=0/200 | 1003s
  Epoch   69/1000 | train_loss=0.0033 | val_loss=0.0034 | rel_l2=0.1059 | best=0.1018 | lr=2.97e-04 | pat=1/200 | 1017s
  Epoch   70/1000 | train_loss=0.0033 | val_loss=0.0034 | rel_l2=0.1027 | best=0.1018 | lr=2.97e-04 | pat=2/200 | 1031s
  Epoch   71/1000 | train_loss=0.0032 | val_loss=0.0034 | rel_l2=0.1091 | best=0.1018 | lr=2.97e-04 | pat=3/200 | 1046s
  Epoch   72/1000 | train_loss=0.0032 | val_loss=0.0033 | rel_l2=0.1025 | best=0.1018 | lr=2.97e-04 | pat=4/200 | 1061s
  Epoch   73/1000 | train_loss=0.0032 | val_loss=0.0034 | rel_l2=0.1071 | best=0.1018 | lr=2.97e-04 | pat=5/200 | 1075s
  Epoch   74/1000 | train_loss=0.0032 | val_loss=0.0033 | rel_l2=0.1039 | best=0.1018 | lr=2.97e-04 | pat=6/200 | 1090s
  Epoch   75/1000 | train_loss=0.0032 | val_loss=0.0034 | rel_l2=0.1036 | best=0.1018 | lr=2.97e-04 | pat=7/200 | 1104s
  Epoch   76/1000 | train_loss=0.0032 | val_loss=0.0034 | rel_l2=0.1054 | best=0.1018 | lr=2.97e-04 | pat=8/200 | 1119s
  Epoch   77/1000 | train_loss=0.0032 | val_loss=0.0035 | rel_l2=0.1148 | best=0.1018 | lr=2.97e-04 | pat=9/200 | 1133s
  Epoch   78/1000 | train_loss=0.0032 | val_loss=0.0034 | rel_l2=0.1061 | best=0.1018 | lr=2.97e-04 | pat=10/200 | 1148s
  Epoch   79/1000 | train_loss=0.0032 | val_loss=0.0034 | rel_l2=0.1036 | best=0.1018 | lr=2.96e-04 | pat=11/200 | 1162s
  Epoch   80/1000 | train_loss=0.0032 | val_loss=0.0034 | rel_l2=0.1067 | best=0.1018 | lr=2.96e-04 | pat=12/200 | 1176s
  Epoch   81/1000 | train_loss=0.0032 | val_loss=0.0033 | rel_l2=0.1034 | best=0.1018 | lr=2.96e-04 | pat=13/200 | 1190s
  Epoch   82/1000 | train_loss=0.0032 | val_loss=0.0034 | rel_l2=0.1070 | best=0.1018 | lr=2.96e-04 | pat=14/200 | 1204s
  Epoch   83/1000 | train_loss=0.0032 | val_loss=0.0033 | rel_l2=0.1047 | best=0.1018 | lr=2.96e-04 | pat=15/200 | 1218s
  Epoch   84/1000 | train_loss=0.0032 | val_loss=0.0033 | rel_l2=0.1060 | best=0.1018 | lr=2.96e-04 | pat=16/200 | 1232s
  Epoch   85/1000 | train_loss=0.0031 | val_loss=0.0034 | rel_l2=0.1100 | best=0.1018 | lr=2.96e-04 | pat=17/200 | 1246s
  Epoch   86/1000 | train_loss=0.0031 | val_loss=0.0034 | rel_l2=0.1103 | best=0.1018 | lr=2.96e-04 | pat=18/200 | 1259s
  Epoch   87/1000 | train_loss=0.0031 | val_loss=0.0033 | rel_l2=0.1070 | best=0.1018 | lr=2.96e-04 | pat=19/200 | 1274s
  Epoch   88/1000 | train_loss=0.0031 | val_loss=0.0033 | rel_l2=0.1050 | best=0.1018 | lr=2.95e-04 | pat=20/200 | 1289s
  Epoch   89/1000 | train_loss=0.0031 | val_loss=0.0033 | rel_l2=0.1015 | best=0.1015 | lr=2.95e-04 | pat=0/200 | 1303s
  Epoch   90/1000 | train_loss=0.0031 | val_loss=0.0033 | rel_l2=0.1037 | best=0.1015 | lr=2.95e-04 | pat=1/200 | 1318s
  Epoch   91/1000 | train_loss=0.0031 | val_loss=0.0033 | rel_l2=0.1065 | best=0.1015 | lr=2.95e-04 | pat=2/200 | 1333s
  Epoch   92/1000 | train_loss=0.0031 | val_loss=0.0033 | rel_l2=0.1049 | best=0.1015 | lr=2.95e-04 | pat=3/200 | 1348s
  Epoch   93/1000 | train_loss=0.0031 | val_loss=0.0032 | rel_l2=0.1031 | best=0.1015 | lr=2.95e-04 | pat=4/200 | 1362s
  Epoch   94/1000 | train_loss=0.0031 | val_loss=0.0033 | rel_l2=0.1017 | best=0.1015 | lr=2.95e-04 | pat=5/200 | 1377s
  Epoch   95/1000 | train_loss=0.0031 | val_loss=0.0031 | rel_l2=0.1031 | best=0.1015 | lr=2.95e-04 | pat=6/200 | 1392s
  Epoch   96/1000 | train_loss=0.0031 | val_loss=0.0032 | rel_l2=0.0996 | best=0.0996 | lr=2.94e-04 | pat=0/200 | 1407s
  Epoch   97/1000 | train_loss=0.0031 | val_loss=0.0032 | rel_l2=0.1057 | best=0.0996 | lr=2.94e-04 | pat=1/200 | 1421s
  Epoch   98/1000 | train_loss=0.0031 | val_loss=0.0033 | rel_l2=0.1047 | best=0.0996 | lr=2.94e-04 | pat=2/200 | 1436s
  Epoch   99/1000 | train_loss=0.0031 | val_loss=0.0033 | rel_l2=0.1066 | best=0.0996 | lr=2.94e-04 | pat=3/200 | 1451s
  Epoch  100/1000 | train_loss=0.0031 | val_loss=0.0032 | rel_l2=0.1038 | best=0.0996 | lr=2.94e-04 | pat=4/200 | 1465s
  Epoch  101/1000 | train_loss=0.0031 | val_loss=0.0032 | rel_l2=0.1044 | best=0.0996 | lr=2.94e-04 | pat=5/200 | 1480s
  Epoch  102/1000 | train_loss=0.0031 | val_loss=0.0032 | rel_l2=0.1079 | best=0.0996 | lr=2.94e-04 | pat=6/200 | 1495s
  Epoch  103/1000 | train_loss=0.0031 | val_loss=0.0032 | rel_l2=0.1028 | best=0.0996 | lr=2.94e-04 | pat=7/200 | 1510s
  Epoch  104/1000 | train_loss=0.0031 | val_loss=0.0033 | rel_l2=0.1040 | best=0.0996 | lr=2.93e-04 | pat=8/200 | 1524s
  Epoch  105/1000 | train_loss=0.0030 | val_loss=0.0034 | rel_l2=0.1052 | best=0.0996 | lr=2.93e-04 | pat=9/200 | 1539s
  Epoch  106/1000 | train_loss=0.0030 | val_loss=0.0032 | rel_l2=0.1057 | best=0.0996 | lr=2.93e-04 | pat=10/200 | 1553s
  Epoch  107/1000 | train_loss=0.0030 | val_loss=0.0032 | rel_l2=0.1040 | best=0.0996 | lr=2.93e-04 | pat=11/200 | 1568s
  Epoch  108/1000 | train_loss=0.0030 | val_loss=0.0033 | rel_l2=0.1053 | best=0.0996 | lr=2.93e-04 | pat=12/200 | 1583s
  Epoch  109/1000 | train_loss=0.0030 | val_loss=0.0033 | rel_l2=0.1060 | best=0.0996 | lr=2.93e-04 | pat=13/200 | 1597s
  Epoch  110/1000 | train_loss=0.0030 | val_loss=0.0032 | rel_l2=0.1012 | best=0.0996 | lr=2.93e-04 | pat=14/200 | 1612s
  Epoch  111/1000 | train_loss=0.0030 | val_loss=0.0031 | rel_l2=0.1007 | best=0.0996 | lr=2.92e-04 | pat=15/200 | 1627s
  Epoch  112/1000 | train_loss=0.0030 | val_loss=0.0031 | rel_l2=0.1001 | best=0.0996 | lr=2.92e-04 | pat=16/200 | 1641s
  Epoch  113/1000 | train_loss=0.0030 | val_loss=0.0033 | rel_l2=0.1080 | best=0.0996 | lr=2.92e-04 | pat=17/200 | 1656s
  Epoch  114/1000 | train_loss=0.0030 | val_loss=0.0031 | rel_l2=0.0991 | best=0.0991 | lr=2.92e-04 | pat=0/200 | 1670s
  Epoch  115/1000 | train_loss=0.0030 | val_loss=0.0032 | rel_l2=0.1043 | best=0.0991 | lr=2.92e-04 | pat=1/200 | 1685s
  Epoch  116/1000 | train_loss=0.0030 | val_loss=0.0032 | rel_l2=0.1009 | best=0.0991 | lr=2.92e-04 | pat=2/200 | 1700s
  Epoch  117/1000 | train_loss=0.0030 | val_loss=0.0030 | rel_l2=0.0991 | best=0.0991 | lr=2.91e-04 | pat=0/200 | 1714s
  Epoch  118/1000 | train_loss=0.0030 | val_loss=0.0030 | rel_l2=0.1027 | best=0.0991 | lr=2.91e-04 | pat=1/200 | 1729s
  Epoch  119/1000 | train_loss=0.0030 | val_loss=0.0031 | rel_l2=0.1007 | best=0.0991 | lr=2.91e-04 | pat=2/200 | 1744s
  Epoch  120/1000 | train_loss=0.0030 | val_loss=0.0031 | rel_l2=0.1045 | best=0.0991 | lr=2.91e-04 | pat=3/200 | 1758s
  Epoch  121/1000 | train_loss=0.0030 | val_loss=0.0032 | rel_l2=0.1063 | best=0.0991 | lr=2.91e-04 | pat=4/200 | 1773s
  Epoch  122/1000 | train_loss=0.0030 | val_loss=0.0031 | rel_l2=0.1010 | best=0.0991 | lr=2.91e-04 | pat=5/200 | 1788s
  Epoch  123/1000 | train_loss=0.0030 | val_loss=0.0032 | rel_l2=0.1051 | best=0.0991 | lr=2.90e-04 | pat=6/200 | 1802s
  Epoch  124/1000 | train_loss=0.0030 | val_loss=0.0031 | rel_l2=0.1003 | best=0.0991 | lr=2.90e-04 | pat=7/200 | 1817s
  Epoch  125/1000 | train_loss=0.0030 | val_loss=0.0031 | rel_l2=0.1037 | best=0.0991 | lr=2.90e-04 | pat=8/200 | 1832s
  Epoch  126/1000 | train_loss=0.0030 | val_loss=0.0031 | rel_l2=0.1000 | best=0.0991 | lr=2.90e-04 | pat=9/200 | 1846s
  Epoch  127/1000 | train_loss=0.0030 | val_loss=0.0031 | rel_l2=0.0989 | best=0.0989 | lr=2.90e-04 | pat=0/200 | 1861s
  Epoch  128/1000 | train_loss=0.0030 | val_loss=0.0030 | rel_l2=0.1024 | best=0.0989 | lr=2.90e-04 | pat=1/200 | 1875s
  Epoch  129/1000 | train_loss=0.0030 | val_loss=0.0031 | rel_l2=0.1027 | best=0.0989 | lr=2.89e-04 | pat=2/200 | 1890s
  Epoch  130/1000 | train_loss=0.0030 | val_loss=0.0031 | rel_l2=0.0997 | best=0.0989 | lr=2.89e-04 | pat=3/200 | 1906s
  Epoch  131/1000 | train_loss=0.0030 | val_loss=0.0030 | rel_l2=0.0983 | best=0.0983 | lr=2.89e-04 | pat=0/200 | 1920s
  Epoch  132/1000 | train_loss=0.0030 | val_loss=0.0031 | rel_l2=0.1001 | best=0.0983 | lr=2.89e-04 | pat=1/200 | 1935s
  Epoch  133/1000 | train_loss=0.0030 | val_loss=0.0034 | rel_l2=0.1112 | best=0.0983 | lr=2.89e-04 | pat=2/200 | 1950s
  Epoch  134/1000 | train_loss=0.0030 | val_loss=0.0031 | rel_l2=0.1013 | best=0.0983 | lr=2.89e-04 | pat=3/200 | 1964s
  Epoch  135/1000 | train_loss=0.0030 | val_loss=0.0030 | rel_l2=0.0987 | best=0.0983 | lr=2.88e-04 | pat=4/200 | 1979s
  Epoch  136/1000 | train_loss=0.0029 | val_loss=0.0030 | rel_l2=0.0989 | best=0.0983 | lr=2.88e-04 | pat=5/200 | 1994s
  Epoch  137/1000 | train_loss=0.0029 | val_loss=0.0031 | rel_l2=0.1028 | best=0.0983 | lr=2.88e-04 | pat=6/200 | 2008s
  Epoch  138/1000 | train_loss=0.0029 | val_loss=0.0030 | rel_l2=0.0968 | best=0.0968 | lr=2.88e-04 | pat=0/200 | 2023s
  Epoch  139/1000 | train_loss=0.0029 | val_loss=0.0030 | rel_l2=0.1021 | best=0.0968 | lr=2.88e-04 | pat=1/200 | 2038s
  Epoch  140/1000 | train_loss=0.0029 | val_loss=0.0030 | rel_l2=0.0971 | best=0.0968 | lr=2.87e-04 | pat=2/200 | 2052s
  Epoch  141/1000 | train_loss=0.0029 | val_loss=0.0031 | rel_l2=0.1014 | best=0.0968 | lr=2.87e-04 | pat=3/200 | 2067s
  Epoch  142/1000 | train_loss=0.0029 | val_loss=0.0030 | rel_l2=0.1011 | best=0.0968 | lr=2.87e-04 | pat=4/200 | 2082s
  Epoch  143/1000 | train_loss=0.0029 | val_loss=0.0030 | rel_l2=0.1003 | best=0.0968 | lr=2.87e-04 | pat=5/200 | 2096s
  Epoch  144/1000 | train_loss=0.0029 | val_loss=0.0031 | rel_l2=0.1004 | best=0.0968 | lr=2.87e-04 | pat=6/200 | 2111s
  Epoch  145/1000 | train_loss=0.0029 | val_loss=0.0030 | rel_l2=0.0989 | best=0.0968 | lr=2.86e-04 | pat=7/200 | 2126s
  Epoch  146/1000 | train_loss=0.0029 | val_loss=0.0031 | rel_l2=0.0992 | best=0.0968 | lr=2.86e-04 | pat=8/200 | 2140s
  Epoch  147/1000 | train_loss=0.0029 | val_loss=0.0031 | rel_l2=0.1016 | best=0.0968 | lr=2.86e-04 | pat=9/200 | 2155s
  Epoch  148/1000 | train_loss=0.0029 | val_loss=0.0031 | rel_l2=0.0992 | best=0.0968 | lr=2.86e-04 | pat=10/200 | 2170s
  Epoch  149/1000 | train_loss=0.0029 | val_loss=0.0031 | rel_l2=0.1012 | best=0.0968 | lr=2.86e-04 | pat=11/200 | 2184s
  Epoch  150/1000 | train_loss=0.0029 | val_loss=0.0031 | rel_l2=0.1047 | best=0.0968 | lr=2.85e-04 | pat=12/200 | 2199s
  Epoch  151/1000 | train_loss=0.0029 | val_loss=0.0030 | rel_l2=0.0978 | best=0.0968 | lr=2.85e-04 | pat=13/200 | 2213s
  Epoch  152/1000 | train_loss=0.0029 | val_loss=0.0030 | rel_l2=0.0993 | best=0.0968 | lr=2.85e-04 | pat=14/200 | 2228s
  Epoch  153/1000 | train_loss=0.0029 | val_loss=0.0030 | rel_l2=0.1046 | best=0.0968 | lr=2.85e-04 | pat=15/200 | 2242s
  Epoch  154/1000 | train_loss=0.0029 | val_loss=0.0030 | rel_l2=0.0993 | best=0.0968 | lr=2.85e-04 | pat=16/200 | 2257s
  Epoch  155/1000 | train_loss=0.0029 | val_loss=0.0030 | rel_l2=0.0979 | best=0.0968 | lr=2.84e-04 | pat=17/200 | 2271s
  Epoch  156/1000 | train_loss=0.0029 | val_loss=0.0030 | rel_l2=0.1023 | best=0.0968 | lr=2.84e-04 | pat=18/200 | 2286s
  Epoch  157/1000 | train_loss=0.0029 | val_loss=0.0030 | rel_l2=0.1011 | best=0.0968 | lr=2.84e-04 | pat=19/200 | 2301s
  Epoch  158/1000 | train_loss=0.0029 | val_loss=0.0031 | rel_l2=0.0993 | best=0.0968 | lr=2.84e-04 | pat=20/200 | 2315s
  Epoch  159/1000 | train_loss=0.0029 | val_loss=0.0031 | rel_l2=0.0969 | best=0.0968 | lr=2.84e-04 | pat=21/200 | 2330s
  Epoch  160/1000 | train_loss=0.0029 | val_loss=0.0030 | rel_l2=0.1011 | best=0.0968 | lr=2.83e-04 | pat=22/200 | 2344s
  Epoch  161/1000 | train_loss=0.0029 | val_loss=0.0030 | rel_l2=0.1043 | best=0.0968 | lr=2.83e-04 | pat=23/200 | 2358s
  Epoch  162/1000 | train_loss=0.0029 | val_loss=0.0029 | rel_l2=0.0991 | best=0.0968 | lr=2.83e-04 | pat=24/200 | 2372s
  Epoch  163/1000 | train_loss=0.0029 | val_loss=0.0031 | rel_l2=0.0989 | best=0.0968 | lr=2.83e-04 | pat=25/200 | 2386s
  Epoch  164/1000 | train_loss=0.0029 | val_loss=0.0030 | rel_l2=0.1020 | best=0.0968 | lr=2.82e-04 | pat=26/200 | 2400s
  Epoch  165/1000 | train_loss=0.0029 | val_loss=0.0031 | rel_l2=0.1065 | best=0.0968 | lr=2.82e-04 | pat=27/200 | 2414s
  Epoch  166/1000 | train_loss=0.0029 | val_loss=0.0029 | rel_l2=0.0988 | best=0.0968 | lr=2.82e-04 | pat=28/200 | 2428s
  Epoch  167/1000 | train_loss=0.0029 | val_loss=0.0030 | rel_l2=0.1041 | best=0.0968 | lr=2.82e-04 | pat=29/200 | 2441s
  Epoch  168/1000 | train_loss=0.0029 | val_loss=0.0030 | rel_l2=0.0989 | best=0.0968 | lr=2.82e-04 | pat=30/200 | 2455s
  Epoch  169/1000 | train_loss=0.0029 | val_loss=0.0030 | rel_l2=0.1038 | best=0.0968 | lr=2.81e-04 | pat=31/200 | 2469s
  Epoch  170/1000 | train_loss=0.0029 | val_loss=0.0029 | rel_l2=0.0969 | best=0.0968 | lr=2.81e-04 | pat=32/200 | 2483s
  Epoch  171/1000 | train_loss=0.0029 | val_loss=0.0030 | rel_l2=0.1012 | best=0.0968 | lr=2.81e-04 | pat=33/200 | 2497s
  Epoch  172/1000 | train_loss=0.0029 | val_loss=0.0030 | rel_l2=0.0992 | best=0.0968 | lr=2.81e-04 | pat=34/200 | 2511s
  Epoch  173/1000 | train_loss=0.0029 | val_loss=0.0031 | rel_l2=0.0999 | best=0.0968 | lr=2.80e-04 | pat=35/200 | 2526s
  Epoch  174/1000 | train_loss=0.0029 | val_loss=0.0029 | rel_l2=0.0981 | best=0.0968 | lr=2.80e-04 | pat=36/200 | 2540s
  Epoch  175/1000 | train_loss=0.0029 | val_loss=0.0029 | rel_l2=0.0980 | best=0.0968 | lr=2.80e-04 | pat=37/200 | 2554s
  Epoch  176/1000 | train_loss=0.0029 | val_loss=0.0029 | rel_l2=0.1028 | best=0.0968 | lr=2.80e-04 | pat=38/200 | 2568s
  Epoch  177/1000 | train_loss=0.0029 | val_loss=0.0031 | rel_l2=0.0994 | best=0.0968 | lr=2.79e-04 | pat=39/200 | 2582s
  Epoch  178/1000 | train_loss=0.0029 | val_loss=0.0031 | rel_l2=0.1043 | best=0.0968 | lr=2.79e-04 | pat=40/200 | 2596s
  Epoch  179/1000 | train_loss=0.0029 | val_loss=0.0030 | rel_l2=0.1002 | best=0.0968 | lr=2.79e-04 | pat=41/200 | 2610s
  Epoch  180/1000 | train_loss=0.0029 | val_loss=0.0030 | rel_l2=0.0971 | best=0.0968 | lr=2.79e-04 | pat=42/200 | 2624s
  Epoch  181/1000 | train_loss=0.0029 | val_loss=0.0030 | rel_l2=0.1000 | best=0.0968 | lr=2.78e-04 | pat=43/200 | 2638s
  Epoch  182/1000 | train_loss=0.0029 | val_loss=0.0029 | rel_l2=0.0969 | best=0.0968 | lr=2.78e-04 | pat=44/200 | 2653s
  Epoch  183/1000 | train_loss=0.0029 | val_loss=0.0029 | rel_l2=0.0967 | best=0.0967 | lr=2.78e-04 | pat=0/200 | 2667s
  Epoch  184/1000 | train_loss=0.0029 | val_loss=0.0030 | rel_l2=0.1001 | best=0.0967 | lr=2.78e-04 | pat=1/200 | 2682s
  Epoch  185/1000 | train_loss=0.0029 | val_loss=0.0029 | rel_l2=0.0953 | best=0.0953 | lr=2.77e-04 | pat=0/200 | 2697s
  Epoch  186/1000 | train_loss=0.0029 | val_loss=0.0030 | rel_l2=0.0998 | best=0.0953 | lr=2.77e-04 | pat=1/200 | 2712s
  Epoch  187/1000 | train_loss=0.0028 | val_loss=0.0031 | rel_l2=0.0989 | best=0.0953 | lr=2.77e-04 | pat=2/200 | 2726s
  Epoch  188/1000 | train_loss=0.0028 | val_loss=0.0030 | rel_l2=0.1017 | best=0.0953 | lr=2.77e-04 | pat=3/200 | 2740s
  Epoch  189/1000 | train_loss=0.0028 | val_loss=0.0029 | rel_l2=0.0980 | best=0.0953 | lr=2.76e-04 | pat=4/200 | 2753s
  Epoch  190/1000 | train_loss=0.0028 | val_loss=0.0029 | rel_l2=0.0982 | best=0.0953 | lr=2.76e-04 | pat=5/200 | 2767s
  Epoch  191/1000 | train_loss=0.0028 | val_loss=0.0030 | rel_l2=0.0990 | best=0.0953 | lr=2.76e-04 | pat=6/200 | 2781s
  Epoch  192/1000 | train_loss=0.0028 | val_loss=0.0030 | rel_l2=0.0997 | best=0.0953 | lr=2.76e-04 | pat=7/200 | 2795s
  Epoch  193/1000 | train_loss=0.0028 | val_loss=0.0029 | rel_l2=0.0973 | best=0.0953 | lr=2.75e-04 | pat=8/200 | 2809s
  Epoch  194/1000 | train_loss=0.0028 | val_loss=0.0030 | rel_l2=0.0993 | best=0.0953 | lr=2.75e-04 | pat=9/200 | 2822s
  Epoch  195/1000 | train_loss=0.0028 | val_loss=0.0029 | rel_l2=0.0979 | best=0.0953 | lr=2.75e-04 | pat=10/200 | 2836s
  Epoch  196/1000 | train_loss=0.0028 | val_loss=0.0029 | rel_l2=0.0961 | best=0.0953 | lr=2.75e-04 | pat=11/200 | 2850s
  Epoch  197/1000 | train_loss=0.0028 | val_loss=0.0030 | rel_l2=0.0995 | best=0.0953 | lr=2.74e-04 | pat=12/200 | 2865s
  Epoch  198/1000 | train_loss=0.0028 | val_loss=0.0030 | rel_l2=0.0963 | best=0.0953 | lr=2.74e-04 | pat=13/200 | 2880s
  Epoch  199/1000 | train_loss=0.0028 | val_loss=0.0029 | rel_l2=0.0950 | best=0.0950 | lr=2.74e-04 | pat=0/200 | 2895s
  Epoch  200/1000 | train_loss=0.0028 | val_loss=0.0029 | rel_l2=0.0987 | best=0.0950 | lr=2.74e-04 | pat=1/200 | 2909s
  Epoch  201/1000 | train_loss=0.0028 | val_loss=0.0028 | rel_l2=0.0957 | best=0.0950 | lr=2.73e-04 | pat=2/200 | 2925s
  Epoch  202/1000 | train_loss=0.0028 | val_loss=0.0031 | rel_l2=0.1006 | best=0.0950 | lr=2.73e-04 | pat=3/200 | 2940s
  Epoch  203/1000 | train_loss=0.0028 | val_loss=0.0029 | rel_l2=0.0991 | best=0.0950 | lr=2.73e-04 | pat=4/200 | 2954s
  Epoch  204/1000 | train_loss=0.0028 | val_loss=0.0029 | rel_l2=0.1017 | best=0.0950 | lr=2.72e-04 | pat=5/200 | 2968s
  Epoch  205/1000 | train_loss=0.0028 | val_loss=0.0028 | rel_l2=0.0959 | best=0.0950 | lr=2.72e-04 | pat=6/200 | 2982s
  Epoch  206/1000 | train_loss=0.0028 | val_loss=0.0029 | rel_l2=0.0966 | best=0.0950 | lr=2.72e-04 | pat=7/200 | 2996s
  Epoch  207/1000 | train_loss=0.0028 | val_loss=0.0029 | rel_l2=0.1011 | best=0.0950 | lr=2.72e-04 | pat=8/200 | 3010s
  Epoch  208/1000 | train_loss=0.0028 | val_loss=0.0029 | rel_l2=0.0969 | best=0.0950 | lr=2.71e-04 | pat=9/200 | 3024s
  Epoch  209/1000 | train_loss=0.0028 | val_loss=0.0028 | rel_l2=0.0963 | best=0.0950 | lr=2.71e-04 | pat=10/200 | 3038s
  Epoch  210/1000 | train_loss=0.0028 | val_loss=0.0030 | rel_l2=0.0992 | best=0.0950 | lr=2.71e-04 | pat=11/200 | 3052s
  Epoch  211/1000 | train_loss=0.0028 | val_loss=0.0030 | rel_l2=0.1044 | best=0.0950 | lr=2.71e-04 | pat=12/200 | 3066s
  Epoch  212/1000 | train_loss=0.0028 | val_loss=0.0030 | rel_l2=0.0977 | best=0.0950 | lr=2.70e-04 | pat=13/200 | 3080s
  Epoch  213/1000 | train_loss=0.0028 | val_loss=0.0029 | rel_l2=0.0947 | best=0.0947 | lr=2.70e-04 | pat=0/200 | 3094s
  Epoch  214/1000 | train_loss=0.0028 | val_loss=0.0029 | rel_l2=0.1059 | best=0.0947 | lr=2.70e-04 | pat=1/200 | 3109s
  Epoch  215/1000 | train_loss=0.0028 | val_loss=0.0028 | rel_l2=0.0965 | best=0.0947 | lr=2.69e-04 | pat=2/200 | 3123s
  Epoch  216/1000 | train_loss=0.0028 | val_loss=0.0030 | rel_l2=0.1006 | best=0.0947 | lr=2.69e-04 | pat=3/200 | 3137s
  Epoch  217/1000 | train_loss=0.0028 | val_loss=0.0030 | rel_l2=0.1005 | best=0.0947 | lr=2.69e-04 | pat=4/200 | 3151s
  Epoch  218/1000 | train_loss=0.0028 | val_loss=0.0030 | rel_l2=0.0993 | best=0.0947 | lr=2.68e-04 | pat=5/200 | 3165s
  Epoch  219/1000 | train_loss=0.0028 | val_loss=0.0029 | rel_l2=0.1005 | best=0.0947 | lr=2.68e-04 | pat=6/200 | 3179s
  Epoch  220/1000 | train_loss=0.0028 | val_loss=0.0030 | rel_l2=0.1005 | best=0.0947 | lr=2.68e-04 | pat=7/200 | 3194s
  Epoch  221/1000 | train_loss=0.0028 | val_loss=0.0029 | rel_l2=0.0991 | best=0.0947 | lr=2.68e-04 | pat=8/200 | 3208s
  Epoch  222/1000 | train_loss=0.0028 | val_loss=0.0030 | rel_l2=0.0990 | best=0.0947 | lr=2.67e-04 | pat=9/200 | 3222s
  Epoch  223/1000 | train_loss=0.0028 | val_loss=0.0029 | rel_l2=0.1024 | best=0.0947 | lr=2.67e-04 | pat=10/200 | 3236s
  Epoch  224/1000 | train_loss=0.0028 | val_loss=0.0031 | rel_l2=0.1045 | best=0.0947 | lr=2.67e-04 | pat=11/200 | 3250s
  Epoch  225/1000 | train_loss=0.0028 | val_loss=0.0028 | rel_l2=0.0953 | best=0.0947 | lr=2.66e-04 | pat=12/200 | 3264s
  Epoch  226/1000 | train_loss=0.0028 | val_loss=0.0029 | rel_l2=0.1003 | best=0.0947 | lr=2.66e-04 | pat=13/200 | 3279s
  Epoch  227/1000 | train_loss=0.0028 | val_loss=0.0028 | rel_l2=0.0960 | best=0.0947 | lr=2.66e-04 | pat=14/200 | 3293s
  Epoch  228/1000 | train_loss=0.0028 | val_loss=0.0030 | rel_l2=0.0993 | best=0.0947 | lr=2.66e-04 | pat=15/200 | 3308s
  Epoch  229/1000 | train_loss=0.0028 | val_loss=0.0029 | rel_l2=0.0990 | best=0.0947 | lr=2.65e-04 | pat=16/200 | 3323s
  Epoch  230/1000 | train_loss=0.0028 | val_loss=0.0029 | rel_l2=0.0979 | best=0.0947 | lr=2.65e-04 | pat=17/200 | 3338s
  Epoch  231/1000 | train_loss=0.0028 | val_loss=0.0028 | rel_l2=0.0952 | best=0.0947 | lr=2.65e-04 | pat=18/200 | 3352s
  Epoch  232/1000 | train_loss=0.0028 | val_loss=0.0029 | rel_l2=0.0937 | best=0.0937 | lr=2.64e-04 | pat=0/200 | 3367s
  Epoch  233/1000 | train_loss=0.0028 | val_loss=0.0030 | rel_l2=0.1001 | best=0.0937 | lr=2.64e-04 | pat=1/200 | 3382s
  Epoch  234/1000 | train_loss=0.0028 | val_loss=0.0029 | rel_l2=0.0956 | best=0.0937 | lr=2.64e-04 | pat=2/200 | 3396s
  Epoch  235/1000 | train_loss=0.0028 | val_loss=0.0029 | rel_l2=0.0967 | best=0.0937 | lr=2.63e-04 | pat=3/200 | 3411s
  Epoch  236/1000 | train_loss=0.0028 | val_loss=0.0029 | rel_l2=0.0964 | best=0.0937 | lr=2.63e-04 | pat=4/200 | 3424s
  Epoch  237/1000 | train_loss=0.0028 | val_loss=0.0029 | rel_l2=0.0968 | best=0.0937 | lr=2.63e-04 | pat=5/200 | 3439s
  Epoch  238/1000 | train_loss=0.0028 | val_loss=0.0030 | rel_l2=0.1048 | best=0.0937 | lr=2.62e-04 | pat=6/200 | 3453s
  Epoch  239/1000 | train_loss=0.0028 | val_loss=0.0028 | rel_l2=0.0955 | best=0.0937 | lr=2.62e-04 | pat=7/200 | 3468s
  Epoch  240/1000 | train_loss=0.0028 | val_loss=0.0029 | rel_l2=0.0989 | best=0.0937 | lr=2.62e-04 | pat=8/200 | 3483s
  Epoch  241/1000 | train_loss=0.0028 | val_loss=0.0029 | rel_l2=0.0986 | best=0.0937 | lr=2.61e-04 | pat=9/200 | 3497s
  Epoch  242/1000 | train_loss=0.0028 | val_loss=0.0029 | rel_l2=0.0952 | best=0.0937 | lr=2.61e-04 | pat=10/200 | 3512s
  Epoch  243/1000 | train_loss=0.0028 | val_loss=0.0029 | rel_l2=0.1038 | best=0.0937 | lr=2.61e-04 | pat=11/200 | 3527s
  Epoch  244/1000 | train_loss=0.0028 | val_loss=0.0029 | rel_l2=0.0959 | best=0.0937 | lr=2.61e-04 | pat=12/200 | 3542s
  Epoch  245/1000 | train_loss=0.0028 | val_loss=0.0029 | rel_l2=0.0993 | best=0.0937 | lr=2.60e-04 | pat=13/200 | 3556s
  Epoch  246/1000 | train_loss=0.0028 | val_loss=0.0029 | rel_l2=0.0970 | best=0.0937 | lr=2.60e-04 | pat=14/200 | 3571s
  Epoch  247/1000 | train_loss=0.0028 | val_loss=0.0029 | rel_l2=0.0955 | best=0.0937 | lr=2.60e-04 | pat=15/200 | 3586s
  Epoch  248/1000 | train_loss=0.0028 | val_loss=0.0030 | rel_l2=0.0981 | best=0.0937 | lr=2.59e-04 | pat=16/200 | 3601s
  Epoch  249/1000 | train_loss=0.0028 | val_loss=0.0030 | rel_l2=0.0987 | best=0.0937 | lr=2.59e-04 | pat=17/200 | 3616s
  Epoch  250/1000 | train_loss=0.0028 | val_loss=0.0030 | rel_l2=0.1007 | best=0.0937 | lr=2.59e-04 | pat=18/200 | 3630s
  Epoch  251/1000 | train_loss=0.0028 | val_loss=0.0029 | rel_l2=0.0965 | best=0.0937 | lr=2.58e-04 | pat=19/200 | 3645s
  Epoch  252/1000 | train_loss=0.0028 | val_loss=0.0029 | rel_l2=0.0979 | best=0.0937 | lr=2.58e-04 | pat=20/200 | 3659s
  Epoch  253/1000 | train_loss=0.0028 | val_loss=0.0028 | rel_l2=0.0955 | best=0.0937 | lr=2.58e-04 | pat=21/200 | 3674s
  Epoch  254/1000 | train_loss=0.0028 | val_loss=0.0028 | rel_l2=0.0944 | best=0.0937 | lr=2.57e-04 | pat=22/200 | 3689s
  Epoch  255/1000 | train_loss=0.0028 | val_loss=0.0029 | rel_l2=0.0978 | best=0.0937 | lr=2.57e-04 | pat=23/200 | 3703s
  Epoch  256/1000 | train_loss=0.0028 | val_loss=0.0029 | rel_l2=0.0978 | best=0.0937 | lr=2.57e-04 | pat=24/200 | 3718s
  Epoch  257/1000 | train_loss=0.0028 | val_loss=0.0028 | rel_l2=0.0960 | best=0.0937 | lr=2.56e-04 | pat=25/200 | 3733s
  Epoch  258/1000 | train_loss=0.0028 | val_loss=0.0029 | rel_l2=0.0967 | best=0.0937 | lr=2.56e-04 | pat=26/200 | 3747s
  Epoch  259/1000 | train_loss=0.0028 | val_loss=0.0030 | rel_l2=0.1003 | best=0.0937 | lr=2.56e-04 | pat=27/200 | 3761s
  Epoch  260/1000 | train_loss=0.0028 | val_loss=0.0029 | rel_l2=0.1006 | best=0.0937 | lr=2.55e-04 | pat=28/200 | 3775s
  Epoch  261/1000 | train_loss=0.0028 | val_loss=0.0028 | rel_l2=0.0958 | best=0.0937 | lr=2.55e-04 | pat=29/200 | 3788s
  Epoch  262/1000 | train_loss=0.0028 | val_loss=0.0029 | rel_l2=0.0976 | best=0.0937 | lr=2.55e-04 | pat=30/200 | 3803s
  Epoch  263/1000 | train_loss=0.0028 | val_loss=0.0029 | rel_l2=0.1004 | best=0.0937 | lr=2.54e-04 | pat=31/200 | 3818s
  Epoch  264/1000 | train_loss=0.0028 | val_loss=0.0029 | rel_l2=0.0953 | best=0.0937 | lr=2.54e-04 | pat=32/200 | 3833s
  Epoch  265/1000 | train_loss=0.0028 | val_loss=0.0030 | rel_l2=0.1010 | best=0.0937 | lr=2.54e-04 | pat=33/200 | 3847s
  Epoch  266/1000 | train_loss=0.0028 | val_loss=0.0029 | rel_l2=0.0963 | best=0.0937 | lr=2.53e-04 | pat=34/200 | 3862s
  Epoch  267/1000 | train_loss=0.0028 | val_loss=0.0028 | rel_l2=0.0975 | best=0.0937 | lr=2.53e-04 | pat=35/200 | 3877s
  Epoch  268/1000 | train_loss=0.0028 | val_loss=0.0028 | rel_l2=0.1010 | best=0.0937 | lr=2.52e-04 | pat=36/200 | 3891s
  Epoch  269/1000 | train_loss=0.0028 | val_loss=0.0029 | rel_l2=0.0982 | best=0.0937 | lr=2.52e-04 | pat=37/200 | 3906s
  Epoch  270/1000 | train_loss=0.0028 | val_loss=0.0028 | rel_l2=0.0970 | best=0.0937 | lr=2.52e-04 | pat=38/200 | 3921s
  Epoch  271/1000 | train_loss=0.0028 | val_loss=0.0027 | rel_l2=0.0959 | best=0.0937 | lr=2.51e-04 | pat=39/200 | 3935s
  Epoch  272/1000 | train_loss=0.0028 | val_loss=0.0029 | rel_l2=0.0964 | best=0.0937 | lr=2.51e-04 | pat=40/200 | 3950s
  Epoch  273/1000 | train_loss=0.0028 | val_loss=0.0028 | rel_l2=0.0982 | best=0.0937 | lr=2.51e-04 | pat=41/200 | 3965s
  Epoch  274/1000 | train_loss=0.0028 | val_loss=0.0027 | rel_l2=0.0961 | best=0.0937 | lr=2.50e-04 | pat=42/200 | 3979s
  Epoch  275/1000 | train_loss=0.0028 | val_loss=0.0028 | rel_l2=0.0980 | best=0.0937 | lr=2.50e-04 | pat=43/200 | 3994s
  Epoch  276/1000 | train_loss=0.0028 | val_loss=0.0029 | rel_l2=0.1000 | best=0.0937 | lr=2.50e-04 | pat=44/200 | 4009s
  Epoch  277/1000 | train_loss=0.0028 | val_loss=0.0028 | rel_l2=0.0945 | best=0.0937 | lr=2.49e-04 | pat=45/200 | 4023s
  Epoch  278/1000 | train_loss=0.0028 | val_loss=0.0028 | rel_l2=0.0936 | best=0.0936 | lr=2.49e-04 | pat=0/200 | 4038s
  Epoch  279/1000 | train_loss=0.0027 | val_loss=0.0028 | rel_l2=0.0952 | best=0.0936 | lr=2.49e-04 | pat=1/200 | 4052s
  Epoch  280/1000 | train_loss=0.0028 | val_loss=0.0029 | rel_l2=0.0968 | best=0.0936 | lr=2.48e-04 | pat=2/200 | 4067s
  Epoch  281/1000 | train_loss=0.0027 | val_loss=0.0029 | rel_l2=0.0958 | best=0.0936 | lr=2.48e-04 | pat=3/200 | 4082s
  Epoch  282/1000 | train_loss=0.0028 | val_loss=0.0028 | rel_l2=0.0989 | best=0.0936 | lr=2.48e-04 | pat=4/200 | 4096s
  Epoch  283/1000 | train_loss=0.0028 | val_loss=0.0028 | rel_l2=0.0987 | best=0.0936 | lr=2.47e-04 | pat=5/200 | 4110s
  Epoch  284/1000 | train_loss=0.0027 | val_loss=0.0028 | rel_l2=0.0947 | best=0.0936 | lr=2.47e-04 | pat=6/200 | 4125s
  Epoch  285/1000 | train_loss=0.0027 | val_loss=0.0029 | rel_l2=0.0976 | best=0.0936 | lr=2.46e-04 | pat=7/200 | 4140s
  Epoch  286/1000 | train_loss=0.0027 | val_loss=0.0029 | rel_l2=0.0993 | best=0.0936 | lr=2.46e-04 | pat=8/200 | 4154s
  Epoch  287/1000 | train_loss=0.0027 | val_loss=0.0028 | rel_l2=0.0957 | best=0.0936 | lr=2.46e-04 | pat=9/200 | 4169s
  Epoch  288/1000 | train_loss=0.0027 | val_loss=0.0029 | rel_l2=0.1016 | best=0.0936 | lr=2.45e-04 | pat=10/200 | 4184s
  Epoch  289/1000 | train_loss=0.0027 | val_loss=0.0028 | rel_l2=0.0964 | best=0.0936 | lr=2.45e-04 | pat=11/200 | 4198s
  Epoch  290/1000 | train_loss=0.0027 | val_loss=0.0029 | rel_l2=0.0977 | best=0.0936 | lr=2.45e-04 | pat=12/200 | 4213s
  Epoch  291/1000 | train_loss=0.0027 | val_loss=0.0029 | rel_l2=0.0963 | best=0.0936 | lr=2.44e-04 | pat=13/200 | 4228s
  Epoch  292/1000 | train_loss=0.0027 | val_loss=0.0028 | rel_l2=0.0984 | best=0.0936 | lr=2.44e-04 | pat=14/200 | 4242s
  Epoch  293/1000 | train_loss=0.0027 | val_loss=0.0028 | rel_l2=0.0970 | best=0.0936 | lr=2.43e-04 | pat=15/200 | 4257s
  Epoch  294/1000 | train_loss=0.0027 | val_loss=0.0028 | rel_l2=0.1018 | best=0.0936 | lr=2.43e-04 | pat=16/200 | 4272s
  Epoch  295/1000 | train_loss=0.0027 | val_loss=0.0029 | rel_l2=0.1007 | best=0.0936 | lr=2.43e-04 | pat=17/200 | 4286s
  Epoch  296/1000 | train_loss=0.0027 | val_loss=0.0029 | rel_l2=0.0962 | best=0.0936 | lr=2.42e-04 | pat=18/200 | 4300s
  Epoch  297/1000 | train_loss=0.0027 | val_loss=0.0029 | rel_l2=0.0955 | best=0.0936 | lr=2.42e-04 | pat=19/200 | 4314s
  Epoch  298/1000 | train_loss=0.0027 | val_loss=0.0028 | rel_l2=0.0959 | best=0.0936 | lr=2.42e-04 | pat=20/200 | 4327s
  Epoch  299/1000 | train_loss=0.0027 | val_loss=0.0028 | rel_l2=0.0981 | best=0.0936 | lr=2.41e-04 | pat=21/200 | 4341s
  Epoch  300/1000 | train_loss=0.0027 | val_loss=0.0029 | rel_l2=0.0991 | best=0.0936 | lr=2.41e-04 | pat=22/200 | 4355s
  Epoch  301/1000 | train_loss=0.0027 | val_loss=0.0028 | rel_l2=0.0969 | best=0.0936 | lr=2.40e-04 | pat=23/200 | 4369s
  Epoch  302/1000 | train_loss=0.0027 | val_loss=0.0029 | rel_l2=0.0971 | best=0.0936 | lr=2.40e-04 | pat=24/200 | 4383s
  Epoch  303/1000 | train_loss=0.0027 | val_loss=0.0028 | rel_l2=0.0964 | best=0.0936 | lr=2.40e-04 | pat=25/200 | 4396s
  Epoch  304/1000 | train_loss=0.0027 | val_loss=0.0028 | rel_l2=0.0988 | best=0.0936 | lr=2.39e-04 | pat=26/200 | 4410s
  Epoch  305/1000 | train_loss=0.0027 | val_loss=0.0028 | rel_l2=0.0943 | best=0.0936 | lr=2.39e-04 | pat=27/200 | 4424s
  Epoch  306/1000 | train_loss=0.0027 | val_loss=0.0028 | rel_l2=0.0950 | best=0.0936 | lr=2.39e-04 | pat=28/200 | 4438s
  Epoch  307/1000 | train_loss=0.0027 | val_loss=0.0028 | rel_l2=0.0961 | best=0.0936 | lr=2.38e-04 | pat=29/200 | 4452s
  Epoch  308/1000 | train_loss=0.0027 | val_loss=0.0029 | rel_l2=0.0978 | best=0.0936 | lr=2.38e-04 | pat=30/200 | 4466s
  Epoch  309/1000 | train_loss=0.0027 | val_loss=0.0028 | rel_l2=0.0955 | best=0.0936 | lr=2.37e-04 | pat=31/200 | 4480s
  Epoch  310/1000 | train_loss=0.0027 | val_loss=0.0028 | rel_l2=0.0955 | best=0.0936 | lr=2.37e-04 | pat=32/200 | 4494s
  Epoch  311/1000 | train_loss=0.0027 | val_loss=0.0028 | rel_l2=0.0977 | best=0.0936 | lr=2.37e-04 | pat=33/200 | 4508s
  Epoch  312/1000 | train_loss=0.0027 | val_loss=0.0029 | rel_l2=0.0960 | best=0.0936 | lr=2.36e-04 | pat=34/200 | 4522s
  Epoch  313/1000 | train_loss=0.0027 | val_loss=0.0028 | rel_l2=0.0938 | best=0.0936 | lr=2.36e-04 | pat=35/200 | 4536s
  Epoch  314/1000 | train_loss=0.0027 | val_loss=0.0029 | rel_l2=0.0953 | best=0.0936 | lr=2.35e-04 | pat=36/200 | 4550s
  Epoch  315/1000 | train_loss=0.0027 | val_loss=0.0028 | rel_l2=0.0939 | best=0.0936 | lr=2.35e-04 | pat=37/200 | 4564s
  Epoch  316/1000 | train_loss=0.0027 | val_loss=0.0029 | rel_l2=0.0951 | best=0.0936 | lr=2.35e-04 | pat=38/200 | 4577s
  Epoch  317/1000 | train_loss=0.0027 | val_loss=0.0028 | rel_l2=0.0963 | best=0.0936 | lr=2.34e-04 | pat=39/200 | 4591s
  Epoch  318/1000 | train_loss=0.0027 | val_loss=0.0029 | rel_l2=0.0978 | best=0.0936 | lr=2.34e-04 | pat=40/200 | 4605s
  Epoch  319/1000 | train_loss=0.0027 | val_loss=0.0028 | rel_l2=0.0939 | best=0.0936 | lr=2.33e-04 | pat=41/200 | 4620s
  Epoch  320/1000 | train_loss=0.0027 | val_loss=0.0028 | rel_l2=0.0955 | best=0.0936 | lr=2.33e-04 | pat=42/200 | 4634s
  Epoch  321/1000 | train_loss=0.0027 | val_loss=0.0028 | rel_l2=0.0952 | best=0.0936 | lr=2.33e-04 | pat=43/200 | 4648s
  Epoch  322/1000 | train_loss=0.0027 | val_loss=0.0028 | rel_l2=0.0949 | best=0.0936 | lr=2.32e-04 | pat=44/200 | 4662s
  Epoch  323/1000 | train_loss=0.0027 | val_loss=0.0028 | rel_l2=0.0958 | best=0.0936 | lr=2.32e-04 | pat=45/200 | 4677s
  Epoch  324/1000 | train_loss=0.0027 | val_loss=0.0029 | rel_l2=0.0958 | best=0.0936 | lr=2.31e-04 | pat=46/200 | 4692s
  Epoch  325/1000 | train_loss=0.0027 | val_loss=0.0028 | rel_l2=0.0957 | best=0.0936 | lr=2.31e-04 | pat=47/200 | 4707s
  Epoch  326/1000 | train_loss=0.0027 | val_loss=0.0028 | rel_l2=0.0967 | best=0.0936 | lr=2.31e-04 | pat=48/200 | 4722s
  Epoch  327/1000 | train_loss=0.0027 | val_loss=0.0028 | rel_l2=0.0988 | best=0.0936 | lr=2.30e-04 | pat=49/200 | 4737s
  Epoch  328/1000 | train_loss=0.0027 | val_loss=0.0029 | rel_l2=0.0955 | best=0.0936 | lr=2.30e-04 | pat=50/200 | 4751s
  Epoch  329/1000 | train_loss=0.0027 | val_loss=0.0028 | rel_l2=0.0978 | best=0.0936 | lr=2.29e-04 | pat=51/200 | 4766s
  Epoch  330/1000 | train_loss=0.0027 | val_loss=0.0029 | rel_l2=0.0985 | best=0.0936 | lr=2.29e-04 | pat=52/200 | 4781s
  Epoch  331/1000 | train_loss=0.0027 | val_loss=0.0027 | rel_l2=0.0956 | best=0.0936 | lr=2.29e-04 | pat=53/200 | 4796s
  Epoch  332/1000 | train_loss=0.0027 | val_loss=0.0029 | rel_l2=0.0969 | best=0.0936 | lr=2.28e-04 | pat=54/200 | 4810s
  Epoch  333/1000 | train_loss=0.0027 | val_loss=0.0029 | rel_l2=0.0975 | best=0.0936 | lr=2.28e-04 | pat=55/200 | 4825s
  Epoch  334/1000 | train_loss=0.0027 | val_loss=0.0028 | rel_l2=0.0958 | best=0.0936 | lr=2.27e-04 | pat=56/200 | 4839s
  Epoch  335/1000 | train_loss=0.0027 | val_loss=0.0028 | rel_l2=0.0959 | best=0.0936 | lr=2.27e-04 | pat=57/200 | 4854s
  Epoch  336/1000 | train_loss=0.0027 | val_loss=0.0029 | rel_l2=0.0970 | best=0.0936 | lr=2.27e-04 | pat=58/200 | 4868s
  Epoch  337/1000 | train_loss=0.0027 | val_loss=0.0028 | rel_l2=0.0978 | best=0.0936 | lr=2.26e-04 | pat=59/200 | 4882s
  Epoch  338/1000 | train_loss=0.0027 | val_loss=0.0028 | rel_l2=0.0947 | best=0.0936 | lr=2.26e-04 | pat=60/200 | 4897s
  Epoch  339/1000 | train_loss=0.0027 | val_loss=0.0028 | rel_l2=0.0954 | best=0.0936 | lr=2.25e-04 | pat=61/200 | 4911s
  Epoch  340/1000 | train_loss=0.0027 | val_loss=0.0029 | rel_l2=0.1009 | best=0.0936 | lr=2.25e-04 | pat=62/200 | 4926s
  Epoch  341/1000 | train_loss=0.0027 | val_loss=0.0028 | rel_l2=0.0944 | best=0.0936 | lr=2.25e-04 | pat=63/200 | 4941s
  Epoch  342/1000 | train_loss=0.0027 | val_loss=0.0029 | rel_l2=0.0974 | best=0.0936 | lr=2.24e-04 | pat=64/200 | 4955s
  Epoch  343/1000 | train_loss=0.0027 | val_loss=0.0028 | rel_l2=0.0980 | best=0.0936 | lr=2.24e-04 | pat=65/200 | 4970s
  Epoch  344/1000 | train_loss=0.0027 | val_loss=0.0028 | rel_l2=0.0941 | best=0.0936 | lr=2.23e-04 | pat=66/200 | 4985s
  Epoch  345/1000 | train_loss=0.0027 | val_loss=0.0029 | rel_l2=0.0969 | best=0.0936 | lr=2.23e-04 | pat=67/200 | 4999s
  Epoch  346/1000 | train_loss=0.0027 | val_loss=0.0028 | rel_l2=0.0960 | best=0.0936 | lr=2.23e-04 | pat=68/200 | 5014s
  Epoch  347/1000 | train_loss=0.0027 | val_loss=0.0029 | rel_l2=0.0949 | best=0.0936 | lr=2.22e-04 | pat=69/200 | 5029s
  Epoch  348/1000 | train_loss=0.0027 | val_loss=0.0029 | rel_l2=0.0954 | best=0.0936 | lr=2.22e-04 | pat=70/200 | 5044s
  Epoch  349/1000 | train_loss=0.0027 | val_loss=0.0028 | rel_l2=0.0980 | best=0.0936 | lr=2.21e-04 | pat=71/200 | 5058s
  Epoch  350/1000 | train_loss=0.0027 | val_loss=0.0028 | rel_l2=0.0952 | best=0.0936 | lr=2.21e-04 | pat=72/200 | 5073s
  Epoch  351/1000 | train_loss=0.0027 | val_loss=0.0027 | rel_l2=0.0951 | best=0.0936 | lr=2.20e-04 | pat=73/200 | 5087s
  Epoch  352/1000 | train_loss=0.0027 | val_loss=0.0028 | rel_l2=0.0937 | best=0.0936 | lr=2.20e-04 | pat=74/200 | 5101s
  Epoch  353/1000 | train_loss=0.0027 | val_loss=0.0028 | rel_l2=0.0953 | best=0.0936 | lr=2.20e-04 | pat=75/200 | 5116s
  Epoch  354/1000 | train_loss=0.0027 | val_loss=0.0028 | rel_l2=0.0980 | best=0.0936 | lr=2.19e-04 | pat=76/200 | 5130s
  Epoch  355/1000 | train_loss=0.0027 | val_loss=0.0028 | rel_l2=0.0964 | best=0.0936 | lr=2.19e-04 | pat=77/200 | 5144s
  Epoch  356/1000 | train_loss=0.0027 | val_loss=0.0029 | rel_l2=0.0949 | best=0.0936 | lr=2.18e-04 | pat=78/200 | 5158s
  Epoch  357/1000 | train_loss=0.0027 | val_loss=0.0029 | rel_l2=0.0947 | best=0.0936 | lr=2.18e-04 | pat=79/200 | 5172s
  Epoch  358/1000 | train_loss=0.0027 | val_loss=0.0028 | rel_l2=0.0948 | best=0.0936 | lr=2.17e-04 | pat=80/200 | 5185s
  Epoch  359/1000 | train_loss=0.0027 | val_loss=0.0028 | rel_l2=0.0943 | best=0.0936 | lr=2.17e-04 | pat=81/200 | 5200s
  Epoch  360/1000 | train_loss=0.0027 | val_loss=0.0029 | rel_l2=0.0978 | best=0.0936 | lr=2.17e-04 | pat=82/200 | 5214s
  Epoch  361/1000 | train_loss=0.0027 | val_loss=0.0028 | rel_l2=0.0961 | best=0.0936 | lr=2.16e-04 | pat=83/200 | 5228s
  Epoch  362/1000 | train_loss=0.0027 | val_loss=0.0028 | rel_l2=0.0944 | best=0.0936 | lr=2.16e-04 | pat=84/200 | 5242s
  Epoch  363/1000 | train_loss=0.0027 | val_loss=0.0028 | rel_l2=0.0934 | best=0.0934 | lr=2.15e-04 | pat=0/200 | 5256s
  Epoch  364/1000 | train_loss=0.0027 | val_loss=0.0028 | rel_l2=0.0957 | best=0.0934 | lr=2.15e-04 | pat=1/200 | 5272s
  Epoch  365/1000 | train_loss=0.0027 | val_loss=0.0028 | rel_l2=0.0943 | best=0.0934 | lr=2.14e-04 | pat=2/200 | 5286s
  Epoch  366/1000 | train_loss=0.0027 | val_loss=0.0027 | rel_l2=0.0923 | best=0.0923 | lr=2.14e-04 | pat=0/200 | 5301s
  Epoch  367/1000 | train_loss=0.0027 | val_loss=0.0027 | rel_l2=0.0955 | best=0.0923 | lr=2.14e-04 | pat=1/200 | 5315s
  Epoch  368/1000 | train_loss=0.0027 | val_loss=0.0027 | rel_l2=0.0954 | best=0.0923 | lr=2.13e-04 | pat=2/200 | 5329s
  Epoch  369/1000 | train_loss=0.0027 | val_loss=0.0028 | rel_l2=0.0944 | best=0.0923 | lr=2.13e-04 | pat=3/200 | 5343s
  Epoch  370/1000 | train_loss=0.0027 | val_loss=0.0027 | rel_l2=0.0940 | best=0.0923 | lr=2.12e-04 | pat=4/200 | 5357s
  Epoch  371/1000 | train_loss=0.0027 | val_loss=0.0028 | rel_l2=0.0951 | best=0.0923 | lr=2.12e-04 | pat=5/200 | 5371s
  Epoch  372/1000 | train_loss=0.0027 | val_loss=0.0028 | rel_l2=0.0941 | best=0.0923 | lr=2.11e-04 | pat=6/200 | 5384s
  Epoch  373/1000 | train_loss=0.0027 | val_loss=0.0028 | rel_l2=0.0974 | best=0.0923 | lr=2.11e-04 | pat=7/200 | 5398s
  Epoch  374/1000 | train_loss=0.0027 | val_loss=0.0028 | rel_l2=0.0968 | best=0.0923 | lr=2.11e-04 | pat=8/200 | 5412s
  Epoch  375/1000 | train_loss=0.0027 | val_loss=0.0029 | rel_l2=0.0971 | best=0.0923 | lr=2.10e-04 | pat=9/200 | 5426s
  Epoch  376/1000 | train_loss=0.0027 | val_loss=0.0027 | rel_l2=0.0931 | best=0.0923 | lr=2.10e-04 | pat=10/200 | 5440s
  Epoch  377/1000 | train_loss=0.0027 | val_loss=0.0028 | rel_l2=0.0953 | best=0.0923 | lr=2.09e-04 | pat=11/200 | 5454s
  Epoch  378/1000 | train_loss=0.0027 | val_loss=0.0029 | rel_l2=0.1021 | best=0.0923 | lr=2.09e-04 | pat=12/200 | 5468s
  Epoch  379/1000 | train_loss=0.0027 | val_loss=0.0028 | rel_l2=0.0957 | best=0.0923 | lr=2.08e-04 | pat=13/200 | 5482s
  Epoch  380/1000 | train_loss=0.0027 | val_loss=0.0028 | rel_l2=0.0953 | best=0.0923 | lr=2.08e-04 | pat=14/200 | 5496s
  Epoch  381/1000 | train_loss=0.0027 | val_loss=0.0027 | rel_l2=0.0957 | best=0.0923 | lr=2.08e-04 | pat=15/200 | 5510s
  Epoch  382/1000 | train_loss=0.0027 | val_loss=0.0028 | rel_l2=0.0942 | best=0.0923 | lr=2.07e-04 | pat=16/200 | 5524s
  Epoch  383/1000 | train_loss=0.0027 | val_loss=0.0028 | rel_l2=0.0955 | best=0.0923 | lr=2.07e-04 | pat=17/200 | 5538s
  Epoch  384/1000 | train_loss=0.0027 | val_loss=0.0027 | rel_l2=0.0958 | best=0.0923 | lr=2.06e-04 | pat=18/200 | 5552s
  Epoch  385/1000 | train_loss=0.0027 | val_loss=0.0028 | rel_l2=0.0985 | best=0.0923 | lr=2.06e-04 | pat=19/200 | 5566s
  Epoch  386/1000 | train_loss=0.0027 | val_loss=0.0027 | rel_l2=0.0913 | best=0.0913 | lr=2.05e-04 | pat=0/200 | 5580s
  Epoch  387/1000 | train_loss=0.0027 | val_loss=0.0028 | rel_l2=0.0925 | best=0.0913 | lr=2.05e-04 | pat=1/200 | 5594s
  Epoch  388/1000 | train_loss=0.0027 | val_loss=0.0028 | rel_l2=0.0965 | best=0.0913 | lr=2.04e-04 | pat=2/200 | 5608s
  Epoch  389/1000 | train_loss=0.0027 | val_loss=0.0028 | rel_l2=0.0949 | best=0.0913 | lr=2.04e-04 | pat=3/200 | 5621s
  Epoch  390/1000 | train_loss=0.0027 | val_loss=0.0028 | rel_l2=0.0944 | best=0.0913 | lr=2.04e-04 | pat=4/200 | 5635s
  Epoch  391/1000 | train_loss=0.0027 | val_loss=0.0029 | rel_l2=0.0976 | best=0.0913 | lr=2.03e-04 | pat=5/200 | 5649s
  Epoch  392/1000 | train_loss=0.0027 | val_loss=0.0028 | rel_l2=0.0965 | best=0.0913 | lr=2.03e-04 | pat=6/200 | 5664s
  Epoch  393/1000 | train_loss=0.0027 | val_loss=0.0027 | rel_l2=0.0924 | best=0.0913 | lr=2.02e-04 | pat=7/200 | 5679s
  Epoch  394/1000 | train_loss=0.0027 | val_loss=0.0027 | rel_l2=0.0927 | best=0.0913 | lr=2.02e-04 | pat=8/200 | 5694s
  Epoch  395/1000 | train_loss=0.0027 | val_loss=0.0028 | rel_l2=0.0944 | best=0.0913 | lr=2.01e-04 | pat=9/200 | 5708s
  Epoch  396/1000 | train_loss=0.0027 | val_loss=0.0028 | rel_l2=0.0950 | best=0.0913 | lr=2.01e-04 | pat=10/200 | 5723s
  Epoch  397/1000 | train_loss=0.0027 | val_loss=0.0028 | rel_l2=0.0941 | best=0.0913 | lr=2.00e-04 | pat=11/200 | 5738s
  Epoch  398/1000 | train_loss=0.0027 | val_loss=0.0028 | rel_l2=0.0948 | best=0.0913 | lr=2.00e-04 | pat=12/200 | 5752s
  Epoch  399/1000 | train_loss=0.0027 | val_loss=0.0028 | rel_l2=0.0952 | best=0.0913 | lr=2.00e-04 | pat=13/200 | 5768s
  Epoch  400/1000 | train_loss=0.0027 | val_loss=0.0028 | rel_l2=0.0936 | best=0.0913 | lr=1.99e-04 | pat=14/200 | 5782s
  Epoch  401/1000 | train_loss=0.0027 | val_loss=0.0028 | rel_l2=0.0956 | best=0.0913 | lr=1.99e-04 | pat=15/200 | 5797s
  Epoch  402/1000 | train_loss=0.0027 | val_loss=0.0027 | rel_l2=0.0911 | best=0.0911 | lr=1.98e-04 | pat=0/200 | 5811s
  Epoch  403/1000 | train_loss=0.0027 | val_loss=0.0028 | rel_l2=0.0970 | best=0.0911 | lr=1.98e-04 | pat=1/200 | 5826s
  Epoch  404/1000 | train_loss=0.0027 | val_loss=0.0028 | rel_l2=0.0979 | best=0.0911 | lr=1.97e-04 | pat=2/200 | 5841s
  Epoch  405/1000 | train_loss=0.0027 | val_loss=0.0027 | rel_l2=0.0938 | best=0.0911 | lr=1.97e-04 | pat=3/200 | 5855s
  Epoch  406/1000 | train_loss=0.0027 | val_loss=0.0027 | rel_l2=0.0940 | best=0.0911 | lr=1.96e-04 | pat=4/200 | 5870s
  Epoch  407/1000 | train_loss=0.0027 | val_loss=0.0027 | rel_l2=0.0908 | best=0.0908 | lr=1.96e-04 | pat=0/200 | 5885s
  Epoch  408/1000 | train_loss=0.0027 | val_loss=0.0028 | rel_l2=0.0941 | best=0.0908 | lr=1.95e-04 | pat=1/200 | 5900s
  Epoch  409/1000 | train_loss=0.0027 | val_loss=0.0028 | rel_l2=0.0944 | best=0.0908 | lr=1.95e-04 | pat=2/200 | 5914s
  Epoch  410/1000 | train_loss=0.0027 | val_loss=0.0027 | rel_l2=0.0952 | best=0.0908 | lr=1.95e-04 | pat=3/200 | 5929s
  Epoch  411/1000 | train_loss=0.0027 | val_loss=0.0027 | rel_l2=0.0940 | best=0.0908 | lr=1.94e-04 | pat=4/200 | 5944s
  Epoch  412/1000 | train_loss=0.0027 | val_loss=0.0027 | rel_l2=0.0904 | best=0.0904 | lr=1.94e-04 | pat=0/200 | 5959s
  Epoch  413/1000 | train_loss=0.0027 | val_loss=0.0028 | rel_l2=0.0933 | best=0.0904 | lr=1.93e-04 | pat=1/200 | 5974s
  Epoch  414/1000 | train_loss=0.0027 | val_loss=0.0028 | rel_l2=0.0952 | best=0.0904 | lr=1.93e-04 | pat=2/200 | 5988s
  Epoch  415/1000 | train_loss=0.0027 | val_loss=0.0028 | rel_l2=0.0970 | best=0.0904 | lr=1.92e-04 | pat=3/200 | 6003s
  Epoch  416/1000 | train_loss=0.0027 | val_loss=0.0028 | rel_l2=0.0984 | best=0.0904 | lr=1.92e-04 | pat=4/200 | 6018s
  Epoch  417/1000 | train_loss=0.0027 | val_loss=0.0027 | rel_l2=0.0961 | best=0.0904 | lr=1.91e-04 | pat=5/200 | 6032s
  Epoch  418/1000 | train_loss=0.0027 | val_loss=0.0028 | rel_l2=0.0954 | best=0.0904 | lr=1.91e-04 | pat=6/200 | 6047s
  Epoch  419/1000 | train_loss=0.0027 | val_loss=0.0027 | rel_l2=0.0943 | best=0.0904 | lr=1.90e-04 | pat=7/200 | 6062s
  Epoch  420/1000 | train_loss=0.0027 | val_loss=0.0027 | rel_l2=0.0936 | best=0.0904 | lr=1.90e-04 | pat=8/200 | 6077s
  Epoch  421/1000 | train_loss=0.0027 | val_loss=0.0028 | rel_l2=0.0941 | best=0.0904 | lr=1.90e-04 | pat=9/200 | 6091s
  Epoch  422/1000 | train_loss=0.0027 | val_loss=0.0028 | rel_l2=0.0958 | best=0.0904 | lr=1.89e-04 | pat=10/200 | 6105s
  Epoch  423/1000 | train_loss=0.0027 | val_loss=0.0027 | rel_l2=0.0934 | best=0.0904 | lr=1.89e-04 | pat=11/200 | 6119s
  Epoch  424/1000 | train_loss=0.0027 | val_loss=0.0028 | rel_l2=0.0939 | best=0.0904 | lr=1.88e-04 | pat=12/200 | 6133s
  Epoch  425/1000 | train_loss=0.0027 | val_loss=0.0027 | rel_l2=0.0955 | best=0.0904 | lr=1.88e-04 | pat=13/200 | 6148s
  Epoch  426/1000 | train_loss=0.0027 | val_loss=0.0028 | rel_l2=0.0942 | best=0.0904 | lr=1.87e-04 | pat=14/200 | 6162s
  Epoch  427/1000 | train_loss=0.0027 | val_loss=0.0027 | rel_l2=0.0942 | best=0.0904 | lr=1.87e-04 | pat=15/200 | 6177s
  Epoch  428/1000 | train_loss=0.0027 | val_loss=0.0028 | rel_l2=0.0937 | best=0.0904 | lr=1.86e-04 | pat=16/200 | 6192s
  Epoch  429/1000 | train_loss=0.0027 | val_loss=0.0028 | rel_l2=0.0949 | best=0.0904 | lr=1.86e-04 | pat=17/200 | 6207s
  Epoch  430/1000 | train_loss=0.0027 | val_loss=0.0028 | rel_l2=0.0957 | best=0.0904 | lr=1.85e-04 | pat=18/200 | 6222s
  Epoch  431/1000 | train_loss=0.0027 | val_loss=0.0028 | rel_l2=0.0973 | best=0.0904 | lr=1.85e-04 | pat=19/200 | 6236s
  Epoch  432/1000 | train_loss=0.0027 | val_loss=0.0028 | rel_l2=0.0956 | best=0.0904 | lr=1.84e-04 | pat=20/200 | 6251s
  Epoch  433/1000 | train_loss=0.0027 | val_loss=0.0028 | rel_l2=0.0953 | best=0.0904 | lr=1.84e-04 | pat=21/200 | 6266s
  Epoch  434/1000 | train_loss=0.0027 | val_loss=0.0027 | rel_l2=0.0934 | best=0.0904 | lr=1.84e-04 | pat=22/200 | 6281s
  Epoch  435/1000 | train_loss=0.0027 | val_loss=0.0028 | rel_l2=0.0966 | best=0.0904 | lr=1.83e-04 | pat=23/200 | 6295s
  Epoch  436/1000 | train_loss=0.0027 | val_loss=0.0027 | rel_l2=0.0938 | best=0.0904 | lr=1.83e-04 | pat=24/200 | 6310s
  Epoch  437/1000 | train_loss=0.0026 | val_loss=0.0028 | rel_l2=0.0950 | best=0.0904 | lr=1.82e-04 | pat=25/200 | 6325s
  Epoch  438/1000 | train_loss=0.0026 | val_loss=0.0028 | rel_l2=0.0959 | best=0.0904 | lr=1.82e-04 | pat=26/200 | 6339s
  Epoch  439/1000 | train_loss=0.0027 | val_loss=0.0027 | rel_l2=0.0945 | best=0.0904 | lr=1.81e-04 | pat=27/200 | 6354s
  Epoch  440/1000 | train_loss=0.0026 | val_loss=0.0027 | rel_l2=0.0938 | best=0.0904 | lr=1.81e-04 | pat=28/200 | 6368s
  Epoch  441/1000 | train_loss=0.0026 | val_loss=0.0028 | rel_l2=0.0973 | best=0.0904 | lr=1.80e-04 | pat=29/200 | 6383s
  Epoch  442/1000 | train_loss=0.0026 | val_loss=0.0027 | rel_l2=0.0940 | best=0.0904 | lr=1.80e-04 | pat=30/200 | 6398s
  Epoch  443/1000 | train_loss=0.0026 | val_loss=0.0027 | rel_l2=0.0929 | best=0.0904 | lr=1.79e-04 | pat=31/200 | 6412s
  Epoch  444/1000 | train_loss=0.0026 | val_loss=0.0028 | rel_l2=0.0980 | best=0.0904 | lr=1.79e-04 | pat=32/200 | 6427s
  Epoch  445/1000 | train_loss=0.0026 | val_loss=0.0027 | rel_l2=0.0954 | best=0.0904 | lr=1.78e-04 | pat=33/200 | 6441s
  Epoch  446/1000 | train_loss=0.0026 | val_loss=0.0028 | rel_l2=0.0950 | best=0.0904 | lr=1.78e-04 | pat=34/200 | 6456s
  Epoch  447/1000 | train_loss=0.0026 | val_loss=0.0027 | rel_l2=0.0945 | best=0.0904 | lr=1.77e-04 | pat=35/200 | 6471s
  Epoch  448/1000 | train_loss=0.0026 | val_loss=0.0028 | rel_l2=0.0932 | best=0.0904 | lr=1.77e-04 | pat=36/200 | 6485s
  Epoch  449/1000 | train_loss=0.0026 | val_loss=0.0028 | rel_l2=0.0941 | best=0.0904 | lr=1.77e-04 | pat=37/200 | 6500s
  Epoch  450/1000 | train_loss=0.0026 | val_loss=0.0027 | rel_l2=0.0961 | best=0.0904 | lr=1.76e-04 | pat=38/200 | 6514s
  Epoch  451/1000 | train_loss=0.0026 | val_loss=0.0027 | rel_l2=0.0932 | best=0.0904 | lr=1.76e-04 | pat=39/200 | 6529s
  Epoch  452/1000 | train_loss=0.0026 | val_loss=0.0028 | rel_l2=0.0937 | best=0.0904 | lr=1.75e-04 | pat=40/200 | 6543s
  Epoch  453/1000 | train_loss=0.0026 | val_loss=0.0027 | rel_l2=0.0937 | best=0.0904 | lr=1.75e-04 | pat=41/200 | 6558s
  Epoch  454/1000 | train_loss=0.0026 | val_loss=0.0027 | rel_l2=0.0940 | best=0.0904 | lr=1.74e-04 | pat=42/200 | 6572s
  Epoch  455/1000 | train_loss=0.0026 | val_loss=0.0028 | rel_l2=0.0966 | best=0.0904 | lr=1.74e-04 | pat=43/200 | 6587s
  Epoch  456/1000 | train_loss=0.0026 | val_loss=0.0028 | rel_l2=0.0960 | best=0.0904 | lr=1.73e-04 | pat=44/200 | 6602s
  Epoch  457/1000 | train_loss=0.0026 | val_loss=0.0028 | rel_l2=0.0947 | best=0.0904 | lr=1.73e-04 | pat=45/200 | 6616s
  Epoch  458/1000 | train_loss=0.0026 | val_loss=0.0028 | rel_l2=0.0952 | best=0.0904 | lr=1.72e-04 | pat=46/200 | 6631s
  Epoch  459/1000 | train_loss=0.0026 | val_loss=0.0027 | rel_l2=0.0959 | best=0.0904 | lr=1.72e-04 | pat=47/200 | 6646s
  Epoch  460/1000 | train_loss=0.0026 | val_loss=0.0028 | rel_l2=0.0960 | best=0.0904 | lr=1.71e-04 | pat=48/200 | 6660s
  Epoch  461/1000 | train_loss=0.0026 | val_loss=0.0027 | rel_l2=0.0949 | best=0.0904 | lr=1.71e-04 | pat=49/200 | 6675s
  Epoch  462/1000 | train_loss=0.0026 | val_loss=0.0027 | rel_l2=0.0924 | best=0.0904 | lr=1.70e-04 | pat=50/200 | 6689s
  Epoch  463/1000 | train_loss=0.0026 | val_loss=0.0027 | rel_l2=0.0929 | best=0.0904 | lr=1.70e-04 | pat=51/200 | 6704s
  Epoch  464/1000 | train_loss=0.0026 | val_loss=0.0027 | rel_l2=0.0929 | best=0.0904 | lr=1.69e-04 | pat=52/200 | 6719s
  Epoch  465/1000 | train_loss=0.0026 | val_loss=0.0027 | rel_l2=0.0939 | best=0.0904 | lr=1.69e-04 | pat=53/200 | 6733s
  Epoch  466/1000 | train_loss=0.0026 | val_loss=0.0027 | rel_l2=0.0927 | best=0.0904 | lr=1.69e-04 | pat=54/200 | 6747s
  Epoch  467/1000 | train_loss=0.0026 | val_loss=0.0027 | rel_l2=0.0934 | best=0.0904 | lr=1.68e-04 | pat=55/200 | 6762s
  Epoch  468/1000 | train_loss=0.0026 | val_loss=0.0027 | rel_l2=0.0925 | best=0.0904 | lr=1.68e-04 | pat=56/200 | 6777s
  Epoch  469/1000 | train_loss=0.0026 | val_loss=0.0027 | rel_l2=0.0912 | best=0.0904 | lr=1.67e-04 | pat=57/200 | 6791s
  Epoch  470/1000 | train_loss=0.0026 | val_loss=0.0027 | rel_l2=0.0912 | best=0.0904 | lr=1.67e-04 | pat=58/200 | 6806s
  Epoch  471/1000 | train_loss=0.0026 | val_loss=0.0028 | rel_l2=0.0964 | best=0.0904 | lr=1.66e-04 | pat=59/200 | 6820s
  Epoch  472/1000 | train_loss=0.0026 | val_loss=0.0027 | rel_l2=0.0917 | best=0.0904 | lr=1.66e-04 | pat=60/200 | 6835s
  Epoch  473/1000 | train_loss=0.0026 | val_loss=0.0027 | rel_l2=0.0968 | best=0.0904 | lr=1.65e-04 | pat=61/200 | 6849s
  Epoch  474/1000 | train_loss=0.0026 | val_loss=0.0027 | rel_l2=0.0931 | best=0.0904 | lr=1.65e-04 | pat=62/200 | 6864s
  Epoch  475/1000 | train_loss=0.0026 | val_loss=0.0027 | rel_l2=0.0939 | best=0.0904 | lr=1.64e-04 | pat=63/200 | 6878s
  Epoch  476/1000 | train_loss=0.0026 | val_loss=0.0027 | rel_l2=0.0918 | best=0.0904 | lr=1.64e-04 | pat=64/200 | 6893s
  Epoch  477/1000 | train_loss=0.0026 | val_loss=0.0028 | rel_l2=0.0930 | best=0.0904 | lr=1.63e-04 | pat=65/200 | 6908s
  Epoch  478/1000 | train_loss=0.0026 | val_loss=0.0027 | rel_l2=0.0946 | best=0.0904 | lr=1.63e-04 | pat=66/200 | 6922s
  Epoch  479/1000 | train_loss=0.0026 | val_loss=0.0028 | rel_l2=0.0955 | best=0.0904 | lr=1.62e-04 | pat=67/200 | 6937s
  Epoch  480/1000 | train_loss=0.0026 | val_loss=0.0027 | rel_l2=0.0939 | best=0.0904 | lr=1.62e-04 | pat=68/200 | 6951s
  Epoch  481/1000 | train_loss=0.0026 | val_loss=0.0028 | rel_l2=0.0953 | best=0.0904 | lr=1.61e-04 | pat=69/200 | 6966s
  Epoch  482/1000 | train_loss=0.0026 | val_loss=0.0027 | rel_l2=0.0941 | best=0.0904 | lr=1.61e-04 | pat=70/200 | 6981s
  Epoch  483/1000 | train_loss=0.0026 | val_loss=0.0027 | rel_l2=0.0936 | best=0.0904 | lr=1.60e-04 | pat=71/200 | 6995s
  Epoch  484/1000 | train_loss=0.0026 | val_loss=0.0028 | rel_l2=0.0972 | best=0.0904 | lr=1.60e-04 | pat=72/200 | 7010s
  Epoch  485/1000 | train_loss=0.0026 | val_loss=0.0028 | rel_l2=0.0954 | best=0.0904 | lr=1.60e-04 | pat=73/200 | 7024s
  Epoch  486/1000 | train_loss=0.0026 | val_loss=0.0028 | rel_l2=0.0980 | best=0.0904 | lr=1.59e-04 | pat=74/200 | 7039s
  Epoch  487/1000 | train_loss=0.0026 | val_loss=0.0027 | rel_l2=0.0925 | best=0.0904 | lr=1.59e-04 | pat=75/200 | 7054s
  Epoch  488/1000 | train_loss=0.0026 | val_loss=0.0027 | rel_l2=0.0938 | best=0.0904 | lr=1.58e-04 | pat=76/200 | 7069s
  Epoch  489/1000 | train_loss=0.0026 | val_loss=0.0028 | rel_l2=0.0922 | best=0.0904 | lr=1.58e-04 | pat=77/200 | 7083s
  Epoch  490/1000 | train_loss=0.0026 | val_loss=0.0027 | rel_l2=0.0931 | best=0.0904 | lr=1.57e-04 | pat=78/200 | 7097s
  Epoch  491/1000 | train_loss=0.0026 | val_loss=0.0027 | rel_l2=0.0943 | best=0.0904 | lr=1.57e-04 | pat=79/200 | 7111s
  Epoch  492/1000 | train_loss=0.0026 | val_loss=0.0027 | rel_l2=0.0925 | best=0.0904 | lr=1.56e-04 | pat=80/200 | 7125s
  Epoch  493/1000 | train_loss=0.0026 | val_loss=0.0028 | rel_l2=0.0940 | best=0.0904 | lr=1.56e-04 | pat=81/200 | 7139s
  Epoch  494/1000 | train_loss=0.0026 | val_loss=0.0027 | rel_l2=0.0920 | best=0.0904 | lr=1.55e-04 | pat=82/200 | 7155s
  Epoch  495/1000 | train_loss=0.0026 | val_loss=0.0027 | rel_l2=0.0929 | best=0.0904 | lr=1.55e-04 | pat=83/200 | 7169s
  Epoch  496/1000 | train_loss=0.0026 | val_loss=0.0027 | rel_l2=0.0952 | best=0.0904 | lr=1.54e-04 | pat=84/200 | 7184s
  Epoch  497/1000 | train_loss=0.0026 | val_loss=0.0028 | rel_l2=0.0943 | best=0.0904 | lr=1.54e-04 | pat=85/200 | 7199s
  Epoch  498/1000 | train_loss=0.0026 | val_loss=0.0027 | rel_l2=0.0929 | best=0.0904 | lr=1.53e-04 | pat=86/200 | 7213s
  Epoch  499/1000 | train_loss=0.0026 | val_loss=0.0027 | rel_l2=0.0943 | best=0.0904 | lr=1.53e-04 | pat=87/200 | 7228s
  Epoch  500/1000 | train_loss=0.0026 | val_loss=0.0027 | rel_l2=0.0949 | best=0.0904 | lr=1.52e-04 | pat=88/200 | 7243s
  Epoch  501/1000 | train_loss=0.0026 | val_loss=0.0027 | rel_l2=0.0940 | best=0.0904 | lr=1.52e-04 | pat=89/200 | 7257s
  Epoch  502/1000 | train_loss=0.0026 | val_loss=0.0027 | rel_l2=0.0953 | best=0.0904 | lr=1.51e-04 | pat=90/200 | 7272s
  Epoch  503/1000 | train_loss=0.0026 | val_loss=0.0027 | rel_l2=0.0926 | best=0.0904 | lr=1.51e-04 | pat=91/200 | 7286s
  Epoch  504/1000 | train_loss=0.0026 | val_loss=0.0027 | rel_l2=0.0914 | best=0.0904 | lr=1.50e-04 | pat=92/200 | 7301s
  Epoch  505/1000 | train_loss=0.0026 | val_loss=0.0027 | rel_l2=0.0927 | best=0.0904 | lr=1.50e-04 | pat=93/200 | 7315s
  Epoch  506/1000 | train_loss=0.0026 | val_loss=0.0028 | rel_l2=0.0961 | best=0.0904 | lr=1.50e-04 | pat=94/200 | 7329s
  Epoch  507/1000 | train_loss=0.0026 | val_loss=0.0027 | rel_l2=0.0918 | best=0.0904 | lr=1.49e-04 | pat=95/200 | 7344s
  Epoch  508/1000 | train_loss=0.0026 | val_loss=0.0028 | rel_l2=0.0950 | best=0.0904 | lr=1.49e-04 | pat=96/200 | 7358s
  Epoch  509/1000 | train_loss=0.0026 | val_loss=0.0027 | rel_l2=0.0948 | best=0.0904 | lr=1.48e-04 | pat=97/200 | 7373s
  Epoch  510/1000 | train_loss=0.0026 | val_loss=0.0028 | rel_l2=0.0955 | best=0.0904 | lr=1.48e-04 | pat=98/200 | 7388s
  Epoch  511/1000 | train_loss=0.0026 | val_loss=0.0028 | rel_l2=0.0993 | best=0.0904 | lr=1.47e-04 | pat=99/200 | 7402s
  Epoch  512/1000 | train_loss=0.0026 | val_loss=0.0028 | rel_l2=0.0958 | best=0.0904 | lr=1.47e-04 | pat=100/200 | 7417s
  Epoch  513/1000 | train_loss=0.0026 | val_loss=0.0027 | rel_l2=0.0961 | best=0.0904 | lr=1.46e-04 | pat=101/200 | 7432s
  Epoch  514/1000 | train_loss=0.0026 | val_loss=0.0028 | rel_l2=0.0941 | best=0.0904 | lr=1.46e-04 | pat=102/200 | 7446s
  Epoch  515/1000 | train_loss=0.0026 | val_loss=0.0027 | rel_l2=0.0925 | best=0.0904 | lr=1.45e-04 | pat=103/200 | 7461s
  Epoch  516/1000 | train_loss=0.0026 | val_loss=0.0027 | rel_l2=0.0947 | best=0.0904 | lr=1.45e-04 | pat=104/200 | 7475s
  Epoch  517/1000 | train_loss=0.0026 | val_loss=0.0028 | rel_l2=0.0970 | best=0.0904 | lr=1.44e-04 | pat=105/200 | 7490s
  Epoch  518/1000 | train_loss=0.0026 | val_loss=0.0027 | rel_l2=0.0917 | best=0.0904 | lr=1.44e-04 | pat=106/200 | 7505s
  Epoch  519/1000 | train_loss=0.0026 | val_loss=0.0027 | rel_l2=0.0951 | best=0.0904 | lr=1.43e-04 | pat=107/200 | 7519s
  Epoch  520/1000 | train_loss=0.0026 | val_loss=0.0027 | rel_l2=0.0926 | best=0.0904 | lr=1.43e-04 | pat=108/200 | 7534s
  Epoch  521/1000 | train_loss=0.0026 | val_loss=0.0027 | rel_l2=0.0924 | best=0.0904 | lr=1.42e-04 | pat=109/200 | 7549s
  Epoch  522/1000 | train_loss=0.0026 | val_loss=0.0027 | rel_l2=0.0966 | best=0.0904 | lr=1.42e-04 | pat=110/200 | 7563s
  Epoch  523/1000 | train_loss=0.0026 | val_loss=0.0028 | rel_l2=0.0933 | best=0.0904 | lr=1.41e-04 | pat=111/200 | 7578s
  Epoch  524/1000 | train_loss=0.0026 | val_loss=0.0027 | rel_l2=0.0918 | best=0.0904 | lr=1.41e-04 | pat=112/200 | 7592s
  Epoch  525/1000 | train_loss=0.0026 | val_loss=0.0028 | rel_l2=0.0954 | best=0.0904 | lr=1.40e-04 | pat=113/200 | 7607s
  Epoch  526/1000 | train_loss=0.0026 | val_loss=0.0027 | rel_l2=0.0933 | best=0.0904 | lr=1.40e-04 | pat=114/200 | 7622s
  Epoch  527/1000 | train_loss=0.0026 | val_loss=0.0027 | rel_l2=0.0928 | best=0.0904 | lr=1.40e-04 | pat=115/200 | 7636s
  Epoch  528/1000 | train_loss=0.0026 | val_loss=0.0027 | rel_l2=0.0941 | best=0.0904 | lr=1.39e-04 | pat=116/200 | 7651s
  Epoch  529/1000 | train_loss=0.0026 | val_loss=0.0027 | rel_l2=0.0910 | best=0.0904 | lr=1.39e-04 | pat=117/200 | 7666s
  Epoch  530/1000 | train_loss=0.0026 | val_loss=0.0027 | rel_l2=0.0931 | best=0.0904 | lr=1.38e-04 | pat=118/200 | 7680s
  Epoch  531/1000 | train_loss=0.0026 | val_loss=0.0027 | rel_l2=0.0914 | best=0.0904 | lr=1.38e-04 | pat=119/200 | 7695s
  Epoch  532/1000 | train_loss=0.0026 | val_loss=0.0028 | rel_l2=0.0946 | best=0.0904 | lr=1.37e-04 | pat=120/200 | 7709s
  Epoch  533/1000 | train_loss=0.0026 | val_loss=0.0027 | rel_l2=0.0926 | best=0.0904 | lr=1.37e-04 | pat=121/200 | 7724s
  Epoch  534/1000 | train_loss=0.0026 | val_loss=0.0026 | rel_l2=0.0925 | best=0.0904 | lr=1.36e-04 | pat=122/200 | 7738s
  Epoch  535/1000 | train_loss=0.0026 | val_loss=0.0027 | rel_l2=0.0933 | best=0.0904 | lr=1.36e-04 | pat=123/200 | 7753s
  Epoch  536/1000 | train_loss=0.0026 | val_loss=0.0027 | rel_l2=0.0935 | best=0.0904 | lr=1.35e-04 | pat=124/200 | 7768s
  Epoch  537/1000 | train_loss=0.0026 | val_loss=0.0027 | rel_l2=0.0901 | best=0.0901 | lr=1.35e-04 | pat=0/200 | 7782s
  Epoch  538/1000 | train_loss=0.0026 | val_loss=0.0027 | rel_l2=0.0929 | best=0.0901 | lr=1.34e-04 | pat=1/200 | 7797s
  Epoch  539/1000 | train_loss=0.0026 | val_loss=0.0027 | rel_l2=0.0943 | best=0.0901 | lr=1.34e-04 | pat=2/200 | 7811s
  Epoch  540/1000 | train_loss=0.0026 | val_loss=0.0027 | rel_l2=0.0923 | best=0.0901 | lr=1.33e-04 | pat=3/200 | 7825s
  Epoch  541/1000 | train_loss=0.0026 | val_loss=0.0027 | rel_l2=0.0931 | best=0.0901 | lr=1.33e-04 | pat=4/200 | 7839s
  Epoch  542/1000 | train_loss=0.0026 | val_loss=0.0027 | rel_l2=0.0907 | best=0.0901 | lr=1.32e-04 | pat=5/200 | 7853s
  Epoch  543/1000 | train_loss=0.0026 | val_loss=0.0027 | rel_l2=0.0922 | best=0.0901 | lr=1.32e-04 | pat=6/200 | 7867s
  Epoch  544/1000 | train_loss=0.0026 | val_loss=0.0027 | rel_l2=0.0923 | best=0.0901 | lr=1.31e-04 | pat=7/200 | 7881s
  Epoch  545/1000 | train_loss=0.0026 | val_loss=0.0027 | rel_l2=0.0948 | best=0.0901 | lr=1.31e-04 | pat=8/200 | 7895s
  Epoch  546/1000 | train_loss=0.0026 | val_loss=0.0027 | rel_l2=0.0934 | best=0.0901 | lr=1.31e-04 | pat=9/200 | 7908s
  Epoch  547/1000 | train_loss=0.0026 | val_loss=0.0027 | rel_l2=0.0907 | best=0.0901 | lr=1.30e-04 | pat=10/200 | 7923s
  Epoch  548/1000 | train_loss=0.0026 | val_loss=0.0027 | rel_l2=0.0924 | best=0.0901 | lr=1.30e-04 | pat=11/200 | 7937s
  Epoch  549/1000 | train_loss=0.0026 | val_loss=0.0027 | rel_l2=0.0912 | best=0.0901 | lr=1.29e-04 | pat=12/200 | 7952s
  Epoch  550/1000 | train_loss=0.0026 | val_loss=0.0027 | rel_l2=0.0917 | best=0.0901 | lr=1.29e-04 | pat=13/200 | 7966s
  Epoch  551/1000 | train_loss=0.0026 | val_loss=0.0027 | rel_l2=0.0921 | best=0.0901 | lr=1.28e-04 | pat=14/200 | 7981s
  Epoch  552/1000 | train_loss=0.0026 | val_loss=0.0026 | rel_l2=0.0910 | best=0.0901 | lr=1.28e-04 | pat=15/200 | 7996s
  Epoch  553/1000 | train_loss=0.0026 | val_loss=0.0027 | rel_l2=0.0925 | best=0.0901 | lr=1.27e-04 | pat=16/200 | 8010s
  Epoch  554/1000 | train_loss=0.0026 | val_loss=0.0027 | rel_l2=0.0921 | best=0.0901 | lr=1.27e-04 | pat=17/200 | 8025s
  Epoch  555/1000 | train_loss=0.0026 | val_loss=0.0027 | rel_l2=0.0946 | best=0.0901 | lr=1.26e-04 | pat=18/200 | 8039s
  Epoch  556/1000 | train_loss=0.0026 | val_loss=0.0026 | rel_l2=0.0916 | best=0.0901 | lr=1.26e-04 | pat=19/200 | 8054s
  Epoch  557/1000 | train_loss=0.0026 | val_loss=0.0027 | rel_l2=0.0919 | best=0.0901 | lr=1.25e-04 | pat=20/200 | 8069s
  Epoch  558/1000 | train_loss=0.0026 | val_loss=0.0026 | rel_l2=0.0912 | best=0.0901 | lr=1.25e-04 | pat=21/200 | 8084s
  Epoch  559/1000 | train_loss=0.0026 | val_loss=0.0027 | rel_l2=0.0931 | best=0.0901 | lr=1.24e-04 | pat=22/200 | 8098s
  Epoch  560/1000 | train_loss=0.0026 | val_loss=0.0026 | rel_l2=0.0906 | best=0.0901 | lr=1.24e-04 | pat=23/200 | 8113s
  Epoch  561/1000 | train_loss=0.0026 | val_loss=0.0027 | rel_l2=0.0933 | best=0.0901 | lr=1.23e-04 | pat=24/200 | 8127s
  Epoch  562/1000 | train_loss=0.0026 | val_loss=0.0027 | rel_l2=0.0940 | best=0.0901 | lr=1.23e-04 | pat=25/200 | 8142s
  Epoch  563/1000 | train_loss=0.0026 | val_loss=0.0026 | rel_l2=0.0914 | best=0.0901 | lr=1.23e-04 | pat=26/200 | 8157s
  Epoch  564/1000 | train_loss=0.0026 | val_loss=0.0026 | rel_l2=0.0926 | best=0.0901 | lr=1.22e-04 | pat=27/200 | 8171s
  Epoch  565/1000 | train_loss=0.0026 | val_loss=0.0027 | rel_l2=0.0929 | best=0.0901 | lr=1.22e-04 | pat=28/200 | 8186s
  Epoch  566/1000 | train_loss=0.0026 | val_loss=0.0026 | rel_l2=0.0902 | best=0.0901 | lr=1.21e-04 | pat=29/200 | 8201s
  Epoch  567/1000 | train_loss=0.0026 | val_loss=0.0027 | rel_l2=0.0934 | best=0.0901 | lr=1.21e-04 | pat=30/200 | 8215s
  Epoch  568/1000 | train_loss=0.0026 | val_loss=0.0026 | rel_l2=0.0903 | best=0.0901 | lr=1.20e-04 | pat=31/200 | 8230s
  Epoch  569/1000 | train_loss=0.0026 | val_loss=0.0026 | rel_l2=0.0907 | best=0.0901 | lr=1.20e-04 | pat=32/200 | 8244s
  Epoch  570/1000 | train_loss=0.0026 | val_loss=0.0028 | rel_l2=0.0974 | best=0.0901 | lr=1.19e-04 | pat=33/200 | 8259s
  Epoch  571/1000 | train_loss=0.0026 | val_loss=0.0026 | rel_l2=0.0924 | best=0.0901 | lr=1.19e-04 | pat=34/200 | 8273s
  Epoch  572/1000 | train_loss=0.0026 | val_loss=0.0028 | rel_l2=0.0949 | best=0.0901 | lr=1.18e-04 | pat=35/200 | 8287s
  Epoch  573/1000 | train_loss=0.0026 | val_loss=0.0027 | rel_l2=0.0926 | best=0.0901 | lr=1.18e-04 | pat=36/200 | 8301s
  Epoch  574/1000 | train_loss=0.0026 | val_loss=0.0026 | rel_l2=0.0911 | best=0.0901 | lr=1.17e-04 | pat=37/200 | 8316s
  Epoch  575/1000 | train_loss=0.0026 | val_loss=0.0027 | rel_l2=0.0920 | best=0.0901 | lr=1.17e-04 | pat=38/200 | 8331s
  Epoch  576/1000 | train_loss=0.0026 | val_loss=0.0027 | rel_l2=0.0969 | best=0.0901 | lr=1.16e-04 | pat=39/200 | 8344s
  Epoch  577/1000 | train_loss=0.0026 | val_loss=0.0027 | rel_l2=0.0920 | best=0.0901 | lr=1.16e-04 | pat=40/200 | 8358s
  Epoch  578/1000 | train_loss=0.0026 | val_loss=0.0027 | rel_l2=0.0929 | best=0.0901 | lr=1.16e-04 | pat=41/200 | 8372s
  Epoch  579/1000 | train_loss=0.0026 | val_loss=0.0027 | rel_l2=0.0916 | best=0.0901 | lr=1.15e-04 | pat=42/200 | 8386s
  Epoch  580/1000 | train_loss=0.0026 | val_loss=0.0027 | rel_l2=0.0909 | best=0.0901 | lr=1.15e-04 | pat=43/200 | 8400s
  Epoch  581/1000 | train_loss=0.0026 | val_loss=0.0027 | rel_l2=0.0914 | best=0.0901 | lr=1.14e-04 | pat=44/200 | 8414s
  Epoch  582/1000 | train_loss=0.0026 | val_loss=0.0027 | rel_l2=0.0934 | best=0.0901 | lr=1.14e-04 | pat=45/200 | 8427s
  Epoch  583/1000 | train_loss=0.0026 | val_loss=0.0027 | rel_l2=0.0917 | best=0.0901 | lr=1.13e-04 | pat=46/200 | 8441s
  Epoch  584/1000 | train_loss=0.0026 | val_loss=0.0027 | rel_l2=0.0927 | best=0.0901 | lr=1.13e-04 | pat=47/200 | 8455s
  Epoch  585/1000 | train_loss=0.0026 | val_loss=0.0027 | rel_l2=0.0944 | best=0.0901 | lr=1.12e-04 | pat=48/200 | 8469s
  Epoch  586/1000 | train_loss=0.0026 | val_loss=0.0027 | rel_l2=0.0920 | best=0.0901 | lr=1.12e-04 | pat=49/200 | 8484s
  Epoch  587/1000 | train_loss=0.0026 | val_loss=0.0027 | rel_l2=0.0914 | best=0.0901 | lr=1.11e-04 | pat=50/200 | 8498s
  Epoch  588/1000 | train_loss=0.0026 | val_loss=0.0028 | rel_l2=0.0951 | best=0.0901 | lr=1.11e-04 | pat=51/200 | 8513s
  Epoch  589/1000 | train_loss=0.0026 | val_loss=0.0027 | rel_l2=0.0933 | best=0.0901 | lr=1.10e-04 | pat=52/200 | 8527s
  Epoch  590/1000 | train_loss=0.0026 | val_loss=0.0027 | rel_l2=0.0918 | best=0.0901 | lr=1.10e-04 | pat=53/200 | 8542s
  Epoch  591/1000 | train_loss=0.0026 | val_loss=0.0026 | rel_l2=0.0910 | best=0.0901 | lr=1.10e-04 | pat=54/200 | 8557s
  Epoch  592/1000 | train_loss=0.0026 | val_loss=0.0027 | rel_l2=0.0959 | best=0.0901 | lr=1.09e-04 | pat=55/200 | 8571s
  Epoch  593/1000 | train_loss=0.0026 | val_loss=0.0027 | rel_l2=0.0930 | best=0.0901 | lr=1.09e-04 | pat=56/200 | 8586s
  Epoch  594/1000 | train_loss=0.0026 | val_loss=0.0027 | rel_l2=0.0922 | best=0.0901 | lr=1.08e-04 | pat=57/200 | 8600s
  Epoch  595/1000 | train_loss=0.0026 | val_loss=0.0026 | rel_l2=0.0910 | best=0.0901 | lr=1.08e-04 | pat=58/200 | 8615s
  Epoch  596/1000 | train_loss=0.0026 | val_loss=0.0026 | rel_l2=0.0903 | best=0.0901 | lr=1.07e-04 | pat=59/200 | 8630s
  Epoch  597/1000 | train_loss=0.0026 | val_loss=0.0026 | rel_l2=0.0912 | best=0.0901 | lr=1.07e-04 | pat=60/200 | 8644s
  Epoch  598/1000 | train_loss=0.0026 | val_loss=0.0027 | rel_l2=0.0914 | best=0.0901 | lr=1.06e-04 | pat=61/200 | 8659s
  Epoch  599/1000 | train_loss=0.0026 | val_loss=0.0027 | rel_l2=0.0942 | best=0.0901 | lr=1.06e-04 | pat=62/200 | 8674s
  Epoch  600/1000 | train_loss=0.0026 | val_loss=0.0026 | rel_l2=0.0928 | best=0.0901 | lr=1.05e-04 | pat=63/200 | 8688s
  Epoch  601/1000 | train_loss=0.0026 | val_loss=0.0027 | rel_l2=0.0917 | best=0.0901 | lr=1.05e-04 | pat=64/200 | 8703s
  Epoch  602/1000 | train_loss=0.0026 | val_loss=0.0026 | rel_l2=0.0911 | best=0.0901 | lr=1.05e-04 | pat=65/200 | 8718s
  Epoch  603/1000 | train_loss=0.0026 | val_loss=0.0026 | rel_l2=0.0912 | best=0.0901 | lr=1.04e-04 | pat=66/200 | 8732s
  Epoch  604/1000 | train_loss=0.0026 | val_loss=0.0026 | rel_l2=0.0914 | best=0.0901 | lr=1.04e-04 | pat=67/200 | 8747s
  Epoch  605/1000 | train_loss=0.0026 | val_loss=0.0027 | rel_l2=0.0910 | best=0.0901 | lr=1.03e-04 | pat=68/200 | 8761s
  Epoch  606/1000 | train_loss=0.0026 | val_loss=0.0026 | rel_l2=0.0923 | best=0.0901 | lr=1.03e-04 | pat=69/200 | 8774s
  Epoch  607/1000 | train_loss=0.0026 | val_loss=0.0027 | rel_l2=0.0924 | best=0.0901 | lr=1.02e-04 | pat=70/200 | 8788s
  Epoch  608/1000 | train_loss=0.0026 | val_loss=0.0026 | rel_l2=0.0899 | best=0.0899 | lr=1.02e-04 | pat=0/200 | 8802s
  Epoch  609/1000 | train_loss=0.0026 | val_loss=0.0027 | rel_l2=0.0933 | best=0.0899 | lr=1.01e-04 | pat=1/200 | 8816s
  Epoch  610/1000 | train_loss=0.0026 | val_loss=0.0027 | rel_l2=0.0926 | best=0.0899 | lr=1.01e-04 | pat=2/200 | 8831s
  Epoch  611/1000 | train_loss=0.0026 | val_loss=0.0027 | rel_l2=0.0964 | best=0.0899 | lr=1.00e-04 | pat=3/200 | 8844s
  Epoch  612/1000 | train_loss=0.0026 | val_loss=0.0027 | rel_l2=0.0926 | best=0.0899 | lr=1.00e-04 | pat=4/200 | 8858s
  Epoch  613/1000 | train_loss=0.0026 | val_loss=0.0026 | rel_l2=0.0908 | best=0.0899 | lr=9.96e-05 | pat=5/200 | 8872s
  Epoch  614/1000 | train_loss=0.0026 | val_loss=0.0027 | rel_l2=0.0918 | best=0.0899 | lr=9.91e-05 | pat=6/200 | 8886s
  Epoch  615/1000 | train_loss=0.0026 | val_loss=0.0027 | rel_l2=0.0900 | best=0.0899 | lr=9.87e-05 | pat=7/200 | 8900s
  Epoch  616/1000 | train_loss=0.0026 | val_loss=0.0026 | rel_l2=0.0900 | best=0.0899 | lr=9.82e-05 | pat=8/200 | 8914s
  Epoch  617/1000 | train_loss=0.0026 | val_loss=0.0027 | rel_l2=0.0928 | best=0.0899 | lr=9.78e-05 | pat=9/200 | 8929s
  Epoch  618/1000 | train_loss=0.0026 | val_loss=0.0027 | rel_l2=0.0928 | best=0.0899 | lr=9.74e-05 | pat=10/200 | 8944s
  Epoch  619/1000 | train_loss=0.0026 | val_loss=0.0026 | rel_l2=0.0911 | best=0.0899 | lr=9.69e-05 | pat=11/200 | 8958s
  Epoch  620/1000 | train_loss=0.0026 | val_loss=0.0027 | rel_l2=0.0927 | best=0.0899 | lr=9.65e-05 | pat=12/200 | 8973s
  Epoch  621/1000 | train_loss=0.0026 | val_loss=0.0027 | rel_l2=0.0919 | best=0.0899 | lr=9.60e-05 | pat=13/200 | 8988s
  Epoch  622/1000 | train_loss=0.0026 | val_loss=0.0027 | rel_l2=0.0936 | best=0.0899 | lr=9.56e-05 | pat=14/200 | 9002s
  Epoch  623/1000 | train_loss=0.0026 | val_loss=0.0027 | rel_l2=0.0927 | best=0.0899 | lr=9.51e-05 | pat=15/200 | 9017s
  Epoch  624/1000 | train_loss=0.0026 | val_loss=0.0026 | rel_l2=0.0899 | best=0.0899 | lr=9.47e-05 | pat=16/200 | 9031s
  Epoch  625/1000 | train_loss=0.0026 | val_loss=0.0026 | rel_l2=0.0911 | best=0.0899 | lr=9.43e-05 | pat=17/200 | 9046s
  Epoch  626/1000 | train_loss=0.0026 | val_loss=0.0027 | rel_l2=0.0922 | best=0.0899 | lr=9.38e-05 | pat=18/200 | 9061s
  Epoch  627/1000 | train_loss=0.0026 | val_loss=0.0026 | rel_l2=0.0907 | best=0.0899 | lr=9.34e-05 | pat=19/200 | 9075s
  Epoch  628/1000 | train_loss=0.0026 | val_loss=0.0027 | rel_l2=0.0928 | best=0.0899 | lr=9.29e-05 | pat=20/200 | 9090s
  Epoch  629/1000 | train_loss=0.0026 | val_loss=0.0026 | rel_l2=0.0919 | best=0.0899 | lr=9.25e-05 | pat=21/200 | 9105s
  Epoch  630/1000 | train_loss=0.0026 | val_loss=0.0027 | rel_l2=0.0929 | best=0.0899 | lr=9.20e-05 | pat=22/200 | 9119s
  Epoch  631/1000 | train_loss=0.0026 | val_loss=0.0027 | rel_l2=0.0921 | best=0.0899 | lr=9.16e-05 | pat=23/200 | 9134s
  Epoch  632/1000 | train_loss=0.0026 | val_loss=0.0027 | rel_l2=0.0924 | best=0.0899 | lr=9.12e-05 | pat=24/200 | 9149s
  Epoch  633/1000 | train_loss=0.0026 | val_loss=0.0026 | rel_l2=0.0911 | best=0.0899 | lr=9.07e-05 | pat=25/200 | 9163s
  Epoch  634/1000 | train_loss=0.0026 | val_loss=0.0027 | rel_l2=0.0918 | best=0.0899 | lr=9.03e-05 | pat=26/200 | 9178s
  Epoch  635/1000 | train_loss=0.0026 | val_loss=0.0026 | rel_l2=0.0919 | best=0.0899 | lr=8.99e-05 | pat=27/200 | 9192s
  Epoch  636/1000 | train_loss=0.0026 | val_loss=0.0027 | rel_l2=0.0920 | best=0.0899 | lr=8.94e-05 | pat=28/200 | 9207s
  Epoch  637/1000 | train_loss=0.0026 | val_loss=0.0026 | rel_l2=0.0914 | best=0.0899 | lr=8.90e-05 | pat=29/200 | 9221s
  Epoch  638/1000 | train_loss=0.0026 | val_loss=0.0027 | rel_l2=0.0926 | best=0.0899 | lr=8.86e-05 | pat=30/200 | 9236s
  Epoch  639/1000 | train_loss=0.0026 | val_loss=0.0026 | rel_l2=0.0908 | best=0.0899 | lr=8.81e-05 | pat=31/200 | 9251s
  Epoch  640/1000 | train_loss=0.0026 | val_loss=0.0026 | rel_l2=0.0910 | best=0.0899 | lr=8.77e-05 | pat=32/200 | 9265s
  Epoch  641/1000 | train_loss=0.0026 | val_loss=0.0026 | rel_l2=0.0919 | best=0.0899 | lr=8.73e-05 | pat=33/200 | 9280s
  Epoch  642/1000 | train_loss=0.0026 | val_loss=0.0026 | rel_l2=0.0894 | best=0.0894 | lr=8.68e-05 | pat=0/200 | 9295s
  Epoch  643/1000 | train_loss=0.0026 | val_loss=0.0027 | rel_l2=0.0923 | best=0.0894 | lr=8.64e-05 | pat=1/200 | 9309s
  Epoch  644/1000 | train_loss=0.0026 | val_loss=0.0027 | rel_l2=0.0918 | best=0.0894 | lr=8.60e-05 | pat=2/200 | 9324s
  Epoch  645/1000 | train_loss=0.0026 | val_loss=0.0026 | rel_l2=0.0897 | best=0.0894 | lr=8.55e-05 | pat=3/200 | 9338s
  Epoch  646/1000 | train_loss=0.0026 | val_loss=0.0026 | rel_l2=0.0919 | best=0.0894 | lr=8.51e-05 | pat=4/200 | 9353s
  Epoch  647/1000 | train_loss=0.0026 | val_loss=0.0026 | rel_l2=0.0906 | best=0.0894 | lr=8.47e-05 | pat=5/200 | 9367s
  Epoch  648/1000 | train_loss=0.0026 | val_loss=0.0026 | rel_l2=0.0906 | best=0.0894 | lr=8.42e-05 | pat=6/200 | 9382s
  Epoch  649/1000 | train_loss=0.0026 | val_loss=0.0027 | rel_l2=0.0911 | best=0.0894 | lr=8.38e-05 | pat=7/200 | 9397s
  Epoch  650/1000 | train_loss=0.0025 | val_loss=0.0027 | rel_l2=0.0909 | best=0.0894 | lr=8.34e-05 | pat=8/200 | 9411s
  Epoch  651/1000 | train_loss=0.0025 | val_loss=0.0026 | rel_l2=0.0907 | best=0.0894 | lr=8.30e-05 | pat=9/200 | 9426s
  Epoch  652/1000 | train_loss=0.0025 | val_loss=0.0026 | rel_l2=0.0903 | best=0.0894 | lr=8.25e-05 | pat=10/200 | 9440s
  Epoch  653/1000 | train_loss=0.0025 | val_loss=0.0026 | rel_l2=0.0914 | best=0.0894 | lr=8.21e-05 | pat=11/200 | 9455s
  Epoch  654/1000 | train_loss=0.0025 | val_loss=0.0026 | rel_l2=0.0914 | best=0.0894 | lr=8.17e-05 | pat=12/200 | 9470s
  Epoch  655/1000 | train_loss=0.0025 | val_loss=0.0026 | rel_l2=0.0923 | best=0.0894 | lr=8.13e-05 | pat=13/200 | 9484s
  Epoch  656/1000 | train_loss=0.0025 | val_loss=0.0026 | rel_l2=0.0912 | best=0.0894 | lr=8.08e-05 | pat=14/200 | 9499s
  Epoch  657/1000 | train_loss=0.0025 | val_loss=0.0026 | rel_l2=0.0899 | best=0.0894 | lr=8.04e-05 | pat=15/200 | 9514s
  Epoch  658/1000 | train_loss=0.0025 | val_loss=0.0027 | rel_l2=0.0909 | best=0.0894 | lr=8.00e-05 | pat=16/200 | 9528s
  Epoch  659/1000 | train_loss=0.0025 | val_loss=0.0026 | rel_l2=0.0908 | best=0.0894 | lr=7.96e-05 | pat=17/200 | 9543s
  Epoch  660/1000 | train_loss=0.0025 | val_loss=0.0027 | rel_l2=0.0918 | best=0.0894 | lr=7.92e-05 | pat=18/200 | 9558s
  Epoch  661/1000 | train_loss=0.0025 | val_loss=0.0026 | rel_l2=0.0907 | best=0.0894 | lr=7.87e-05 | pat=19/200 | 9572s
  Epoch  662/1000 | train_loss=0.0025 | val_loss=0.0026 | rel_l2=0.0919 | best=0.0894 | lr=7.83e-05 | pat=20/200 | 9587s
  Epoch  663/1000 | train_loss=0.0025 | val_loss=0.0026 | rel_l2=0.0889 | best=0.0889 | lr=7.79e-05 | pat=0/200 | 9602s
  Epoch  664/1000 | train_loss=0.0025 | val_loss=0.0026 | rel_l2=0.0911 | best=0.0889 | lr=7.75e-05 | pat=1/200 | 9616s
  Epoch  665/1000 | train_loss=0.0025 | val_loss=0.0026 | rel_l2=0.0934 | best=0.0889 | lr=7.71e-05 | pat=2/200 | 9631s
  Epoch  666/1000 | train_loss=0.0025 | val_loss=0.0026 | rel_l2=0.0919 | best=0.0889 | lr=7.67e-05 | pat=3/200 | 9646s
  Epoch  667/1000 | train_loss=0.0025 | val_loss=0.0026 | rel_l2=0.0911 | best=0.0889 | lr=7.62e-05 | pat=4/200 | 9660s
  Epoch  668/1000 | train_loss=0.0025 | val_loss=0.0026 | rel_l2=0.0908 | best=0.0889 | lr=7.58e-05 | pat=5/200 | 9675s
  Epoch  669/1000 | train_loss=0.0025 | val_loss=0.0026 | rel_l2=0.0915 | best=0.0889 | lr=7.54e-05 | pat=6/200 | 9690s
  Epoch  670/1000 | train_loss=0.0025 | val_loss=0.0026 | rel_l2=0.0894 | best=0.0889 | lr=7.50e-05 | pat=7/200 | 9704s
  Epoch  671/1000 | train_loss=0.0025 | val_loss=0.0026 | rel_l2=0.0911 | best=0.0889 | lr=7.46e-05 | pat=8/200 | 9719s
  Epoch  672/1000 | train_loss=0.0025 | val_loss=0.0026 | rel_l2=0.0902 | best=0.0889 | lr=7.42e-05 | pat=9/200 | 9733s
  Epoch  673/1000 | train_loss=0.0025 | val_loss=0.0026 | rel_l2=0.0901 | best=0.0889 | lr=7.38e-05 | pat=10/200 | 9748s
  Epoch  674/1000 | train_loss=0.0025 | val_loss=0.0026 | rel_l2=0.0896 | best=0.0889 | lr=7.34e-05 | pat=11/200 | 9763s
  Epoch  675/1000 | train_loss=0.0025 | val_loss=0.0026 | rel_l2=0.0905 | best=0.0889 | lr=7.29e-05 | pat=12/200 | 9777s
  Epoch  676/1000 | train_loss=0.0025 | val_loss=0.0026 | rel_l2=0.0910 | best=0.0889 | lr=7.25e-05 | pat=13/200 | 9792s
  Epoch  677/1000 | train_loss=0.0025 | val_loss=0.0026 | rel_l2=0.0908 | best=0.0889 | lr=7.21e-05 | pat=14/200 | 9806s
  Epoch  678/1000 | train_loss=0.0025 | val_loss=0.0027 | rel_l2=0.0928 | best=0.0889 | lr=7.17e-05 | pat=15/200 | 9822s
  Epoch  679/1000 | train_loss=0.0025 | val_loss=0.0026 | rel_l2=0.0896 | best=0.0889 | lr=7.13e-05 | pat=16/200 | 9836s
  Epoch  680/1000 | train_loss=0.0025 | val_loss=0.0026 | rel_l2=0.0910 | best=0.0889 | lr=7.09e-05 | pat=17/200 | 9850s
  Epoch  681/1000 | train_loss=0.0025 | val_loss=0.0027 | rel_l2=0.0915 | best=0.0889 | lr=7.05e-05 | pat=18/200 | 9865s
  Epoch  682/1000 | train_loss=0.0025 | val_loss=0.0026 | rel_l2=0.0900 | best=0.0889 | lr=7.01e-05 | pat=19/200 | 9879s
  Epoch  683/1000 | train_loss=0.0025 | val_loss=0.0026 | rel_l2=0.0911 | best=0.0889 | lr=6.97e-05 | pat=20/200 | 9894s
  Epoch  684/1000 | train_loss=0.0025 | val_loss=0.0026 | rel_l2=0.0902 | best=0.0889 | lr=6.93e-05 | pat=21/200 | 9908s
  Epoch  685/1000 | train_loss=0.0025 | val_loss=0.0027 | rel_l2=0.0909 | best=0.0889 | lr=6.89e-05 | pat=22/200 | 9922s
  Epoch  686/1000 | train_loss=0.0025 | val_loss=0.0026 | rel_l2=0.0909 | best=0.0889 | lr=6.85e-05 | pat=23/200 | 9936s
  Epoch  687/1000 | train_loss=0.0025 | val_loss=0.0026 | rel_l2=0.0902 | best=0.0889 | lr=6.81e-05 | pat=24/200 | 9951s
  Epoch  688/1000 | train_loss=0.0025 | val_loss=0.0026 | rel_l2=0.0899 | best=0.0889 | lr=6.77e-05 | pat=25/200 | 9965s
  Epoch  689/1000 | train_loss=0.0025 | val_loss=0.0026 | rel_l2=0.0905 | best=0.0889 | lr=6.73e-05 | pat=26/200 | 9979s
  Epoch  690/1000 | train_loss=0.0025 | val_loss=0.0026 | rel_l2=0.0903 | best=0.0889 | lr=6.69e-05 | pat=27/200 | 9994s
  Epoch  691/1000 | train_loss=0.0025 | val_loss=0.0026 | rel_l2=0.0902 | best=0.0889 | lr=6.65e-05 | pat=28/200 | 10008s
